# JRE version: Java(TM) SE Runtime Environment (8.0_45-b14) (build 1.8.0_45-b14)
# Java VM: Java HotSpot(TM) 64-Bit Server VM (25.45-b02 mixed mode linux-amd64 compressed oops)
Heap:
 PSYoungGen      total 2658816K, used 0K [0x00000006f4900000, 0x00000007c0000000, 0x00000007c0000000)
  eden space 2028544K, 0% used [0x00000006f4900000,0x00000006f4900000,0x0000000770600000)
  from space 630272K, 0% used [0x0000000799880000,0x0000000799880000,0x00000007c0000000)
  to   space 652288K, 0% used [0x0000000770600000,0x0000000770600000,0x0000000798300000)
 ParOldGen       total 1425920K, used 549736K [0x000000055da00000, 0x00000005b4a80000, 0x00000006f4900000)
  object space 1425920K, 38% used [0x000000055da00000,0x000000057f2da030,0x00000005b4a80000)
 Metaspace       used 5287K, capacity 5540K, committed 5888K, reserved 1056768K
  class space    used 582K, capacity 672K, committed 768K, reserved 1048576K
GC Heap History (10 events):
Event: 2374,732 GC heap after
Heap after GC invocations=40 (full 4):
 PSYoungGen      total 2708480K, used 340861K [0x00000006f4900000, 0x00000007c0000000, 0x00000007c0000000)
  eden space 2062336K, 0% used [0x00000006f4900000,0x00000006f4900000,0x0000000772700000)
  from space 646144K, 52% used [0x0000000798900000,0x00000007ad5df5e8,0x00000007c0000000)
  to   space 624640K, 0% used [0x0000000772700000,0x0000000772700000,0x0000000798900000)
 ParOldGen       total 1425920K, used 793669K [0x000000055da00000, 0x00000005b4a80000, 0x00000006f4900000)
  object space 1425920K, 55% used [0x000000055da00000,0x000000058e111498,0x00000005b4a80000)
 Metaspace       used 5285K, capacity 5540K, committed 5888K, reserved 1056768K
  class space    used 582K, capacity 672K, committed 768K, reserved 1048576K
}
Event: 2501,165 GC heap before
{Heap before GC invocations=41 (full 4):
 PSYoungGen      total 2708480K, used 2403197K [0x00000006f4900000, 0x00000007c0000000, 0x00000007c0000000)
  eden space 2062336K, 100% used [0x00000006f4900000,0x0000000772700000,0x0000000772700000)
  from space 646144K, 52% used [0x0000000798900000,0x00000007ad5df5e8,0x00000007c0000000)
  to   space 624640K, 0% used [0x0000000772700000,0x0000000772700000,0x0000000798900000)
 ParOldGen       total 1425920K, used 793669K [0x000000055da00000, 0x00000005b4a80000, 0x00000006f4900000)
  object space 1425920K, 55% used [0x000000055da00000,0x000000058e111498,0x00000005b4a80000)
 Metaspace       used 5286K, capacity 5540K, committed 5888K, reserved 1056768K
  class space    used 582K, capacity 672K, committed 768K, reserved 1048576K
Event: 2501,368 GC heap after
Heap after GC invocations=41 (full 4):
 PSYoungGen      total 2241024K, used 178648K [0x00000006f4900000, 0x00000007bda00000, 0x00000007c0000000)
  eden space 2062336K, 0% used [0x00000006f4900000,0x00000006f4900000,0x0000000772700000)
  from space 178688K, 99% used [0x0000000772700000,0x000000077d576258,0x000000077d580000)
  to   space 615936K, 0% used [0x0000000798080000,0x0000000798080000,0x00000007bda00000)
 ParOldGen       total 1425920K, used 884341K [0x000000055da00000, 0x00000005b4a80000, 0x00000006f4900000)
  object space 1425920K, 62% used [0x000000055da00000,0x000000059399d650,0x00000005b4a80000)
 Metaspace       used 5286K, capacity 5540K, committed 5888K, reserved 1056768K
  class space    used 582K, capacity 672K, committed 768K, reserved 1048576K
}
Event: 2505,304 GC heap before
{Heap before GC invocations=42 (full 4):
 PSYoungGen      total 2241024K, used 2240984K [0x00000006f4900000, 0x00000007bda00000, 0x00000007c0000000)
  eden space 2062336K, 100% used [0x00000006f4900000,0x0000000772700000,0x0000000772700000)
  from space 178688K, 99% used [0x0000000772700000,0x000000077d576258,0x000000077d580000)
  to   space 615936K, 0% used [0x0000000798080000,0x0000000798080000,0x00000007bda00000)
 ParOldGen       total 1425920K, used 884341K [0x000000055da00000, 0x00000005b4a80000, 0x00000006f4900000)
  object space 1425920K, 62% used [0x000000055da00000,0x000000059399d650,0x00000005b4a80000)
 Metaspace       used 5286K, capacity 5540K, committed 5888K, reserved 1056768K
  class space    used 582K, capacity 672K, committed 768K, reserved 1048576K
Event: 2505,781 GC heap after
Heap after GC invocations=42 (full 4):
 PSYoungGen      total 2666496K, used 415687K [0x00000006f4900000, 0x00000007c0000000, 0x00000007c0000000)
  eden space 2050560K, 0% used [0x00000006f4900000,0x00000006f4900000,0x0000000771b80000)
  from space 615936K, 67% used [0x0000000798080000,0x00000007b1671fa0,0x00000007bda00000)
  to   space 627712K, 0% used [0x0000000771b80000,0x0000000771b80000,0x0000000798080000)
 ParOldGen       total 1425920K, used 1063042K [0x000000055da00000, 0x00000005b4a80000, 0x00000006f4900000)
  object space 1425920K, 74% used [0x000000055da00000,0x000000059e820810,0x00000005b4a80000)
 Metaspace       used 5286K, capacity 5540K, committed 5888K, reserved 1056768K
  class space    used 582K, capacity 672K, committed 768K, reserved 1048576K
}
Event: 2631,471 GC heap before
{Heap before GC invocations=43 (full 4):
 PSYoungGen      total 2666496K, used 2466247K [0x00000006f4900000, 0x00000007c0000000, 0x00000007c0000000)
  eden space 2050560K, 100% used [0x00000006f4900000,0x0000000771b80000,0x0000000771b80000)
  from space 615936K, 67% used [0x0000000798080000,0x00000007b1671fa0,0x00000007bda00000)
  to   space 627712K, 0% used [0x0000000771b80000,0x0000000771b80000,0x0000000798080000)
 ParOldGen       total 1425920K, used 1063042K [0x000000055da00000, 0x00000005b4a80000, 0x00000006f4900000)
  object space 1425920K, 74% used [0x000000055da00000,0x000000059e820810,0x00000005b4a80000)
 Metaspace       used 5287K, capacity 5540K, committed 5888K, reserved 1056768K
  class space    used 582K, capacity 672K, committed 768K, reserved 1048576K
Event: 2631,639 GC heap after
Heap after GC invocations=43 (full 4):
 PSYoungGen      total 2678272K, used 106100K [0x00000006f4900000, 0x00000007c0000000, 0x00000007c0000000)
  eden space 2050560K, 0% used [0x00000006f4900000,0x00000006f4900000,0x0000000771b80000)
  from space 627712K, 16% used [0x0000000771b80000,0x000000077831d0a8,0x0000000798080000)
  to   space 630272K, 0% used [0x0000000799880000,0x0000000799880000,0x00000007c0000000)
 ParOldGen       total 1425920K, used 1063386K [0x000000055da00000, 0x00000005b4a80000, 0x00000006f4900000)
  object space 1425920K, 74% used [0x000000055da00000,0x000000059e876810,0x00000005b4a80000)
 Metaspace       used 5287K, capacity 5540K, committed 5888K, reserved 1056768K
  class space    used 582K, capacity 672K, committed 768K, reserved 1048576K
}
Event: 2635,009 GC heap before
{Heap before GC invocations=44 (full 4):
 PSYoungGen      total 2678272K, used 2156660K [0x00000006f4900000, 0x00000007c0000000, 0x00000007c0000000)
  eden space 2050560K, 100% used [0x00000006f4900000,0x0000000771b80000,0x0000000771b80000)
  from space 627712K, 16% used [0x0000000771b80000,0x000000077831d0a8,0x0000000798080000)
  to   space 630272K, 0% used [0x0000000799880000,0x0000000799880000,0x00000007c0000000)
 ParOldGen       total 1425920K, used 1063386K [0x000000055da00000, 0x00000005b4a80000, 0x00000006f4900000)
  object space 1425920K, 74% used [0x000000055da00000,0x000000059e876810,0x00000005b4a80000)
 Metaspace       used 5287K, capacity 5540K, committed 5888K, reserved 1056768K
  class space    used 582K, capacity 672K, committed 768K, reserved 1048576K
Event: 2635,346 GC heap after
Heap after GC invocations=44 (full 4):
 PSYoungGen      total 2658816K, used 441096K [0x00000006f4900000, 0x00000007c0000000, 0x00000007c0000000)
  eden space 2028544K, 0% used [0x00000006f4900000,0x00000006f4900000,0x0000000770600000)
  from space 630272K, 69% used [0x0000000799880000,0x00000007b4742188,0x00000007c0000000)
  to   space 652288K, 0% used [0x0000000770600000,0x0000000770600000,0x0000000798300000)
 ParOldGen       total 1425920K, used 1169456K [0x000000055da00000, 0x00000005b4a80000, 0x00000006f4900000)
  object space 1425920K, 82% used [0x000000055da00000,0x00000005a500c348,0x00000005b4a80000)
 Metaspace       used 5287K, capacity 5540K, committed 5888K, reserved 1056768K
  class space    used 582K, capacity 672K, committed 768K, reserved 1048576K
}
Event: 2635,346 GC heap before
{Heap before GC invocations=45 (full 5):
 PSYoungGen      total 2658816K, used 441096K [0x00000006f4900000, 0x00000007c0000000, 0x00000007c0000000)
  eden space 2028544K, 0% used [0x00000006f4900000,0x00000006f4900000,0x0000000770600000)
  from space 630272K, 69% used [0x0000000799880000,0x00000007b4742188,0x00000007c0000000)
  to   space 652288K, 0% used [0x0000000770600000,0x0000000770600000,0x0000000798300000)
 ParOldGen       total 1425920K, used 1169456K [0x000000055da00000, 0x00000005b4a80000, 0x00000006f4900000)
  object space 1425920K, 82% used [0x000000055da00000,0x00000005a500c348,0x00000005b4a80000)
 Metaspace       used 5287K, capacity 5540K, committed 5888K, reserved 1056768K
  class space    used 582K, capacity 672K, committed 768K, reserved 1048576K

