# JRE version: Java(TM) SE Runtime Environment (8.0_45-b14) (build 1.8.0_45-b14)
# Java VM: Java HotSpot(TM) 64-Bit Server VM (25.45-b02 mixed mode linux-amd64 compressed oops)
Heap:
 PSYoungGen      total 2650624K, used 435871K [0x00000006f4900000, 0x00000007bd600000, 0x00000007c0000000)
  eden space 2026496K, 0% used [0x00000006f4900000,0x00000006f4900000,0x0000000770400000)
  from space 624128K, 69% used [0x0000000797480000,0x00000007b1e27fd0,0x00000007bd600000)
  to   space 317952K, 0% used [0x0000000770400000,0x0000000770400000,0x0000000783a80000)
 ParOldGen       total 2298368K, used 2201784K [0x000000055da00000, 0x00000005e9e80000, 0x00000006f4900000)
  object space 2298368K, 95% used [0x000000055da00000,0x00000005e402e2d8,0x00000005e9e80000)
 Metaspace       used 5355K, capacity 5594K, committed 5888K, reserved 1056768K
  class space    used 579K, capacity 667K, committed 768K, reserved 1048576K
GC Heap History (10 events):
Event: 89458,651 GC heap after
Heap after GC invocations=1367 (full 148):
 PSYoungGen      total 2672640K, used 442368K [0x00000006f4900000, 0x00000007c0000000, 0x00000007c0000000)
  eden space 2056192K, 0% used [0x00000006f4900000,0x00000006f4900000,0x0000000772100000)
  from space 616448K, 71% used [0x0000000772100000,0x000000078d100298,0x0000000797b00000)
  to   space 628736K, 0% used [0x0000000799a00000,0x0000000799a00000,0x00000007c0000000)
 ParOldGen       total 2298368K, used 1495754K [0x000000055da00000, 0x00000005e9e80000, 0x00000006f4900000)
  object space 2298368K, 65% used [0x000000055da00000,0x00000005b8eb2ad8,0x00000005e9e80000)
 Metaspace       used 5355K, capacity 5594K, committed 5888K, reserved 1056768K
  class space    used 579K, capacity 667K, committed 768K, reserved 1048576K
}
Event: 89579,396 GC heap before
{Heap before GC invocations=1368 (full 148):
 PSYoungGen      total 2672640K, used 2498560K [0x00000006f4900000, 0x00000007c0000000, 0x00000007c0000000)
  eden space 2056192K, 100% used [0x00000006f4900000,0x0000000772100000,0x0000000772100000)
  from space 616448K, 71% used [0x0000000772100000,0x000000078d100298,0x0000000797b00000)
  to   space 628736K, 0% used [0x0000000799a00000,0x0000000799a00000,0x00000007c0000000)
 ParOldGen       total 2298368K, used 1495754K [0x000000055da00000, 0x00000005e9e80000, 0x00000006f4900000)
  object space 2298368K, 65% used [0x000000055da00000,0x00000005b8eb2ad8,0x00000005e9e80000)
 Metaspace       used 5355K, capacity 5594K, committed 5888K, reserved 1056768K
  class space    used 579K, capacity 667K, committed 768K, reserved 1048576K
Event: 89579,765 GC heap after
Heap after GC invocations=1368 (full 148):
 PSYoungGen      total 2707456K, used 393952K [0x00000006f4900000, 0x00000007bfa00000, 0x00000007c0000000)
  eden space 2084864K, 0% used [0x00000006f4900000,0x00000006f4900000,0x0000000773d00000)
  from space 622592K, 63% used [0x0000000799a00000,0x00000007b1ab80a0,0x00000007bfa00000)
  to   space 619520K, 0% used [0x0000000773d00000,0x0000000773d00000,0x0000000799a00000)
 ParOldGen       total 2298368K, used 1695145K [0x000000055da00000, 0x00000005e9e80000, 0x00000006f4900000)
  object space 2298368K, 73% used [0x000000055da00000,0x00000005c516a7e8,0x00000005e9e80000)
 Metaspace       used 5355K, capacity 5594K, committed 5888K, reserved 1056768K
  class space    used 579K, capacity 667K, committed 768K, reserved 1048576K
}
Event: 89703,019 GC heap before
{Heap before GC invocations=1369 (full 148):
 PSYoungGen      total 2707456K, used 2478816K [0x00000006f4900000, 0x00000007bfa00000, 0x00000007c0000000)
  eden space 2084864K, 100% used [0x00000006f4900000,0x0000000773d00000,0x0000000773d00000)
  from space 622592K, 63% used [0x0000000799a00000,0x00000007b1ab80a0,0x00000007bfa00000)
  to   space 619520K, 0% used [0x0000000773d00000,0x0000000773d00000,0x0000000799a00000)
 ParOldGen       total 2298368K, used 1695145K [0x000000055da00000, 0x00000005e9e80000, 0x00000006f4900000)
  object space 2298368K, 73% used [0x000000055da00000,0x00000005c516a7e8,0x00000005e9e80000)
 Metaspace       used 5355K, capacity 5594K, committed 5888K, reserved 1056768K
  class space    used 579K, capacity 667K, committed 768K, reserved 1048576K
Event: 89703,104 GC heap after
Heap after GC invocations=1369 (full 148):
 PSYoungGen      total 2164736K, used 79532K [0x00000006f4900000, 0x00000007c0000000, 0x00000007c0000000)
  eden space 2084864K, 0% used [0x00000006f4900000,0x00000006f4900000,0x0000000773d00000)
  from space 79872K, 99% used [0x0000000773d00000,0x0000000778aab3c8,0x0000000778b00000)
  to   space 637952K, 0% used [0x0000000799100000,0x0000000799100000,0x00000007c0000000)
 ParOldGen       total 2298368K, used 1704102K [0x000000055da00000, 0x00000005e9e80000, 0x00000006f4900000)
  object space 2298368K, 74% used [0x000000055da00000,0x00000005c5a29920,0x00000005e9e80000)
 Metaspace       used 5355K, capacity 5594K, committed 5888K, reserved 1056768K
  class space    used 579K, capacity 667K, committed 768K, reserved 1048576K
}
Event: 89706,034 GC heap before
{Heap before GC invocations=1370 (full 148):
 PSYoungGen      total 2164736K, used 2164396K [0x00000006f4900000, 0x00000007c0000000, 0x00000007c0000000)
  eden space 2084864K, 100% used [0x00000006f4900000,0x0000000773d00000,0x0000000773d00000)
  from space 79872K, 99% used [0x0000000773d00000,0x0000000778aab3c8,0x0000000778b00000)
  to   space 637952K, 0% used [0x0000000799100000,0x0000000799100000,0x00000007c0000000)
 ParOldGen       total 2298368K, used 1704102K [0x000000055da00000, 0x00000005e9e80000, 0x00000006f4900000)
  object space 2298368K, 74% used [0x000000055da00000,0x00000005c5a29920,0x00000005e9e80000)
 Metaspace       used 5355K, capacity 5594K, committed 5888K, reserved 1056768K
  class space    used 579K, capacity 667K, committed 768K, reserved 1048576K
Event: 89706,371 GC heap after
Heap after GC invocations=1370 (full 148):
 PSYoungGen      total 2664448K, used 448423K [0x00000006f4900000, 0x00000007c0000000, 0x00000007c0000000)
  eden space 2026496K, 0% used [0x00000006f4900000,0x00000006f4900000,0x0000000770400000)
  from space 637952K, 70% used [0x0000000799100000,0x00000007b46e9ec0,0x00000007c0000000)
  to   space 653312K, 0% used [0x0000000770400000,0x0000000770400000,0x0000000798200000)
 ParOldGen       total 2298368K, used 1783543K [0x000000055da00000, 0x00000005e9e80000, 0x00000006f4900000)
  object space 2298368K, 77% used [0x000000055da00000,0x00000005ca7bdea0,0x00000005e9e80000)
 Metaspace       used 5355K, capacity 5594K, committed 5888K, reserved 1056768K
  class space    used 579K, capacity 667K, committed 768K, reserved 1048576K
}
Event: 89831,570 GC heap before
{Heap before GC invocations=1371 (full 148):
 PSYoungGen      total 2664448K, used 2474919K [0x00000006f4900000, 0x00000007c0000000, 0x00000007c0000000)
  eden space 2026496K, 100% used [0x00000006f4900000,0x0000000770400000,0x0000000770400000)
  from space 637952K, 70% used [0x0000000799100000,0x00000007b46e9ec0,0x00000007c0000000)
  to   space 653312K, 0% used [0x0000000770400000,0x0000000770400000,0x0000000798200000)
 ParOldGen       total 2298368K, used 1783543K [0x000000055da00000, 0x00000005e9e80000, 0x00000006f4900000)
  object space 2298368K, 77% used [0x000000055da00000,0x00000005ca7bdea0,0x00000005e9e80000)
 Metaspace       used 5355K, capacity 5594K, committed 5888K, reserved 1056768K
  class space    used 579K, capacity 667K, committed 768K, reserved 1048576K
Event: 89832,011 GC heap after
Heap after GC invocations=1371 (full 148):
 PSYoungGen      total 2344448K, used 317707K [0x00000006f4900000, 0x00000007bd600000, 0x00000007c0000000)
  eden space 2026496K, 0% used [0x00000006f4900000,0x00000006f4900000,0x0000000770400000)
  from space 317952K, 99% used [0x0000000770400000,0x0000000783a42fd0,0x0000000783a80000)
  to   space 624128K, 0% used [0x0000000797480000,0x0000000797480000,0x00000007bd600000)
 ParOldGen       total 2298368K, used 1883584K [0x000000055da00000, 0x00000005e9e80000, 0x00000006f4900000)
  object space 2298368K, 81% used [0x000000055da00000,0x00000005d0970220,0x00000005e9e80000)
 Metaspace       used 5355K, capacity 5594K, committed 5888K, reserved 1056768K
  class space    used 579K, capacity 667K, committed 768K, reserved 1048576K
}
Event: 89834,845 GC heap before
{Heap before GC invocations=1372 (full 148):
 PSYoungGen      total 2344448K, used 2344203K [0x00000006f4900000, 0x00000007bd600000, 0x00000007c0000000)
  eden space 2026496K, 100% used [0x00000006f4900000,0x0000000770400000,0x0000000770400000)
  from space 317952K, 99% used [0x0000000770400000,0x0000000783a42fd0,0x0000000783a80000)
  to   space 624128K, 0% used [0x0000000797480000,0x0000000797480000,0x00000007bd600000)
 ParOldGen       total 2298368K, used 1883584K [0x000000055da00000, 0x00000005e9e80000, 0x00000006f4900000)
  object space 2298368K, 81% used [0x000000055da00000,0x00000005d0970220,0x00000005e9e80000)
 Metaspace       used 5355K, capacity 5594K, committed 5888K, reserved 1056768K
  class space    used 579K, capacity 667K, committed 768K, reserved 1048576K

