# JRE version: Java(TM) SE Runtime Environment (8.0_45-b14) (build 1.8.0_45-b14)
# Java VM: Java HotSpot(TM) 64-Bit Server VM (25.45-b02 mixed mode linux-amd64 compressed oops)
Heap:
 PSYoungGen      total 2685952K, used 0K [0x00000006f4900000, 0x00000007c0000000, 0x00000007c0000000)
  eden space 2069504K, 0% used [0x00000006f4900000,0x00000006f4900000,0x0000000772e00000)
  from space 616448K, 0% used [0x0000000772e00000,0x0000000772e00000,0x0000000798800000)
  to   space 631808K, 0% used [0x0000000799700000,0x0000000799700000,0x00000007c0000000)
 ParOldGen       total 1444352K, used 712600K [0x000000055da00000, 0x00000005b5c80000, 0x00000006f4900000)
  object space 1444352K, 49% used [0x000000055da00000,0x00000005891e6380,0x00000005b5c80000)
 Metaspace       used 5311K, capacity 5540K, committed 5888K, reserved 1056768K
  class space    used 582K, capacity 672K, committed 768K, reserved 1048576K
GC Heap History (10 events):
Event: 4811,931 GC heap after
Heap after GC invocations=83 (full 8):
 PSYoungGen      total 2680832K, used 431631K [0x00000006f4900000, 0x00000007c0000000, 0x00000007c0000000)
  eden space 2069504K, 0% used [0x00000006f4900000,0x00000006f4900000,0x0000000772e00000)
  from space 611328K, 70% used [0x0000000772e00000,0x000000078d383d90,0x0000000798300000)
  to   space 623104K, 0% used [0x0000000799f80000,0x0000000799f80000,0x00000007c0000000)
 ParOldGen       total 1444352K, used 656405K [0x000000055da00000, 0x00000005b5c80000, 0x00000006f4900000)
  object space 1444352K, 45% used [0x000000055da00000,0x0000000585b055a8,0x00000005b5c80000)
 Metaspace       used 5311K, capacity 5540K, committed 5888K, reserved 1056768K
  class space    used 582K, capacity 672K, committed 768K, reserved 1048576K
}
Event: 4932,189 GC heap before
{Heap before GC invocations=84 (full 8):
 PSYoungGen      total 2680832K, used 2501135K [0x00000006f4900000, 0x00000007c0000000, 0x00000007c0000000)
  eden space 2069504K, 100% used [0x00000006f4900000,0x0000000772e00000,0x0000000772e00000)
  from space 611328K, 70% used [0x0000000772e00000,0x000000078d383d90,0x0000000798300000)
  to   space 623104K, 0% used [0x0000000799f80000,0x0000000799f80000,0x00000007c0000000)
 ParOldGen       total 1444352K, used 656405K [0x000000055da00000, 0x00000005b5c80000, 0x00000006f4900000)
  object space 1444352K, 45% used [0x000000055da00000,0x0000000585b055a8,0x00000005b5c80000)
 Metaspace       used 5311K, capacity 5540K, committed 5888K, reserved 1056768K
  class space    used 582K, capacity 672K, committed 768K, reserved 1048576K
Event: 4932,467 GC heap after
Heap after GC invocations=84 (full 8):
 PSYoungGen      total 2697728K, used 125760K [0x00000006f4900000, 0x00000007c0000000, 0x00000007c0000000)
  eden space 2074624K, 0% used [0x00000006f4900000,0x00000006f4900000,0x0000000773300000)
  from space 623104K, 20% used [0x0000000799f80000,0x00000007a1a50388,0x00000007c0000000)
  to   space 629248K, 0% used [0x0000000773300000,0x0000000773300000,0x0000000799980000)
 ParOldGen       total 1444352K, used 656581K [0x000000055da00000, 0x00000005b5c80000, 0x00000006f4900000)
  object space 1444352K, 45% used [0x000000055da00000,0x0000000585b315a8,0x00000005b5c80000)
 Metaspace       used 5311K, capacity 5540K, committed 5888K, reserved 1056768K
  class space    used 582K, capacity 672K, committed 768K, reserved 1048576K
}
Event: 4935,780 GC heap before
{Heap before GC invocations=85 (full 8):
 PSYoungGen      total 2697728K, used 2200384K [0x00000006f4900000, 0x00000007c0000000, 0x00000007c0000000)
  eden space 2074624K, 100% used [0x00000006f4900000,0x0000000773300000,0x0000000773300000)
  from space 623104K, 20% used [0x0000000799f80000,0x00000007a1a50388,0x00000007c0000000)
  to   space 629248K, 0% used [0x0000000773300000,0x0000000773300000,0x0000000799980000)
 ParOldGen       total 1444352K, used 656581K [0x000000055da00000, 0x00000005b5c80000, 0x00000006f4900000)
  object space 1444352K, 45% used [0x000000055da00000,0x0000000585b315a8,0x00000005b5c80000)
 Metaspace       used 5311K, capacity 5540K, committed 5888K, reserved 1056768K
  class space    used 582K, capacity 672K, committed 768K, reserved 1048576K
Event: 4936,295 GC heap after
Heap after GC invocations=85 (full 8):
 PSYoungGen      total 2521088K, used 446234K [0x00000006f4900000, 0x00000007c0000000, 0x00000007c0000000)
  eden space 2074624K, 0% used [0x00000006f4900000,0x00000006f4900000,0x0000000773300000)
  from space 446464K, 99% used [0x0000000773300000,0x000000078e6c6818,0x000000078e700000)
  to   space 647168K, 0% used [0x0000000798800000,0x0000000798800000,0x00000007c0000000)
 ParOldGen       total 1444352K, used 782285K [0x000000055da00000, 0x00000005b5c80000, 0x00000006f4900000)
  object space 1444352K, 54% used [0x000000055da00000,0x000000058d5f3570,0x00000005b5c80000)
 Metaspace       used 5311K, capacity 5540K, committed 5888K, reserved 1056768K
  class space    used 582K, capacity 672K, committed 768K, reserved 1048576K
}
Event: 5055,415 GC heap before
{Heap before GC invocations=86 (full 8):
 PSYoungGen      total 2521088K, used 2520858K [0x00000006f4900000, 0x00000007c0000000, 0x00000007c0000000)
  eden space 2074624K, 100% used [0x00000006f4900000,0x0000000773300000,0x0000000773300000)
  from space 446464K, 99% used [0x0000000773300000,0x000000078e6c6818,0x000000078e700000)
  to   space 647168K, 0% used [0x0000000798800000,0x0000000798800000,0x00000007c0000000)
 ParOldGen       total 1444352K, used 782285K [0x000000055da00000, 0x00000005b5c80000, 0x00000006f4900000)
  object space 1444352K, 54% used [0x000000055da00000,0x000000058d5f3570,0x00000005b5c80000)
 Metaspace       used 5311K, capacity 5540K, committed 5888K, reserved 1056768K
  class space    used 582K, capacity 672K, committed 768K, reserved 1048576K
Event: 5055,783 GC heap after
Heap after GC invocations=86 (full 8):
 PSYoungGen      total 2716672K, used 318338K [0x00000006f4900000, 0x00000007c0000000, 0x00000007c0000000)
  eden space 2069504K, 0% used [0x00000006f4900000,0x00000006f4900000,0x0000000772e00000)
  from space 647168K, 49% used [0x0000000798800000,0x00000007abee0878,0x00000007c0000000)
  to   space 616448K, 0% used [0x0000000772e00000,0x0000000772e00000,0x0000000798800000)
 ParOldGen       total 1444352K, used 919848K [0x000000055da00000, 0x00000005b5c80000, 0x00000006f4900000)
  object space 1444352K, 63% used [0x000000055da00000,0x0000000595c4a3e8,0x00000005b5c80000)
 Metaspace       used 5311K, capacity 5540K, committed 5888K, reserved 1056768K
  class space    used 582K, capacity 672K, committed 768K, reserved 1048576K
}
Event: 5065,184 GC heap before
{Heap before GC invocations=87 (full 8):
 PSYoungGen      total 2716672K, used 2387842K [0x00000006f4900000, 0x00000007c0000000, 0x00000007c0000000)
  eden space 2069504K, 100% used [0x00000006f4900000,0x0000000772e00000,0x0000000772e00000)
  from space 647168K, 49% used [0x0000000798800000,0x00000007abee0878,0x00000007c0000000)
  to   space 616448K, 0% used [0x0000000772e00000,0x0000000772e00000,0x0000000798800000)
 ParOldGen       total 1444352K, used 919848K [0x000000055da00000, 0x00000005b5c80000, 0x00000006f4900000)
  object space 1444352K, 63% used [0x000000055da00000,0x0000000595c4a3e8,0x00000005b5c80000)
 Metaspace       used 5311K, capacity 5540K, committed 5888K, reserved 1056768K
  class space    used 582K, capacity 672K, committed 768K, reserved 1048576K
Event: 5083,193 GC heap after
Heap after GC invocations=87 (full 8):
 PSYoungGen      total 2685952K, used 445143K [0x00000006f4900000, 0x00000007c0000000, 0x00000007c0000000)
  eden space 2069504K, 0% used [0x00000006f4900000,0x00000006f4900000,0x0000000772e00000)
  from space 616448K, 72% used [0x0000000772e00000,0x000000078e0b5f58,0x0000000798800000)
  to   space 631808K, 0% used [0x0000000799700000,0x0000000799700000,0x00000007c0000000)
 ParOldGen       total 1444352K, used 1238593K [0x000000055da00000, 0x00000005b5c80000, 0x00000006f4900000)
  object space 1444352K, 85% used [0x000000055da00000,0x00000005a9390718,0x00000005b5c80000)
 Metaspace       used 5311K, capacity 5540K, committed 5888K, reserved 1056768K
  class space    used 582K, capacity 672K, committed 768K, reserved 1048576K
}
Event: 5092,757 GC heap before
{Heap before GC invocations=88 (full 9):
 PSYoungGen      total 2685952K, used 445143K [0x00000006f4900000, 0x00000007c0000000, 0x00000007c0000000)
  eden space 2069504K, 0% used [0x00000006f4900000,0x00000006f4900000,0x0000000772e00000)
  from space 616448K, 72% used [0x0000000772e00000,0x000000078e0b5f58,0x0000000798800000)
  to   space 631808K, 0% used [0x0000000799700000,0x0000000799700000,0x00000007c0000000)
 ParOldGen       total 1444352K, used 1238593K [0x000000055da00000, 0x00000005b5c80000, 0x00000006f4900000)
  object space 1444352K, 85% used [0x000000055da00000,0x00000005a9390718,0x00000005b5c80000)
 Metaspace       used 5311K, capacity 5540K, committed 5888K, reserved 1056768K
  class space    used 582K, capacity 672K, committed 768K, reserved 1048576K

