# JRE version: Java(TM) SE Runtime Environment (8.0_45-b14) (build 1.8.0_45-b14)
# Java VM: Java HotSpot(TM) 64-Bit Server VM (25.45-b02 mixed mode linux-amd64 compressed oops)
Heap:
 PSYoungGen      total 2671104K, used 0K [0x00000006f4900000, 0x00000007bf180000, 0x00000007c0000000)
  eden space 2057216K, 0% used [0x00000006f4900000,0x00000006f4900000,0x0000000772200000)
  from space 613888K, 0% used [0x0000000797f00000,0x0000000797f00000,0x00000007bd680000)
  to   space 619520K, 0% used [0x0000000772200000,0x0000000772200000,0x0000000797f00000)
 ParOldGen       total 1511936K, used 710968K [0x000000055da00000, 0x00000005b9e80000, 0x00000006f4900000)
  object space 1511936K, 47% used [0x000000055da00000,0x000000058904e0a0,0x00000005b9e80000)
 Metaspace       used 5352K, capacity 5594K, committed 5888K, reserved 1056768K
  class space    used 579K, capacity 667K, committed 768K, reserved 1048576K
GC Heap History (10 events):
Event: 41961,538 GC heap after
Heap after GC invocations=645 (full 77):
 PSYoungGen      total 2659328K, used 446154K [0x00000006f4900000, 0x00000007c0000000, 0x00000007c0000000)
  eden space 2016256K, 0% used [0x00000006f4900000,0x00000006f4900000,0x000000076fa00000)
  from space 643072K, 69% used [0x0000000798c00000,0x00000007b3fb2af0,0x00000007c0000000)
  to   space 658432K, 0% used [0x000000076fa00000,0x000000076fa00000,0x0000000797d00000)
 ParOldGen       total 1511936K, used 507979K [0x000000055da00000, 0x00000005b9e80000, 0x00000006f4900000)
  object space 1511936K, 33% used [0x000000055da00000,0x000000057ca12c60,0x00000005b9e80000)
 Metaspace       used 5352K, capacity 5594K, committed 5888K, reserved 1056768K
  class space    used 579K, capacity 667K, committed 768K, reserved 1048576K
}
Event: 42085,771 GC heap before
{Heap before GC invocations=646 (full 77):
 PSYoungGen      total 2659328K, used 2462410K [0x00000006f4900000, 0x00000007c0000000, 0x00000007c0000000)
  eden space 2016256K, 100% used [0x00000006f4900000,0x000000076fa00000,0x000000076fa00000)
  from space 643072K, 69% used [0x0000000798c00000,0x00000007b3fb2af0,0x00000007c0000000)
  to   space 658432K, 0% used [0x000000076fa00000,0x000000076fa00000,0x0000000797d00000)
 ParOldGen       total 1511936K, used 507979K [0x000000055da00000, 0x00000005b9e80000, 0x00000006f4900000)
  object space 1511936K, 33% used [0x000000055da00000,0x000000057ca12c60,0x00000005b9e80000)
 Metaspace       used 5352K, capacity 5594K, committed 5888K, reserved 1056768K
  class space    used 579K, capacity 667K, committed 768K, reserved 1048576K
Event: 42086,009 GC heap after
Heap after GC invocations=646 (full 77):
 PSYoungGen      total 2316800K, used 300343K [0x00000006f4900000, 0x00000007bd800000, 0x00000007c0000000)
  eden space 2016256K, 0% used [0x00000006f4900000,0x00000006f4900000,0x000000076fa00000)
  from space 300544K, 99% used [0x000000076fa00000,0x0000000781f4dd88,0x0000000781f80000)
  to   space 630272K, 0% used [0x0000000797080000,0x0000000797080000,0x00000007bd800000)
 ParOldGen       total 1511936K, used 584680K [0x000000055da00000, 0x00000005b9e80000, 0x00000006f4900000)
  object space 1511936K, 38% used [0x000000055da00000,0x00000005814fa020,0x00000005b9e80000)
 Metaspace       used 5352K, capacity 5594K, committed 5888K, reserved 1056768K
  class space    used 579K, capacity 667K, committed 768K, reserved 1048576K
}
Event: 42088,813 GC heap before
{Heap before GC invocations=647 (full 77):
 PSYoungGen      total 2316800K, used 2316599K [0x00000006f4900000, 0x00000007bd800000, 0x00000007c0000000)
  eden space 2016256K, 100% used [0x00000006f4900000,0x000000076fa00000,0x000000076fa00000)
  from space 300544K, 99% used [0x000000076fa00000,0x0000000781f4dd88,0x0000000781f80000)
  to   space 630272K, 0% used [0x0000000797080000,0x0000000797080000,0x00000007bd800000)
 ParOldGen       total 1511936K, used 584680K [0x000000055da00000, 0x00000005b9e80000, 0x00000006f4900000)
  object space 1511936K, 38% used [0x000000055da00000,0x00000005814fa020,0x00000005b9e80000)
 Metaspace       used 5352K, capacity 5594K, committed 5888K, reserved 1056768K
  class space    used 579K, capacity 667K, committed 768K, reserved 1048576K
Event: 42089,246 GC heap after
Heap after GC invocations=647 (full 77):
 PSYoungGen      total 2652160K, used 433615K [0x00000006f4900000, 0x00000007c0000000, 0x00000007c0000000)
  eden space 2021888K, 0% used [0x00000006f4900000,0x00000006f4900000,0x000000076ff80000)
  from space 630272K, 68% used [0x0000000797080000,0x00000007b17f3c80,0x00000007bd800000)
  to   space 640000K, 0% used [0x000000076ff80000,0x000000076ff80000,0x0000000797080000)
 ParOldGen       total 1511936K, used 885349K [0x000000055da00000, 0x00000005b9e80000, 0x00000006f4900000)
  object space 1511936K, 58% used [0x000000055da00000,0x0000000593a99540,0x00000005b9e80000)
 Metaspace       used 5352K, capacity 5594K, committed 5888K, reserved 1056768K
  class space    used 579K, capacity 667K, committed 768K, reserved 1048576K
}
Event: 42212,861 GC heap before
{Heap before GC invocations=648 (full 77):
 PSYoungGen      total 2652160K, used 2455503K [0x00000006f4900000, 0x00000007c0000000, 0x00000007c0000000)
  eden space 2021888K, 100% used [0x00000006f4900000,0x000000076ff80000,0x000000076ff80000)
  from space 630272K, 68% used [0x0000000797080000,0x00000007b17f3c80,0x00000007bd800000)
  to   space 640000K, 0% used [0x000000076ff80000,0x000000076ff80000,0x0000000797080000)
 ParOldGen       total 1511936K, used 885349K [0x000000055da00000, 0x00000005b9e80000, 0x00000006f4900000)
  object space 1511936K, 58% used [0x000000055da00000,0x0000000593a99540,0x00000005b9e80000)
 Metaspace       used 5352K, capacity 5594K, committed 5888K, reserved 1056768K
  class space    used 579K, capacity 667K, committed 768K, reserved 1048576K
Event: 42213,158 GC heap after
Heap after GC invocations=648 (full 77):
 PSYoungGen      total 2661888K, used 349003K [0x00000006f4900000, 0x00000007bd680000, 0x00000007c0000000)
  eden space 2021888K, 0% used [0x00000006f4900000,0x00000006f4900000,0x000000076ff80000)
  from space 640000K, 54% used [0x000000076ff80000,0x0000000785452db0,0x0000000797080000)
  to   space 613888K, 0% used [0x0000000797f00000,0x0000000797f00000,0x00000007bd680000)
 ParOldGen       total 1511936K, used 1028460K [0x000000055da00000, 0x00000005b9e80000, 0x00000006f4900000)
  object space 1511936K, 68% used [0x000000055da00000,0x000000059c65b2b0,0x00000005b9e80000)
 Metaspace       used 5352K, capacity 5594K, committed 5888K, reserved 1056768K
  class space    used 579K, capacity 667K, committed 768K, reserved 1048576K
}
Event: 42234,485 GC heap before
{Heap before GC invocations=649 (full 77):
 PSYoungGen      total 2661888K, used 2370891K [0x00000006f4900000, 0x00000007bd680000, 0x00000007c0000000)
  eden space 2021888K, 100% used [0x00000006f4900000,0x000000076ff80000,0x000000076ff80000)
  from space 640000K, 54% used [0x000000076ff80000,0x0000000785452db0,0x0000000797080000)
  to   space 613888K, 0% used [0x0000000797f00000,0x0000000797f00000,0x00000007bd680000)
 ParOldGen       total 1511936K, used 1028460K [0x000000055da00000, 0x00000005b9e80000, 0x00000006f4900000)
  object space 1511936K, 68% used [0x000000055da00000,0x000000059c65b2b0,0x00000005b9e80000)
 Metaspace       used 5352K, capacity 5594K, committed 5888K, reserved 1056768K
  class space    used 579K, capacity 667K, committed 768K, reserved 1048576K
Event: 42235,113 GC heap after
Heap after GC invocations=649 (full 77):
 PSYoungGen      total 2671104K, used 426604K [0x00000006f4900000, 0x00000007bf180000, 0x00000007c0000000)
  eden space 2057216K, 0% used [0x00000006f4900000,0x00000006f4900000,0x0000000772200000)
  from space 613888K, 69% used [0x0000000797f00000,0x00000007b1f9b120,0x00000007bd680000)
  to   space 619520K, 0% used [0x0000000772200000,0x0000000772200000,0x0000000797f00000)
 ParOldGen       total 1511936K, used 1375335K [0x000000055da00000, 0x00000005b9e80000, 0x00000006f4900000)
  object space 1511936K, 90% used [0x000000055da00000,0x00000005b1919f88,0x00000005b9e80000)
 Metaspace       used 5352K, capacity 5594K, committed 5888K, reserved 1056768K
  class space    used 579K, capacity 667K, committed 768K, reserved 1048576K
}
Event: 42235,113 GC heap before
{Heap before GC invocations=650 (full 78):
 PSYoungGen      total 2671104K, used 426604K [0x00000006f4900000, 0x00000007bf180000, 0x00000007c0000000)
  eden space 2057216K, 0% used [0x00000006f4900000,0x00000006f4900000,0x0000000772200000)
  from space 613888K, 69% used [0x0000000797f00000,0x00000007b1f9b120,0x00000007bd680000)
  to   space 619520K, 0% used [0x0000000772200000,0x0000000772200000,0x0000000797f00000)
 ParOldGen       total 1511936K, used 1375335K [0x000000055da00000, 0x00000005b9e80000, 0x00000006f4900000)
  object space 1511936K, 90% used [0x000000055da00000,0x00000005b1919f88,0x00000005b9e80000)
 Metaspace       used 5352K, capacity 5594K, committed 5888K, reserved 1056768K
  class space    used 579K, capacity 667K, committed 768K, reserved 1048576K

