# JRE version: Java(TM) SE Runtime Environment (8.0_45-b14) (build 1.8.0_45-b14)
# Java VM: Java HotSpot(TM) 64-Bit Server VM (25.45-b02 mixed mode linux-amd64 compressed oops)
Heap:
 PSYoungGen      total 2692096K, used 3552K [0x00000006f4900000, 0x00000007be680000, 0x00000007c0000000)
  eden space 2077184K, 0% used [0x00000006f4900000,0x00000006f4900000,0x0000000773580000)
  from space 614912K, 0% used [0x0000000773580000,0x00000007738f8000,0x0000000798e00000)
  to   space 610304K, 0% used [0x0000000799280000,0x0000000799280000,0x00000007be680000)
 ParOldGen       total 2324992K, used 1348792K [0x000000055da00000, 0x00000005eb880000, 0x00000006f4900000)
  object space 2324992K, 58% used [0x000000055da00000,0x00000005aff2e2c8,0x00000005eb880000)
 Metaspace       used 5350K, capacity 5594K, committed 5888K, reserved 1056768K
  class space    used 579K, capacity 667K, committed 768K, reserved 1048576K
GC Heap History (10 events):
Event: 89476,373 GC heap after
Heap after GC invocations=1376 (full 150):
 PSYoungGen      total 2675200K, used 49093K [0x00000006f4900000, 0x00000007c0000000, 0x00000007c0000000)
  eden space 2064384K, 0% used [0x00000006f4900000,0x00000006f4900000,0x0000000772900000)
  from space 610816K, 8% used [0x0000000799c80000,0x000000079cc716e8,0x00000007bf100000)
  to   space 634368K, 0% used [0x0000000772900000,0x0000000772900000,0x0000000799480000)
 ParOldGen       total 2324992K, used 701966K [0x000000055da00000, 0x00000005eb880000, 0x00000006f4900000)
  object space 2324992K, 30% used [0x000000055da00000,0x0000000588783bc8,0x00000005eb880000)
 Metaspace       used 5350K, capacity 5594K, committed 5888K, reserved 1056768K
  class space    used 579K, capacity 667K, committed 768K, reserved 1048576K
}
Event: 89479,144 GC heap before
{Heap before GC invocations=1377 (full 150):
 PSYoungGen      total 2675200K, used 2113477K [0x00000006f4900000, 0x00000007c0000000, 0x00000007c0000000)
  eden space 2064384K, 100% used [0x00000006f4900000,0x0000000772900000,0x0000000772900000)
  from space 610816K, 8% used [0x0000000799c80000,0x000000079cc716e8,0x00000007bf100000)
  to   space 634368K, 0% used [0x0000000772900000,0x0000000772900000,0x0000000799480000)
 ParOldGen       total 2324992K, used 701966K [0x000000055da00000, 0x00000005eb880000, 0x00000006f4900000)
  object space 2324992K, 30% used [0x000000055da00000,0x0000000588783bc8,0x00000005eb880000)
 Metaspace       used 5350K, capacity 5594K, committed 5888K, reserved 1056768K
  class space    used 579K, capacity 667K, committed 768K, reserved 1048576K
Event: 89479,494 GC heap after
Heap after GC invocations=1377 (full 150):
 PSYoungGen      total 2508800K, used 444059K [0x00000006f4900000, 0x00000007c0000000, 0x00000007c0000000)
  eden space 2064384K, 0% used [0x00000006f4900000,0x00000006f4900000,0x0000000772900000)
  from space 444416K, 99% used [0x0000000772900000,0x000000078daa6f50,0x000000078db00000)
  to   space 650240K, 0% used [0x0000000798500000,0x0000000798500000,0x00000007c0000000)
 ParOldGen       total 2324992K, used 750830K [0x000000055da00000, 0x00000005eb880000, 0x00000006f4900000)
  object space 2324992K, 32% used [0x000000055da00000,0x000000058b73bb88,0x00000005eb880000)
 Metaspace       used 5350K, capacity 5594K, committed 5888K, reserved 1056768K
  class space    used 579K, capacity 667K, committed 768K, reserved 1048576K
}
Event: 89598,793 GC heap before
{Heap before GC invocations=1378 (full 150):
 PSYoungGen      total 2508800K, used 2508442K [0x00000006f4900000, 0x00000007c0000000, 0x00000007c0000000)
  eden space 2064384K, 99% used [0x00000006f4900000,0x00000007728ff960,0x0000000772900000)
  from space 444416K, 99% used [0x0000000772900000,0x000000078daa6f50,0x000000078db00000)
  to   space 650240K, 0% used [0x0000000798500000,0x0000000798500000,0x00000007c0000000)
 ParOldGen       total 2324992K, used 750830K [0x000000055da00000, 0x00000005eb880000, 0x00000006f4900000)
  object space 2324992K, 32% used [0x000000055da00000,0x000000058b73bb88,0x00000005eb880000)
 Metaspace       used 5350K, capacity 5594K, committed 5888K, reserved 1056768K
  class space    used 579K, capacity 667K, committed 768K, reserved 1048576K
Event: 89599,063 GC heap after
Heap after GC invocations=1378 (full 150):
 PSYoungGen      total 2712064K, used 309658K [0x00000006f4900000, 0x00000007c0000000, 0x00000007c0000000)
  eden space 2061824K, 0% used [0x00000006f4900000,0x00000006f4900000,0x0000000772680000)
  from space 650240K, 47% used [0x0000000798500000,0x00000007ab3669b8,0x00000007c0000000)
  to   space 621056K, 0% used [0x0000000772680000,0x0000000772680000,0x0000000798500000)
 ParOldGen       total 2324992K, used 830410K [0x000000055da00000, 0x00000005eb880000, 0x00000006f4900000)
  object space 2324992K, 35% used [0x000000055da00000,0x00000005904f2940,0x00000005eb880000)
 Metaspace       used 5350K, capacity 5594K, committed 5888K, reserved 1056768K
  class space    used 579K, capacity 667K, committed 768K, reserved 1048576K
}
Event: 89601,762 GC heap before
{Heap before GC invocations=1379 (full 150):
 PSYoungGen      total 2712064K, used 2371482K [0x00000006f4900000, 0x00000007c0000000, 0x00000007c0000000)
  eden space 2061824K, 100% used [0x00000006f4900000,0x0000000772680000,0x0000000772680000)
  from space 650240K, 47% used [0x0000000798500000,0x00000007ab3669b8,0x00000007c0000000)
  to   space 621056K, 0% used [0x0000000772680000,0x0000000772680000,0x0000000798500000)
 ParOldGen       total 2324992K, used 830410K [0x000000055da00000, 0x00000005eb880000, 0x00000006f4900000)
  object space 2324992K, 35% used [0x000000055da00000,0x00000005904f2940,0x00000005eb880000)
 Metaspace       used 5350K, capacity 5594K, committed 5888K, reserved 1056768K
  class space    used 579K, capacity 667K, committed 768K, reserved 1048576K
Event: 89602,200 GC heap after
Heap after GC invocations=1379 (full 150):
 PSYoungGen      total 2682880K, used 443513K [0x00000006f4900000, 0x00000007bfe80000, 0x00000007c0000000)
  eden space 2061824K, 0% used [0x00000006f4900000,0x00000006f4900000,0x0000000772680000)
  from space 621056K, 71% used [0x0000000772680000,0x000000078d79e5f8,0x0000000798500000)
  to   space 634880K, 0% used [0x0000000799280000,0x0000000799280000,0x00000007bfe80000)
 ParOldGen       total 2324992K, used 1140436K [0x000000055da00000, 0x00000005eb880000, 0x00000006f4900000)
  object space 2324992K, 49% used [0x000000055da00000,0x00000005a33b52d8,0x00000005eb880000)
 Metaspace       used 5350K, capacity 5594K, committed 5888K, reserved 1056768K
  class space    used 579K, capacity 667K, committed 768K, reserved 1048576K
}
Event: 89725,961 GC heap before
{Heap before GC invocations=1380 (full 150):
 PSYoungGen      total 2682880K, used 2505337K [0x00000006f4900000, 0x00000007bfe80000, 0x00000007c0000000)
  eden space 2061824K, 100% used [0x00000006f4900000,0x0000000772680000,0x0000000772680000)
  from space 621056K, 71% used [0x0000000772680000,0x000000078d79e5f8,0x0000000798500000)
  to   space 634880K, 0% used [0x0000000799280000,0x0000000799280000,0x00000007bfe80000)
 ParOldGen       total 2324992K, used 1140436K [0x000000055da00000, 0x00000005eb880000, 0x00000006f4900000)
  object space 2324992K, 49% used [0x000000055da00000,0x00000005a33b52d8,0x00000005eb880000)
 Metaspace       used 5350K, capacity 5594K, committed 5888K, reserved 1056768K
  class space    used 579K, capacity 667K, committed 768K, reserved 1048576K
Event: 89726,229 GC heap after
Heap after GC invocations=1380 (full 150):
 PSYoungGen      total 2687488K, used 363680K [0x00000006f4900000, 0x00000007be680000, 0x00000007c0000000)
  eden space 2077184K, 0% used [0x00000006f4900000,0x00000006f4900000,0x0000000773580000)
  from space 610304K, 59% used [0x0000000799280000,0x00000007af5a83d0,0x00000007be680000)
  to   space 614912K, 0% used [0x0000000773580000,0x0000000773580000,0x0000000798e00000)
 ParOldGen       total 2324992K, used 1297272K [0x000000055da00000, 0x00000005eb880000, 0x00000006f4900000)
  object space 2324992K, 55% used [0x000000055da00000,0x00000005accde190,0x00000005eb880000)
 Metaspace       used 5350K, capacity 5594K, committed 5888K, reserved 1056768K
  class space    used 579K, capacity 667K, committed 768K, reserved 1048576K
}
Event: 89853,387 GC heap before
{Heap before GC invocations=1381 (full 150):
 PSYoungGen      total 2687488K, used 2440864K [0x00000006f4900000, 0x00000007be680000, 0x00000007c0000000)
  eden space 2077184K, 100% used [0x00000006f4900000,0x0000000773580000,0x0000000773580000)
  from space 610304K, 59% used [0x0000000799280000,0x00000007af5a83d0,0x00000007be680000)
  to   space 614912K, 0% used [0x0000000773580000,0x0000000773580000,0x0000000798e00000)
 ParOldGen       total 2324992K, used 1297272K [0x000000055da00000, 0x00000005eb880000, 0x00000006f4900000)
  object space 2324992K, 55% used [0x000000055da00000,0x00000005accde190,0x00000005eb880000)
 Metaspace       used 5350K, capacity 5594K, committed 5888K, reserved 1056768K
  class space    used 579K, capacity 667K, committed 768K, reserved 1048576K

