# JRE version: Java(TM) SE Runtime Environment (8.0_45-b14) (build 1.8.0_45-b14)
# Java VM: Java HotSpot(TM) 64-Bit Server VM (25.45-b02 mixed mode linux-amd64 compressed oops)
Heap:
 PSYoungGen      total 2715648K, used 0K [0x00000006f4900000, 0x00000007c0000000, 0x00000007c0000000)
  eden space 2121728K, 0% used [0x00000006f4900000,0x00000006f4900000,0x0000000776100000)
  from space 593920K, 0% used [0x0000000776100000,0x0000000776100000,0x000000079a500000)
  to   space 608256K, 0% used [0x000000079ae00000,0x000000079ae00000,0x00000007c0000000)
 ParOldGen       total 1411584K, used 645103K [0x000000055da00000, 0x00000005b3c80000, 0x00000006f4900000)
  object space 1411584K, 45% used [0x000000055da00000,0x0000000584ffbe88,0x00000005b3c80000)
 Metaspace       used 5343K, capacity 5604K, committed 5888K, reserved 1056768K
  class space    used 582K, capacity 672K, committed 768K, reserved 1048576K
GC Heap History (10 events):
Event: 8227,714 GC heap after
Heap after GC invocations=133 (full 18):
 PSYoungGen      total 2684416K, used 0K [0x00000006f4900000, 0x00000007be700000, 0x00000007c0000000)
  eden space 2060800K, 0% used [0x00000006f4900000,0x00000006f4900000,0x0000000772580000)
  from space 623616K, 0% used [0x0000000772580000,0x0000000772580000,0x0000000798680000)
  to   space 606208K, 0% used [0x0000000799700000,0x0000000799700000,0x00000007be700000)
 ParOldGen       total 1411584K, used 350144K [0x000000055da00000, 0x00000005b3c80000, 0x00000006f4900000)
  object space 1411584K, 24% used [0x000000055da00000,0x0000000572ff03b8,0x00000005b3c80000)
 Metaspace       used 5341K, capacity 5604K, committed 5888K, reserved 1056768K
  class space    used 582K, capacity 672K, committed 768K, reserved 1048576K
}
Event: 8358,124 GC heap before
{Heap before GC invocations=134 (full 18):
 PSYoungGen      total 2684416K, used 2060800K [0x00000006f4900000, 0x00000007be700000, 0x00000007c0000000)
  eden space 2060800K, 100% used [0x00000006f4900000,0x0000000772580000,0x0000000772580000)
  from space 623616K, 0% used [0x0000000772580000,0x0000000772580000,0x0000000798680000)
  to   space 606208K, 0% used [0x0000000799700000,0x0000000799700000,0x00000007be700000)
 ParOldGen       total 1411584K, used 350144K [0x000000055da00000, 0x00000005b3c80000, 0x00000006f4900000)
  object space 1411584K, 24% used [0x000000055da00000,0x0000000572ff03b8,0x00000005b3c80000)
 Metaspace       used 5343K, capacity 5604K, committed 5888K, reserved 1056768K
  class space    used 582K, capacity 672K, committed 768K, reserved 1048576K
Event: 8358,298 GC heap after
Heap after GC invocations=134 (full 18):
 PSYoungGen      total 2701824K, used 251693K [0x00000006f4900000, 0x00000007be000000, 0x00000007c0000000)
  eden space 2102784K, 0% used [0x00000006f4900000,0x00000006f4900000,0x0000000774e80000)
  from space 599040K, 42% used [0x0000000799700000,0x00000007a8ccb410,0x00000007be000000)
  to   space 598528K, 0% used [0x0000000774e80000,0x0000000774e80000,0x0000000799700000)
 ParOldGen       total 1411584K, used 350144K [0x000000055da00000, 0x00000005b3c80000, 0x00000006f4900000)
  object space 1411584K, 24% used [0x000000055da00000,0x0000000572ff03b8,0x00000005b3c80000)
 Metaspace       used 5343K, capacity 5604K, committed 5888K, reserved 1056768K
  class space    used 582K, capacity 672K, committed 768K, reserved 1048576K
}
Event: 8361,210 GC heap before
{Heap before GC invocations=135 (full 18):
 PSYoungGen      total 2701824K, used 2354477K [0x00000006f4900000, 0x00000007be000000, 0x00000007c0000000)
  eden space 2102784K, 100% used [0x00000006f4900000,0x0000000774e80000,0x0000000774e80000)
  from space 599040K, 42% used [0x0000000799700000,0x00000007a8ccb410,0x00000007be000000)
  to   space 598528K, 0% used [0x0000000774e80000,0x0000000774e80000,0x0000000799700000)
 ParOldGen       total 1411584K, used 350144K [0x000000055da00000, 0x00000005b3c80000, 0x00000006f4900000)
  object space 1411584K, 24% used [0x000000055da00000,0x0000000572ff03b8,0x00000005b3c80000)
 Metaspace       used 5343K, capacity 5604K, committed 5888K, reserved 1056768K
  class space    used 582K, capacity 672K, committed 768K, reserved 1048576K
Event: 8361,646 GC heap after
Heap after GC invocations=135 (full 18):
 PSYoungGen      total 2701312K, used 452291K [0x00000006f4900000, 0x00000007c0000000, 0x00000007c0000000)
  eden space 2102784K, 0% used [0x00000006f4900000,0x00000006f4900000,0x0000000774e80000)
  from space 598528K, 75% used [0x0000000774e80000,0x0000000790830e50,0x0000000799700000)
  to   space 612864K, 0% used [0x000000079a980000,0x000000079a980000,0x00000007c0000000)
 ParOldGen       total 1411584K, used 602150K [0x000000055da00000, 0x00000005b3c80000, 0x00000006f4900000)
  object space 1411584K, 42% used [0x000000055da00000,0x00000005826098e8,0x00000005b3c80000)
 Metaspace       used 5343K, capacity 5604K, committed 5888K, reserved 1056768K
  class space    used 582K, capacity 672K, committed 768K, reserved 1048576K
}
Event: 8491,901 GC heap before
{Heap before GC invocations=136 (full 18):
 PSYoungGen      total 2701312K, used 2555075K [0x00000006f4900000, 0x00000007c0000000, 0x00000007c0000000)
  eden space 2102784K, 100% used [0x00000006f4900000,0x0000000774e80000,0x0000000774e80000)
  from space 598528K, 75% used [0x0000000774e80000,0x0000000790830e50,0x0000000799700000)
  to   space 612864K, 0% used [0x000000079a980000,0x000000079a980000,0x00000007c0000000)
 ParOldGen       total 1411584K, used 602150K [0x000000055da00000, 0x00000005b3c80000, 0x00000006f4900000)
  object space 1411584K, 42% used [0x000000055da00000,0x00000005826098e8,0x00000005b3c80000)
 Metaspace       used 5343K, capacity 5604K, committed 5888K, reserved 1056768K
  class space    used 582K, capacity 672K, committed 768K, reserved 1048576K
Event: 8492,168 GC heap after
Heap after GC invocations=136 (full 18):
 PSYoungGen      total 2711040K, used 317695K [0x00000006f4900000, 0x00000007be900000, 0x00000007c0000000)
  eden space 2121728K, 0% used [0x00000006f4900000,0x00000006f4900000,0x0000000776100000)
  from space 589312K, 53% used [0x000000079a980000,0x00000007adfbfc88,0x00000007be900000)
  to   space 593920K, 0% used [0x0000000776100000,0x0000000776100000,0x000000079a500000)
 ParOldGen       total 1411584K, used 678891K [0x000000055da00000, 0x00000005b3c80000, 0x00000006f4900000)
  object space 1411584K, 48% used [0x000000055da00000,0x00000005870faca8,0x00000005b3c80000)
 Metaspace       used 5343K, capacity 5604K, committed 5888K, reserved 1056768K
  class space    used 582K, capacity 672K, committed 768K, reserved 1048576K
}
Event: 8495,045 GC heap before
{Heap before GC invocations=137 (full 18):
 PSYoungGen      total 2711040K, used 2439423K [0x00000006f4900000, 0x00000007be900000, 0x00000007c0000000)
  eden space 2121728K, 100% used [0x00000006f4900000,0x0000000776100000,0x0000000776100000)
  from space 589312K, 53% used [0x000000079a980000,0x00000007adfbfc88,0x00000007be900000)
  to   space 593920K, 0% used [0x0000000776100000,0x0000000776100000,0x000000079a500000)
 ParOldGen       total 1411584K, used 678891K [0x000000055da00000, 0x00000005b3c80000, 0x00000006f4900000)
  object space 1411584K, 48% used [0x000000055da00000,0x00000005870faca8,0x00000005b3c80000)
 Metaspace       used 5343K, capacity 5604K, committed 5888K, reserved 1056768K
  class space    used 582K, capacity 672K, committed 768K, reserved 1048576K
Event: 8495,591 GC heap after
Heap after GC invocations=137 (full 18):
 PSYoungGen      total 2715648K, used 456398K [0x00000006f4900000, 0x00000007c0000000, 0x00000007c0000000)
  eden space 2121728K, 0% used [0x00000006f4900000,0x00000006f4900000,0x0000000776100000)
  from space 593920K, 76% used [0x0000000776100000,0x0000000791eb3840,0x000000079a500000)
  to   space 608256K, 0% used [0x000000079ae00000,0x000000079ae00000,0x00000007c0000000)
 ParOldGen       total 1411584K, used 996930K [0x000000055da00000, 0x00000005b3c80000, 0x00000006f4900000)
  object space 1411584K, 70% used [0x000000055da00000,0x000000059a790bd8,0x00000005b3c80000)
 Metaspace       used 5343K, capacity 5604K, committed 5888K, reserved 1056768K
  class space    used 582K, capacity 672K, committed 768K, reserved 1048576K
}
Event: 8495,591 GC heap before
{Heap before GC invocations=138 (full 19):
 PSYoungGen      total 2715648K, used 456398K [0x00000006f4900000, 0x00000007c0000000, 0x00000007c0000000)
  eden space 2121728K, 0% used [0x00000006f4900000,0x00000006f4900000,0x0000000776100000)
  from space 593920K, 76% used [0x0000000776100000,0x0000000791eb3840,0x000000079a500000)
  to   space 608256K, 0% used [0x000000079ae00000,0x000000079ae00000,0x00000007c0000000)
 ParOldGen       total 1411584K, used 996930K [0x000000055da00000, 0x00000005b3c80000, 0x00000006f4900000)
  object space 1411584K, 70% used [0x000000055da00000,0x000000059a790bd8,0x00000005b3c80000)
 Metaspace       used 5343K, capacity 5604K, committed 5888K, reserved 1056768K
  class space    used 582K, capacity 672K, committed 768K, reserved 1048576K

