# JRE version: Java(TM) SE Runtime Environment (8.0_45-b14) (build 1.8.0_45-b14)
# Java VM: Java HotSpot(TM) 64-Bit Server VM (25.45-b02 mixed mode linux-amd64 compressed oops)
Heap:
 PSYoungGen      total 2002432K, used 384K [0x00000006f4900000, 0x000000076ee80000, 0x00000007c0000000)
  eden space 2000896K, 0% used [0x00000006f4900000,0x00000006f4900000,0x000000076eb00000)
  from space 1536K, 25% used [0x000000076eb80000,0x000000076ebe0000,0x000000076ed00000)
  to   space 1536K, 0% used [0x000000076ed00000,0x000000076ed00000,0x000000076ee80000)
 ParOldGen       total 1332736K, used 1008K [0x000000055da00000, 0x00000005aef80000, 0x00000006f4900000)
  object space 1332736K, 0% used [0x000000055da00000,0x000000055dafc070,0x00000005aef80000)
 Metaspace       used 5158K, capacity 5412K, committed 5632K, reserved 1056768K
  class space    used 580K, capacity 672K, committed 768K, reserved 1048576K
GC Heap History (10 events):
Event: 7,100 GC heap after
Heap after GC invocations=2 (full 0):
 PSYoungGen      total 583168K, used 1136K [0x00000006f4900000, 0x000000073bc00000, 0x00000007c0000000)
  eden space 500224K, 0% used [0x00000006f4900000,0x00000006f4900000,0x0000000713180000)
  from space 82944K, 1% used [0x0000000718280000,0x000000071839c010,0x000000071d380000)
  to   space 82944K, 0% used [0x0000000713180000,0x0000000713180000,0x0000000718280000)
 ParOldGen       total 1332736K, used 8K [0x000000055da00000, 0x00000005aef80000, 0x00000006f4900000)
  object space 1332736K, 0% used [0x000000055da00000,0x000000055da02000,0x00000005aef80000)
 Metaspace       used 5136K, capacity 5412K, committed 5632K, reserved 1056768K
  class space    used 580K, capacity 672K, committed 768K, reserved 1048576K
}
Event: 7,898 GC heap before
{Heap before GC invocations=3 (full 0):
 PSYoungGen      total 583168K, used 501360K [0x00000006f4900000, 0x000000073bc00000, 0x00000007c0000000)
  eden space 500224K, 100% used [0x00000006f4900000,0x0000000713180000,0x0000000713180000)
  from space 82944K, 1% used [0x0000000718280000,0x000000071839c010,0x000000071d380000)
  to   space 82944K, 0% used [0x0000000713180000,0x0000000713180000,0x0000000718280000)
 ParOldGen       total 1332736K, used 8K [0x000000055da00000, 0x00000005aef80000, 0x00000006f4900000)
  object space 1332736K, 0% used [0x000000055da00000,0x000000055da02000,0x00000005aef80000)
 Metaspace       used 5138K, capacity 5412K, committed 5632K, reserved 1056768K
  class space    used 580K, capacity 672K, committed 768K, reserved 1048576K
Event: 7,954 GC heap after
Heap after GC invocations=3 (full 0):
 PSYoungGen      total 583168K, used 1328K [0x00000006f4900000, 0x000000073bc00000, 0x00000007c0000000)
  eden space 500224K, 0% used [0x00000006f4900000,0x00000006f4900000,0x0000000713180000)
  from space 82944K, 1% used [0x0000000713180000,0x00000007132cc030,0x0000000718280000)
  to   space 82944K, 0% used [0x0000000736b00000,0x0000000736b00000,0x000000073bc00000)
 ParOldGen       total 1332736K, used 16K [0x000000055da00000, 0x00000005aef80000, 0x00000006f4900000)
  object space 1332736K, 0% used [0x000000055da00000,0x000000055da04000,0x00000005aef80000)
 Metaspace       used 5138K, capacity 5412K, committed 5632K, reserved 1056768K
  class space    used 580K, capacity 672K, committed 768K, reserved 1048576K
}
Event: 8,689 GC heap before
{Heap before GC invocations=4 (full 0):
 PSYoungGen      total 583168K, used 501552K [0x00000006f4900000, 0x000000073bc00000, 0x00000007c0000000)
  eden space 500224K, 100% used [0x00000006f4900000,0x0000000713180000,0x0000000713180000)
  from space 82944K, 1% used [0x0000000713180000,0x00000007132cc030,0x0000000718280000)
  to   space 82944K, 0% used [0x0000000736b00000,0x0000000736b00000,0x000000073bc00000)
 ParOldGen       total 1332736K, used 16K [0x000000055da00000, 0x00000005aef80000, 0x00000006f4900000)
  object space 1332736K, 0% used [0x000000055da00000,0x000000055da04000,0x00000005aef80000)
 Metaspace       used 5156K, capacity 5412K, committed 5632K, reserved 1056768K
  class space    used 580K, capacity 672K, committed 768K, reserved 1048576K
Event: 8,715 GC heap after
Heap after GC invocations=4 (full 0):
 PSYoungGen      total 1083392K, used 1136K [0x00000006f4900000, 0x000000073bc00000, 0x00000007c0000000)
  eden space 1000448K, 0% used [0x00000006f4900000,0x00000006f4900000,0x0000000731a00000)
  from space 82944K, 1% used [0x0000000736b00000,0x0000000736c1c010,0x000000073bc00000)
  to   space 82944K, 0% used [0x0000000731a00000,0x0000000731a00000,0x0000000736b00000)
 ParOldGen       total 1332736K, used 16K [0x000000055da00000, 0x00000005aef80000, 0x00000006f4900000)
  object space 1332736K, 0% used [0x000000055da00000,0x000000055da04000,0x00000005aef80000)
 Metaspace       used 5156K, capacity 5412K, committed 5632K, reserved 1056768K
  class space    used 580K, capacity 672K, committed 768K, reserved 1048576K
}
Event: 12,817 GC heap before
{Heap before GC invocations=5 (full 0):
 PSYoungGen      total 1083392K, used 1001584K [0x00000006f4900000, 0x000000073bc00000, 0x00000007c0000000)
  eden space 1000448K, 100% used [0x00000006f4900000,0x0000000731a00000,0x0000000731a00000)
  from space 82944K, 1% used [0x0000000736b00000,0x0000000736c1c010,0x000000073bc00000)
  to   space 82944K, 0% used [0x0000000731a00000,0x0000000731a00000,0x0000000736b00000)
 ParOldGen       total 1332736K, used 16K [0x000000055da00000, 0x00000005aef80000, 0x00000006f4900000)
  object space 1332736K, 0% used [0x000000055da00000,0x000000055da04000,0x00000005aef80000)
 Metaspace       used 5157K, capacity 5412K, committed 5632K, reserved 1056768K
  class space    used 580K, capacity 672K, committed 768K, reserved 1048576K
Event: 12,855 GC heap after
Heap after GC invocations=5 (full 0):
 PSYoungGen      total 1083392K, used 1248K [0x00000006f4900000, 0x000000076ef00000, 0x00000007c0000000)
  eden space 1000448K, 0% used [0x00000006f4900000,0x00000006f4900000,0x0000000731a00000)
  from space 82944K, 1% used [0x0000000731a00000,0x0000000731b38020,0x0000000736b00000)
  to   space 2048K, 0% used [0x000000076ed00000,0x000000076ed00000,0x000000076ef00000)
 ParOldGen       total 1332736K, used 24K [0x000000055da00000, 0x00000005aef80000, 0x00000006f4900000)
  object space 1332736K, 0% used [0x000000055da00000,0x000000055da06000,0x00000005aef80000)
 Metaspace       used 5157K, capacity 5412K, committed 5632K, reserved 1056768K
  class space    used 580K, capacity 672K, committed 768K, reserved 1048576K
}
Event: 14,401 GC heap before
{Heap before GC invocations=6 (full 0):
 PSYoungGen      total 1083392K, used 1001696K [0x00000006f4900000, 0x000000076ef00000, 0x00000007c0000000)
  eden space 1000448K, 100% used [0x00000006f4900000,0x0000000731a00000,0x0000000731a00000)
  from space 82944K, 1% used [0x0000000731a00000,0x0000000731b38020,0x0000000736b00000)
  to   space 2048K, 0% used [0x000000076ed00000,0x000000076ed00000,0x000000076ef00000)
 ParOldGen       total 1332736K, used 24K [0x000000055da00000, 0x00000005aef80000, 0x00000006f4900000)
  object space 1332736K, 0% used [0x000000055da00000,0x000000055da06000,0x00000005aef80000)
 Metaspace       used 5157K, capacity 5412K, committed 5632K, reserved 1056768K
  class space    used 580K, capacity 672K, committed 768K, reserved 1048576K
Event: 14,431 GC heap after
Heap after GC invocations=6 (full 0):
 PSYoungGen      total 2002432K, used 1328K [0x00000006f4900000, 0x000000076ee80000, 0x00000007c0000000)
  eden space 2000896K, 0% used [0x00000006f4900000,0x00000006f4900000,0x000000076eb00000)
  from space 1536K, 86% used [0x000000076ed00000,0x000000076ee4c010,0x000000076ee80000)
  to   space 1536K, 0% used [0x000000076eb80000,0x000000076eb80000,0x000000076ed00000)
 ParOldGen       total 1332736K, used 24K [0x000000055da00000, 0x00000005aef80000, 0x00000006f4900000)
  object space 1332736K, 0% used [0x000000055da00000,0x000000055da06000,0x00000005aef80000)
 Metaspace       used 5157K, capacity 5412K, committed 5632K, reserved 1056768K
  class space    used 580K, capacity 672K, committed 768K, reserved 1048576K
}
Event: 27,685 GC heap before
{Heap before GC invocations=7 (full 0):
 PSYoungGen      total 2002432K, used 2002224K [0x00000006f4900000, 0x000000076ee80000, 0x00000007c0000000)
  eden space 2000896K, 100% used [0x00000006f4900000,0x000000076eb00000,0x000000076eb00000)
  from space 1536K, 86% used [0x000000076ed00000,0x000000076ee4c010,0x000000076ee80000)
  to   space 1536K, 0% used [0x000000076eb80000,0x000000076eb80000,0x000000076ed00000)
 ParOldGen       total 1332736K, used 24K [0x000000055da00000, 0x00000005aef80000, 0x00000006f4900000)
  object space 1332736K, 0% used [0x000000055da00000,0x000000055da06000,0x00000005aef80000)
 Metaspace       used 5158K, capacity 5412K, committed 5632K, reserved 1056768K
  class space    used 580K, capacity 672K, committed 768K, reserved 1048576K

