# JRE version: Java(TM) SE Runtime Environment (8.0_45-b14) (build 1.8.0_45-b14)
# Java VM: Java HotSpot(TM) 64-Bit Server VM (25.45-b02 mixed mode linux-amd64 compressed oops)
Heap:
 PSYoungGen      total 2002944K, used 640K [0x00000006f4900000, 0x000000076ef00000, 0x00000007c0000000)
  eden space 2000896K, 0% used [0x00000006f4900000,0x00000006f4900000,0x000000076eb00000)
  from space 2048K, 31% used [0x000000076eb00000,0x000000076eba0000,0x000000076ed00000)
  to   space 2048K, 0% used [0x000000076ed00000,0x000000076ed00000,0x000000076ef00000)
 ParOldGen       total 1332736K, used 1032K [0x000000055da00000, 0x00000005aef80000, 0x00000006f4900000)
  object space 1332736K, 0% used [0x000000055da00000,0x000000055db02070,0x00000005aef80000)
 Metaspace       used 5166K, capacity 5412K, committed 5632K, reserved 1056768K
  class space    used 580K, capacity 672K, committed 768K, reserved 1048576K
GC Heap History (10 events):
Event: 7,270 GC heap after
Heap after GC invocations=2 (full 0):
 PSYoungGen      total 583168K, used 1296K [0x00000006f4900000, 0x000000073bc00000, 0x00000007c0000000)
  eden space 500224K, 0% used [0x00000006f4900000,0x00000006f4900000,0x0000000713180000)
  from space 82944K, 1% used [0x0000000718280000,0x00000007183c4010,0x000000071d380000)
  to   space 82944K, 0% used [0x0000000713180000,0x0000000713180000,0x0000000718280000)
 ParOldGen       total 1332736K, used 16K [0x000000055da00000, 0x00000005aef80000, 0x00000006f4900000)
  object space 1332736K, 0% used [0x000000055da00000,0x000000055da04000,0x00000005aef80000)
 Metaspace       used 5143K, capacity 5412K, committed 5632K, reserved 1056768K
  class space    used 580K, capacity 672K, committed 768K, reserved 1048576K
}
Event: 8,037 GC heap before
{Heap before GC invocations=3 (full 0):
 PSYoungGen      total 583168K, used 501520K [0x00000006f4900000, 0x000000073bc00000, 0x00000007c0000000)
  eden space 500224K, 100% used [0x00000006f4900000,0x0000000713180000,0x0000000713180000)
  from space 82944K, 1% used [0x0000000718280000,0x00000007183c4010,0x000000071d380000)
  to   space 82944K, 0% used [0x0000000713180000,0x0000000713180000,0x0000000718280000)
 ParOldGen       total 1332736K, used 16K [0x000000055da00000, 0x00000005aef80000, 0x00000006f4900000)
  object space 1332736K, 0% used [0x000000055da00000,0x000000055da04000,0x00000005aef80000)
 Metaspace       used 5145K, capacity 5412K, committed 5632K, reserved 1056768K
  class space    used 580K, capacity 672K, committed 768K, reserved 1048576K
Event: 8,067 GC heap after
Heap after GC invocations=3 (full 0):
 PSYoungGen      total 583168K, used 1216K [0x00000006f4900000, 0x000000073bc00000, 0x00000007c0000000)
  eden space 500224K, 0% used [0x00000006f4900000,0x00000006f4900000,0x0000000713180000)
  from space 82944K, 1% used [0x0000000713180000,0x00000007132b0020,0x0000000718280000)
  to   space 82944K, 0% used [0x0000000736b00000,0x0000000736b00000,0x000000073bc00000)
 ParOldGen       total 1332736K, used 24K [0x000000055da00000, 0x00000005aef80000, 0x00000006f4900000)
  object space 1332736K, 0% used [0x000000055da00000,0x000000055da06000,0x00000005aef80000)
 Metaspace       used 5145K, capacity 5412K, committed 5632K, reserved 1056768K
  class space    used 580K, capacity 672K, committed 768K, reserved 1048576K
}
Event: 8,792 GC heap before
{Heap before GC invocations=4 (full 0):
 PSYoungGen      total 583168K, used 501440K [0x00000006f4900000, 0x000000073bc00000, 0x00000007c0000000)
  eden space 500224K, 100% used [0x00000006f4900000,0x0000000713180000,0x0000000713180000)
  from space 82944K, 1% used [0x0000000713180000,0x00000007132b0020,0x0000000718280000)
  to   space 82944K, 0% used [0x0000000736b00000,0x0000000736b00000,0x000000073bc00000)
 ParOldGen       total 1332736K, used 24K [0x000000055da00000, 0x00000005aef80000, 0x00000006f4900000)
  object space 1332736K, 0% used [0x000000055da00000,0x000000055da06000,0x00000005aef80000)
 Metaspace       used 5163K, capacity 5412K, committed 5632K, reserved 1056768K
  class space    used 580K, capacity 672K, committed 768K, reserved 1048576K
Event: 8,811 GC heap after
Heap after GC invocations=4 (full 0):
 PSYoungGen      total 1083392K, used 1392K [0x00000006f4900000, 0x000000073bc00000, 0x00000007c0000000)
  eden space 1000448K, 0% used [0x00000006f4900000,0x00000006f4900000,0x0000000731a00000)
  from space 82944K, 1% used [0x0000000736b00000,0x0000000736c5c030,0x000000073bc00000)
  to   space 82944K, 0% used [0x0000000731a00000,0x0000000731a00000,0x0000000736b00000)
 ParOldGen       total 1332736K, used 32K [0x000000055da00000, 0x00000005aef80000, 0x00000006f4900000)
  object space 1332736K, 0% used [0x000000055da00000,0x000000055da08000,0x00000005aef80000)
 Metaspace       used 5163K, capacity 5412K, committed 5632K, reserved 1056768K
  class space    used 580K, capacity 672K, committed 768K, reserved 1048576K
}
Event: 12,678 GC heap before
{Heap before GC invocations=5 (full 0):
 PSYoungGen      total 1083392K, used 1001840K [0x00000006f4900000, 0x000000073bc00000, 0x00000007c0000000)
  eden space 1000448K, 100% used [0x00000006f4900000,0x0000000731a00000,0x0000000731a00000)
  from space 82944K, 1% used [0x0000000736b00000,0x0000000736c5c030,0x000000073bc00000)
  to   space 82944K, 0% used [0x0000000731a00000,0x0000000731a00000,0x0000000736b00000)
 ParOldGen       total 1332736K, used 32K [0x000000055da00000, 0x00000005aef80000, 0x00000006f4900000)
  object space 1332736K, 0% used [0x000000055da00000,0x000000055da08000,0x00000005aef80000)
 Metaspace       used 5165K, capacity 5412K, committed 5632K, reserved 1056768K
  class space    used 580K, capacity 672K, committed 768K, reserved 1048576K
Event: 12,741 GC heap after
Heap after GC invocations=5 (full 0):
 PSYoungGen      total 1083392K, used 1456K [0x00000006f4900000, 0x000000076ef00000, 0x00000007c0000000)
  eden space 1000448K, 0% used [0x00000006f4900000,0x00000006f4900000,0x0000000731a00000)
  from space 82944K, 1% used [0x0000000731a00000,0x0000000731b6c010,0x0000000736b00000)
  to   space 2048K, 0% used [0x000000076ed00000,0x000000076ed00000,0x000000076ef00000)
 ParOldGen       total 1332736K, used 32K [0x000000055da00000, 0x00000005aef80000, 0x00000006f4900000)
  object space 1332736K, 0% used [0x000000055da00000,0x000000055da08000,0x00000005aef80000)
 Metaspace       used 5165K, capacity 5412K, committed 5632K, reserved 1056768K
  class space    used 580K, capacity 672K, committed 768K, reserved 1048576K
}
Event: 14,248 GC heap before
{Heap before GC invocations=6 (full 0):
 PSYoungGen      total 1083392K, used 1001904K [0x00000006f4900000, 0x000000076ef00000, 0x00000007c0000000)
  eden space 1000448K, 100% used [0x00000006f4900000,0x0000000731a00000,0x0000000731a00000)
  from space 82944K, 1% used [0x0000000731a00000,0x0000000731b6c010,0x0000000736b00000)
  to   space 2048K, 0% used [0x000000076ed00000,0x000000076ed00000,0x000000076ef00000)
 ParOldGen       total 1332736K, used 32K [0x000000055da00000, 0x00000005aef80000, 0x00000006f4900000)
  object space 1332736K, 0% used [0x000000055da00000,0x000000055da08000,0x00000005aef80000)
 Metaspace       used 5165K, capacity 5412K, committed 5632K, reserved 1056768K
  class space    used 580K, capacity 672K, committed 768K, reserved 1048576K
Event: 14,351 GC heap after
Heap after GC invocations=6 (full 0):
 PSYoungGen      total 2002944K, used 1216K [0x00000006f4900000, 0x000000076ef00000, 0x00000007c0000000)
  eden space 2000896K, 0% used [0x00000006f4900000,0x00000006f4900000,0x000000076eb00000)
  from space 2048K, 59% used [0x000000076ed00000,0x000000076ee30020,0x000000076ef00000)
  to   space 2048K, 0% used [0x000000076eb00000,0x000000076eb00000,0x000000076ed00000)
 ParOldGen       total 1332736K, used 40K [0x000000055da00000, 0x00000005aef80000, 0x00000006f4900000)
  object space 1332736K, 0% used [0x000000055da00000,0x000000055da0a000,0x00000005aef80000)
 Metaspace       used 5165K, capacity 5412K, committed 5632K, reserved 1056768K
  class space    used 580K, capacity 672K, committed 768K, reserved 1048576K
}
Event: 27,738 GC heap before
{Heap before GC invocations=7 (full 0):
 PSYoungGen      total 2002944K, used 2002112K [0x00000006f4900000, 0x000000076ef00000, 0x00000007c0000000)
  eden space 2000896K, 100% used [0x00000006f4900000,0x000000076eb00000,0x000000076eb00000)
  from space 2048K, 59% used [0x000000076ed00000,0x000000076ee30020,0x000000076ef00000)
  to   space 2048K, 0% used [0x000000076eb00000,0x000000076eb00000,0x000000076ed00000)
 ParOldGen       total 1332736K, used 40K [0x000000055da00000, 0x00000005aef80000, 0x00000006f4900000)
  object space 1332736K, 0% used [0x000000055da00000,0x000000055da0a000,0x00000005aef80000)
 Metaspace       used 5166K, capacity 5412K, committed 5632K, reserved 1056768K
  class space    used 580K, capacity 672K, committed 768K, reserved 1048576K

