# JRE version: Java(TM) SE Runtime Environment (8.0_45-b14) (build 1.8.0_45-b14)
# Java VM: Java HotSpot(TM) 64-Bit Server VM (25.45-b02 mixed mode linux-amd64 compressed oops)
Heap:
 PSYoungGen      total 2002432K, used 416K [0x00000006f4900000, 0x000000076ee80000, 0x00000007c0000000)
  eden space 2000896K, 0% used [0x00000006f4900000,0x00000006f4900000,0x000000076eb00000)
  from space 1536K, 27% used [0x000000076eb80000,0x000000076ebe8000,0x000000076ed00000)
  to   space 1536K, 0% used [0x000000076ed00000,0x000000076ed00000,0x000000076ee80000)
 ParOldGen       total 1332736K, used 1016K [0x000000055da00000, 0x00000005aef80000, 0x00000006f4900000)
  object space 1332736K, 0% used [0x000000055da00000,0x000000055dafe070,0x00000005aef80000)
 Metaspace       used 5174K, capacity 5396K, committed 5632K, reserved 1056768K
  class space    used 580K, capacity 672K, committed 768K, reserved 1048576K
GC Heap History (10 events):
Event: 7,384 GC heap after
Heap after GC invocations=2 (full 0):
 PSYoungGen      total 583168K, used 1104K [0x00000006f4900000, 0x000000073bc00000, 0x00000007c0000000)
  eden space 500224K, 0% used [0x00000006f4900000,0x00000006f4900000,0x0000000713180000)
  from space 82944K, 1% used [0x0000000718280000,0x0000000718394030,0x000000071d380000)
  to   space 82944K, 0% used [0x0000000713180000,0x0000000713180000,0x0000000718280000)
 ParOldGen       total 1332736K, used 8K [0x000000055da00000, 0x00000005aef80000, 0x00000006f4900000)
  object space 1332736K, 0% used [0x000000055da00000,0x000000055da02000,0x00000005aef80000)
 Metaspace       used 5151K, capacity 5396K, committed 5632K, reserved 1056768K
  class space    used 580K, capacity 672K, committed 768K, reserved 1048576K
}
Event: 8,164 GC heap before
{Heap before GC invocations=3 (full 0):
 PSYoungGen      total 583168K, used 501328K [0x00000006f4900000, 0x000000073bc00000, 0x00000007c0000000)
  eden space 500224K, 100% used [0x00000006f4900000,0x0000000713180000,0x0000000713180000)
  from space 82944K, 1% used [0x0000000718280000,0x0000000718394030,0x000000071d380000)
  to   space 82944K, 0% used [0x0000000713180000,0x0000000713180000,0x0000000718280000)
 ParOldGen       total 1332736K, used 8K [0x000000055da00000, 0x00000005aef80000, 0x00000006f4900000)
  object space 1332736K, 0% used [0x000000055da00000,0x000000055da02000,0x00000005aef80000)
 Metaspace       used 5152K, capacity 5396K, committed 5632K, reserved 1056768K
  class space    used 580K, capacity 672K, committed 768K, reserved 1048576K
Event: 8,192 GC heap after
Heap after GC invocations=3 (full 0):
 PSYoungGen      total 583168K, used 1392K [0x00000006f4900000, 0x000000073bc00000, 0x00000007c0000000)
  eden space 500224K, 0% used [0x00000006f4900000,0x00000006f4900000,0x0000000713180000)
  from space 82944K, 1% used [0x0000000713180000,0x00000007132dc030,0x0000000718280000)
  to   space 82944K, 0% used [0x0000000736b00000,0x0000000736b00000,0x000000073bc00000)
 ParOldGen       total 1332736K, used 16K [0x000000055da00000, 0x00000005aef80000, 0x00000006f4900000)
  object space 1332736K, 0% used [0x000000055da00000,0x000000055da04000,0x00000005aef80000)
 Metaspace       used 5152K, capacity 5396K, committed 5632K, reserved 1056768K
  class space    used 580K, capacity 672K, committed 768K, reserved 1048576K
}
Event: 8,919 GC heap before
{Heap before GC invocations=4 (full 0):
 PSYoungGen      total 583168K, used 501616K [0x00000006f4900000, 0x000000073bc00000, 0x00000007c0000000)
  eden space 500224K, 100% used [0x00000006f4900000,0x0000000713180000,0x0000000713180000)
  from space 82944K, 1% used [0x0000000713180000,0x00000007132dc030,0x0000000718280000)
  to   space 82944K, 0% used [0x0000000736b00000,0x0000000736b00000,0x000000073bc00000)
 ParOldGen       total 1332736K, used 16K [0x000000055da00000, 0x00000005aef80000, 0x00000006f4900000)
  object space 1332736K, 0% used [0x000000055da00000,0x000000055da04000,0x00000005aef80000)
 Metaspace       used 5171K, capacity 5396K, committed 5632K, reserved 1056768K
  class space    used 580K, capacity 672K, committed 768K, reserved 1048576K
Event: 8,964 GC heap after
Heap after GC invocations=4 (full 0):
 PSYoungGen      total 1083392K, used 1200K [0x00000006f4900000, 0x000000073bc00000, 0x00000007c0000000)
  eden space 1000448K, 0% used [0x00000006f4900000,0x00000006f4900000,0x0000000731a00000)
  from space 82944K, 1% used [0x0000000736b00000,0x0000000736c2c010,0x000000073bc00000)
  to   space 82944K, 0% used [0x0000000731a00000,0x0000000731a00000,0x0000000736b00000)
 ParOldGen       total 1332736K, used 24K [0x000000055da00000, 0x00000005aef80000, 0x00000006f4900000)
  object space 1332736K, 0% used [0x000000055da00000,0x000000055da06000,0x00000005aef80000)
 Metaspace       used 5171K, capacity 5396K, committed 5632K, reserved 1056768K
  class space    used 580K, capacity 672K, committed 768K, reserved 1048576K
}
Event: 12,901 GC heap before
{Heap before GC invocations=5 (full 0):
 PSYoungGen      total 1083392K, used 1001648K [0x00000006f4900000, 0x000000073bc00000, 0x00000007c0000000)
  eden space 1000448K, 100% used [0x00000006f4900000,0x0000000731a00000,0x0000000731a00000)
  from space 82944K, 1% used [0x0000000736b00000,0x0000000736c2c010,0x000000073bc00000)
  to   space 82944K, 0% used [0x0000000731a00000,0x0000000731a00000,0x0000000736b00000)
 ParOldGen       total 1332736K, used 24K [0x000000055da00000, 0x00000005aef80000, 0x00000006f4900000)
  object space 1332736K, 0% used [0x000000055da00000,0x000000055da06000,0x00000005aef80000)
 Metaspace       used 5172K, capacity 5396K, committed 5632K, reserved 1056768K
  class space    used 580K, capacity 672K, committed 768K, reserved 1048576K
Event: 12,925 GC heap after
Heap after GC invocations=5 (full 0):
 PSYoungGen      total 1083392K, used 1232K [0x00000006f4900000, 0x000000076ef00000, 0x00000007c0000000)
  eden space 1000448K, 0% used [0x00000006f4900000,0x00000006f4900000,0x0000000731a00000)
  from space 82944K, 1% used [0x0000000731a00000,0x0000000731b34010,0x0000000736b00000)
  to   space 2048K, 0% used [0x000000076ed00000,0x000000076ed00000,0x000000076ef00000)
 ParOldGen       total 1332736K, used 32K [0x000000055da00000, 0x00000005aef80000, 0x00000006f4900000)
  object space 1332736K, 0% used [0x000000055da00000,0x000000055da08000,0x00000005aef80000)
 Metaspace       used 5172K, capacity 5396K, committed 5632K, reserved 1056768K
  class space    used 580K, capacity 672K, committed 768K, reserved 1048576K
}
Event: 14,420 GC heap before
{Heap before GC invocations=6 (full 0):
 PSYoungGen      total 1083392K, used 1001680K [0x00000006f4900000, 0x000000076ef00000, 0x00000007c0000000)
  eden space 1000448K, 100% used [0x00000006f4900000,0x0000000731a00000,0x0000000731a00000)
  from space 82944K, 1% used [0x0000000731a00000,0x0000000731b34010,0x0000000736b00000)
  to   space 2048K, 0% used [0x000000076ed00000,0x000000076ed00000,0x000000076ef00000)
 ParOldGen       total 1332736K, used 32K [0x000000055da00000, 0x00000005aef80000, 0x00000006f4900000)
  object space 1332736K, 0% used [0x000000055da00000,0x000000055da08000,0x00000005aef80000)
 Metaspace       used 5172K, capacity 5396K, committed 5632K, reserved 1056768K
  class space    used 580K, capacity 672K, committed 768K, reserved 1048576K
Event: 14,470 GC heap after
Heap after GC invocations=6 (full 0):
 PSYoungGen      total 2002432K, used 1296K [0x00000006f4900000, 0x000000076ee80000, 0x00000007c0000000)
  eden space 2000896K, 0% used [0x00000006f4900000,0x00000006f4900000,0x000000076eb00000)
  from space 1536K, 84% used [0x000000076ed00000,0x000000076ee44010,0x000000076ee80000)
  to   space 1536K, 0% used [0x000000076eb80000,0x000000076eb80000,0x000000076ed00000)
 ParOldGen       total 1332736K, used 32K [0x000000055da00000, 0x00000005aef80000, 0x00000006f4900000)
  object space 1332736K, 0% used [0x000000055da00000,0x000000055da08000,0x00000005aef80000)
 Metaspace       used 5172K, capacity 5396K, committed 5632K, reserved 1056768K
  class space    used 580K, capacity 672K, committed 768K, reserved 1048576K
}
Event: 27,796 GC heap before
{Heap before GC invocations=7 (full 0):
 PSYoungGen      total 2002432K, used 2002192K [0x00000006f4900000, 0x000000076ee80000, 0x00000007c0000000)
  eden space 2000896K, 100% used [0x00000006f4900000,0x000000076eb00000,0x000000076eb00000)
  from space 1536K, 84% used [0x000000076ed00000,0x000000076ee44010,0x000000076ee80000)
  to   space 1536K, 0% used [0x000000076eb80000,0x000000076eb80000,0x000000076ed00000)
 ParOldGen       total 1332736K, used 32K [0x000000055da00000, 0x00000005aef80000, 0x00000006f4900000)
  object space 1332736K, 0% used [0x000000055da00000,0x000000055da08000,0x00000005aef80000)
 Metaspace       used 5174K, capacity 5396K, committed 5632K, reserved 1056768K
  class space    used 580K, capacity 672K, committed 768K, reserved 1048576K

