# JRE version: Java(TM) SE Runtime Environment (8.0_45-b14) (build 1.8.0_45-b14)
# Java VM: Java HotSpot(TM) 64-Bit Server VM (25.45-b02 mixed mode linux-amd64 compressed oops)
Heap:
 PSYoungGen      total 2583040K, used 418337K [0x00000006f4900000, 0x00000007bc600000, 0x00000007c0000000)
  eden space 1945088K, 0% used [0x00000006f4900000,0x00000006f4900000,0x000000076b480000)
  from space 637952K, 65% used [0x0000000795700000,0x00000007aef88410,0x00000007bc600000)
  to   space 674304K, 0% used [0x000000076b480000,0x000000076b480000,0x0000000794700000)
 ParOldGen       total 1692160K, used 854143K [0x000000055da00000, 0x00000005c4e80000, 0x00000006f4900000)
  object space 1692160K, 50% used [0x000000055da00000,0x0000000591c1fd98,0x00000005c4e80000)
 Metaspace       used 5294K, capacity 5524K, committed 5632K, reserved 1056768K
  class space    used 582K, capacity 672K, committed 768K, reserved 1048576K
GC Heap History (10 events):
Event: 1673,229 GC heap after
Heap after GC invocations=32 (full 2):
 PSYoungGen      total 2618880K, used 425893K [0x00000006f4900000, 0x00000007c0000000, 0x00000007c0000000)
  eden space 1940480K, 0% used [0x00000006f4900000,0x00000006f4900000,0x000000076b000000)
  from space 678400K, 62% used [0x0000000796980000,0x00000007b0969778,0x00000007c0000000)
  to   space 696320K, 0% used [0x000000076b000000,0x000000076b000000,0x0000000795800000)
 ParOldGen       total 1641984K, used 1117216K [0x000000055da00000, 0x00000005c1d80000, 0x00000006f4900000)
  object space 1641984K, 68% used [0x000000055da00000,0x00000005a1d080f0,0x00000005c1d80000)
 Metaspace       used 5294K, capacity 5524K, committed 5632K, reserved 1056768K
  class space    used 582K, capacity 672K, committed 768K, reserved 1048576K
}
Event: 1802,528 GC heap before
{Heap before GC invocations=33 (full 2):
 PSYoungGen      total 2618880K, used 2366373K [0x00000006f4900000, 0x00000007c0000000, 0x00000007c0000000)
  eden space 1940480K, 100% used [0x00000006f4900000,0x000000076b000000,0x000000076b000000)
  from space 678400K, 62% used [0x0000000796980000,0x00000007b0969778,0x00000007c0000000)
  to   space 696320K, 0% used [0x000000076b000000,0x000000076b000000,0x0000000795800000)
 ParOldGen       total 1641984K, used 1117216K [0x000000055da00000, 0x00000005c1d80000, 0x00000006f4900000)
  object space 1641984K, 68% used [0x000000055da00000,0x00000005a1d080f0,0x00000005c1d80000)
 Metaspace       used 5294K, capacity 5524K, committed 5632K, reserved 1056768K
  class space    used 582K, capacity 672K, committed 768K, reserved 1048576K
Event: 1802,806 GC heap after
Heap after GC invocations=33 (full 2):
 PSYoungGen      total 2188800K, used 247892K [0x00000006f4900000, 0x00000007bcc80000, 0x00000007c0000000)
  eden space 1940480K, 0% used [0x00000006f4900000,0x00000006f4900000,0x000000076b000000)
  from space 248320K, 99% used [0x000000076b000000,0x000000077a215180,0x000000077a280000)
  to   space 660992K, 0% used [0x0000000794700000,0x0000000794700000,0x00000007bcc80000)
 ParOldGen       total 1641984K, used 1207633K [0x000000055da00000, 0x00000005c1d80000, 0x00000006f4900000)
  object space 1641984K, 73% used [0x000000055da00000,0x00000005a75545f8,0x00000005c1d80000)
 Metaspace       used 5294K, capacity 5524K, committed 5632K, reserved 1056768K
  class space    used 582K, capacity 672K, committed 768K, reserved 1048576K
}
Event: 1806,534 GC heap before
{Heap before GC invocations=34 (full 2):
 PSYoungGen      total 2188800K, used 2188372K [0x00000006f4900000, 0x00000007bcc80000, 0x00000007c0000000)
  eden space 1940480K, 100% used [0x00000006f4900000,0x000000076b000000,0x000000076b000000)
  from space 248320K, 99% used [0x000000076b000000,0x000000077a215180,0x000000077a280000)
  to   space 660992K, 0% used [0x0000000794700000,0x0000000794700000,0x00000007bcc80000)
 ParOldGen       total 1641984K, used 1207633K [0x000000055da00000, 0x00000005c1d80000, 0x00000006f4900000)
  object space 1641984K, 73% used [0x000000055da00000,0x00000005a75545f8,0x00000005c1d80000)
 Metaspace       used 5294K, capacity 5524K, committed 5632K, reserved 1056768K
  class space    used 582K, capacity 672K, committed 768K, reserved 1048576K
Event: 1807,117 GC heap after
Heap after GC invocations=34 (full 2):
 PSYoungGen      total 2606080K, used 417463K [0x00000006f4900000, 0x00000007c0000000, 0x00000007c0000000)
  eden space 1945088K, 0% used [0x00000006f4900000,0x00000006f4900000,0x000000076b480000)
  from space 660992K, 63% used [0x0000000794700000,0x00000007adeadfb0,0x00000007bcc80000)
  to   space 674304K, 0% used [0x000000076b480000,0x000000076b480000,0x0000000794700000)
 ParOldGen       total 1641984K, used 1455742K [0x000000055da00000, 0x00000005c1d80000, 0x00000006f4900000)
  object space 1641984K, 88% used [0x000000055da00000,0x00000005b679f8f0,0x00000005c1d80000)
 Metaspace       used 5294K, capacity 5524K, committed 5632K, reserved 1056768K
  class space    used 582K, capacity 672K, committed 768K, reserved 1048576K
}
Event: 1807,117 GC heap before
{Heap before GC invocations=35 (full 3):
 PSYoungGen      total 2606080K, used 417463K [0x00000006f4900000, 0x00000007c0000000, 0x00000007c0000000)
  eden space 1945088K, 0% used [0x00000006f4900000,0x00000006f4900000,0x000000076b480000)
  from space 660992K, 63% used [0x0000000794700000,0x00000007adeadfb0,0x00000007bcc80000)
  to   space 674304K, 0% used [0x000000076b480000,0x000000076b480000,0x0000000794700000)
 ParOldGen       total 1641984K, used 1455742K [0x000000055da00000, 0x00000005c1d80000, 0x00000006f4900000)
  object space 1641984K, 88% used [0x000000055da00000,0x00000005b679f8f0,0x00000005c1d80000)
 Metaspace       used 5294K, capacity 5524K, committed 5632K, reserved 1056768K
  class space    used 582K, capacity 672K, committed 768K, reserved 1048576K
Event: 1808,476 GC heap after
Heap after GC invocations=35 (full 3):
 PSYoungGen      total 2606080K, used 0K [0x00000006f4900000, 0x00000007c0000000, 0x00000007c0000000)
  eden space 1945088K, 0% used [0x00000006f4900000,0x00000006f4900000,0x000000076b480000)
  from space 660992K, 0% used [0x0000000794700000,0x0000000794700000,0x00000007bcc80000)
  to   space 674304K, 0% used [0x000000076b480000,0x000000076b480000,0x0000000794700000)
 ParOldGen       total 1692160K, used 555455K [0x000000055da00000, 0x00000005c4e80000, 0x00000006f4900000)
  object space 1692160K, 32% used [0x000000055da00000,0x000000057f86fd30,0x00000005c4e80000)
 Metaspace       used 5294K, capacity 5524K, committed 5632K, reserved 1056768K
  class space    used 582K, capacity 672K, committed 768K, reserved 1048576K
}
Event: 1946,521 GC heap before
{Heap before GC invocations=36 (full 3):
 PSYoungGen      total 2606080K, used 1945088K [0x00000006f4900000, 0x00000007c0000000, 0x00000007c0000000)
  eden space 1945088K, 100% used [0x00000006f4900000,0x000000076b480000,0x000000076b480000)
  from space 660992K, 0% used [0x0000000794700000,0x0000000794700000,0x00000007bcc80000)
  to   space 674304K, 0% used [0x000000076b480000,0x000000076b480000,0x0000000794700000)
 ParOldGen       total 1692160K, used 555455K [0x000000055da00000, 0x00000005c4e80000, 0x00000006f4900000)
  object space 1692160K, 32% used [0x000000055da00000,0x000000057f86fd30,0x00000005c4e80000)
 Metaspace       used 5294K, capacity 5524K, committed 5632K, reserved 1056768K
  class space    used 582K, capacity 672K, committed 768K, reserved 1048576K
Event: 1952,172 GC heap after
Heap after GC invocations=36 (full 3):
 PSYoungGen      total 2619392K, used 298321K [0x00000006f4900000, 0x00000007bc600000, 0x00000007c0000000)
  eden space 1945088K, 0% used [0x00000006f4900000,0x00000006f4900000,0x000000076b480000)
  from space 674304K, 44% used [0x000000076b480000,0x000000077d7d4748,0x0000000794700000)
  to   space 637952K, 0% used [0x0000000795700000,0x0000000795700000,0x00000007bc600000)
 ParOldGen       total 1692160K, used 555455K [0x000000055da00000, 0x00000005c4e80000, 0x00000006f4900000)
  object space 1692160K, 32% used [0x000000055da00000,0x000000057f86fd30,0x00000005c4e80000)
 Metaspace       used 5294K, capacity 5524K, committed 5632K, reserved 1056768K
  class space    used 582K, capacity 672K, committed 768K, reserved 1048576K
}
Event: 1955,951 GC heap before
{Heap before GC invocations=37 (full 3):
 PSYoungGen      total 2619392K, used 2243409K [0x00000006f4900000, 0x00000007bc600000, 0x00000007c0000000)
  eden space 1945088K, 100% used [0x00000006f4900000,0x000000076b480000,0x000000076b480000)
  from space 674304K, 44% used [0x000000076b480000,0x000000077d7d4748,0x0000000794700000)
  to   space 637952K, 0% used [0x0000000795700000,0x0000000795700000,0x00000007bc600000)
 ParOldGen       total 1692160K, used 555455K [0x000000055da00000, 0x00000005c4e80000, 0x00000006f4900000)
  object space 1692160K, 32% used [0x000000055da00000,0x000000057f86fd30,0x00000005c4e80000)
 Metaspace       used 5294K, capacity 5524K, committed 5632K, reserved 1056768K
  class space    used 582K, capacity 672K, committed 768K, reserved 1048576K

