# JRE version: Java(TM) SE Runtime Environment (8.0_45-b14) (build 1.8.0_45-b14)
# Java VM: Java HotSpot(TM) 64-Bit Server VM (25.45-b02 mixed mode linux-amd64 compressed oops)
Heap:
 PSYoungGen      total 2061312K, used 0K [0x0000000722e00000, 0x00000007c0000000, 0x00000007c0000000)
  eden space 1562112K, 0% used [0x0000000722e00000,0x0000000722e00000,0x0000000782380000)
  from space 499200K, 0% used [0x00000007a1180000,0x00000007a1180000,0x00000007bf900000)
  to   space 505856K, 0% used [0x0000000782380000,0x0000000782380000,0x00000007a1180000)
 ParOldGen       total 1549824K, used 921520K [0x00000005e8a00000, 0x0000000647380000, 0x0000000722e00000)
  object space 1549824K, 59% used [0x00000005e8a00000,0x0000000620dec278,0x0000000647380000)
 Metaspace       used 5300K, capacity 5540K, committed 5888K, reserved 1056768K
  class space    used 582K, capacity 672K, committed 768K, reserved 1048576K
GC Heap History (10 events):
Event: 5198,894 GC heap after
Heap after GC invocations=135 (full 22):
 PSYoungGen      total 2055168K, used 328137K [0x0000000722e00000, 0x00000007c0000000, 0x00000007c0000000)
  eden space 1543168K, 0% used [0x0000000722e00000,0x0000000722e00000,0x0000000781100000)
  from space 512000K, 64% used [0x00000007a0c00000,0x00000007b4c72418,0x00000007c0000000)
  to   space 515584K, 0% used [0x0000000781100000,0x0000000781100000,0x00000007a0880000)
 ParOldGen       total 1549824K, used 491610K [0x00000005e8a00000, 0x0000000647380000, 0x0000000722e00000)
  object space 1549824K, 31% used [0x00000005e8a00000,0x0000000606a16a88,0x0000000647380000)
 Metaspace       used 5300K, capacity 5540K, committed 5888K, reserved 1056768K
  class space    used 582K, capacity 672K, committed 768K, reserved 1048576K
}
Event: 5417,873 GC heap before
{Heap before GC invocations=136 (full 22):
 PSYoungGen      total 2055168K, used 1871305K [0x0000000722e00000, 0x00000007c0000000, 0x00000007c0000000)
  eden space 1543168K, 100% used [0x0000000722e00000,0x0000000781100000,0x0000000781100000)
  from space 512000K, 64% used [0x00000007a0c00000,0x00000007b4c72418,0x00000007c0000000)
  to   space 515584K, 0% used [0x0000000781100000,0x0000000781100000,0x00000007a0880000)
 ParOldGen       total 1549824K, used 491610K [0x00000005e8a00000, 0x0000000647380000, 0x0000000722e00000)
  object space 1549824K, 31% used [0x00000005e8a00000,0x0000000606a16a88,0x0000000647380000)
 Metaspace       used 5300K, capacity 5540K, committed 5888K, reserved 1056768K
  class space    used 582K, capacity 672K, committed 768K, reserved 1048576K
Event: 5418,227 GC heap after
Heap after GC invocations=136 (full 22):
 PSYoungGen      total 1644032K, used 100453K [0x0000000722e00000, 0x00000007c0000000, 0x00000007c0000000)
  eden space 1543168K, 0% used [0x0000000722e00000,0x0000000722e00000,0x0000000781100000)
  from space 100864K, 99% used [0x0000000781100000,0x0000000787319530,0x0000000787380000)
  to   space 516096K, 0% used [0x00000007a0800000,0x00000007a0800000,0x00000007c0000000)
 ParOldGen       total 1549824K, used 676003K [0x00000005e8a00000, 0x0000000647380000, 0x0000000722e00000)
  object space 1549824K, 43% used [0x00000005e8a00000,0x0000000611e28ec8,0x0000000647380000)
 Metaspace       used 5300K, capacity 5540K, committed 5888K, reserved 1056768K
  class space    used 582K, capacity 672K, committed 768K, reserved 1048576K
}
Event: 5420,341 GC heap before
{Heap before GC invocations=137 (full 22):
 PSYoungGen      total 1644032K, used 1643621K [0x0000000722e00000, 0x00000007c0000000, 0x00000007c0000000)
  eden space 1543168K, 100% used [0x0000000722e00000,0x0000000781100000,0x0000000781100000)
  from space 100864K, 99% used [0x0000000781100000,0x0000000787319530,0x0000000787380000)
  to   space 516096K, 0% used [0x00000007a0800000,0x00000007a0800000,0x00000007c0000000)
 ParOldGen       total 1549824K, used 676003K [0x00000005e8a00000, 0x0000000647380000, 0x0000000722e00000)
  object space 1549824K, 43% used [0x00000005e8a00000,0x0000000611e28ec8,0x0000000647380000)
 Metaspace       used 5300K, capacity 5540K, committed 5888K, reserved 1056768K
  class space    used 582K, capacity 672K, committed 768K, reserved 1048576K
Event: 5420,780 GC heap after
Heap after GC invocations=137 (full 22):
 PSYoungGen      total 2084864K, used 242551K [0x0000000722e00000, 0x00000007c0000000, 0x00000007c0000000)
  eden space 1568768K, 0% used [0x0000000722e00000,0x0000000722e00000,0x0000000782a00000)
  from space 516096K, 46% used [0x00000007a0800000,0x00000007af4dddb0,0x00000007c0000000)
  to   space 489472K, 0% used [0x0000000782a00000,0x0000000782a00000,0x00000007a0800000)
 ParOldGen       total 1549824K, used 776405K [0x00000005e8a00000, 0x0000000647380000, 0x0000000722e00000)
  object space 1549824K, 50% used [0x00000005e8a00000,0x0000000618035798,0x0000000647380000)
 Metaspace       used 5300K, capacity 5540K, committed 5888K, reserved 1056768K
  class space    used 582K, capacity 672K, committed 768K, reserved 1048576K
}
Event: 5422,770 GC heap before
{Heap before GC invocations=138 (full 22):
 PSYoungGen      total 2084864K, used 1811319K [0x0000000722e00000, 0x00000007c0000000, 0x00000007c0000000)
  eden space 1568768K, 100% used [0x0000000722e00000,0x0000000782a00000,0x0000000782a00000)
  from space 516096K, 46% used [0x00000007a0800000,0x00000007af4dddb0,0x00000007c0000000)
  to   space 489472K, 0% used [0x0000000782a00000,0x0000000782a00000,0x00000007a0800000)
 ParOldGen       total 1549824K, used 776405K [0x00000005e8a00000, 0x0000000647380000, 0x0000000722e00000)
  object space 1549824K, 50% used [0x00000005e8a00000,0x0000000618035798,0x0000000647380000)
 Metaspace       used 5300K, capacity 5540K, committed 5888K, reserved 1056768K
  class space    used 582K, capacity 672K, committed 768K, reserved 1048576K
Event: 5423,524 GC heap after
Heap after GC invocations=138 (full 22):
 PSYoungGen      total 2058240K, used 333906K [0x0000000722e00000, 0x00000007bf900000, 0x00000007c0000000)
  eden space 1568768K, 0% used [0x0000000722e00000,0x0000000722e00000,0x0000000782a00000)
  from space 489472K, 68% used [0x0000000782a00000,0x0000000797014bd8,0x00000007a0800000)
  to   space 499200K, 0% used [0x00000007a1180000,0x00000007a1180000,0x00000007bf900000)
 ParOldGen       total 1549824K, used 1019434K [0x00000005e8a00000, 0x0000000647380000, 0x0000000722e00000)
  object space 1549824K, 65% used [0x00000005e8a00000,0x0000000626d8a818,0x0000000647380000)
 Metaspace       used 5300K, capacity 5540K, committed 5888K, reserved 1056768K
  class space    used 582K, capacity 672K, committed 768K, reserved 1048576K
}
Event: 5425,560 GC heap before
{Heap before GC invocations=139 (full 22):
 PSYoungGen      total 2058240K, used 1902674K [0x0000000722e00000, 0x00000007bf900000, 0x00000007c0000000)
  eden space 1568768K, 100% used [0x0000000722e00000,0x0000000782a00000,0x0000000782a00000)
  from space 489472K, 68% used [0x0000000782a00000,0x0000000797014bd8,0x00000007a0800000)
  to   space 499200K, 0% used [0x00000007a1180000,0x00000007a1180000,0x00000007bf900000)
 ParOldGen       total 1549824K, used 1019434K [0x00000005e8a00000, 0x0000000647380000, 0x0000000722e00000)
  object space 1549824K, 65% used [0x00000005e8a00000,0x0000000626d8a818,0x0000000647380000)
 Metaspace       used 5300K, capacity 5540K, committed 5888K, reserved 1056768K
  class space    used 582K, capacity 672K, committed 768K, reserved 1048576K
Event: 5426,414 GC heap after
Heap after GC invocations=139 (full 22):
 PSYoungGen      total 2061312K, used 333956K [0x0000000722e00000, 0x00000007c0000000, 0x00000007c0000000)
  eden space 1562112K, 0% used [0x0000000722e00000,0x0000000722e00000,0x0000000782380000)
  from space 499200K, 66% used [0x00000007a1180000,0x00000007b57a1300,0x00000007bf900000)
  to   space 505856K, 0% used [0x0000000782380000,0x0000000782380000,0x00000007a1180000)
 ParOldGen       total 1549824K, used 1353990K [0x00000005e8a00000, 0x0000000647380000, 0x0000000722e00000)
  object space 1549824K, 87% used [0x00000005e8a00000,0x000000063b4419b8,0x0000000647380000)
 Metaspace       used 5300K, capacity 5540K, committed 5888K, reserved 1056768K
  class space    used 582K, capacity 672K, committed 768K, reserved 1048576K
}
Event: 5426,414 GC heap before
{Heap before GC invocations=140 (full 23):
 PSYoungGen      total 2061312K, used 333956K [0x0000000722e00000, 0x00000007c0000000, 0x00000007c0000000)
  eden space 1562112K, 0% used [0x0000000722e00000,0x0000000722e00000,0x0000000782380000)
  from space 499200K, 66% used [0x00000007a1180000,0x00000007b57a1300,0x00000007bf900000)
  to   space 505856K, 0% used [0x0000000782380000,0x0000000782380000,0x00000007a1180000)
 ParOldGen       total 1549824K, used 1353990K [0x00000005e8a00000, 0x0000000647380000, 0x0000000722e00000)
  object space 1549824K, 87% used [0x00000005e8a00000,0x000000063b4419b8,0x0000000647380000)
 Metaspace       used 5300K, capacity 5540K, committed 5888K, reserved 1056768K
  class space    used 582K, capacity 672K, committed 768K, reserved 1048576K

