# JRE version: Java(TM) SE Runtime Environment (8.0_45-b14) (build 1.8.0_45-b14)
# Java VM: Java HotSpot(TM) 64-Bit Server VM (25.45-b02 mixed mode linux-amd64 compressed oops)
Heap:
 PSYoungGen      total 2663936K, used 0K [0x00000006f4900000, 0x00000007c0000000, 0x00000007c0000000)
  eden space 2014208K, 0% used [0x00000006f4900000,0x00000006f4900000,0x000000076f800000)
  from space 649728K, 0% used [0x0000000798580000,0x0000000798580000,0x00000007c0000000)
  to   space 659456K, 0% used [0x000000076f800000,0x000000076f800000,0x0000000797c00000)
 ParOldGen       total 2166784K, used 954847K [0x000000055da00000, 0x00000005e1e00000, 0x00000006f4900000)
  object space 2166784K, 44% used [0x000000055da00000,0x0000000597e77cf8,0x00000005e1e00000)
 Metaspace       used 5202K, capacity 5402K, committed 5504K, reserved 1056768K
  class space    used 565K, capacity 603K, committed 640K, reserved 1048576K
GC Heap History (10 events):
Event: 103784,618 GC heap after
Heap after GC invocations=1276 (full 174):
 PSYoungGen      total 2713088K, used 393549K [0x00000006f4900000, 0x00000007c0000000, 0x00000007c0000000)
  eden space 2095104K, 0% used [0x00000006f4900000,0x00000006f4900000,0x0000000774700000)
  from space 617984K, 63% used [0x000000079a480000,0x00000007b24d3728,0x00000007c0000000)
  to   space 619008K, 0% used [0x0000000774700000,0x0000000774700000,0x000000079a380000)
 ParOldGen       total 2166784K, used 892280K [0x000000055da00000, 0x00000005e1e00000, 0x00000006f4900000)
  object space 2166784K, 41% used [0x000000055da00000,0x000000059415e1c0,0x00000005e1e00000)
 Metaspace       used 5202K, capacity 5402K, committed 5504K, reserved 1056768K
  class space    used 565K, capacity 603K, committed 640K, reserved 1048576K
}
Event: 103788,228 GC heap before
{Heap before GC invocations=1277 (full 174):
 PSYoungGen      total 2713088K, used 2488653K [0x00000006f4900000, 0x00000007c0000000, 0x00000007c0000000)
  eden space 2095104K, 100% used [0x00000006f4900000,0x0000000774700000,0x0000000774700000)
  from space 617984K, 63% used [0x000000079a480000,0x00000007b24d3728,0x00000007c0000000)
  to   space 619008K, 0% used [0x0000000774700000,0x0000000774700000,0x000000079a380000)
 ParOldGen       total 2166784K, used 892280K [0x000000055da00000, 0x00000005e1e00000, 0x00000006f4900000)
  object space 2166784K, 41% used [0x000000055da00000,0x000000059415e1c0,0x00000005e1e00000)
 Metaspace       used 5202K, capacity 5402K, committed 5504K, reserved 1056768K
  class space    used 565K, capacity 603K, committed 640K, reserved 1048576K
Event: 103789,089 GC heap after
Heap after GC invocations=1277 (full 174):
 PSYoungGen      total 2541568K, used 446085K [0x00000006f4900000, 0x00000007c0000000, 0x00000007c0000000)
  eden space 2095104K, 0% used [0x00000006f4900000,0x00000006f4900000,0x0000000774700000)
  from space 446464K, 99% used [0x0000000774700000,0x000000078faa1758,0x000000078fb00000)
  to   space 636928K, 0% used [0x0000000799200000,0x0000000799200000,0x00000007c0000000)
 ParOldGen       total 2166784K, used 1286631K [0x000000055da00000, 0x00000005e1e00000, 0x00000006f4900000)
  object space 2166784K, 59% used [0x000000055da00000,0x00000005ac279c08,0x00000005e1e00000)
 Metaspace       used 5202K, capacity 5402K, committed 5504K, reserved 1056768K
  class space    used 565K, capacity 603K, committed 640K, reserved 1048576K
}
Event: 104028,300 GC heap before
{Heap before GC invocations=1278 (full 174):
 PSYoungGen      total 2541568K, used 2541189K [0x00000006f4900000, 0x00000007c0000000, 0x00000007c0000000)
  eden space 2095104K, 100% used [0x00000006f4900000,0x0000000774700000,0x0000000774700000)
  from space 446464K, 99% used [0x0000000774700000,0x000000078faa1758,0x000000078fb00000)
  to   space 636928K, 0% used [0x0000000799200000,0x0000000799200000,0x00000007c0000000)
 ParOldGen       total 2166784K, used 1286631K [0x000000055da00000, 0x00000005e1e00000, 0x00000006f4900000)
  object space 2166784K, 59% used [0x000000055da00000,0x00000005ac279c08,0x00000005e1e00000)
 Metaspace       used 5202K, capacity 5402K, committed 5504K, reserved 1056768K
  class space    used 565K, capacity 603K, committed 640K, reserved 1048576K
Event: 104028,705 GC heap after
Heap after GC invocations=1278 (full 174):
 PSYoungGen      total 2698240K, used 159435K [0x00000006f4900000, 0x00000007c0000000, 0x00000007c0000000)
  eden space 2061312K, 0% used [0x00000006f4900000,0x00000006f4900000,0x0000000772600000)
  from space 636928K, 25% used [0x0000000799200000,0x00000007a2db2c18,0x00000007c0000000)
  to   space 634880K, 0% used [0x0000000772600000,0x0000000772600000,0x0000000799200000)
 ParOldGen       total 2166784K, used 1477952K [0x000000055da00000, 0x00000005e1e00000, 0x00000006f4900000)
  object space 2166784K, 68% used [0x000000055da00000,0x00000005b7d50210,0x00000005e1e00000)
 Metaspace       used 5202K, capacity 5402K, committed 5504K, reserved 1056768K
  class space    used 565K, capacity 603K, committed 640K, reserved 1048576K
}
Event: 104032,501 GC heap before
{Heap before GC invocations=1279 (full 174):
 PSYoungGen      total 2698240K, used 2220747K [0x00000006f4900000, 0x00000007c0000000, 0x00000007c0000000)
  eden space 2061312K, 100% used [0x00000006f4900000,0x0000000772600000,0x0000000772600000)
  from space 636928K, 25% used [0x0000000799200000,0x00000007a2db2c18,0x00000007c0000000)
  to   space 634880K, 0% used [0x0000000772600000,0x0000000772600000,0x0000000799200000)
 ParOldGen       total 2166784K, used 1477952K [0x000000055da00000, 0x00000005e1e00000, 0x00000006f4900000)
  object space 2166784K, 68% used [0x000000055da00000,0x00000005b7d50210,0x00000005e1e00000)
 Metaspace       used 5202K, capacity 5402K, committed 5504K, reserved 1056768K
  class space    used 565K, capacity 603K, committed 640K, reserved 1048576K
Event: 104033,212 GC heap after
Heap after GC invocations=1279 (full 174):
 PSYoungGen      total 2500608K, used 438904K [0x00000006f4900000, 0x00000007c0000000, 0x00000007c0000000)
  eden space 2061312K, 0% used [0x00000006f4900000,0x00000006f4900000,0x0000000772600000)
  from space 439296K, 99% used [0x0000000772600000,0x000000078d29e0c0,0x000000078d300000)
  to   space 649728K, 0% used [0x0000000798580000,0x0000000798580000,0x00000007c0000000)
 ParOldGen       total 2166784K, used 1637373K [0x000000055da00000, 0x00000005e1e00000, 0x00000006f4900000)
  object space 2166784K, 75% used [0x000000055da00000,0x00000005c18ff4a0,0x00000005e1e00000)
 Metaspace       used 5202K, capacity 5402K, committed 5504K, reserved 1056768K
  class space    used 565K, capacity 603K, committed 640K, reserved 1048576K
}
Event: 104037,032 GC heap before
{Heap before GC invocations=1280 (full 174):
 PSYoungGen      total 2500608K, used 2500216K [0x00000006f4900000, 0x00000007c0000000, 0x00000007c0000000)
  eden space 2061312K, 100% used [0x00000006f4900000,0x0000000772600000,0x0000000772600000)
  from space 439296K, 99% used [0x0000000772600000,0x000000078d29e0c0,0x000000078d300000)
  to   space 649728K, 0% used [0x0000000798580000,0x0000000798580000,0x00000007c0000000)
 ParOldGen       total 2166784K, used 1637373K [0x000000055da00000, 0x00000005e1e00000, 0x00000006f4900000)
  object space 2166784K, 75% used [0x000000055da00000,0x00000005c18ff4a0,0x00000005e1e00000)
 Metaspace       used 5202K, capacity 5402K, committed 5504K, reserved 1056768K
  class space    used 565K, capacity 603K, committed 640K, reserved 1048576K
Event: 104038,097 GC heap after
Heap after GC invocations=1280 (full 174):
 PSYoungGen      total 2663936K, used 438963K [0x00000006f4900000, 0x00000007c0000000, 0x00000007c0000000)
  eden space 2014208K, 0% used [0x00000006f4900000,0x00000006f4900000,0x000000076f800000)
  from space 649728K, 67% used [0x0000000798580000,0x00000007b322ce78,0x00000007c0000000)
  to   space 659456K, 0% used [0x000000076f800000,0x000000076f800000,0x0000000797c00000)
 ParOldGen       total 2166784K, used 2076959K [0x000000055da00000, 0x00000005e1e00000, 0x00000006f4900000)
  object space 2166784K, 95% used [0x000000055da00000,0x00000005dc647ea8,0x00000005e1e00000)
 Metaspace       used 5202K, capacity 5402K, committed 5504K, reserved 1056768K
  class space    used 565K, capacity 603K, committed 640K, reserved 1048576K
}
Event: 104038,097 GC heap before
{Heap before GC invocations=1281 (full 175):
 PSYoungGen      total 2663936K, used 438963K [0x00000006f4900000, 0x00000007c0000000, 0x00000007c0000000)
  eden space 2014208K, 0% used [0x00000006f4900000,0x00000006f4900000,0x000000076f800000)
  from space 649728K, 67% used [0x0000000798580000,0x00000007b322ce78,0x00000007c0000000)
  to   space 659456K, 0% used [0x000000076f800000,0x000000076f800000,0x0000000797c00000)
 ParOldGen       total 2166784K, used 2076959K [0x000000055da00000, 0x00000005e1e00000, 0x00000006f4900000)
  object space 2166784K, 95% used [0x000000055da00000,0x00000005dc647ea8,0x00000005e1e00000)
 Metaspace       used 5202K, capacity 5402K, committed 5504K, reserved 1056768K
  class space    used 565K, capacity 603K, committed 640K, reserved 1048576K

