# JRE version: Java(TM) SE Runtime Environment (8.0_45-b14) (build 1.8.0_45-b14)
# Java VM: Java HotSpot(TM) 64-Bit Server VM (25.45-b02 mixed mode linux-amd64 compressed oops)
Heap:
 PSYoungGen      total 1963008K, used 0K [0x0000000722e00000, 0x00000007c0000000, 0x00000007c0000000)
  eden space 1892352K, 0% used [0x0000000722e00000,0x0000000722e00000,0x0000000796600000)
  from space 70656K, 0% used [0x00000007bac80000,0x00000007bac80000,0x00000007bf180000)
  to   space 340992K, 0% used [0x0000000796600000,0x0000000796600000,0x00000007ab300000)
 ParOldGen       total 1000960K, used 865938K [0x00000005e8a00000, 0x0000000625b80000, 0x0000000722e00000)
  object space 1000960K, 86% used [0x00000005e8a00000,0x000000061d7a4868,0x0000000625b80000)
 Metaspace       used 5240K, capacity 5476K, committed 5632K, reserved 1056768K
  class space    used 582K, capacity 672K, committed 768K, reserved 1048576K
GC Heap History (10 events):
Event: 181,041 GC heap after
Heap after GC invocations=40 (full 2):
 PSYoungGen      total 1862656K, used 0K [0x0000000722e00000, 0x00000007bf300000, 0x00000007c0000000)
  eden space 1860608K, 0% used [0x0000000722e00000,0x0000000722e00000,0x0000000794700000)
  from space 2048K, 0% used [0x00000007bf100000,0x00000007bf100000,0x00000007bf300000)
  to   space 72192K, 94% used [0x00000007b6600000,0x00000007ba871778,0x00000007bac80000)
 ParOldGen       total 1061888K, used 764416K [0x00000005e8a00000, 0x0000000629700000, 0x0000000722e00000)
  object space 1061888K, 71% used [0x00000005e8a00000,0x0000000617480320,0x0000000629700000)
 Metaspace       used 5226K, capacity 5476K, committed 5632K, reserved 1056768K
  class space    used 582K, capacity 672K, committed 768K, reserved 1048576K
}
Event: 429,686 GC heap before
{Heap before GC invocations=41 (full 3):
 PSYoungGen      total 1862656K, used 1860608K [0x0000000722e00000, 0x00000007bf300000, 0x00000007c0000000)
  eden space 1860608K, 100% used [0x0000000722e00000,0x0000000794700000,0x0000000794700000)
  from space 2048K, 0% used [0x00000007bf100000,0x00000007bf100000,0x00000007bf300000)
  to   space 72192K, 94% used [0x00000007b6600000,0x00000007ba871778,0x00000007bac80000)
 ParOldGen       total 1061888K, used 764416K [0x00000005e8a00000, 0x0000000629700000, 0x0000000722e00000)
  object space 1061888K, 71% used [0x00000005e8a00000,0x0000000617480320,0x0000000629700000)
 Metaspace       used 5240K, capacity 5476K, committed 5632K, reserved 1056768K
  class space    used 582K, capacity 672K, committed 768K, reserved 1048576K
Event: 430,321 GC heap after
Heap after GC invocations=41 (full 3):
 PSYoungGen      total 1862656K, used 0K [0x0000000722e00000, 0x00000007bf300000, 0x00000007c0000000)
  eden space 1860608K, 0% used [0x0000000722e00000,0x0000000722e00000,0x0000000794700000)
  from space 2048K, 0% used [0x00000007bf100000,0x00000007bf100000,0x00000007bf300000)
  to   space 72192K, 0% used [0x00000007b6600000,0x00000007b6600000,0x00000007bac80000)
 ParOldGen       total 404992K, used 35455K [0x00000005e8a00000, 0x0000000601580000, 0x0000000722e00000)
  object space 404992K, 8% used [0x00000005e8a00000,0x00000005eac9fd70,0x0000000601580000)
 Metaspace       used 5240K, capacity 5476K, committed 5632K, reserved 1056768K
  class space    used 582K, capacity 672K, committed 768K, reserved 1048576K
}
Event: 432,788 GC heap before
{Heap before GC invocations=42 (full 3):
 PSYoungGen      total 1862656K, used 1860608K [0x0000000722e00000, 0x00000007bf300000, 0x00000007c0000000)
  eden space 1860608K, 100% used [0x0000000722e00000,0x0000000794700000,0x0000000794700000)
  from space 2048K, 0% used [0x00000007bf100000,0x00000007bf100000,0x00000007bf300000)
  to   space 72192K, 0% used [0x00000007b6600000,0x00000007b6600000,0x00000007bac80000)
 ParOldGen       total 404992K, used 35455K [0x00000005e8a00000, 0x0000000601580000, 0x0000000722e00000)
  object space 404992K, 8% used [0x00000005e8a00000,0x00000005eac9fd70,0x0000000601580000)
 Metaspace       used 5240K, capacity 5476K, committed 5632K, reserved 1056768K
  class space    used 582K, capacity 672K, committed 768K, reserved 1048576K
Event: 433,735 GC heap after
Heap after GC invocations=42 (full 3):
 PSYoungGen      total 2120704K, used 72176K [0x0000000722e00000, 0x00000007bf180000, 0x00000007c0000000)
  eden space 2048512K, 0% used [0x0000000722e00000,0x0000000722e00000,0x000000079fe80000)
  from space 72192K, 99% used [0x00000007b6600000,0x00000007bac7c280,0x00000007bac80000)
  to   space 70656K, 0% used [0x00000007bac80000,0x00000007bac80000,0x00000007bf180000)
 ParOldGen       total 404992K, used 359608K [0x00000005e8a00000, 0x0000000601580000, 0x0000000722e00000)
  object space 404992K, 88% used [0x00000005e8a00000,0x00000005fe92e018,0x0000000601580000)
 Metaspace       used 5240K, capacity 5476K, committed 5632K, reserved 1056768K
  class space    used 582K, capacity 672K, committed 768K, reserved 1048576K
}
Event: 433,735 GC heap before
{Heap before GC invocations=43 (full 4):
 PSYoungGen      total 2120704K, used 72176K [0x0000000722e00000, 0x00000007bf180000, 0x00000007c0000000)
  eden space 2048512K, 0% used [0x0000000722e00000,0x0000000722e00000,0x000000079fe80000)
  from space 72192K, 99% used [0x00000007b6600000,0x00000007bac7c280,0x00000007bac80000)
  to   space 70656K, 0% used [0x00000007bac80000,0x00000007bac80000,0x00000007bf180000)
 ParOldGen       total 404992K, used 359608K [0x00000005e8a00000, 0x0000000601580000, 0x0000000722e00000)
  object space 404992K, 88% used [0x00000005e8a00000,0x00000005fe92e018,0x0000000601580000)
 Metaspace       used 5240K, capacity 5476K, committed 5632K, reserved 1056768K
  class space    used 582K, capacity 672K, committed 768K, reserved 1048576K
Event: 439,099 GC heap after
Heap after GC invocations=43 (full 4):
 PSYoungGen      total 2120704K, used 26074K [0x0000000722e00000, 0x00000007bf180000, 0x00000007c0000000)
  eden space 2048512K, 0% used [0x0000000722e00000,0x0000000722e00000,0x000000079fe80000)
  from space 72192K, 36% used [0x00000007b6600000,0x00000007b7f769b0,0x00000007bac80000)
  to   space 70656K, 0% used [0x00000007bac80000,0x00000007bac80000,0x00000007bf180000)
 ParOldGen       total 1000960K, used 404497K [0x00000005e8a00000, 0x0000000625b80000, 0x0000000722e00000)
  object space 1000960K, 40% used [0x00000005e8a00000,0x00000006015044a0,0x0000000625b80000)
 Metaspace       used 5240K, capacity 5476K, committed 5632K, reserved 1056768K
  class space    used 582K, capacity 672K, committed 768K, reserved 1048576K
}
Event: 442,007 GC heap before
{Heap before GC invocations=44 (full 4):
 PSYoungGen      total 2120704K, used 2074586K [0x0000000722e00000, 0x00000007bf180000, 0x00000007c0000000)
  eden space 2048512K, 100% used [0x0000000722e00000,0x000000079fe80000,0x000000079fe80000)
  from space 72192K, 36% used [0x00000007b6600000,0x00000007b7f769b0,0x00000007bac80000)
  to   space 70656K, 0% used [0x00000007bac80000,0x00000007bac80000,0x00000007bf180000)
 ParOldGen       total 1000960K, used 404497K [0x00000005e8a00000, 0x0000000625b80000, 0x0000000722e00000)
  object space 1000960K, 40% used [0x00000005e8a00000,0x00000006015044a0,0x0000000625b80000)
 Metaspace       used 5240K, capacity 5476K, committed 5632K, reserved 1056768K
  class space    used 582K, capacity 672K, committed 768K, reserved 1048576K
Event: 443,115 GC heap after
Heap after GC invocations=44 (full 4):
 PSYoungGen      total 1963008K, used 70626K [0x0000000722e00000, 0x00000007c0000000, 0x00000007c0000000)
  eden space 1892352K, 0% used [0x0000000722e00000,0x0000000722e00000,0x0000000796600000)
  from space 70656K, 99% used [0x00000007bac80000,0x00000007bf1789a8,0x00000007bf180000)
  to   space 340992K, 0% used [0x0000000796600000,0x0000000796600000,0x00000007ab300000)
 ParOldGen       total 1000960K, used 796731K [0x00000005e8a00000, 0x0000000625b80000, 0x0000000722e00000)
  object space 1000960K, 79% used [0x00000005e8a00000,0x000000061940ecb0,0x0000000625b80000)
 Metaspace       used 5240K, capacity 5476K, committed 5632K, reserved 1056768K
  class space    used 582K, capacity 672K, committed 768K, reserved 1048576K
}
Event: 443,115 GC heap before
{Heap before GC invocations=45 (full 5):
 PSYoungGen      total 1963008K, used 70626K [0x0000000722e00000, 0x00000007c0000000, 0x00000007c0000000)
  eden space 1892352K, 0% used [0x0000000722e00000,0x0000000722e00000,0x0000000796600000)
  from space 70656K, 99% used [0x00000007bac80000,0x00000007bf1789a8,0x00000007bf180000)
  to   space 340992K, 0% used [0x0000000796600000,0x0000000796600000,0x00000007ab300000)
 ParOldGen       total 1000960K, used 796731K [0x00000005e8a00000, 0x0000000625b80000, 0x0000000722e00000)
  object space 1000960K, 79% used [0x00000005e8a00000,0x000000061940ecb0,0x0000000625b80000)
 Metaspace       used 5240K, capacity 5476K, committed 5632K, reserved 1056768K
  class space    used 582K, capacity 672K, committed 768K, reserved 1048576K

