# JRE version: Java(TM) SE Runtime Environment (8.0_45-b14) (build 1.8.0_45-b14)
# Java VM: Java HotSpot(TM) 64-Bit Server VM (25.45-b02 mixed mode linux-amd64 compressed oops)
Heap:
 PSYoungGen      total 2571776K, used 0K [0x00000006f4900000, 0x00000007c0000000, 0x00000007c0000000)
  eden space 1911808K, 0% used [0x00000006f4900000,0x00000006f4900000,0x0000000769400000)
  from space 659968K, 0% used [0x0000000797b80000,0x0000000797b80000,0x00000007c0000000)
  to   space 710656K, 0% used [0x0000000769400000,0x0000000769400000,0x0000000794a00000)
 ParOldGen       total 1929216K, used 1922354K [0x000000055da00000, 0x00000005d3600000, 0x00000006f4900000)
  object space 1929216K, 99% used [0x000000055da00000,0x00000005d2f4cb28,0x00000005d3600000)
 Metaspace       used 5281K, capacity 5452K, committed 5632K, reserved 1056768K
  class space    used 585K, capacity 668K, committed 768K, reserved 1048576K
GC Heap History (10 events):
Event: 1816.411 GC heap after
Heap after GC invocations=825 (full 0):
 PSYoungGen      total 3088896K, used 244193K [0x00000006f4900000, 0x00000007c0000000, 0x00000007c0000000)
  eden space 2844672K, 0% used [0x00000006f4900000,0x00000006f4900000,0x00000007a2300000)
  from space 244224K, 99% used [0x00000007a2300000,0x00000007b11784c0,0x00000007b1180000)
  to   space 244224K, 0% used [0x00000007b1180000,0x00000007b1180000,0x00000007c0000000)
 ParOldGen       total 1332736K, used 885214K [0x000000055da00000, 0x00000005aef80000, 0x00000006f4900000)
  object space 1332736K, 66% used [0x000000055da00000,0x0000000593a779e0,0x00000005aef80000)
 Metaspace       used 5281K, capacity 5452K, committed 5632K, reserved 1056768K
  class space    used 585K, capacity 668K, committed 768K, reserved 1048576K
}
Event: 1822.897 GC heap before
{Heap before GC invocations=826 (full 0):
 PSYoungGen      total 3088896K, used 3088865K [0x00000006f4900000, 0x00000007c0000000, 0x00000007c0000000)
  eden space 2844672K, 100% used [0x00000006f4900000,0x00000007a2300000,0x00000007a2300000)
  from space 244224K, 99% used [0x00000007a2300000,0x00000007b11784c0,0x00000007b1180000)
  to   space 244224K, 0% used [0x00000007b1180000,0x00000007b1180000,0x00000007c0000000)
 ParOldGen       total 1332736K, used 885214K [0x000000055da00000, 0x00000005aef80000, 0x00000006f4900000)
  object space 1332736K, 66% used [0x000000055da00000,0x0000000593a779e0,0x00000005aef80000)
 Metaspace       used 5281K, capacity 5452K, committed 5632K, reserved 1056768K
  class space    used 585K, capacity 668K, committed 768K, reserved 1048576K
Event: 1824.899 GC heap after
Heap after GC invocations=826 (full 0):
 PSYoungGen      total 2388480K, used 244192K [0x00000006f4900000, 0x00000007c0000000, 0x00000007c0000000)
  eden space 2144256K, 0% used [0x00000006f4900000,0x00000006f4900000,0x0000000777700000)
  from space 244224K, 99% used [0x00000007b1180000,0x00000007bfff8310,0x00000007c0000000)
  to   space 594432K, 0% used [0x0000000777700000,0x0000000777700000,0x000000079bb80000)
 ParOldGen       total 1513472K, used 1502857K [0x000000055da00000, 0x00000005ba000000, 0x00000006f4900000)
  object space 1513472K, 99% used [0x000000055da00000,0x00000005b95a2630,0x00000005ba000000)
 Metaspace       used 5281K, capacity 5452K, committed 5632K, reserved 1056768K
  class space    used 585K, capacity 668K, committed 768K, reserved 1048576K
}
Event: 1824.899 GC heap before
{Heap before GC invocations=827 (full 1):
 PSYoungGen      total 2388480K, used 244192K [0x00000006f4900000, 0x00000007c0000000, 0x00000007c0000000)
  eden space 2144256K, 0% used [0x00000006f4900000,0x00000006f4900000,0x0000000777700000)
  from space 244224K, 99% used [0x00000007b1180000,0x00000007bfff8310,0x00000007c0000000)
  to   space 594432K, 0% used [0x0000000777700000,0x0000000777700000,0x000000079bb80000)
 ParOldGen       total 1513472K, used 1502857K [0x000000055da00000, 0x00000005ba000000, 0x00000006f4900000)
  object space 1513472K, 99% used [0x000000055da00000,0x00000005b95a2630,0x00000005ba000000)
 Metaspace       used 5281K, capacity 5452K, committed 5632K, reserved 1056768K
  class space    used 585K, capacity 668K, committed 768K, reserved 1048576K
Event: 1827.534 GC heap after
Heap after GC invocations=827 (full 1):
 PSYoungGen      total 2388480K, used 0K [0x00000006f4900000, 0x00000007c0000000, 0x00000007c0000000)
  eden space 2144256K, 0% used [0x00000006f4900000,0x00000006f4900000,0x0000000777700000)
  from space 244224K, 0% used [0x00000007b1180000,0x00000007b1180000,0x00000007c0000000)
  to   space 594432K, 0% used [0x0000000777700000,0x0000000777700000,0x000000079bb80000)
 ParOldGen       total 1929216K, used 994335K [0x000000055da00000, 0x00000005d3600000, 0x00000006f4900000)
  object space 1929216K, 51% used [0x000000055da00000,0x000000059a507c10,0x00000005d3600000)
 Metaspace       used 5281K, capacity 5452K, committed 5632K, reserved 1056768K
  class space    used 585K, capacity 668K, committed 768K, reserved 1048576K
}
Event: 1837.650 GC heap before
{Heap before GC invocations=828 (full 1):
 PSYoungGen      total 2388480K, used 2144256K [0x00000006f4900000, 0x00000007c0000000, 0x00000007c0000000)
  eden space 2144256K, 100% used [0x00000006f4900000,0x0000000777700000,0x0000000777700000)
  from space 244224K, 0% used [0x00000007b1180000,0x00000007b1180000,0x00000007c0000000)
  to   space 594432K, 0% used [0x0000000777700000,0x0000000777700000,0x000000079bb80000)
 ParOldGen       total 1929216K, used 994335K [0x000000055da00000, 0x00000005d3600000, 0x00000006f4900000)
  object space 1929216K, 51% used [0x000000055da00000,0x000000059a507c10,0x00000005d3600000)
 Metaspace       used 5281K, capacity 5452K, committed 5632K, reserved 1056768K
  class space    used 585K, capacity 668K, committed 768K, reserved 1048576K
Event: 1838.223 GC heap after
Heap after GC invocations=828 (full 1):
 PSYoungGen      total 2609152K, used 464810K [0x00000006f4900000, 0x00000007c0000000, 0x00000007c0000000)
  eden space 2144256K, 0% used [0x00000006f4900000,0x00000006f4900000,0x0000000777700000)
  from space 464896K, 99% used [0x0000000777700000,0x0000000793ceaa48,0x0000000793d00000)
  to   space 659968K, 0% used [0x0000000797b80000,0x0000000797b80000,0x00000007c0000000)
 ParOldGen       total 1929216K, used 994335K [0x000000055da00000, 0x00000005d3600000, 0x00000006f4900000)
  object space 1929216K, 51% used [0x000000055da00000,0x000000059a507c10,0x00000005d3600000)
 Metaspace       used 5281K, capacity 5452K, committed 5632K, reserved 1056768K
  class space    used 585K, capacity 668K, committed 768K, reserved 1048576K
}
Event: 1848.864 GC heap before
{Heap before GC invocations=829 (full 1):
 PSYoungGen      total 2609152K, used 2609066K [0x00000006f4900000, 0x00000007c0000000, 0x00000007c0000000)
  eden space 2144256K, 100% used [0x00000006f4900000,0x0000000777700000,0x0000000777700000)
  from space 464896K, 99% used [0x0000000777700000,0x0000000793ceaa48,0x0000000793d00000)
  to   space 659968K, 0% used [0x0000000797b80000,0x0000000797b80000,0x00000007c0000000)
 ParOldGen       total 1929216K, used 994335K [0x000000055da00000, 0x00000005d3600000, 0x00000006f4900000)
  object space 1929216K, 51% used [0x000000055da00000,0x000000059a507c10,0x00000005d3600000)
 Metaspace       used 5281K, capacity 5452K, committed 5632K, reserved 1056768K
  class space    used 585K, capacity 668K, committed 768K, reserved 1048576K
Event: 1849.883 GC heap after
Heap after GC invocations=829 (full 1):
 PSYoungGen      total 2571776K, used 464694K [0x00000006f4900000, 0x00000007c0000000, 0x00000007c0000000)
  eden space 1911808K, 0% used [0x00000006f4900000,0x00000006f4900000,0x0000000769400000)
  from space 659968K, 70% used [0x0000000797b80000,0x00000007b414db18,0x00000007c0000000)
  to   space 710656K, 0% used [0x0000000769400000,0x0000000769400000,0x0000000794a00000)
 ParOldGen       total 1929216K, used 1459881K [0x000000055da00000, 0x00000005d3600000, 0x00000006f4900000)
  object space 1929216K, 75% used [0x000000055da00000,0x00000005b6baa4b0,0x00000005d3600000)
 Metaspace       used 5281K, capacity 5452K, committed 5632K, reserved 1056768K
  class space    used 585K, capacity 668K, committed 768K, reserved 1048576K
}
Event: 1849.883 GC heap before
{Heap before GC invocations=830 (full 2):
 PSYoungGen      total 2571776K, used 464694K [0x00000006f4900000, 0x00000007c0000000, 0x00000007c0000000)
  eden space 1911808K, 0% used [0x00000006f4900000,0x00000006f4900000,0x0000000769400000)
  from space 659968K, 70% used [0x0000000797b80000,0x00000007b414db18,0x00000007c0000000)
  to   space 710656K, 0% used [0x0000000769400000,0x0000000769400000,0x0000000794a00000)
 ParOldGen       total 1929216K, used 1459881K [0x000000055da00000, 0x00000005d3600000, 0x00000006f4900000)
  object space 1929216K, 75% used [0x000000055da00000,0x00000005b6baa4b0,0x00000005d3600000)
 Metaspace       used 5281K, capacity 5452K, committed 5632K, reserved 1056768K
  class space    used 585K, capacity 668K, committed 768K, reserved 1048576K

