# JRE version: Java(TM) SE Runtime Environment (8.0_45-b14) (build 1.8.0_45-b14)
# Java VM: Java HotSpot(TM) 64-Bit Server VM (25.45-b02 mixed mode linux-amd64 compressed oops)
Heap:
 PSYoungGen      total 2653184K, used 0K [0x00000006f4900000, 0x00000007c0000000, 0x00000007c0000000)
  eden space 1971200K, 0% used [0x00000006f4900000,0x00000006f4900000,0x000000076ce00000)
  from space 681984K, 0% used [0x0000000796380000,0x0000000796380000,0x00000007bfd80000)
  to   space 677376K, 0% used [0x000000076ce00000,0x000000076ce00000,0x0000000796380000)
 ParOldGen       total 5721088K, used 2829538K [0x000000055da00000, 0x00000006bad00000, 0x00000006f4900000)
  object space 5721088K, 49% used [0x000000055da00000,0x000000060a5389d8,0x00000006bad00000)
 Metaspace       used 5325K, capacity 5518K, committed 5632K, reserved 1056768K
  class space    used 582K, capacity 663K, committed 768K, reserved 1048576K
GC Heap History (10 events):
Event: 10152.134 GC heap after
Heap after GC invocations=1750 (full 8):
 PSYoungGen      total 2647552K, used 425747K [0x00000006f4900000, 0x00000007c0000000, 0x00000007c0000000)
  eden space 1977344K, 0% used [0x00000006f4900000,0x00000006f4900000,0x000000076d400000)
  from space 670208K, 63% used [0x0000000797180000,0x00000007b1144eb0,0x00000007c0000000)
  to   space 677888K, 0% used [0x000000076d400000,0x000000076d400000,0x0000000796a00000)
 ParOldGen       total 5721088K, used 3378612K [0x000000055da00000, 0x00000006bad00000, 0x00000006f4900000)
  object space 5721088K, 59% used [0x000000055da00000,0x000000062bd6d0c8,0x00000006bad00000)
 Metaspace       used 5325K, capacity 5518K, committed 5632K, reserved 1056768K
  class space    used 582K, capacity 663K, committed 768K, reserved 1048576K
}
Event: 10156.654 GC heap before
{Heap before GC invocations=1751 (full 8):
 PSYoungGen      total 2647552K, used 2403091K [0x00000006f4900000, 0x00000007c0000000, 0x00000007c0000000)
  eden space 1977344K, 100% used [0x00000006f4900000,0x000000076d400000,0x000000076d400000)
  from space 670208K, 63% used [0x0000000797180000,0x00000007b1144eb0,0x00000007c0000000)
  to   space 677888K, 0% used [0x000000076d400000,0x000000076d400000,0x0000000796a00000)
 ParOldGen       total 5721088K, used 3378612K [0x000000055da00000, 0x00000006bad00000, 0x00000006f4900000)
  object space 5721088K, 59% used [0x000000055da00000,0x000000062bd6d0c8,0x00000006bad00000)
 Metaspace       used 5325K, capacity 5518K, committed 5632K, reserved 1056768K
  class space    used 582K, capacity 663K, committed 768K, reserved 1048576K
Event: 10157.489 GC heap after
Heap after GC invocations=1751 (full 8):
 PSYoungGen      total 2406400K, used 428584K [0x00000006f4900000, 0x00000007c0000000, 0x00000007c0000000)
  eden space 1977344K, 0% used [0x00000006f4900000,0x00000006f4900000,0x000000076d400000)
  from space 429056K, 99% used [0x000000076d400000,0x000000078768a010,0x0000000787700000)
  to   space 682496K, 0% used [0x0000000796580000,0x0000000796580000,0x00000007c0000000)
 ParOldGen       total 5721088K, used 3805143K [0x000000055da00000, 0x00000006bad00000, 0x00000006f4900000)
  object space 5721088K, 66% used [0x000000055da00000,0x0000000645df5f78,0x00000006bad00000)
 Metaspace       used 5325K, capacity 5518K, committed 5632K, reserved 1056768K
  class space    used 582K, capacity 663K, committed 768K, reserved 1048576K
}
Event: 10165.669 GC heap before
{Heap before GC invocations=1752 (full 8):
 PSYoungGen      total 2406400K, used 2405928K [0x00000006f4900000, 0x00000007c0000000, 0x00000007c0000000)
  eden space 1977344K, 100% used [0x00000006f4900000,0x000000076d400000,0x000000076d400000)
  from space 429056K, 99% used [0x000000076d400000,0x000000078768a010,0x0000000787700000)
  to   space 682496K, 0% used [0x0000000796580000,0x0000000796580000,0x00000007c0000000)
 ParOldGen       total 5721088K, used 3805143K [0x000000055da00000, 0x00000006bad00000, 0x00000006f4900000)
  object space 5721088K, 66% used [0x000000055da00000,0x0000000645df5f78,0x00000006bad00000)
 Metaspace       used 5325K, capacity 5518K, committed 5632K, reserved 1056768K
  class space    used 582K, capacity 663K, committed 768K, reserved 1048576K
Event: 10166.355 GC heap after
Heap after GC invocations=1752 (full 8):
 PSYoungGen      total 2647552K, used 428651K [0x00000006f4900000, 0x00000007c0000000, 0x00000007c0000000)
  eden space 1965056K, 0% used [0x00000006f4900000,0x00000006f4900000,0x000000076c800000)
  from space 682496K, 62% used [0x0000000796580000,0x00000007b081ac88,0x00000007c0000000)
  to   space 684032K, 0% used [0x000000076c800000,0x000000076c800000,0x0000000796400000)
 ParOldGen       total 5721088K, used 4234442K [0x000000055da00000, 0x00000006bad00000, 0x00000006f4900000)
  object space 5721088K, 74% used [0x000000055da00000,0x0000000660132b68,0x00000006bad00000)
 Metaspace       used 5325K, capacity 5518K, committed 5632K, reserved 1056768K
  class space    used 582K, capacity 663K, committed 768K, reserved 1048576K
}
Event: 10173.459 GC heap before
{Heap before GC invocations=1753 (full 8):
 PSYoungGen      total 2647552K, used 2393707K [0x00000006f4900000, 0x00000007c0000000, 0x00000007c0000000)
  eden space 1965056K, 100% used [0x00000006f4900000,0x000000076c800000,0x000000076c800000)
  from space 682496K, 62% used [0x0000000796580000,0x00000007b081ac88,0x00000007c0000000)
  to   space 684032K, 0% used [0x000000076c800000,0x000000076c800000,0x0000000796400000)
 ParOldGen       total 5721088K, used 4234442K [0x000000055da00000, 0x00000006bad00000, 0x00000006f4900000)
  object space 5721088K, 74% used [0x000000055da00000,0x0000000660132b68,0x00000006bad00000)
 Metaspace       used 5325K, capacity 5518K, committed 5632K, reserved 1056768K
  class space    used 582K, capacity 663K, committed 768K, reserved 1048576K
Event: 10174.457 GC heap after
Heap after GC invocations=1753 (full 8):
 PSYoungGen      total 2391040K, used 425891K [0x00000006f4900000, 0x00000007bfd80000, 0x00000007c0000000)
  eden space 1965056K, 0% used [0x00000006f4900000,0x00000006f4900000,0x000000076c800000)
  from space 425984K, 99% used [0x000000076c800000,0x00000007867e8fd0,0x0000000786800000)
  to   space 681984K, 0% used [0x0000000796380000,0x0000000796380000,0x00000007bfd80000)
 ParOldGen       total 5721088K, used 4663785K [0x000000055da00000, 0x00000006bad00000, 0x00000006f4900000)
  object space 5721088K, 81% used [0x000000055da00000,0x000000067a47a578,0x00000006bad00000)
 Metaspace       used 5325K, capacity 5518K, committed 5632K, reserved 1056768K
  class space    used 582K, capacity 663K, committed 768K, reserved 1048576K
}
Event: 10181.996 GC heap before
{Heap before GC invocations=1754 (full 8):
 PSYoungGen      total 2391040K, used 2390947K [0x00000006f4900000, 0x00000007bfd80000, 0x00000007c0000000)
  eden space 1965056K, 100% used [0x00000006f4900000,0x000000076c800000,0x000000076c800000)
  from space 425984K, 99% used [0x000000076c800000,0x00000007867e8fd0,0x0000000786800000)
  to   space 681984K, 0% used [0x0000000796380000,0x0000000796380000,0x00000007bfd80000)
 ParOldGen       total 5721088K, used 4663785K [0x000000055da00000, 0x00000006bad00000, 0x00000006f4900000)
  object space 5721088K, 81% used [0x000000055da00000,0x000000067a47a578,0x00000006bad00000)
 Metaspace       used 5325K, capacity 5518K, committed 5632K, reserved 1056768K
  class space    used 582K, capacity 663K, committed 768K, reserved 1048576K
Event: 10182.718 GC heap after
Heap after GC invocations=1754 (full 8):
 PSYoungGen      total 2653184K, used 425994K [0x00000006f4900000, 0x00000007c0000000, 0x00000007c0000000)
  eden space 1971200K, 0% used [0x00000006f4900000,0x00000006f4900000,0x000000076ce00000)
  from space 681984K, 62% used [0x0000000796380000,0x00000007b0382a58,0x00000007bfd80000)
  to   space 677376K, 0% used [0x000000076ce00000,0x000000076ce00000,0x0000000796380000)
 ParOldGen       total 5721088K, used 5090429K [0x000000055da00000, 0x00000006bad00000, 0x00000006f4900000)
  object space 5721088K, 88% used [0x000000055da00000,0x000000069451f428,0x00000006bad00000)
 Metaspace       used 5325K, capacity 5518K, committed 5632K, reserved 1056768K
  class space    used 582K, capacity 663K, committed 768K, reserved 1048576K
}
Event: 10182.718 GC heap before
{Heap before GC invocations=1755 (full 9):
 PSYoungGen      total 2653184K, used 425994K [0x00000006f4900000, 0x00000007c0000000, 0x00000007c0000000)
  eden space 1971200K, 0% used [0x00000006f4900000,0x00000006f4900000,0x000000076ce00000)
  from space 681984K, 62% used [0x0000000796380000,0x00000007b0382a58,0x00000007bfd80000)
  to   space 677376K, 0% used [0x000000076ce00000,0x000000076ce00000,0x0000000796380000)
 ParOldGen       total 5721088K, used 5090429K [0x000000055da00000, 0x00000006bad00000, 0x00000006f4900000)
  object space 5721088K, 88% used [0x000000055da00000,0x000000069451f428,0x00000006bad00000)
 Metaspace       used 5325K, capacity 5518K, committed 5632K, reserved 1056768K
  class space    used 582K, capacity 663K, committed 768K, reserved 1048576K

