# JRE version: Java(TM) SE Runtime Environment (8.0_45-b14) (build 1.8.0_45-b14)
# Java VM: Java HotSpot(TM) 64-Bit Server VM (25.45-b02 mixed mode linux-amd64 compressed oops)
Heap:
 PSYoungGen      total 2222080K, used 0K [0x00000006f4900000, 0x00000007c0000000, 0x00000007c0000000)
  eden space 1111040K, 0% used [0x00000006f4900000,0x00000006f4900000,0x0000000738600000)
  from space 1111040K, 0% used [0x000000077c300000,0x000000077c300000,0x00000007c0000000)
  to   space 1111040K, 0% used [0x0000000738600000,0x0000000738600000,0x000000077c300000)
 ParOldGen       total 2866176K, used 2773079K [0x000000055da00000, 0x000000060c900000, 0x00000006f4900000)
  object space 2866176K, 96% used [0x000000055da00000,0x0000000606e15f98,0x000000060c900000)
 Metaspace       used 5282K, capacity 5448K, committed 5632K, reserved 1056768K
  class space    used 585K, capacity 668K, committed 768K, reserved 1048576K
GC Heap History (10 events):
Event: 2690.934 GC heap after
Heap after GC invocations=697 (full 3):
 PSYoungGen      total 2222080K, used 481603K [0x00000006f4900000, 0x00000007c0000000, 0x00000007c0000000)
  eden space 1111040K, 0% used [0x00000006f4900000,0x00000006f4900000,0x0000000738600000)
  from space 1111040K, 43% used [0x000000077c300000,0x0000000799950cb0,0x00000007c0000000)
  to   space 1111040K, 0% used [0x0000000738600000,0x0000000738600000,0x000000077c300000)
 ParOldGen       total 2866176K, used 1330599K [0x000000055da00000, 0x000000060c900000, 0x00000006f4900000)
  object space 2866176K, 46% used [0x000000055da00000,0x00000005aed69e98,0x000000060c900000)
 Metaspace       used 5282K, capacity 5448K, committed 5632K, reserved 1056768K
  class space    used 585K, capacity 668K, committed 768K, reserved 1048576K
}
Event: 2694.482 GC heap before
{Heap before GC invocations=698 (full 3):
 PSYoungGen      total 2222080K, used 1592643K [0x00000006f4900000, 0x00000007c0000000, 0x00000007c0000000)
  eden space 1111040K, 100% used [0x00000006f4900000,0x0000000738600000,0x0000000738600000)
  from space 1111040K, 43% used [0x000000077c300000,0x0000000799950cb0,0x00000007c0000000)
  to   space 1111040K, 0% used [0x0000000738600000,0x0000000738600000,0x000000077c300000)
 ParOldGen       total 2866176K, used 1330599K [0x000000055da00000, 0x000000060c900000, 0x00000006f4900000)
  object space 2866176K, 46% used [0x000000055da00000,0x00000005aed69e98,0x000000060c900000)
 Metaspace       used 5282K, capacity 5448K, committed 5632K, reserved 1056768K
  class space    used 585K, capacity 668K, committed 768K, reserved 1048576K
Event: 2695.403 GC heap after
Heap after GC invocations=698 (full 3):
 PSYoungGen      total 2222080K, used 241030K [0x00000006f4900000, 0x00000007c0000000, 0x00000007c0000000)
  eden space 1111040K, 0% used [0x00000006f4900000,0x00000006f4900000,0x0000000738600000)
  from space 1111040K, 21% used [0x0000000738600000,0x00000007471618d0,0x000000077c300000)
  to   space 1111040K, 0% used [0x000000077c300000,0x000000077c300000,0x00000007c0000000)
 ParOldGen       total 2866176K, used 1813034K [0x000000055da00000, 0x000000060c900000, 0x00000006f4900000)
  object space 2866176K, 63% used [0x000000055da00000,0x00000005cc48ab48,0x000000060c900000)
 Metaspace       used 5282K, capacity 5448K, committed 5632K, reserved 1056768K
  class space    used 585K, capacity 668K, committed 768K, reserved 1048576K
}
Event: 2698.752 GC heap before
{Heap before GC invocations=699 (full 3):
 PSYoungGen      total 2222080K, used 1352070K [0x00000006f4900000, 0x00000007c0000000, 0x00000007c0000000)
  eden space 1111040K, 100% used [0x00000006f4900000,0x0000000738600000,0x0000000738600000)
  from space 1111040K, 21% used [0x0000000738600000,0x00000007471618d0,0x000000077c300000)
  to   space 1111040K, 0% used [0x000000077c300000,0x000000077c300000,0x00000007c0000000)
 ParOldGen       total 2866176K, used 1813034K [0x000000055da00000, 0x000000060c900000, 0x00000006f4900000)
  object space 2866176K, 63% used [0x000000055da00000,0x00000005cc48ab48,0x000000060c900000)
 Metaspace       used 5282K, capacity 5448K, committed 5632K, reserved 1056768K
  class space    used 585K, capacity 668K, committed 768K, reserved 1048576K
Event: 2699.588 GC heap after
Heap after GC invocations=699 (full 3):
 PSYoungGen      total 2222080K, used 240929K [0x00000006f4900000, 0x00000007c0000000, 0x00000007c0000000)
  eden space 1111040K, 0% used [0x00000006f4900000,0x00000006f4900000,0x0000000738600000)
  from space 1111040K, 21% used [0x000000077c300000,0x000000078ae48658,0x00000007c0000000)
  to   space 1111040K, 0% used [0x0000000738600000,0x0000000738600000,0x000000077c300000)
 ParOldGen       total 2866176K, used 2054345K [0x000000055da00000, 0x000000060c900000, 0x00000006f4900000)
  object space 2866176K, 71% used [0x000000055da00000,0x00000005db032418,0x000000060c900000)
 Metaspace       used 5282K, capacity 5448K, committed 5632K, reserved 1056768K
  class space    used 585K, capacity 668K, committed 768K, reserved 1048576K
}
Event: 2704.089 GC heap before
{Heap before GC invocations=700 (full 3):
 PSYoungGen      total 2222080K, used 1351969K [0x00000006f4900000, 0x00000007c0000000, 0x00000007c0000000)
  eden space 1111040K, 100% used [0x00000006f4900000,0x0000000738600000,0x0000000738600000)
  from space 1111040K, 21% used [0x000000077c300000,0x000000078ae48658,0x00000007c0000000)
  to   space 1111040K, 0% used [0x0000000738600000,0x0000000738600000,0x000000077c300000)
 ParOldGen       total 2866176K, used 2054345K [0x000000055da00000, 0x000000060c900000, 0x00000006f4900000)
  object space 2866176K, 71% used [0x000000055da00000,0x00000005db032418,0x000000060c900000)
 Metaspace       used 5282K, capacity 5448K, committed 5632K, reserved 1056768K
  class space    used 585K, capacity 668K, committed 768K, reserved 1048576K
Event: 2704.860 GC heap after
Heap after GC invocations=700 (full 3):
 PSYoungGen      total 2222080K, used 241007K [0x00000006f4900000, 0x00000007c0000000, 0x00000007c0000000)
  eden space 1111040K, 0% used [0x00000006f4900000,0x00000006f4900000,0x0000000738600000)
  from space 1111040K, 21% used [0x0000000738600000,0x000000074715bd28,0x000000077c300000)
  to   space 1111040K, 0% used [0x000000077c300000,0x000000077c300000,0x00000007c0000000)
 ParOldGen       total 2866176K, used 2295618K [0x000000055da00000, 0x000000060c900000, 0x00000006f4900000)
  object space 2866176K, 80% used [0x000000055da00000,0x00000005e9bd0a70,0x000000060c900000)
 Metaspace       used 5282K, capacity 5448K, committed 5632K, reserved 1056768K
  class space    used 585K, capacity 668K, committed 768K, reserved 1048576K
}
Event: 2711.866 GC heap before
{Heap before GC invocations=701 (full 3):
 PSYoungGen      total 2222080K, used 1352047K [0x00000006f4900000, 0x00000007c0000000, 0x00000007c0000000)
  eden space 1111040K, 100% used [0x00000006f4900000,0x0000000738600000,0x0000000738600000)
  from space 1111040K, 21% used [0x0000000738600000,0x000000074715bd28,0x000000077c300000)
  to   space 1111040K, 0% used [0x000000077c300000,0x000000077c300000,0x00000007c0000000)
 ParOldGen       total 2866176K, used 2295618K [0x000000055da00000, 0x000000060c900000, 0x00000006f4900000)
  object space 2866176K, 80% used [0x000000055da00000,0x00000005e9bd0a70,0x000000060c900000)
 Metaspace       used 5282K, capacity 5448K, committed 5632K, reserved 1056768K
  class space    used 585K, capacity 668K, committed 768K, reserved 1048576K
Event: 2712.321 GC heap after
Heap after GC invocations=701 (full 3):
 PSYoungGen      total 2222080K, used 241021K [0x00000006f4900000, 0x00000007c0000000, 0x00000007c0000000)
  eden space 1111040K, 0% used [0x00000006f4900000,0x00000006f4900000,0x0000000738600000)
  from space 1111040K, 21% used [0x000000077c300000,0x000000078ae5f478,0x00000007c0000000)
  to   space 1111040K, 0% used [0x0000000738600000,0x0000000738600000,0x000000077c300000)
 ParOldGen       total 2866176K, used 2536837K [0x000000055da00000, 0x000000060c900000, 0x00000006f4900000)
  object space 2866176K, 88% used [0x000000055da00000,0x00000005f8761520,0x000000060c900000)
 Metaspace       used 5282K, capacity 5448K, committed 5632K, reserved 1056768K
  class space    used 585K, capacity 668K, committed 768K, reserved 1048576K
}
Event: 2712.321 GC heap before
{Heap before GC invocations=702 (full 4):
 PSYoungGen      total 2222080K, used 241021K [0x00000006f4900000, 0x00000007c0000000, 0x00000007c0000000)
  eden space 1111040K, 0% used [0x00000006f4900000,0x00000006f4900000,0x0000000738600000)
  from space 1111040K, 21% used [0x000000077c300000,0x000000078ae5f478,0x00000007c0000000)
  to   space 1111040K, 0% used [0x0000000738600000,0x0000000738600000,0x000000077c300000)
 ParOldGen       total 2866176K, used 2536837K [0x000000055da00000, 0x000000060c900000, 0x00000006f4900000)
  object space 2866176K, 88% used [0x000000055da00000,0x00000005f8761520,0x000000060c900000)
 Metaspace       used 5282K, capacity 5448K, committed 5632K, reserved 1056768K
  class space    used 585K, capacity 668K, committed 768K, reserved 1048576K

