# JRE version: Java(TM) SE Runtime Environment (8.0_45-b14) (build 1.8.0_45-b14)
# Java VM: Java HotSpot(TM) 64-Bit Server VM (25.45-b02 mixed mode linux-amd64 compressed oops)
Heap:
 PSYoungGen      total 2131456K, used 171300K [0x00000006f4900000, 0x00000007c0000000, 0x00000007c0000000)
  eden space 1670144K, 0% used [0x00000006f4900000,0x00000006f4900000,0x000000075a800000)
  from space 461312K, 37% used [0x00000007a3d80000,0x00000007ae4c9228,0x00000007c0000000)
  to   space 831488K, 0% used [0x000000075a800000,0x000000075a800000,0x000000078d400000)
 ParOldGen       total 1588224K, used 1588038K [0x000000055da00000, 0x00000005be900000, 0x00000006f4900000)
  object space 1588224K, 99% used [0x000000055da00000,0x00000005be8d1b30,0x00000005be900000)
 Metaspace       used 5285K, capacity 5456K, committed 5632K, reserved 1056768K
  class space    used 585K, capacity 668K, committed 768K, reserved 1048576K
GC Heap History (10 events):
Event: 2463.974 GC heap after
Heap after GC invocations=1075 (full 0):
 PSYoungGen      total 2963456K, used 112869K [0x00000006f4900000, 0x00000007c0000000, 0x00000007c0000000)
  eden space 2715136K, 0% used [0x00000006f4900000,0x00000006f4900000,0x000000079a480000)
  from space 248320K, 45% used [0x000000079a480000,0x00000007a12b97e0,0x00000007a9700000)
  to   space 246272K, 0% used [0x00000007b0f80000,0x00000007b0f80000,0x00000007c0000000)
 ParOldGen       total 1332736K, used 775284K [0x000000055da00000, 0x00000005aef80000, 0x00000006f4900000)
  object space 1332736K, 58% used [0x000000055da00000,0x000000058cf1d0a0,0x00000005aef80000)
 Metaspace       used 5285K, capacity 5456K, committed 5632K, reserved 1056768K
  class space    used 585K, capacity 668K, committed 768K, reserved 1048576K
}
Event: 2471.507 GC heap before
{Heap before GC invocations=1076 (full 0):
 PSYoungGen      total 2963456K, used 2828005K [0x00000006f4900000, 0x00000007c0000000, 0x00000007c0000000)
  eden space 2715136K, 100% used [0x00000006f4900000,0x000000079a480000,0x000000079a480000)
  from space 248320K, 45% used [0x000000079a480000,0x00000007a12b97e0,0x00000007a9700000)
  to   space 246272K, 0% used [0x00000007b0f80000,0x00000007b0f80000,0x00000007c0000000)
 ParOldGen       total 1332736K, used 775284K [0x000000055da00000, 0x00000005aef80000, 0x00000006f4900000)
  object space 1332736K, 58% used [0x000000055da00000,0x000000058cf1d0a0,0x00000005aef80000)
 Metaspace       used 5285K, capacity 5456K, committed 5632K, reserved 1056768K
  class space    used 585K, capacity 668K, committed 768K, reserved 1048576K
Event: 2472.521 GC heap after
Heap after GC invocations=1076 (full 0):
 PSYoungGen      total 2656768K, used 246261K [0x00000006f4900000, 0x00000007c0000000, 0x00000007c0000000)
  eden space 2410496K, 0% used [0x00000006f4900000,0x00000006f4900000,0x0000000787b00000)
  from space 246272K, 99% used [0x00000007b0f80000,0x00000007bfffd568,0x00000007c0000000)
  to   space 461312K, 0% used [0x0000000787b00000,0x0000000787b00000,0x00000007a3d80000)
 ParOldGen       total 1332736K, used 1230630K [0x000000055da00000, 0x00000005aef80000, 0x00000006f4900000)
  object space 1332736K, 92% used [0x000000055da00000,0x00000005a8bc98a8,0x00000005aef80000)
 Metaspace       used 5285K, capacity 5456K, committed 5632K, reserved 1056768K
  class space    used 585K, capacity 668K, committed 768K, reserved 1048576K
}
Event: 2472.521 GC heap before
{Heap before GC invocations=1077 (full 1):
 PSYoungGen      total 2656768K, used 246261K [0x00000006f4900000, 0x00000007c0000000, 0x00000007c0000000)
  eden space 2410496K, 0% used [0x00000006f4900000,0x00000006f4900000,0x0000000787b00000)
  from space 246272K, 99% used [0x00000007b0f80000,0x00000007bfffd568,0x00000007c0000000)
  to   space 461312K, 0% used [0x0000000787b00000,0x0000000787b00000,0x00000007a3d80000)
 ParOldGen       total 1332736K, used 1230630K [0x000000055da00000, 0x00000005aef80000, 0x00000006f4900000)
  object space 1332736K, 92% used [0x000000055da00000,0x00000005a8bc98a8,0x00000005aef80000)
 Metaspace       used 5285K, capacity 5456K, committed 5632K, reserved 1056768K
  class space    used 585K, capacity 668K, committed 768K, reserved 1048576K
Event: 2474.330 GC heap after
Heap after GC invocations=1077 (full 1):
 PSYoungGen      total 2656768K, used 0K [0x00000006f4900000, 0x00000007c0000000, 0x00000007c0000000)
  eden space 2410496K, 0% used [0x00000006f4900000,0x00000006f4900000,0x0000000787b00000)
  from space 246272K, 0% used [0x00000007b0f80000,0x00000007b0f80000,0x00000007c0000000)
  to   space 461312K, 0% used [0x0000000787b00000,0x0000000787b00000,0x00000007a3d80000)
 ParOldGen       total 1588224K, used 716223K [0x000000055da00000, 0x00000005be900000, 0x00000006f4900000)
  object space 1588224K, 45% used [0x000000055da00000,0x000000058956fd48,0x00000005be900000)
 Metaspace       used 5285K, capacity 5456K, committed 5632K, reserved 1056768K
  class space    used 585K, capacity 668K, committed 768K, reserved 1048576K
}
Event: 2481.522 GC heap before
{Heap before GC invocations=1078 (full 1):
 PSYoungGen      total 2656768K, used 2410496K [0x00000006f4900000, 0x00000007c0000000, 0x00000007c0000000)
  eden space 2410496K, 100% used [0x00000006f4900000,0x0000000787b00000,0x0000000787b00000)
  from space 246272K, 0% used [0x00000007b0f80000,0x00000007b0f80000,0x00000007c0000000)
  to   space 461312K, 0% used [0x0000000787b00000,0x0000000787b00000,0x00000007a3d80000)
 ParOldGen       total 1588224K, used 716223K [0x000000055da00000, 0x00000005be900000, 0x00000006f4900000)
  object space 1588224K, 45% used [0x000000055da00000,0x000000058956fd48,0x00000005be900000)
 Metaspace       used 5285K, capacity 5456K, committed 5632K, reserved 1056768K
  class space    used 585K, capacity 668K, committed 768K, reserved 1048576K
Event: 2482.124 GC heap after
Heap after GC invocations=1078 (full 1):
 PSYoungGen      total 2871808K, used 461285K [0x00000006f4900000, 0x00000007c0000000, 0x00000007c0000000)
  eden space 2410496K, 0% used [0x00000006f4900000,0x00000006f4900000,0x0000000787b00000)
  from space 461312K, 99% used [0x0000000787b00000,0x00000007a3d79750,0x00000007a3d80000)
  to   space 461312K, 0% used [0x00000007a3d80000,0x00000007a3d80000,0x00000007c0000000)
 ParOldGen       total 1588224K, used 777243K [0x000000055da00000, 0x00000005be900000, 0x00000006f4900000)
  object space 1588224K, 48% used [0x000000055da00000,0x000000058d106fd8,0x00000005be900000)
 Metaspace       used 5285K, capacity 5456K, committed 5632K, reserved 1056768K
  class space    used 585K, capacity 668K, committed 768K, reserved 1048576K
}
Event: 2492.256 GC heap before
{Heap before GC invocations=1079 (full 1):
 PSYoungGen      total 2871808K, used 2871781K [0x00000006f4900000, 0x00000007c0000000, 0x00000007c0000000)
  eden space 2410496K, 100% used [0x00000006f4900000,0x0000000787b00000,0x0000000787b00000)
  from space 461312K, 99% used [0x0000000787b00000,0x00000007a3d79750,0x00000007a3d80000)
  to   space 461312K, 0% used [0x00000007a3d80000,0x00000007a3d80000,0x00000007c0000000)
 ParOldGen       total 1588224K, used 777243K [0x000000055da00000, 0x00000005be900000, 0x00000006f4900000)
  object space 1588224K, 48% used [0x000000055da00000,0x000000058d106fd8,0x00000005be900000)
 Metaspace       used 5285K, capacity 5456K, committed 5632K, reserved 1056768K
  class space    used 585K, capacity 668K, committed 768K, reserved 1048576K
Event: 2493.297 GC heap after
Heap after GC invocations=1079 (full 1):
 PSYoungGen      total 2131456K, used 461288K [0x00000006f4900000, 0x00000007c0000000, 0x00000007c0000000)
  eden space 1670144K, 0% used [0x00000006f4900000,0x00000006f4900000,0x000000075a800000)
  from space 461312K, 99% used [0x00000007a3d80000,0x00000007bfffa2b0,0x00000007c0000000)
  to   space 831488K, 0% used [0x000000075a800000,0x000000075a800000,0x000000078d400000)
 ParOldGen       total 1588224K, used 1300603K [0x000000055da00000, 0x00000005be900000, 0x00000006f4900000)
  object space 1588224K, 81% used [0x000000055da00000,0x00000005ad01ecb0,0x00000005be900000)
 Metaspace       used 5285K, capacity 5456K, committed 5632K, reserved 1056768K
  class space    used 585K, capacity 668K, committed 768K, reserved 1048576K
}
Event: 2493.297 GC heap before
{Heap before GC invocations=1080 (full 2):
 PSYoungGen      total 2131456K, used 461288K [0x00000006f4900000, 0x00000007c0000000, 0x00000007c0000000)
  eden space 1670144K, 0% used [0x00000006f4900000,0x00000006f4900000,0x000000075a800000)
  from space 461312K, 99% used [0x00000007a3d80000,0x00000007bfffa2b0,0x00000007c0000000)
  to   space 831488K, 0% used [0x000000075a800000,0x000000075a800000,0x000000078d400000)
 ParOldGen       total 1588224K, used 1300603K [0x000000055da00000, 0x00000005be900000, 0x00000006f4900000)
  object space 1588224K, 81% used [0x000000055da00000,0x00000005ad01ecb0,0x00000005be900000)
 Metaspace       used 5285K, capacity 5456K, committed 5632K, reserved 1056768K
  class space    used 585K, capacity 668K, committed 768K, reserved 1048576K

