# JRE version: Java(TM) SE Runtime Environment (8.0_45-b14) (build 1.8.0_45-b14)
# Java VM: Java HotSpot(TM) 64-Bit Server VM (25.45-b02 mixed mode linux-amd64 compressed oops)
Heap:
 PSYoungGen      total 2208768K, used 30009K [0x00000006f4900000, 0x00000007bdc80000, 0x00000007c0000000)
  eden space 1097728K, 0% used [0x00000006f4900000,0x00000006f4900000,0x0000000737900000)
  from space 1111040K, 2% used [0x0000000737900000,0x000000073964e748,0x000000077b600000)
  to   space 1070080K, 0% used [0x000000077c780000,0x000000077c780000,0x00000007bdc80000)
 ParOldGen       total 2797568K, used 2797076K [0x000000055da00000, 0x0000000608600000, 0x00000006f4900000)
  object space 2797568K, 99% used [0x000000055da00000,0x0000000608585060,0x0000000608600000)
 Metaspace       used 5317K, capacity 5516K, committed 5632K, reserved 1056768K
  class space    used 585K, capacity 668K, committed 768K, reserved 1048576K
GC Heap History (10 events):
Event: 5405.724 GC heap after
Heap after GC invocations=1918 (full 3):
 PSYoungGen      total 2222080K, used 238771K [0x00000006f4900000, 0x00000007c0000000, 0x00000007c0000000)
  eden space 1111040K, 0% used [0x00000006f4900000,0x00000006f4900000,0x0000000738600000)
  from space 1111040K, 21% used [0x0000000738600000,0x0000000746f2ce08,0x000000077c300000)
  to   space 1111040K, 0% used [0x000000077c300000,0x000000077c300000,0x00000007c0000000)
 ParOldGen       total 2797568K, used 1631965K [0x000000055da00000, 0x0000000608600000, 0x00000006f4900000)
  object space 2797568K, 58% used [0x000000055da00000,0x00000005c13b7450,0x0000000608600000)
 Metaspace       used 5317K, capacity 5516K, committed 5632K, reserved 1056768K
  class space    used 585K, capacity 668K, committed 768K, reserved 1048576K
}
Event: 5411.399 GC heap before
{Heap before GC invocations=1919 (full 3):
 PSYoungGen      total 2222080K, used 1349811K [0x00000006f4900000, 0x00000007c0000000, 0x00000007c0000000)
  eden space 1111040K, 100% used [0x00000006f4900000,0x0000000738600000,0x0000000738600000)
  from space 1111040K, 21% used [0x0000000738600000,0x0000000746f2ce08,0x000000077c300000)
  to   space 1111040K, 0% used [0x000000077c300000,0x000000077c300000,0x00000007c0000000)
 ParOldGen       total 2797568K, used 1631965K [0x000000055da00000, 0x0000000608600000, 0x00000006f4900000)
  object space 2797568K, 58% used [0x000000055da00000,0x00000005c13b7450,0x0000000608600000)
 Metaspace       used 5317K, capacity 5516K, committed 5632K, reserved 1056768K
  class space    used 585K, capacity 668K, committed 768K, reserved 1048576K
Event: 5411.916 GC heap after
Heap after GC invocations=1919 (full 3):
 PSYoungGen      total 2200576K, used 241030K [0x00000006f4900000, 0x00000007beb00000, 0x00000007c0000000)
  eden space 1111040K, 0% used [0x00000006f4900000,0x00000006f4900000,0x0000000738600000)
  from space 1089536K, 22% used [0x000000077c300000,0x000000078ae618d0,0x00000007beb00000)
  to   space 1100288K, 0% used [0x0000000738600000,0x0000000738600000,0x000000077b880000)
 ParOldGen       total 2797568K, used 1870939K [0x000000055da00000, 0x0000000608600000, 0x00000006f4900000)
  object space 2797568K, 66% used [0x000000055da00000,0x00000005cfd16fe0,0x0000000608600000)
 Metaspace       used 5317K, capacity 5516K, committed 5632K, reserved 1056768K
  class space    used 585K, capacity 668K, committed 768K, reserved 1048576K
}
Event: 5417.442 GC heap before
{Heap before GC invocations=1920 (full 3):
 PSYoungGen      total 2200576K, used 1352070K [0x00000006f4900000, 0x00000007beb00000, 0x00000007c0000000)
  eden space 1111040K, 100% used [0x00000006f4900000,0x0000000738600000,0x0000000738600000)
  from space 1089536K, 22% used [0x000000077c300000,0x000000078ae618d0,0x00000007beb00000)
  to   space 1100288K, 0% used [0x0000000738600000,0x0000000738600000,0x000000077b880000)
 ParOldGen       total 2797568K, used 1870939K [0x000000055da00000, 0x0000000608600000, 0x00000006f4900000)
  object space 2797568K, 66% used [0x000000055da00000,0x00000005cfd16fe0,0x0000000608600000)
 Metaspace       used 5317K, capacity 5516K, committed 5632K, reserved 1056768K
  class space    used 585K, capacity 668K, committed 768K, reserved 1048576K
Event: 5417.846 GC heap after
Heap after GC invocations=1920 (full 3):
 PSYoungGen      total 1592832K, used 481543K [0x00000006f4900000, 0x00000007bc680000, 0x00000007c0000000)
  eden space 1111040K, 0% used [0x00000006f4900000,0x00000006f4900000,0x0000000738600000)
  from space 481792K, 99% used [0x0000000738600000,0x0000000755c41f28,0x0000000755c80000)
  to   space 1065472K, 0% used [0x000000077b600000,0x000000077b600000,0x00000007bc680000)
 ParOldGen       total 2797568K, used 1870939K [0x000000055da00000, 0x0000000608600000, 0x00000006f4900000)
  object space 2797568K, 66% used [0x000000055da00000,0x00000005cfd16fe0,0x0000000608600000)
 Metaspace       used 5317K, capacity 5516K, committed 5632K, reserved 1056768K
  class space    used 585K, capacity 668K, committed 768K, reserved 1048576K
}
Event: 5423.123 GC heap before
{Heap before GC invocations=1921 (full 3):
 PSYoungGen      total 1592832K, used 1592583K [0x00000006f4900000, 0x00000007bc680000, 0x00000007c0000000)
  eden space 1111040K, 100% used [0x00000006f4900000,0x0000000738600000,0x0000000738600000)
  from space 481792K, 99% used [0x0000000738600000,0x0000000755c41f28,0x0000000755c80000)
  to   space 1065472K, 0% used [0x000000077b600000,0x000000077b600000,0x00000007bc680000)
 ParOldGen       total 2797568K, used 1870939K [0x000000055da00000, 0x0000000608600000, 0x00000006f4900000)
  object space 2797568K, 66% used [0x000000055da00000,0x00000005cfd16fe0,0x0000000608600000)
 Metaspace       used 5317K, capacity 5516K, committed 5632K, reserved 1056768K
  class space    used 585K, capacity 668K, committed 768K, reserved 1048576K
Event: 5423.579 GC heap after
Heap after GC invocations=1921 (full 3):
 PSYoungGen      total 2163200K, used 722185K [0x00000006f4900000, 0x00000007c0000000, 0x00000007c0000000)
  eden space 1097728K, 0% used [0x00000006f4900000,0x00000006f4900000,0x0000000737900000)
  from space 1065472K, 67% used [0x000000077b600000,0x00000007a7742580,0x00000007bc680000)
  to   space 1111040K, 0% used [0x0000000737900000,0x0000000737900000,0x000000077b600000)
 ParOldGen       total 2797568K, used 1870939K [0x000000055da00000, 0x0000000608600000, 0x00000006f4900000)
  object space 2797568K, 66% used [0x000000055da00000,0x00000005cfd16fe0,0x0000000608600000)
 Metaspace       used 5317K, capacity 5516K, committed 5632K, reserved 1056768K
  class space    used 585K, capacity 668K, committed 768K, reserved 1048576K
}
Event: 5426.425 GC heap before
{Heap before GC invocations=1922 (full 3):
 PSYoungGen      total 2163200K, used 1819913K [0x00000006f4900000, 0x00000007c0000000, 0x00000007c0000000)
  eden space 1097728K, 100% used [0x00000006f4900000,0x0000000737900000,0x0000000737900000)
  from space 1065472K, 67% used [0x000000077b600000,0x00000007a7742580,0x00000007bc680000)
  to   space 1111040K, 0% used [0x0000000737900000,0x0000000737900000,0x000000077b600000)
 ParOldGen       total 2797568K, used 1870939K [0x000000055da00000, 0x0000000608600000, 0x00000006f4900000)
  object space 2797568K, 66% used [0x000000055da00000,0x00000005cfd16fe0,0x0000000608600000)
 Metaspace       used 5317K, capacity 5516K, committed 5632K, reserved 1056768K
  class space    used 585K, capacity 668K, committed 768K, reserved 1048576K
Event: 5427.245 GC heap after
Heap after GC invocations=1922 (full 3):
 PSYoungGen      total 2208768K, used 478733K [0x00000006f4900000, 0x00000007bdc80000, 0x00000007c0000000)
  eden space 1097728K, 0% used [0x00000006f4900000,0x00000006f4900000,0x0000000737900000)
  from space 1111040K, 43% used [0x0000000737900000,0x0000000754c83570,0x000000077b600000)
  to   space 1070080K, 0% used [0x000000077c780000,0x000000077c780000,0x00000007bdc80000)
 ParOldGen       total 2797568K, used 2353399K [0x000000055da00000, 0x0000000608600000, 0x00000006f4900000)
  object space 2797568K, 84% used [0x000000055da00000,0x00000005ed43dc90,0x0000000608600000)
 Metaspace       used 5317K, capacity 5516K, committed 5632K, reserved 1056768K
  class space    used 585K, capacity 668K, committed 768K, reserved 1048576K
}
Event: 5427.245 GC heap before
{Heap before GC invocations=1923 (full 4):
 PSYoungGen      total 2208768K, used 478733K [0x00000006f4900000, 0x00000007bdc80000, 0x00000007c0000000)
  eden space 1097728K, 0% used [0x00000006f4900000,0x00000006f4900000,0x0000000737900000)
  from space 1111040K, 43% used [0x0000000737900000,0x0000000754c83570,0x000000077b600000)
  to   space 1070080K, 0% used [0x000000077c780000,0x000000077c780000,0x00000007bdc80000)
 ParOldGen       total 2797568K, used 2353399K [0x000000055da00000, 0x0000000608600000, 0x00000006f4900000)
  object space 2797568K, 84% used [0x000000055da00000,0x00000005ed43dc90,0x0000000608600000)
 Metaspace       used 5317K, capacity 5516K, committed 5632K, reserved 1056768K
  class space    used 585K, capacity 668K, committed 768K, reserved 1048576K

