# JRE version: Java(TM) SE Runtime Environment (8.0_45-b14) (build 1.8.0_45-b14)
# Java VM: Java HotSpot(TM) 64-Bit Server VM (25.45-b02 mixed mode linux-amd64 compressed oops)
Heap:
 PSYoungGen      total 968704K, used 5120K [0x0000000722e00000, 0x000000075e800000, 0x00000007c0000000)
  eden space 963584K, 0% used [0x0000000722e00000,0x0000000722e00000,0x000000075db00000)
  from space 5120K, 100% used [0x000000075db00000,0x000000075e000000,0x000000075e000000)
  to   space 2048K, 0% used [0x000000075e000000,0x000000075e000000,0x000000075e200000)
 ParOldGen       total 322560K, used 62817K [0x00000005e8a00000, 0x00000005fc500000, 0x0000000722e00000)
  object space 322560K, 19% used [0x00000005e8a00000,0x00000005ec758740,0x00000005fc500000)
 Metaspace       used 5242K, capacity 5476K, committed 5632K, reserved 1056768K
  class space    used 582K, capacity 672K, committed 768K, reserved 1048576K
GC Heap History (10 events):
Event: 3,885 GC heap after
Heap after GC invocations=2 (full 0):
 PSYoungGen      total 261632K, used 1136K [0x0000000722e00000, 0x0000000734100000, 0x00000007c0000000)
  eden space 241664K, 0% used [0x0000000722e00000,0x0000000722e00000,0x0000000731a00000)
  from space 19968K, 5% used [0x0000000732d80000,0x0000000732e9c010,0x0000000734100000)
  to   space 19968K, 0% used [0x0000000731a00000,0x0000000731a00000,0x0000000732d80000)
 ParOldGen       total 322560K, used 16K [0x00000005e8a00000, 0x00000005fc500000, 0x0000000722e00000)
  object space 322560K, 0% used [0x00000005e8a00000,0x00000005e8a04000,0x00000005fc500000)
 Metaspace       used 5141K, capacity 5412K, committed 5632K, reserved 1056768K
  class space    used 580K, capacity 672K, committed 768K, reserved 1048576K
}
Event: 5,287 GC heap before
{Heap before GC invocations=3 (full 0):
 PSYoungGen      total 261632K, used 242800K [0x0000000722e00000, 0x0000000734100000, 0x00000007c0000000)
  eden space 241664K, 100% used [0x0000000722e00000,0x0000000731a00000,0x0000000731a00000)
  from space 19968K, 5% used [0x0000000732d80000,0x0000000732e9c010,0x0000000734100000)
  to   space 19968K, 0% used [0x0000000731a00000,0x0000000731a00000,0x0000000732d80000)
 ParOldGen       total 322560K, used 16K [0x00000005e8a00000, 0x00000005fc500000, 0x0000000722e00000)
  object space 322560K, 0% used [0x00000005e8a00000,0x00000005e8a04000,0x00000005fc500000)
 Metaspace       used 5141K, capacity 5412K, committed 5632K, reserved 1056768K
  class space    used 580K, capacity 672K, committed 768K, reserved 1048576K
Event: 5,365 GC heap after
Heap after GC invocations=3 (full 0):
 PSYoungGen      total 261632K, used 1184K [0x0000000722e00000, 0x0000000742d00000, 0x00000007c0000000)
  eden space 241664K, 0% used [0x0000000722e00000,0x0000000722e00000,0x0000000731a00000)
  from space 19968K, 5% used [0x0000000731a00000,0x0000000731b28020,0x0000000732d80000)
  to   space 19968K, 0% used [0x0000000741980000,0x0000000741980000,0x0000000742d00000)
 ParOldGen       total 322560K, used 24K [0x00000005e8a00000, 0x00000005fc500000, 0x0000000722e00000)
  object space 322560K, 0% used [0x00000005e8a00000,0x00000005e8a06000,0x00000005fc500000)
 Metaspace       used 5141K, capacity 5412K, committed 5632K, reserved 1056768K
  class space    used 580K, capacity 672K, committed 768K, reserved 1048576K
}
Event: 6,059 GC heap before
{Heap before GC invocations=4 (full 0):
 PSYoungGen      total 261632K, used 242848K [0x0000000722e00000, 0x0000000742d00000, 0x00000007c0000000)
  eden space 241664K, 100% used [0x0000000722e00000,0x0000000731a00000,0x0000000731a00000)
  from space 19968K, 5% used [0x0000000731a00000,0x0000000731b28020,0x0000000732d80000)
  to   space 19968K, 0% used [0x0000000741980000,0x0000000741980000,0x0000000742d00000)
 ParOldGen       total 322560K, used 24K [0x00000005e8a00000, 0x00000005fc500000, 0x0000000722e00000)
  object space 322560K, 0% used [0x00000005e8a00000,0x00000005e8a06000,0x00000005fc500000)
 Metaspace       used 5160K, capacity 5412K, committed 5632K, reserved 1056768K
  class space    used 580K, capacity 672K, committed 768K, reserved 1048576K
Event: 6,089 GC heap after
Heap after GC invocations=4 (full 0):
 PSYoungGen      total 503296K, used 1168K [0x0000000722e00000, 0x0000000742d00000, 0x00000007c0000000)
  eden space 483328K, 0% used [0x0000000722e00000,0x0000000722e00000,0x0000000740600000)
  from space 19968K, 5% used [0x0000000741980000,0x0000000741aa4010,0x0000000742d00000)
  to   space 19968K, 0% used [0x0000000740600000,0x0000000740600000,0x0000000741980000)
 ParOldGen       total 322560K, used 32K [0x00000005e8a00000, 0x00000005fc500000, 0x0000000722e00000)
  object space 322560K, 0% used [0x00000005e8a00000,0x00000005e8a08000,0x00000005fc500000)
 Metaspace       used 5160K, capacity 5412K, committed 5632K, reserved 1056768K
  class space    used 580K, capacity 672K, committed 768K, reserved 1048576K
}
Event: 9,240 GC heap before
{Heap before GC invocations=5 (full 0):
 PSYoungGen      total 503296K, used 484496K [0x0000000722e00000, 0x0000000742d00000, 0x00000007c0000000)
  eden space 483328K, 100% used [0x0000000722e00000,0x0000000740600000,0x0000000740600000)
  from space 19968K, 5% used [0x0000000741980000,0x0000000741aa4010,0x0000000742d00000)
  to   space 19968K, 0% used [0x0000000740600000,0x0000000740600000,0x0000000741980000)
 ParOldGen       total 322560K, used 32K [0x00000005e8a00000, 0x00000005fc500000, 0x0000000722e00000)
  object space 322560K, 0% used [0x00000005e8a00000,0x00000005e8a08000,0x00000005fc500000)
 Metaspace       used 5160K, capacity 5412K, committed 5632K, reserved 1056768K
  class space    used 580K, capacity 672K, committed 768K, reserved 1048576K
Event: 9,300 GC heap after
Heap after GC invocations=5 (full 0):
 PSYoungGen      total 503296K, used 1552K [0x0000000722e00000, 0x000000075e200000, 0x00000007c0000000)
  eden space 483328K, 0% used [0x0000000722e00000,0x0000000722e00000,0x0000000740600000)
  from space 19968K, 7% used [0x0000000740600000,0x0000000740784010,0x0000000741980000)
  to   space 2048K, 0% used [0x000000075e000000,0x000000075e000000,0x000000075e200000)
 ParOldGen       total 322560K, used 32K [0x00000005e8a00000, 0x00000005fc500000, 0x0000000722e00000)
  object space 322560K, 0% used [0x00000005e8a00000,0x00000005e8a08000,0x00000005fc500000)
 Metaspace       used 5160K, capacity 5412K, committed 5632K, reserved 1056768K
  class space    used 580K, capacity 672K, committed 768K, reserved 1048576K
}
Event: 13,101 GC heap before
{Heap before GC invocations=6 (full 0):
 PSYoungGen      total 503296K, used 484880K [0x0000000722e00000, 0x000000075e200000, 0x00000007c0000000)
  eden space 483328K, 100% used [0x0000000722e00000,0x0000000740600000,0x0000000740600000)
  from space 19968K, 7% used [0x0000000740600000,0x0000000740784010,0x0000000741980000)
  to   space 2048K, 0% used [0x000000075e000000,0x000000075e000000,0x000000075e200000)
 ParOldGen       total 322560K, used 32K [0x00000005e8a00000, 0x00000005fc500000, 0x0000000722e00000)
  object space 322560K, 0% used [0x00000005e8a00000,0x00000005e8a08000,0x00000005fc500000)
 Metaspace       used 5239K, capacity 5476K, committed 5632K, reserved 1056768K
  class space    used 582K, capacity 672K, committed 768K, reserved 1048576K
Event: 13,249 GC heap after
Heap after GC invocations=6 (full 0):
 PSYoungGen      total 965632K, used 2016K [0x0000000722e00000, 0x000000075e800000, 0x00000007c0000000)
  eden space 963584K, 0% used [0x0000000722e00000,0x0000000722e00000,0x000000075db00000)
  from space 2048K, 98% used [0x000000075e000000,0x000000075e1f8020,0x000000075e200000)
  to   space 5120K, 0% used [0x000000075db00000,0x000000075db00000,0x000000075e000000)
 ParOldGen       total 322560K, used 5389K [0x00000005e8a00000, 0x00000005fc500000, 0x0000000722e00000)
  object space 322560K, 1% used [0x00000005e8a00000,0x00000005e8f434f0,0x00000005fc500000)
 Metaspace       used 5239K, capacity 5476K, committed 5632K, reserved 1056768K
  class space    used 582K, capacity 672K, committed 768K, reserved 1048576K
}
Event: 27,462 GC heap before
{Heap before GC invocations=7 (full 0):
 PSYoungGen      total 965632K, used 965600K [0x0000000722e00000, 0x000000075e800000, 0x00000007c0000000)
  eden space 963584K, 100% used [0x0000000722e00000,0x000000075db00000,0x000000075db00000)
  from space 2048K, 98% used [0x000000075e000000,0x000000075e1f8020,0x000000075e200000)
  to   space 5120K, 0% used [0x000000075db00000,0x000000075db00000,0x000000075e000000)
 ParOldGen       total 322560K, used 5389K [0x00000005e8a00000, 0x00000005fc500000, 0x0000000722e00000)
  object space 322560K, 1% used [0x00000005e8a00000,0x00000005e8f434f0,0x00000005fc500000)
 Metaspace       used 5242K, capacity 5476K, committed 5632K, reserved 1056768K
  class space    used 582K, capacity 672K, committed 768K, reserved 1048576K

