# JRE version: Java(TM) SE Runtime Environment (8.0_45-b14) (build 1.8.0_45-b14)
# Java VM: Java HotSpot(TM) 64-Bit Server VM (25.45-b02 mixed mode linux-amd64 compressed oops)
Heap:
 PSYoungGen      total 1245696K, used 22784K [0x00000006f4900000, 0x0000000748600000, 0x00000007c0000000)
  eden space 1118720K, 0% used [0x00000006f4900000,0x00000006f4900000,0x0000000738d80000)
  from space 126976K, 17% used [0x0000000738d80000,0x000000073a3c0000,0x0000000740980000)
  to   space 126464K, 0% used [0x0000000740980000,0x0000000740980000,0x0000000748500000)
 ParOldGen       total 1332736K, used 754657K [0x000000055da00000, 0x00000005aef80000, 0x00000006f4900000)
  object space 1332736K, 56% used [0x000000055da00000,0x000000058baf8610,0x00000005aef80000)
 Metaspace       used 5211K, capacity 5412K, committed 5504K, reserved 1056768K
  class space    used 567K, capacity 608K, committed 640K, reserved 1048576K
GC Heap History (10 events):
Event: 16354,284 GC heap after
Heap after GC invocations=940 (full 0):
 PSYoungGen      total 890368K, used 47488K [0x00000006f4900000, 0x0000000731d80000, 0x00000007c0000000)
  eden space 787968K, 0% used [0x00000006f4900000,0x00000006f4900000,0x0000000724a80000)
  from space 102400K, 46% used [0x000000072b980000,0x000000072e7e0000,0x0000000731d80000)
  to   space 108032K, 0% used [0x0000000724a80000,0x0000000724a80000,0x000000072b400000)
 ParOldGen       total 1332736K, used 754633K [0x000000055da00000, 0x00000005aef80000, 0x00000006f4900000)
  object space 1332736K, 56% used [0x000000055da00000,0x000000058baf2610,0x00000005aef80000)
 Metaspace       used 5211K, capacity 5412K, committed 5504K, reserved 1056768K
  class space    used 567K, capacity 608K, committed 640K, reserved 1048576K
}
Event: 16368,507 GC heap before
{Heap before GC invocations=941 (full 0):
 PSYoungGen      total 890368K, used 835456K [0x00000006f4900000, 0x0000000731d80000, 0x00000007c0000000)
  eden space 787968K, 100% used [0x00000006f4900000,0x0000000724a80000,0x0000000724a80000)
  from space 102400K, 46% used [0x000000072b980000,0x000000072e7e0000,0x0000000731d80000)
  to   space 108032K, 0% used [0x0000000724a80000,0x0000000724a80000,0x000000072b400000)
 ParOldGen       total 1332736K, used 754633K [0x000000055da00000, 0x00000005aef80000, 0x00000006f4900000)
  object space 1332736K, 56% used [0x000000055da00000,0x000000058baf2610,0x00000005aef80000)
 Metaspace       used 5211K, capacity 5412K, committed 5504K, reserved 1056768K
  class space    used 567K, capacity 608K, committed 640K, reserved 1048576K
Event: 16368,640 GC heap after
Heap after GC invocations=941 (full 0):
 PSYoungGen      total 896000K, used 76032K [0x00000006f4900000, 0x000000073bf80000, 0x00000007c0000000)
  eden space 787968K, 0% used [0x00000006f4900000,0x00000006f4900000,0x0000000724a80000)
  from space 108032K, 70% used [0x0000000724a80000,0x00000007294c0000,0x000000072b400000)
  to   space 112128K, 0% used [0x0000000735200000,0x0000000735200000,0x000000073bf80000)
 ParOldGen       total 1332736K, used 754633K [0x000000055da00000, 0x00000005aef80000, 0x00000006f4900000)
  object space 1332736K, 56% used [0x000000055da00000,0x000000058baf2610,0x00000005aef80000)
 Metaspace       used 5211K, capacity 5412K, committed 5504K, reserved 1056768K
  class space    used 567K, capacity 608K, committed 640K, reserved 1048576K
}
Event: 16381,138 GC heap before
{Heap before GC invocations=942 (full 0):
 PSYoungGen      total 896000K, used 864000K [0x00000006f4900000, 0x000000073bf80000, 0x00000007c0000000)
  eden space 787968K, 100% used [0x00000006f4900000,0x0000000724a80000,0x0000000724a80000)
  from space 108032K, 70% used [0x0000000724a80000,0x00000007294c0000,0x000000072b400000)
  to   space 112128K, 0% used [0x0000000735200000,0x0000000735200000,0x000000073bf80000)
 ParOldGen       total 1332736K, used 754633K [0x000000055da00000, 0x00000005aef80000, 0x00000006f4900000)
  object space 1332736K, 56% used [0x000000055da00000,0x000000058baf2610,0x00000005aef80000)
 Metaspace       used 5211K, capacity 5412K, committed 5504K, reserved 1056768K
  class space    used 567K, capacity 608K, committed 640K, reserved 1048576K
Event: 16381,302 GC heap after
Heap after GC invocations=942 (full 0):
 PSYoungGen      total 1044480K, used 104864K [0x00000006f4900000, 0x000000073d980000, 0x00000007c0000000)
  eden space 932352K, 0% used [0x00000006f4900000,0x00000006f4900000,0x000000072d780000)
  from space 112128K, 93% used [0x0000000735200000,0x000000073b868000,0x000000073bf80000)
  to   space 125440K, 0% used [0x000000072d780000,0x000000072d780000,0x0000000735200000)
 ParOldGen       total 1332736K, used 754633K [0x000000055da00000, 0x00000005aef80000, 0x00000006f4900000)
  object space 1332736K, 56% used [0x000000055da00000,0x000000058baf2610,0x00000005aef80000)
 Metaspace       used 5211K, capacity 5412K, committed 5504K, reserved 1056768K
  class space    used 567K, capacity 608K, committed 640K, reserved 1048576K
}
Event: 16406,033 GC heap before
{Heap before GC invocations=943 (full 0):
 PSYoungGen      total 1044480K, used 1037216K [0x00000006f4900000, 0x000000073d980000, 0x00000007c0000000)
  eden space 932352K, 100% used [0x00000006f4900000,0x000000072d780000,0x000000072d780000)
  from space 112128K, 93% used [0x0000000735200000,0x000000073b868000,0x000000073bf80000)
  to   space 125440K, 0% used [0x000000072d780000,0x000000072d780000,0x0000000735200000)
 ParOldGen       total 1332736K, used 754633K [0x000000055da00000, 0x00000005aef80000, 0x00000006f4900000)
  object space 1332736K, 56% used [0x000000055da00000,0x000000058baf2610,0x00000005aef80000)
 Metaspace       used 5211K, capacity 5412K, committed 5504K, reserved 1056768K
  class space    used 567K, capacity 608K, committed 640K, reserved 1048576K
Event: 16406,093 GC heap after
Heap after GC invocations=943 (full 0):
 PSYoungGen      total 1057792K, used 10336K [0x00000006f4900000, 0x0000000748500000, 0x00000007c0000000)
  eden space 932352K, 0% used [0x00000006f4900000,0x00000006f4900000,0x000000072d780000)
  from space 125440K, 8% used [0x000000072d780000,0x000000072e198000,0x0000000735200000)
  to   space 126464K, 0% used [0x0000000740980000,0x0000000740980000,0x0000000748500000)
 ParOldGen       total 1332736K, used 754633K [0x000000055da00000, 0x00000005aef80000, 0x00000006f4900000)
  object space 1332736K, 56% used [0x000000055da00000,0x000000058baf2610,0x00000005aef80000)
 Metaspace       used 5211K, capacity 5412K, committed 5504K, reserved 1056768K
  class space    used 567K, capacity 608K, committed 640K, reserved 1048576K
}
Event: 16418,859 GC heap before
{Heap before GC invocations=944 (full 0):
 PSYoungGen      total 1057792K, used 942688K [0x00000006f4900000, 0x0000000748500000, 0x00000007c0000000)
  eden space 932352K, 100% used [0x00000006f4900000,0x000000072d780000,0x000000072d780000)
  from space 125440K, 8% used [0x000000072d780000,0x000000072e198000,0x0000000735200000)
  to   space 126464K, 0% used [0x0000000740980000,0x0000000740980000,0x0000000748500000)
 ParOldGen       total 1332736K, used 754633K [0x000000055da00000, 0x00000005aef80000, 0x00000006f4900000)
  object space 1332736K, 56% used [0x000000055da00000,0x000000058baf2610,0x00000005aef80000)
 Metaspace       used 5211K, capacity 5412K, committed 5504K, reserved 1056768K
  class space    used 567K, capacity 608K, committed 640K, reserved 1048576K
Event: 16418,991 GC heap after
Heap after GC invocations=944 (full 0):
 PSYoungGen      total 1245184K, used 73600K [0x00000006f4900000, 0x0000000748600000, 0x00000007c0000000)
  eden space 1118720K, 0% used [0x00000006f4900000,0x00000006f4900000,0x0000000738d80000)
  from space 126464K, 58% used [0x0000000740980000,0x0000000745160000,0x0000000748500000)
  to   space 126976K, 0% used [0x0000000738d80000,0x0000000738d80000,0x0000000740980000)
 ParOldGen       total 1332736K, used 754649K [0x000000055da00000, 0x00000005aef80000, 0x00000006f4900000)
  object space 1332736K, 56% used [0x000000055da00000,0x000000058baf6610,0x00000005aef80000)
 Metaspace       used 5211K, capacity 5412K, committed 5504K, reserved 1056768K
  class space    used 567K, capacity 608K, committed 640K, reserved 1048576K
}
Event: 16447,583 GC heap before
{Heap before GC invocations=945 (full 0):
 PSYoungGen      total 1245184K, used 1192320K [0x00000006f4900000, 0x0000000748600000, 0x00000007c0000000)
  eden space 1118720K, 100% used [0x00000006f4900000,0x0000000738d80000,0x0000000738d80000)
  from space 126464K, 58% used [0x0000000740980000,0x0000000745160000,0x0000000748500000)
  to   space 126976K, 0% used [0x0000000738d80000,0x0000000738d80000,0x0000000740980000)
 ParOldGen       total 1332736K, used 754649K [0x000000055da00000, 0x00000005aef80000, 0x00000006f4900000)
  object space 1332736K, 56% used [0x000000055da00000,0x000000058baf6610,0x00000005aef80000)
 Metaspace       used 5211K, capacity 5412K, committed 5504K, reserved 1056768K
  class space    used 567K, capacity 608K, committed 640K, reserved 1048576K

