# JRE version: Java(TM) SE Runtime Environment (8.0_45-b14) (build 1.8.0_45-b14)
# Java VM: Java HotSpot(TM) 64-Bit Server VM (25.45-b02 mixed mode linux-amd64 compressed oops)
Heap:
 PSYoungGen      total 2179072K, used 104311K [0x00000006f4900000, 0x00000007b7200000, 0x00000007c0000000)
  eden space 1227776K, 0% used [0x00000006f4900000,0x00000006f4900000,0x000000073f800000)
  from space 951296K, 10% used [0x000000077d100000,0x00000007836ddc68,0x00000007b7200000)
  to   space 979968K, 0% used [0x000000073f800000,0x000000073f800000,0x000000077b500000)
 ParOldGen       total 2479104K, used 2479077K [0x000000055da00000, 0x00000005f4f00000, 0x00000006f4900000)
  object space 2479104K, 99% used [0x000000055da00000,0x00000005f4ef9588,0x00000005f4f00000)
 Metaspace       used 5289K, capacity 5448K, committed 5632K, reserved 1056768K
  class space    used 585K, capacity 668K, committed 768K, reserved 1048576K
GC Heap History (10 events):
Event: 3660.835 GC heap after
Heap after GC invocations=1143 (full 3):
 PSYoungGen      total 2222080K, used 481691K [0x00000006f4900000, 0x00000007c0000000, 0x00000007c0000000)
  eden space 1111040K, 0% used [0x00000006f4900000,0x00000006f4900000,0x0000000738600000)
  from space 1111040K, 43% used [0x000000077c300000,0x0000000799966e58,0x00000007c0000000)
  to   space 1111040K, 0% used [0x0000000738600000,0x0000000738600000,0x000000077c300000)
 ParOldGen       total 2479104K, used 1141782K [0x000000055da00000, 0x00000005f4f00000, 0x00000006f4900000)
  object space 2479104K, 46% used [0x000000055da00000,0x00000005a35058e8,0x00000005f4f00000)
 Metaspace       used 5289K, capacity 5448K, committed 5632K, reserved 1056768K
  class space    used 585K, capacity 668K, committed 768K, reserved 1048576K
}
Event: 3667.086 GC heap before
{Heap before GC invocations=1144 (full 3):
 PSYoungGen      total 2222080K, used 1592731K [0x00000006f4900000, 0x00000007c0000000, 0x00000007c0000000)
  eden space 1111040K, 100% used [0x00000006f4900000,0x0000000738600000,0x0000000738600000)
  from space 1111040K, 43% used [0x000000077c300000,0x0000000799966e58,0x00000007c0000000)
  to   space 1111040K, 0% used [0x0000000738600000,0x0000000738600000,0x000000077c300000)
 ParOldGen       total 2479104K, used 1141782K [0x000000055da00000, 0x00000005f4f00000, 0x00000006f4900000)
  object space 2479104K, 46% used [0x000000055da00000,0x00000005a35058e8,0x00000005f4f00000)
 Metaspace       used 5289K, capacity 5448K, committed 5632K, reserved 1056768K
  class space    used 585K, capacity 668K, committed 768K, reserved 1048576K
Event: 3667.533 GC heap after
Heap after GC invocations=1144 (full 3):
 PSYoungGen      total 2222080K, used 722281K [0x00000006f4900000, 0x00000007c0000000, 0x00000007c0000000)
  eden space 1111040K, 0% used [0x00000006f4900000,0x00000006f4900000,0x0000000738600000)
  from space 1111040K, 65% used [0x0000000738600000,0x000000076475a580,0x000000077c300000)
  to   space 1111040K, 0% used [0x000000077c300000,0x000000077c300000,0x00000007c0000000)
 ParOldGen       total 2479104K, used 1141782K [0x000000055da00000, 0x00000005f4f00000, 0x00000006f4900000)
  object space 2479104K, 46% used [0x000000055da00000,0x00000005a35058e8,0x00000005f4f00000)
 Metaspace       used 5289K, capacity 5448K, committed 5632K, reserved 1056768K
  class space    used 585K, capacity 668K, committed 768K, reserved 1048576K
}
Event: 3672.632 GC heap before
{Heap before GC invocations=1145 (full 3):
 PSYoungGen      total 2222080K, used 1833321K [0x00000006f4900000, 0x00000007c0000000, 0x00000007c0000000)
  eden space 1111040K, 100% used [0x00000006f4900000,0x0000000738600000,0x0000000738600000)
  from space 1111040K, 65% used [0x0000000738600000,0x000000076475a580,0x000000077c300000)
  to   space 1111040K, 0% used [0x000000077c300000,0x000000077c300000,0x00000007c0000000)
 ParOldGen       total 2479104K, used 1141782K [0x000000055da00000, 0x00000005f4f00000, 0x00000006f4900000)
  object space 2479104K, 46% used [0x000000055da00000,0x00000005a35058e8,0x00000005f4f00000)
 Metaspace       used 5289K, capacity 5448K, committed 5632K, reserved 1056768K
  class space    used 585K, capacity 668K, committed 768K, reserved 1048576K
Event: 3673.504 GC heap after
Heap after GC invocations=1145 (full 3):
 PSYoungGen      total 2156544K, used 481639K [0x00000006f4900000, 0x00000007bc000000, 0x00000007c0000000)
  eden space 1111040K, 0% used [0x00000006f4900000,0x00000006f4900000,0x0000000738600000)
  from space 1045504K, 46% used [0x000000077c300000,0x0000000799959f28,0x00000007bc000000)
  to   space 1078272K, 0% used [0x0000000738600000,0x0000000738600000,0x000000077a300000)
 ParOldGen       total 2479104K, used 1624209K [0x000000055da00000, 0x00000005f4f00000, 0x00000006f4900000)
  object space 2479104K, 65% used [0x000000055da00000,0x00000005c0c24598,0x00000005f4f00000)
 Metaspace       used 5289K, capacity 5448K, committed 5632K, reserved 1056768K
  class space    used 585K, capacity 668K, committed 768K, reserved 1048576K
}
Event: 3678.310 GC heap before
{Heap before GC invocations=1146 (full 3):
 PSYoungGen      total 2156544K, used 1592679K [0x00000006f4900000, 0x00000007bc000000, 0x00000007c0000000)
  eden space 1111040K, 100% used [0x00000006f4900000,0x0000000738600000,0x0000000738600000)
  from space 1045504K, 46% used [0x000000077c300000,0x0000000799959f28,0x00000007bc000000)
  to   space 1078272K, 0% used [0x0000000738600000,0x0000000738600000,0x000000077a300000)
 ParOldGen       total 2479104K, used 1624209K [0x000000055da00000, 0x00000005f4f00000, 0x00000006f4900000)
  object space 2479104K, 65% used [0x000000055da00000,0x00000005c0c24598,0x00000005f4f00000)
 Metaspace       used 5289K, capacity 5448K, committed 5632K, reserved 1056768K
  class space    used 585K, capacity 668K, committed 768K, reserved 1048576K
Event: 3678.924 GC heap after
Heap after GC invocations=1146 (full 3):
 PSYoungGen      total 2189312K, used 481555K [0x00000006f4900000, 0x00000007bbc00000, 0x00000007c0000000)
  eden space 1111040K, 0% used [0x00000006f4900000,0x00000006f4900000,0x0000000738600000)
  from space 1078272K, 44% used [0x0000000738600000,0x0000000755c44dd0,0x000000077a300000)
  to   space 1027072K, 0% used [0x000000077d100000,0x000000077d100000,0x00000007bbc00000)
 ParOldGen       total 2479104K, used 1865503K [0x000000055da00000, 0x00000005f4f00000, 0x00000006f4900000)
  object space 2479104K, 75% used [0x000000055da00000,0x00000005cf7c7e68,0x00000005f4f00000)
 Metaspace       used 5289K, capacity 5448K, committed 5632K, reserved 1056768K
  class space    used 585K, capacity 668K, committed 768K, reserved 1048576K
}
Event: 3683.639 GC heap before
{Heap before GC invocations=1147 (full 3):
 PSYoungGen      total 2189312K, used 1592595K [0x00000006f4900000, 0x00000007bbc00000, 0x00000007c0000000)
  eden space 1111040K, 100% used [0x00000006f4900000,0x0000000738600000,0x0000000738600000)
  from space 1078272K, 44% used [0x0000000738600000,0x0000000755c44dd0,0x000000077a300000)
  to   space 1027072K, 0% used [0x000000077d100000,0x000000077d100000,0x00000007bbc00000)
 ParOldGen       total 2479104K, used 1865503K [0x000000055da00000, 0x00000005f4f00000, 0x00000006f4900000)
  object space 2479104K, 75% used [0x000000055da00000,0x00000005cf7c7e68,0x00000005f4f00000)
 Metaspace       used 5289K, capacity 5448K, committed 5632K, reserved 1056768K
  class space    used 585K, capacity 668K, committed 768K, reserved 1048576K
Event: 3684.292 GC heap after
Heap after GC invocations=1147 (full 3):
 PSYoungGen      total 2179072K, used 481603K [0x00000006f4900000, 0x00000007b7200000, 0x00000007c0000000)
  eden space 1227776K, 0% used [0x00000006f4900000,0x00000006f4900000,0x000000073f800000)
  from space 951296K, 50% used [0x000000077d100000,0x000000079a750cb0,0x00000007b7200000)
  to   space 979968K, 0% used [0x000000073f800000,0x000000073f800000,0x000000077b500000)
 ParOldGen       total 2479104K, used 2106777K [0x000000055da00000, 0x00000005f4f00000, 0x00000006f4900000)
  object space 2479104K, 84% used [0x000000055da00000,0x00000005de3664c0,0x00000005f4f00000)
 Metaspace       used 5289K, capacity 5448K, committed 5632K, reserved 1056768K
  class space    used 585K, capacity 668K, committed 768K, reserved 1048576K
}
Event: 3684.292 GC heap before
{Heap before GC invocations=1148 (full 4):
 PSYoungGen      total 2179072K, used 481603K [0x00000006f4900000, 0x00000007b7200000, 0x00000007c0000000)
  eden space 1227776K, 0% used [0x00000006f4900000,0x00000006f4900000,0x000000073f800000)
  from space 951296K, 50% used [0x000000077d100000,0x000000079a750cb0,0x00000007b7200000)
  to   space 979968K, 0% used [0x000000073f800000,0x000000073f800000,0x000000077b500000)
 ParOldGen       total 2479104K, used 2106777K [0x000000055da00000, 0x00000005f4f00000, 0x00000006f4900000)
  object space 2479104K, 84% used [0x000000055da00000,0x00000005de3664c0,0x00000005f4f00000)
 Metaspace       used 5289K, capacity 5448K, committed 5632K, reserved 1056768K
  class space    used 585K, capacity 668K, committed 768K, reserved 1048576K

