# JRE version: Java(TM) SE Runtime Environment (8.0_45-b14) (build 1.8.0_45-b14)
# Java VM: Java HotSpot(TM) 64-Bit Server VM (25.45-b02 mixed mode linux-amd64 compressed oops)
Heap:
 PSYoungGen      total 3303936K, used 3104K [0x0000000670980000, 0x000000073a880000, 0x00000007c0000000)
  eden space 3299328K, 0% used [0x0000000670980000,0x0000000670980000,0x0000000739f80000)
  from space 4608K, 67% used [0x0000000739f80000,0x000000073a288000,0x000000073a400000)
  to   space 4096K, 0% used [0x000000073a480000,0x000000073a480000,0x000000073a880000)
 ParOldGen       total 688128K, used 3068K [0x00000003d1c00000, 0x00000003fbc00000, 0x0000000670980000)
  object space 688128K, 0% used [0x00000003d1c00000,0x00000003d1eff080,0x00000003fbc00000)
 Metaspace       used 5342K, capacity 5588K, committed 5888K, reserved 1056768K
  class space    used 588K, capacity 672K, committed 768K, reserved 1048576K
GC Heap History (10 events):
Event: 3,129 GC heap after
Heap after GC invocations=6 (full 0):
 PSYoungGen      total 1033728K, used 2528K [0x0000000670980000, 0x00000006b0080000, 0x00000007c0000000)
  eden space 1031168K, 0% used [0x0000000670980000,0x0000000670980000,0x00000006af880000)
  from space 2560K, 98% used [0x00000006afc00000,0x00000006afe78020,0x00000006afe80000)
  to   space 3584K, 0% used [0x00000006af880000,0x00000006af880000,0x00000006afc00000)
 ParOldGen       total 688128K, used 928K [0x00000003d1c00000, 0x00000003fbc00000, 0x0000000670980000)
  object space 688128K, 0% used [0x00000003d1c00000,0x00000003d1ce8000,0x00000003fbc00000)
 Metaspace       used 5281K, capacity 5524K, committed 5632K, reserved 1056768K
  class space    used 588K, capacity 672K, committed 768K, reserved 1048576K
}
Event: 4,463 GC heap before
{Heap before GC invocations=7 (full 0):
 PSYoungGen      total 1033728K, used 1033696K [0x0000000670980000, 0x00000006b0080000, 0x00000007c0000000)
  eden space 1031168K, 100% used [0x0000000670980000,0x00000006af880000,0x00000006af880000)
  from space 2560K, 98% used [0x00000006afc00000,0x00000006afe78020,0x00000006afe80000)
  to   space 3584K, 0% used [0x00000006af880000,0x00000006af880000,0x00000006afc00000)
 ParOldGen       total 688128K, used 928K [0x00000003d1c00000, 0x00000003fbc00000, 0x0000000670980000)
  object space 688128K, 0% used [0x00000003d1c00000,0x00000003d1ce8000,0x00000003fbc00000)
 Metaspace       used 5300K, capacity 5524K, committed 5632K, reserved 1056768K
  class space    used 588K, capacity 672K, committed 768K, reserved 1048576K
Event: 4,490 GC heap after
Heap after GC invocations=7 (full 0):
 PSYoungGen      total 1034752K, used 3008K [0x0000000670980000, 0x00000006eef80000, 0x00000007c0000000)
  eden space 1031168K, 0% used [0x0000000670980000,0x0000000670980000,0x00000006af880000)
  from space 3584K, 83% used [0x00000006af880000,0x00000006afb70000,0x00000006afc00000)
  to   space 4096K, 0% used [0x00000006eeb80000,0x00000006eeb80000,0x00000006eef80000)
 ParOldGen       total 688128K, used 1860K [0x00000003d1c00000, 0x00000003fbc00000, 0x0000000670980000)
  object space 688128K, 0% used [0x00000003d1c00000,0x00000003d1dd1080,0x00000003fbc00000)
 Metaspace       used 5300K, capacity 5524K, committed 5632K, reserved 1056768K
  class space    used 588K, capacity 672K, committed 768K, reserved 1048576K
}
Event: 5,705 GC heap before
{Heap before GC invocations=8 (full 0):
 PSYoungGen      total 1034752K, used 1034176K [0x0000000670980000, 0x00000006eef80000, 0x00000007c0000000)
  eden space 1031168K, 100% used [0x0000000670980000,0x00000006af880000,0x00000006af880000)
  from space 3584K, 83% used [0x00000006af880000,0x00000006afb70000,0x00000006afc00000)
  to   space 4096K, 0% used [0x00000006eeb80000,0x00000006eeb80000,0x00000006eef80000)
 ParOldGen       total 688128K, used 1860K [0x00000003d1c00000, 0x00000003fbc00000, 0x0000000670980000)
  object space 688128K, 0% used [0x00000003d1c00000,0x00000003d1dd1080,0x00000003fbc00000)
 Metaspace       used 5308K, capacity 5524K, committed 5632K, reserved 1056768K
  class space    used 588K, capacity 672K, committed 768K, reserved 1048576K
Event: 5,732 GC heap after
Heap after GC invocations=8 (full 0):
 PSYoungGen      total 2065920K, used 4032K [0x0000000670980000, 0x00000006ef080000, 0x00000007c0000000)
  eden space 2061824K, 0% used [0x0000000670980000,0x0000000670980000,0x00000006ee700000)
  from space 4096K, 98% used [0x00000006eeb80000,0x00000006eef70000,0x00000006eef80000)
  to   space 4608K, 0% used [0x00000006ee700000,0x00000006ee700000,0x00000006eeb80000)
 ParOldGen       total 688128K, used 1884K [0x00000003d1c00000, 0x00000003fbc00000, 0x0000000670980000)
  object space 688128K, 0% used [0x00000003d1c00000,0x00000003d1dd7080,0x00000003fbc00000)
 Metaspace       used 5308K, capacity 5524K, committed 5632K, reserved 1056768K
  class space    used 588K, capacity 672K, committed 768K, reserved 1048576K
}
Event: 9,018 GC heap before
{Heap before GC invocations=9 (full 0):
 PSYoungGen      total 2065920K, used 2065856K [0x0000000670980000, 0x00000006ef080000, 0x00000007c0000000)
  eden space 2061824K, 100% used [0x0000000670980000,0x00000006ee700000,0x00000006ee700000)
  from space 4096K, 98% used [0x00000006eeb80000,0x00000006eef70000,0x00000006eef80000)
  to   space 4608K, 0% used [0x00000006ee700000,0x00000006ee700000,0x00000006eeb80000)
 ParOldGen       total 688128K, used 1884K [0x00000003d1c00000, 0x00000003fbc00000, 0x0000000670980000)
  object space 688128K, 0% used [0x00000003d1c00000,0x00000003d1dd7080,0x00000003fbc00000)
 Metaspace       used 5315K, capacity 5524K, committed 5632K, reserved 1056768K
  class space    used 588K, capacity 672K, committed 768K, reserved 1048576K
Event: 9,025 GC heap after
Heap after GC invocations=9 (full 0):
 PSYoungGen      total 2066432K, used 3584K [0x0000000670980000, 0x000000073a980000, 0x00000007c0000000)
  eden space 2061824K, 0% used [0x0000000670980000,0x0000000670980000,0x00000006ee700000)
  from space 4608K, 77% used [0x00000006ee700000,0x00000006eea80000,0x00000006eeb80000)
  to   space 5120K, 0% used [0x000000073a480000,0x000000073a480000,0x000000073a980000)
 ParOldGen       total 688128K, used 1996K [0x00000003d1c00000, 0x00000003fbc00000, 0x0000000670980000)
  object space 688128K, 0% used [0x00000003d1c00000,0x00000003d1df3080,0x00000003fbc00000)
 Metaspace       used 5315K, capacity 5524K, committed 5632K, reserved 1056768K
  class space    used 588K, capacity 672K, committed 768K, reserved 1048576K
}
Event: 11,431 GC heap before
{Heap before GC invocations=10 (full 0):
 PSYoungGen      total 2066432K, used 2065408K [0x0000000670980000, 0x000000073a980000, 0x00000007c0000000)
  eden space 2061824K, 100% used [0x0000000670980000,0x00000006ee700000,0x00000006ee700000)
  from space 4608K, 77% used [0x00000006ee700000,0x00000006eea80000,0x00000006eeb80000)
  to   space 5120K, 0% used [0x000000073a480000,0x000000073a480000,0x000000073a980000)
 ParOldGen       total 688128K, used 1996K [0x00000003d1c00000, 0x00000003fbc00000, 0x0000000670980000)
  object space 688128K, 0% used [0x00000003d1c00000,0x00000003d1df3080,0x00000003fbc00000)
 Metaspace       used 5318K, capacity 5524K, committed 5632K, reserved 1056768K
  class space    used 588K, capacity 672K, committed 768K, reserved 1048576K
Event: 11,439 GC heap after
Heap after GC invocations=10 (full 0):
 PSYoungGen      total 3303424K, used 2304K [0x0000000670980000, 0x000000073a880000, 0x00000007c0000000)
  eden space 3299328K, 0% used [0x0000000670980000,0x0000000670980000,0x0000000739f80000)
  from space 4096K, 56% used [0x000000073a480000,0x000000073a6c0000,0x000000073a880000)
  to   space 4608K, 0% used [0x0000000739f80000,0x0000000739f80000,0x000000073a400000)
 ParOldGen       total 688128K, used 2324K [0x00000003d1c00000, 0x00000003fbc00000, 0x0000000670980000)
  object space 688128K, 0% used [0x00000003d1c00000,0x00000003d1e45080,0x00000003fbc00000)
 Metaspace       used 5318K, capacity 5524K, committed 5632K, reserved 1056768K
  class space    used 588K, capacity 672K, committed 768K, reserved 1048576K
}
Event: 15,529 GC heap before
{Heap before GC invocations=11 (full 0):
 PSYoungGen      total 3303424K, used 3301632K [0x0000000670980000, 0x000000073a880000, 0x00000007c0000000)
  eden space 3299328K, 100% used [0x0000000670980000,0x0000000739f80000,0x0000000739f80000)
  from space 4096K, 56% used [0x000000073a480000,0x000000073a6c0000,0x000000073a880000)
  to   space 4608K, 0% used [0x0000000739f80000,0x0000000739f80000,0x000000073a400000)
 ParOldGen       total 688128K, used 2324K [0x00000003d1c00000, 0x00000003fbc00000, 0x0000000670980000)
  object space 688128K, 0% used [0x00000003d1c00000,0x00000003d1e45080,0x00000003fbc00000)
 Metaspace       used 5342K, capacity 5588K, committed 5888K, reserved 1056768K
  class space    used 588K, capacity 672K, committed 768K, reserved 1048576K

