# JRE version: Java(TM) SE Runtime Environment (8.0_45-b14) (build 1.8.0_45-b14)
# Java VM: Java HotSpot(TM) 64-Bit Server VM (25.45-b02 mixed mode linux-amd64 compressed oops)
Heap:
 PSYoungGen      total 4097536K, used 1888K [0x0000000670980000, 0x0000000770c00000, 0x00000007c0000000)
  eden space 4093440K, 0% used [0x0000000670980000,0x0000000670980000,0x000000076a700000)
  from space 4096K, 46% used [0x000000076a700000,0x000000076a8d8000,0x000000076ab00000)
  to   space 4608K, 0% used [0x000000076ab00000,0x000000076ab00000,0x000000076af80000)
 ParOldGen       total 688128K, used 7964K [0x00000003d1c00000, 0x00000003fbc00000, 0x0000000670980000)
  object space 688128K, 1% used [0x00000003d1c00000,0x00000003d23c7080,0x00000003fbc00000)
 Metaspace       used 5379K, capacity 5588K, committed 5888K, reserved 1056768K
  class space    used 588K, capacity 672K, committed 768K, reserved 1048576K
GC Heap History (10 events):
Event: 48,692 GC heap after
Heap after GC invocations=20 (full 0):
 PSYoungGen      total 2343936K, used 1984K [0x0000000670980000, 0x000000076b500000, 0x00000007c0000000)
  eden space 2341888K, 0% used [0x0000000670980000,0x0000000670980000,0x00000006ff880000)
  from space 2048K, 96% used [0x000000076b300000,0x000000076b4f0000,0x000000076b500000)
  to   space 5120K, 0% used [0x000000076ab00000,0x000000076ab00000,0x000000076b000000)
 ParOldGen       total 688128K, used 7660K [0x00000003d1c00000, 0x00000003fbc00000, 0x0000000670980000)
  object space 688128K, 1% used [0x00000003d1c00000,0x00000003d237b080,0x00000003fbc00000)
 Metaspace       used 5378K, capacity 5588K, committed 5888K, reserved 1056768K
  class space    used 588K, capacity 672K, committed 768K, reserved 1048576K
}
Event: 50,669 GC heap before
{Heap before GC invocations=21 (full 0):
 PSYoungGen      total 2343936K, used 2343872K [0x0000000670980000, 0x000000076b500000, 0x00000007c0000000)
  eden space 2341888K, 100% used [0x0000000670980000,0x00000006ff880000,0x00000006ff880000)
  from space 2048K, 96% used [0x000000076b300000,0x000000076b4f0000,0x000000076b500000)
  to   space 5120K, 0% used [0x000000076ab00000,0x000000076ab00000,0x000000076b000000)
 ParOldGen       total 688128K, used 7660K [0x00000003d1c00000, 0x00000003fbc00000, 0x0000000670980000)
  object space 688128K, 1% used [0x00000003d1c00000,0x00000003d237b080,0x00000003fbc00000)
 Metaspace       used 5379K, capacity 5588K, committed 5888K, reserved 1056768K
  class space    used 588K, capacity 672K, committed 768K, reserved 1048576K
Event: 50,706 GC heap after
Heap after GC invocations=21 (full 0):
 PSYoungGen      total 2238464K, used 1920K [0x0000000670980000, 0x000000076b380000, 0x00000007c0000000)
  eden space 2236416K, 0% used [0x0000000670980000,0x0000000670980000,0x00000006f9180000)
  from space 2048K, 93% used [0x000000076ab00000,0x000000076ace0000,0x000000076ad00000)
  to   space 4608K, 0% used [0x000000076af00000,0x000000076af00000,0x000000076b380000)
 ParOldGen       total 688128K, used 7700K [0x00000003d1c00000, 0x00000003fbc00000, 0x0000000670980000)
  object space 688128K, 1% used [0x00000003d1c00000,0x00000003d2385080,0x00000003fbc00000)
 Metaspace       used 5379K, capacity 5588K, committed 5888K, reserved 1056768K
  class space    used 588K, capacity 672K, committed 768K, reserved 1048576K
}
Event: 52,517 GC heap before
{Heap before GC invocations=22 (full 0):
 PSYoungGen      total 2238464K, used 2238336K [0x0000000670980000, 0x000000076b380000, 0x00000007c0000000)
  eden space 2236416K, 100% used [0x0000000670980000,0x00000006f9180000,0x00000006f9180000)
  from space 2048K, 93% used [0x000000076ab00000,0x000000076ace0000,0x000000076ad00000)
  to   space 4608K, 0% used [0x000000076af00000,0x000000076af00000,0x000000076b380000)
 ParOldGen       total 688128K, used 7700K [0x00000003d1c00000, 0x00000003fbc00000, 0x0000000670980000)
  object space 688128K, 1% used [0x00000003d1c00000,0x00000003d2385080,0x00000003fbc00000)
 Metaspace       used 5379K, capacity 5588K, committed 5888K, reserved 1056768K
  class space    used 588K, capacity 672K, committed 768K, reserved 1048576K
Event: 52,529 GC heap after
Heap after GC invocations=22 (full 0):
 PSYoungGen      total 2138624K, used 1984K [0x0000000670980000, 0x000000076b100000, 0x00000007c0000000)
  eden space 2136576K, 0% used [0x0000000670980000,0x0000000670980000,0x00000006f3000000)
  from space 2048K, 96% used [0x000000076af00000,0x000000076b0f0000,0x000000076b100000)
  to   space 4608K, 0% used [0x000000076a800000,0x000000076a800000,0x000000076ac80000)
 ParOldGen       total 688128K, used 7764K [0x00000003d1c00000, 0x00000003fbc00000, 0x0000000670980000)
  object space 688128K, 1% used [0x00000003d1c00000,0x00000003d2395080,0x00000003fbc00000)
 Metaspace       used 5379K, capacity 5588K, committed 5888K, reserved 1056768K
  class space    used 588K, capacity 672K, committed 768K, reserved 1048576K
}
Event: 54,286 GC heap before
{Heap before GC invocations=23 (full 0):
 PSYoungGen      total 2138624K, used 2138560K [0x0000000670980000, 0x000000076b100000, 0x00000007c0000000)
  eden space 2136576K, 100% used [0x0000000670980000,0x00000006f3000000,0x00000006f3000000)
  from space 2048K, 96% used [0x000000076af00000,0x000000076b0f0000,0x000000076b100000)
  to   space 4608K, 0% used [0x000000076a800000,0x000000076a800000,0x000000076ac80000)
 ParOldGen       total 688128K, used 7764K [0x00000003d1c00000, 0x00000003fbc00000, 0x0000000670980000)
  object space 688128K, 1% used [0x00000003d1c00000,0x00000003d2395080,0x00000003fbc00000)
 Metaspace       used 5379K, capacity 5588K, committed 5888K, reserved 1056768K
  class space    used 588K, capacity 672K, committed 768K, reserved 1048576K
Event: 54,337 GC heap after
Heap after GC invocations=23 (full 0):
 PSYoungGen      total 2993152K, used 1184K [0x0000000670980000, 0x000000076af80000, 0x00000007c0000000)
  eden space 2991616K, 0% used [0x0000000670980000,0x0000000670980000,0x0000000727300000)
  from space 1536K, 77% used [0x000000076a800000,0x000000076a928000,0x000000076a980000)
  to   space 4608K, 0% used [0x000000076ab00000,0x000000076ab00000,0x000000076af80000)
 ParOldGen       total 688128K, used 7828K [0x00000003d1c00000, 0x00000003fbc00000, 0x0000000670980000)
  object space 688128K, 1% used [0x00000003d1c00000,0x00000003d23a5080,0x00000003fbc00000)
 Metaspace       used 5379K, capacity 5588K, committed 5888K, reserved 1056768K
  class space    used 588K, capacity 672K, committed 768K, reserved 1048576K
}
Event: 56,851 GC heap before
{Heap before GC invocations=24 (full 0):
 PSYoungGen      total 2993152K, used 2992800K [0x0000000670980000, 0x000000076af80000, 0x00000007c0000000)
  eden space 2991616K, 100% used [0x0000000670980000,0x0000000727300000,0x0000000727300000)
  from space 1536K, 77% used [0x000000076a800000,0x000000076a928000,0x000000076a980000)
  to   space 4608K, 0% used [0x000000076ab00000,0x000000076ab00000,0x000000076af80000)
 ParOldGen       total 688128K, used 7828K [0x00000003d1c00000, 0x00000003fbc00000, 0x0000000670980000)
  object space 688128K, 1% used [0x00000003d1c00000,0x00000003d23a5080,0x00000003fbc00000)
 Metaspace       used 5379K, capacity 5588K, committed 5888K, reserved 1056768K
  class space    used 588K, capacity 672K, committed 768K, reserved 1048576K
Event: 56,872 GC heap after
Heap after GC invocations=24 (full 0):
 PSYoungGen      total 4098048K, used 2016K [0x0000000670980000, 0x0000000770c00000, 0x00000007c0000000)
  eden space 4093440K, 0% used [0x0000000670980000,0x0000000670980000,0x000000076a700000)
  from space 4608K, 43% used [0x000000076ab00000,0x000000076acf8000,0x000000076af80000)
  to   space 4096K, 0% used [0x000000076a700000,0x000000076a700000,0x000000076ab00000)
 ParOldGen       total 688128K, used 7884K [0x00000003d1c00000, 0x00000003fbc00000, 0x0000000670980000)
  object space 688128K, 1% used [0x00000003d1c00000,0x00000003d23b3080,0x00000003fbc00000)
 Metaspace       used 5379K, capacity 5588K, committed 5888K, reserved 1056768K
  class space    used 588K, capacity 672K, committed 768K, reserved 1048576K
}
Event: 60,572 GC heap before
{Heap before GC invocations=25 (full 0):
 PSYoungGen      total 4098048K, used 4095456K [0x0000000670980000, 0x0000000770c00000, 0x00000007c0000000)
  eden space 4093440K, 100% used [0x0000000670980000,0x000000076a700000,0x000000076a700000)
  from space 4608K, 43% used [0x000000076ab00000,0x000000076acf8000,0x000000076af80000)
  to   space 4096K, 0% used [0x000000076a700000,0x000000076a700000,0x000000076ab00000)
 ParOldGen       total 688128K, used 7884K [0x00000003d1c00000, 0x00000003fbc00000, 0x0000000670980000)
  object space 688128K, 1% used [0x00000003d1c00000,0x00000003d23b3080,0x00000003fbc00000)
 Metaspace       used 5379K, capacity 5588K, committed 5888K, reserved 1056768K
  class space    used 588K, capacity 672K, committed 768K, reserved 1048576K

