# JRE version: Java(TM) SE Runtime Environment (8.0_45-b14) (build 1.8.0_45-b14)
# Java VM: Java HotSpot(TM) 64-Bit Server VM (25.45-b02 mixed mode linux-amd64 compressed oops)
Heap:
 PSYoungGen      total 2493440K, used 38272K [0x00000006c4780000, 0x0000000763600000, 0x00000007c0000000)
  eden space 2383360K, 0% used [0x00000006c4780000,0x00000006c4780000,0x0000000755f00000)
  from space 110080K, 34% used [0x0000000755f00000,0x0000000758460000,0x000000075ca80000)
  to   space 102400K, 0% used [0x000000075d200000,0x000000075d200000,0x0000000763600000)
 ParOldGen       total 516096K, used 185293K [0x00000004cd600000, 0x00000004ece00000, 0x00000006c4780000)
  object space 516096K, 35% used [0x00000004cd600000,0x00000004d8af3580,0x00000004ece00000)
 Metaspace       used 5261K, capacity 5476K, committed 5632K, reserved 1056768K
  class space    used 582K, capacity 672K, committed 768K, reserved 1048576K
GC Heap History (10 events):
Event: 3,174 GC heap after
Heap after GC invocations=6 (full 0):
 PSYoungGen      total 766464K, used 2016K [0x00000006c4780000, 0x00000006f5280000, 0x00000007c0000000)
  eden space 764416K, 0% used [0x00000006c4780000,0x00000006c4780000,0x00000006f3200000)
  from space 2048K, 98% used [0x00000006f3d80000,0x00000006f3f78020,0x00000006f3f80000)
  to   space 11776K, 0% used [0x00000006f3200000,0x00000006f3200000,0x00000006f3d80000)
 ParOldGen       total 516096K, used 16684K [0x00000004cd600000, 0x00000004ece00000, 0x00000006c4780000)
  object space 516096K, 3% used [0x00000004cd600000,0x00000004ce64b260,0x00000004ece00000)
 Metaspace       used 5174K, capacity 5412K, committed 5632K, reserved 1056768K
  class space    used 580K, capacity 672K, committed 768K, reserved 1048576K
}
Event: 4,700 GC heap before
{Heap before GC invocations=7 (full 0):
 PSYoungGen      total 766464K, used 766432K [0x00000006c4780000, 0x00000006f5280000, 0x00000007c0000000)
  eden space 764416K, 100% used [0x00000006c4780000,0x00000006f3200000,0x00000006f3200000)
  from space 2048K, 98% used [0x00000006f3d80000,0x00000006f3f78020,0x00000006f3f80000)
  to   space 11776K, 0% used [0x00000006f3200000,0x00000006f3200000,0x00000006f3d80000)
 ParOldGen       total 516096K, used 16684K [0x00000004cd600000, 0x00000004ece00000, 0x00000006c4780000)
  object space 516096K, 3% used [0x00000004cd600000,0x00000004ce64b260,0x00000004ece00000)
 Metaspace       used 5246K, capacity 5476K, committed 5632K, reserved 1056768K
  class space    used 582K, capacity 672K, committed 768K, reserved 1048576K
Event: 4,884 GC heap after
Heap after GC invocations=7 (full 0):
 PSYoungGen      total 776192K, used 11776K [0x00000006c4780000, 0x000000072a480000, 0x00000007c0000000)
  eden space 764416K, 0% used [0x00000006c4780000,0x00000006c4780000,0x00000006f3200000)
  from space 11776K, 100% used [0x00000006f3200000,0x00000006f3d80000,0x00000006f3d80000)
  to   space 69632K, 0% used [0x0000000726080000,0x0000000726080000,0x000000072a480000)
 ParOldGen       total 516096K, used 127063K [0x00000004cd600000, 0x00000004ece00000, 0x00000006c4780000)
  object space 516096K, 24% used [0x00000004cd600000,0x00000004d5215f08,0x00000004ece00000)
 Metaspace       used 5246K, capacity 5476K, committed 5632K, reserved 1056768K
  class space    used 582K, capacity 672K, committed 768K, reserved 1048576K
}
Event: 10,568 GC heap before
{Heap before GC invocations=8 (full 0):
 PSYoungGen      total 776192K, used 776192K [0x00000006c4780000, 0x000000072a480000, 0x00000007c0000000)
  eden space 764416K, 100% used [0x00000006c4780000,0x00000006f3200000,0x00000006f3200000)
  from space 11776K, 100% used [0x00000006f3200000,0x00000006f3d80000,0x00000006f3d80000)
  to   space 69632K, 0% used [0x0000000726080000,0x0000000726080000,0x000000072a480000)
 ParOldGen       total 516096K, used 127063K [0x00000004cd600000, 0x00000004ece00000, 0x00000006c4780000)
  object space 516096K, 24% used [0x00000004cd600000,0x00000004d5215f08,0x00000004ece00000)
 Metaspace       used 5249K, capacity 5476K, committed 5632K, reserved 1056768K
  class space    used 582K, capacity 672K, committed 768K, reserved 1048576K
Event: 10,731 GC heap after
Heap after GC invocations=8 (full 0):
 PSYoungGen      total 1559040K, used 69632K [0x00000006c4780000, 0x000000072f180000, 0x00000007c0000000)
  eden space 1489408K, 0% used [0x00000006c4780000,0x00000006c4780000,0x000000071f600000)
  from space 69632K, 100% used [0x0000000726080000,0x000000072a480000,0x000000072a480000)
  to   space 109056K, 0% used [0x000000071f600000,0x000000071f600000,0x0000000726080000)
 ParOldGen       total 516096K, used 181860K [0x00000004cd600000, 0x00000004ece00000, 0x00000006c4780000)
  object space 516096K, 35% used [0x00000004cd600000,0x00000004d87992d8,0x00000004ece00000)
 Metaspace       used 5249K, capacity 5476K, committed 5632K, reserved 1056768K
  class space    used 582K, capacity 672K, committed 768K, reserved 1048576K
}
Event: 30,406 GC heap before
{Heap before GC invocations=9 (full 0):
 PSYoungGen      total 1559040K, used 1559040K [0x00000006c4780000, 0x000000072f180000, 0x00000007c0000000)
  eden space 1489408K, 100% used [0x00000006c4780000,0x000000071f600000,0x000000071f600000)
  from space 69632K, 100% used [0x0000000726080000,0x000000072a480000,0x000000072a480000)
  to   space 109056K, 0% used [0x000000071f600000,0x000000071f600000,0x0000000726080000)
 ParOldGen       total 516096K, used 181860K [0x00000004cd600000, 0x00000004ece00000, 0x00000006c4780000)
  object space 516096K, 35% used [0x00000004cd600000,0x00000004d87992d8,0x00000004ece00000)
 Metaspace       used 5254K, capacity 5476K, committed 5632K, reserved 1056768K
  class space    used 582K, capacity 672K, committed 768K, reserved 1048576K
Event: 30,620 GC heap after
Heap after GC invocations=9 (full 0):
 PSYoungGen      total 1598464K, used 75296K [0x00000006c4780000, 0x0000000764500000, 0x00000007c0000000)
  eden space 1489408K, 0% used [0x00000006c4780000,0x00000006c4780000,0x000000071f600000)
  from space 109056K, 69% used [0x000000071f600000,0x0000000723f88000,0x0000000726080000)
  to   space 117760K, 0% used [0x000000075d200000,0x000000075d200000,0x0000000764500000)
 ParOldGen       total 516096K, used 182172K [0x00000004cd600000, 0x00000004ece00000, 0x00000006c4780000)
  object space 516096K, 35% used [0x00000004cd600000,0x00000004d87e72d8,0x00000004ece00000)
 Metaspace       used 5254K, capacity 5476K, committed 5632K, reserved 1056768K
  class space    used 582K, capacity 672K, committed 768K, reserved 1048576K
}
Event: 52,527 GC heap before
{Heap before GC invocations=10 (full 0):
 PSYoungGen      total 1598464K, used 1564704K [0x00000006c4780000, 0x0000000764500000, 0x00000007c0000000)
  eden space 1489408K, 100% used [0x00000006c4780000,0x000000071f600000,0x000000071f600000)
  from space 109056K, 69% used [0x000000071f600000,0x0000000723f88000,0x0000000726080000)
  to   space 117760K, 0% used [0x000000075d200000,0x000000075d200000,0x0000000764500000)
 ParOldGen       total 516096K, used 182172K [0x00000004cd600000, 0x00000004ece00000, 0x00000006c4780000)
  object space 516096K, 35% used [0x00000004cd600000,0x00000004d87e72d8,0x00000004ece00000)
 Metaspace       used 5254K, capacity 5476K, committed 5632K, reserved 1056768K
  class space    used 582K, capacity 672K, committed 768K, reserved 1048576K
Event: 52,615 GC heap after
Heap after GC invocations=10 (full 0):
 PSYoungGen      total 2485760K, used 37056K [0x00000006c4780000, 0x0000000763600000, 0x00000007c0000000)
  eden space 2383360K, 0% used [0x00000006c4780000,0x00000006c4780000,0x0000000755f00000)
  from space 102400K, 36% used [0x000000075d200000,0x000000075f630000,0x0000000763600000)
  to   space 110080K, 0% used [0x0000000755f00000,0x0000000755f00000,0x000000075ca80000)
 ParOldGen       total 516096K, used 184645K [0x00000004cd600000, 0x00000004ece00000, 0x00000006c4780000)
  object space 516096K, 35% used [0x00000004cd600000,0x00000004d8a51580,0x00000004ece00000)
 Metaspace       used 5254K, capacity 5476K, committed 5632K, reserved 1056768K
  class space    used 582K, capacity 672K, committed 768K, reserved 1048576K
}
Event: 83,463 GC heap before
{Heap before GC invocations=11 (full 0):
 PSYoungGen      total 2485760K, used 2420416K [0x00000006c4780000, 0x0000000763600000, 0x00000007c0000000)
  eden space 2383360K, 100% used [0x00000006c4780000,0x0000000755f00000,0x0000000755f00000)
  from space 102400K, 36% used [0x000000075d200000,0x000000075f630000,0x0000000763600000)
  to   space 110080K, 0% used [0x0000000755f00000,0x0000000755f00000,0x000000075ca80000)
 ParOldGen       total 516096K, used 184645K [0x00000004cd600000, 0x00000004ece00000, 0x00000006c4780000)
  object space 516096K, 35% used [0x00000004cd600000,0x00000004d8a51580,0x00000004ece00000)
 Metaspace       used 5261K, capacity 5476K, committed 5632K, reserved 1056768K
  class space    used 582K, capacity 672K, committed 768K, reserved 1048576K

