# JRE version: Java(TM) SE Runtime Environment (8.0_45-b14) (build 1.8.0_45-b14)
# Java VM: Java HotSpot(TM) 64-Bit Server VM (25.45-b02 mixed mode linux-amd64 compressed oops)
Heap:
 PSYoungGen      total 3134464K, used 22528K [0x0000000670980000, 0x0000000739400000, 0x00000007c0000000)
  eden space 3111936K, 0% used [0x0000000670980000,0x0000000670980000,0x000000072e880000)
  from space 22528K, 100% used [0x0000000737e00000,0x0000000739400000,0x0000000739400000)
  to   space 2048K, 0% used [0x0000000737c00000,0x0000000737c00000,0x0000000737e00000)
 ParOldGen       total 688128K, used 80947K [0x00000003d1c00000, 0x00000003fbc00000, 0x0000000670980000)
  object space 688128K, 11% used [0x00000003d1c00000,0x00000003d6b0cf48,0x00000003fbc00000)
 Metaspace       used 5361K, capacity 5588K, committed 5888K, reserved 1056768K
  class space    used 588K, capacity 672K, committed 768K, reserved 1048576K
GC Heap History (10 events):
Event: 9,474 GC heap after
Heap after GC invocations=9 (full 0):
 PSYoungGen      total 1973760K, used 3584K [0x0000000670980000, 0x00000006eec00000, 0x00000007c0000000)
  eden space 1970176K, 0% used [0x0000000670980000,0x0000000670980000,0x00000006e8d80000)
  from space 3584K, 100% used [0x00000006ee680000,0x00000006eea00000,0x00000006eea00000)
  to   space 2048K, 0% used [0x00000006eea00000,0x00000006eea00000,0x00000006eec00000)
 ParOldGen       total 688128K, used 3352K [0x00000003d1c00000, 0x00000003fbc00000, 0x0000000670980000)
  object space 688128K, 0% used [0x00000003d1c00000,0x00000003d1f463d8,0x00000003fbc00000)
 Metaspace       used 5314K, capacity 5524K, committed 5632K, reserved 1056768K
  class space    used 588K, capacity 672K, committed 768K, reserved 1048576K
}
Event: 12,221 GC heap before
{Heap before GC invocations=10 (full 0):
 PSYoungGen      total 1973760K, used 1973760K [0x0000000670980000, 0x00000006eec00000, 0x00000007c0000000)
  eden space 1970176K, 100% used [0x0000000670980000,0x00000006e8d80000,0x00000006e8d80000)
  from space 3584K, 100% used [0x00000006ee680000,0x00000006eea00000,0x00000006eea00000)
  to   space 2048K, 0% used [0x00000006eea00000,0x00000006eea00000,0x00000006eec00000)
 ParOldGen       total 688128K, used 3352K [0x00000003d1c00000, 0x00000003fbc00000, 0x0000000670980000)
  object space 688128K, 0% used [0x00000003d1c00000,0x00000003d1f463d8,0x00000003fbc00000)
 Metaspace       used 5317K, capacity 5524K, committed 5632K, reserved 1056768K
  class space    used 588K, capacity 672K, committed 768K, reserved 1048576K
Event: 12,303 GC heap after
Heap after GC invocations=10 (full 0):
 PSYoungGen      total 2041344K, used 2048K [0x0000000670980000, 0x0000000734200000, 0x00000007c0000000)
  eden space 2039296K, 0% used [0x0000000670980000,0x0000000670980000,0x00000006ed100000)
  from space 2048K, 100% used [0x00000006eea00000,0x00000006eec00000,0x00000006eec00000)
  to   space 25600K, 0% used [0x00000006ed100000,0x00000006ed100000,0x00000006eea00000)
 ParOldGen       total 688128K, used 58747K [0x00000003d1c00000, 0x00000003fbc00000, 0x0000000670980000)
  object space 688128K, 8% used [0x00000003d1c00000,0x00000003d555ef48,0x00000003fbc00000)
 Metaspace       used 5317K, capacity 5524K, committed 5632K, reserved 1056768K
  class space    used 588K, capacity 672K, committed 768K, reserved 1048576K
}
Event: 14,412 GC heap before
{Heap before GC invocations=11 (full 0):
 PSYoungGen      total 2041344K, used 2041344K [0x0000000670980000, 0x0000000734200000, 0x00000007c0000000)
  eden space 2039296K, 100% used [0x0000000670980000,0x00000006ed100000,0x00000006ed100000)
  from space 2048K, 100% used [0x00000006eea00000,0x00000006eec00000,0x00000006eec00000)
  to   space 25600K, 0% used [0x00000006ed100000,0x00000006ed100000,0x00000006eea00000)
 ParOldGen       total 688128K, used 58747K [0x00000003d1c00000, 0x00000003fbc00000, 0x0000000670980000)
  object space 688128K, 8% used [0x00000003d1c00000,0x00000003d555ef48,0x00000003fbc00000)
 Metaspace       used 5338K, capacity 5588K, committed 5888K, reserved 1056768K
  class space    used 588K, capacity 672K, committed 768K, reserved 1048576K
Event: 14,430 GC heap after
Heap after GC invocations=11 (full 0):
 PSYoungGen      total 2064896K, used 6176K [0x0000000670980000, 0x000000073ab00000, 0x00000007c0000000)
  eden space 2039296K, 0% used [0x0000000670980000,0x0000000670980000,0x00000006ed100000)
  from space 25600K, 24% used [0x00000006ed100000,0x00000006ed708000,0x00000006eea00000)
  to   space 24064K, 0% used [0x0000000739380000,0x0000000739380000,0x000000073ab00000)
 ParOldGen       total 688128K, used 60507K [0x00000003d1c00000, 0x00000003fbc00000, 0x0000000670980000)
  object space 688128K, 8% used [0x00000003d1c00000,0x00000003d5716f48,0x00000003fbc00000)
 Metaspace       used 5338K, capacity 5588K, committed 5888K, reserved 1056768K
  class space    used 588K, capacity 672K, committed 768K, reserved 1048576K
}
Event: 16,932 GC heap before
{Heap before GC invocations=12 (full 0):
 PSYoungGen      total 2064896K, used 2045472K [0x0000000670980000, 0x000000073ab00000, 0x00000007c0000000)
  eden space 2039296K, 100% used [0x0000000670980000,0x00000006ed100000,0x00000006ed100000)
  from space 25600K, 24% used [0x00000006ed100000,0x00000006ed708000,0x00000006eea00000)
  to   space 24064K, 0% used [0x0000000739380000,0x0000000739380000,0x000000073ab00000)
 ParOldGen       total 688128K, used 60507K [0x00000003d1c00000, 0x00000003fbc00000, 0x0000000670980000)
  object space 688128K, 8% used [0x00000003d1c00000,0x00000003d5716f48,0x00000003fbc00000)
 Metaspace       used 5342K, capacity 5588K, committed 5888K, reserved 1056768K
  class space    used 588K, capacity 672K, committed 768K, reserved 1048576K
Event: 16,949 GC heap after
Heap after GC invocations=12 (full 0):
 PSYoungGen      total 3286016K, used 960K [0x0000000670980000, 0x000000073aa00000, 0x00000007c0000000)
  eden space 3262976K, 0% used [0x0000000670980000,0x0000000670980000,0x0000000737c00000)
  from space 23040K, 4% used [0x0000000739380000,0x0000000739470000,0x000000073aa00000)
  to   space 23552K, 0% used [0x0000000737c00000,0x0000000737c00000,0x0000000739300000)
 ParOldGen       total 688128K, used 64667K [0x00000003d1c00000, 0x00000003fbc00000, 0x0000000670980000)
  object space 688128K, 9% used [0x00000003d1c00000,0x00000003d5b26f48,0x00000003fbc00000)
 Metaspace       used 5342K, capacity 5588K, committed 5888K, reserved 1056768K
  class space    used 588K, capacity 672K, committed 768K, reserved 1048576K
}
Event: 21,213 GC heap before
{Heap before GC invocations=13 (full 0):
 PSYoungGen      total 3286016K, used 3263936K [0x0000000670980000, 0x000000073aa00000, 0x00000007c0000000)
  eden space 3262976K, 100% used [0x0000000670980000,0x0000000737c00000,0x0000000737c00000)
  from space 23040K, 4% used [0x0000000739380000,0x0000000739470000,0x000000073aa00000)
  to   space 23552K, 0% used [0x0000000737c00000,0x0000000737c00000,0x0000000739300000)
 ParOldGen       total 688128K, used 64667K [0x00000003d1c00000, 0x00000003fbc00000, 0x0000000670980000)
  object space 688128K, 9% used [0x00000003d1c00000,0x00000003d5b26f48,0x00000003fbc00000)
 Metaspace       used 5356K, capacity 5588K, committed 5888K, reserved 1056768K
  class space    used 588K, capacity 672K, committed 768K, reserved 1048576K
Event: 21,221 GC heap after
Heap after GC invocations=13 (full 0):
 PSYoungGen      total 3113984K, used 1792K [0x0000000670980000, 0x0000000739400000, 0x00000007c0000000)
  eden space 3111936K, 0% used [0x0000000670980000,0x0000000670980000,0x000000072e880000)
  from space 2048K, 87% used [0x0000000737c00000,0x0000000737dc0000,0x0000000737e00000)
  to   space 22528K, 0% used [0x0000000737e00000,0x0000000737e00000,0x0000000739400000)
 ParOldGen       total 688128K, used 65027K [0x00000003d1c00000, 0x00000003fbc00000, 0x0000000670980000)
  object space 688128K, 9% used [0x00000003d1c00000,0x00000003d5b80f48,0x00000003fbc00000)
 Metaspace       used 5356K, capacity 5588K, committed 5888K, reserved 1056768K
  class space    used 588K, capacity 672K, committed 768K, reserved 1048576K
}
Event: 25,037 GC heap before
{Heap before GC invocations=14 (full 0):
 PSYoungGen      total 3113984K, used 3113728K [0x0000000670980000, 0x0000000739400000, 0x00000007c0000000)
  eden space 3111936K, 100% used [0x0000000670980000,0x000000072e880000,0x000000072e880000)
  from space 2048K, 87% used [0x0000000737c00000,0x0000000737dc0000,0x0000000737e00000)
  to   space 22528K, 0% used [0x0000000737e00000,0x0000000737e00000,0x0000000739400000)
 ParOldGen       total 688128K, used 65027K [0x00000003d1c00000, 0x00000003fbc00000, 0x0000000670980000)
  object space 688128K, 9% used [0x00000003d1c00000,0x00000003d5b80f48,0x00000003fbc00000)
 Metaspace       used 5361K, capacity 5588K, committed 5888K, reserved 1056768K
  class space    used 588K, capacity 672K, committed 768K, reserved 1048576K

