# JRE version: Java(TM) SE Runtime Environment (8.0_45-b14) (build 1.8.0_45-b14)
# Java VM: Java HotSpot(TM) 64-Bit Server VM (25.45-b02 mixed mode linux-amd64 compressed oops)
Heap:
 PSYoungGen      total 2524672K, used 37920K [0x00000006c4780000, 0x0000000769280000, 0x00000007c0000000)
  eden space 2376192K, 0% used [0x00000006c4780000,0x00000006c4780000,0x0000000755800000)
  from space 148480K, 25% used [0x0000000755800000,0x0000000757d08000,0x000000075e900000)
  to   space 123392K, 0% used [0x000000075e900000,0x000000075e900000,0x0000000766180000)
 ParOldGen       total 516096K, used 195352K [0x00000004cd600000, 0x00000004ece00000, 0x00000006c4780000)
  object space 516096K, 37% used [0x00000004cd600000,0x00000004d94c63e8,0x00000004ece00000)
 Metaspace       used 5260K, capacity 5476K, committed 5632K, reserved 1056768K
  class space    used 582K, capacity 672K, committed 768K, reserved 1048576K
GC Heap History (10 events):
Event: 2,857 GC heap after
Heap after GC invocations=6 (full 0):
 PSYoungGen      total 771072K, used 1520K [0x00000006c4780000, 0x00000006f4780000, 0x00000007c0000000)
  eden space 769536K, 0% used [0x00000006c4780000,0x00000006c4780000,0x00000006f3700000)
  from space 1536K, 98% used [0x00000006f3d00000,0x00000006f3e7c010,0x00000006f3e80000)
  to   space 6144K, 0% used [0x00000006f3700000,0x00000006f3700000,0x00000006f3d00000)
 ParOldGen       total 516096K, used 8050K [0x00000004cd600000, 0x00000004ece00000, 0x00000006c4780000)
  object space 516096K, 1% used [0x00000004cd600000,0x00000004cdddc988,0x00000004ece00000)
 Metaspace       used 5172K, capacity 5412K, committed 5632K, reserved 1056768K
  class space    used 580K, capacity 672K, committed 768K, reserved 1048576K
}
Event: 4,324 GC heap before
{Heap before GC invocations=7 (full 0):
 PSYoungGen      total 771072K, used 771056K [0x00000006c4780000, 0x00000006f4780000, 0x00000007c0000000)
  eden space 769536K, 100% used [0x00000006c4780000,0x00000006f3700000,0x00000006f3700000)
  from space 1536K, 98% used [0x00000006f3d00000,0x00000006f3e7c010,0x00000006f3e80000)
  to   space 6144K, 0% used [0x00000006f3700000,0x00000006f3700000,0x00000006f3d00000)
 ParOldGen       total 516096K, used 8050K [0x00000004cd600000, 0x00000004ece00000, 0x00000006c4780000)
  object space 516096K, 1% used [0x00000004cd600000,0x00000004cdddc988,0x00000004ece00000)
 Metaspace       used 5244K, capacity 5476K, committed 5632K, reserved 1056768K
  class space    used 582K, capacity 672K, committed 768K, reserved 1048576K
Event: 4,639 GC heap after
Heap after GC invocations=7 (full 0):
 PSYoungGen      total 775680K, used 6144K [0x00000006c4780000, 0x0000000729180000, 0x00000007c0000000)
  eden space 769536K, 0% used [0x00000006c4780000,0x00000006c4780000,0x00000006f3700000)
  from space 6144K, 100% used [0x00000006f3700000,0x00000006f3d00000,0x00000006f3d00000)
  to   space 54784K, 0% used [0x0000000725c00000,0x0000000725c00000,0x0000000729180000)
 ParOldGen       total 516096K, used 102407K [0x00000004cd600000, 0x00000004ece00000, 0x00000006c4780000)
  object space 516096K, 19% used [0x00000004cd600000,0x00000004d3a01cd8,0x00000004ece00000)
 Metaspace       used 5244K, capacity 5476K, committed 5632K, reserved 1056768K
  class space    used 582K, capacity 672K, committed 768K, reserved 1048576K
}
Event: 9,441 GC heap before
{Heap before GC invocations=8 (full 0):
 PSYoungGen      total 775680K, used 775680K [0x00000006c4780000, 0x0000000729180000, 0x00000007c0000000)
  eden space 769536K, 100% used [0x00000006c4780000,0x00000006f3700000,0x00000006f3700000)
  from space 6144K, 100% used [0x00000006f3700000,0x00000006f3d00000,0x00000006f3d00000)
  to   space 54784K, 0% used [0x0000000725c00000,0x0000000725c00000,0x0000000729180000)
 ParOldGen       total 516096K, used 102407K [0x00000004cd600000, 0x00000004ece00000, 0x00000006c4780000)
  object space 516096K, 19% used [0x00000004cd600000,0x00000004d3a01cd8,0x00000004ece00000)
 Metaspace       used 5248K, capacity 5476K, committed 5632K, reserved 1056768K
  class space    used 582K, capacity 672K, committed 768K, reserved 1048576K
Event: 9,544 GC heap after
Heap after GC invocations=8 (full 0):
 PSYoungGen      total 1555456K, used 54784K [0x00000006c4780000, 0x000000072dc80000, 0x00000007c0000000)
  eden space 1500672K, 0% used [0x00000006c4780000,0x00000006c4780000,0x0000000720100000)
  from space 54784K, 100% used [0x0000000725c00000,0x0000000729180000,0x0000000729180000)
  to   space 93184K, 0% used [0x0000000720100000,0x0000000720100000,0x0000000725c00000)
 ParOldGen       total 516096K, used 161578K [0x00000004cd600000, 0x00000004ece00000, 0x00000006c4780000)
  object space 516096K, 31% used [0x00000004cd600000,0x00000004d73caa78,0x00000004ece00000)
 Metaspace       used 5248K, capacity 5476K, committed 5632K, reserved 1056768K
  class space    used 582K, capacity 672K, committed 768K, reserved 1048576K
}
Event: 18,806 GC heap before
{Heap before GC invocations=9 (full 0):
 PSYoungGen      total 1555456K, used 1555456K [0x00000006c4780000, 0x000000072dc80000, 0x00000007c0000000)
  eden space 1500672K, 100% used [0x00000006c4780000,0x0000000720100000,0x0000000720100000)
  from space 54784K, 100% used [0x0000000725c00000,0x0000000729180000,0x0000000729180000)
  to   space 93184K, 0% used [0x0000000720100000,0x0000000720100000,0x0000000725c00000)
 ParOldGen       total 516096K, used 161578K [0x00000004cd600000, 0x00000004ece00000, 0x00000006c4780000)
  object space 516096K, 31% used [0x00000004cd600000,0x00000004d73caa78,0x00000004ece00000)
 Metaspace       used 5252K, capacity 5476K, committed 5632K, reserved 1056768K
  class space    used 582K, capacity 672K, committed 768K, reserved 1048576K
Event: 18,883 GC heap after
Heap after GC invocations=9 (full 0):
 PSYoungGen      total 1593856K, used 93184K [0x00000006c4780000, 0x0000000766180000, 0x00000007c0000000)
  eden space 1500672K, 0% used [0x00000006c4780000,0x00000006c4780000,0x0000000720100000)
  from space 93184K, 100% used [0x0000000720100000,0x0000000725c00000,0x0000000725c00000)
  to   space 123392K, 0% used [0x000000075e900000,0x000000075e900000,0x0000000766180000)
 ParOldGen       total 516096K, used 189182K [0x00000004cd600000, 0x00000004ece00000, 0x00000006c4780000)
  object space 516096K, 36% used [0x00000004cd600000,0x00000004d8ebfa08,0x00000004ece00000)
 Metaspace       used 5252K, capacity 5476K, committed 5632K, reserved 1056768K
  class space    used 582K, capacity 672K, committed 768K, reserved 1048576K
}
Event: 30,404 GC heap before
{Heap before GC invocations=10 (full 0):
 PSYoungGen      total 1593856K, used 1593856K [0x00000006c4780000, 0x0000000766180000, 0x00000007c0000000)
  eden space 1500672K, 100% used [0x00000006c4780000,0x0000000720100000,0x0000000720100000)
  from space 93184K, 100% used [0x0000000720100000,0x0000000725c00000,0x0000000725c00000)
  to   space 123392K, 0% used [0x000000075e900000,0x000000075e900000,0x0000000766180000)
 ParOldGen       total 516096K, used 189182K [0x00000004cd600000, 0x00000004ece00000, 0x00000006c4780000)
  object space 516096K, 36% used [0x00000004cd600000,0x00000004d8ebfa08,0x00000004ece00000)
 Metaspace       used 5253K, capacity 5476K, committed 5632K, reserved 1056768K
  class space    used 582K, capacity 672K, committed 768K, reserved 1048576K
Event: 30,590 GC heap after
Heap after GC invocations=10 (full 0):
 PSYoungGen      total 2499584K, used 123392K [0x00000006c4780000, 0x0000000769280000, 0x00000007c0000000)
  eden space 2376192K, 0% used [0x00000006c4780000,0x00000006c4780000,0x0000000755800000)
  from space 123392K, 100% used [0x000000075e900000,0x0000000766180000,0x0000000766180000)
  to   space 148480K, 0% used [0x0000000755800000,0x0000000755800000,0x000000075e900000)
 ParOldGen       total 516096K, used 194640K [0x00000004cd600000, 0x00000004ece00000, 0x00000006c4780000)
  object space 516096K, 37% used [0x00000004cd600000,0x00000004d94143e8,0x00000004ece00000)
 Metaspace       used 5253K, capacity 5476K, committed 5632K, reserved 1056768K
  class space    used 582K, capacity 672K, committed 768K, reserved 1048576K
}
Event: 52,925 GC heap before
{Heap before GC invocations=11 (full 0):
 PSYoungGen      total 2499584K, used 2499584K [0x00000006c4780000, 0x0000000769280000, 0x00000007c0000000)
  eden space 2376192K, 100% used [0x00000006c4780000,0x0000000755800000,0x0000000755800000)
  from space 123392K, 100% used [0x000000075e900000,0x0000000766180000,0x0000000766180000)
  to   space 148480K, 0% used [0x0000000755800000,0x0000000755800000,0x000000075e900000)
 ParOldGen       total 516096K, used 194640K [0x00000004cd600000, 0x00000004ece00000, 0x00000006c4780000)
  object space 516096K, 37% used [0x00000004cd600000,0x00000004d94143e8,0x00000004ece00000)
 Metaspace       used 5260K, capacity 5476K, committed 5632K, reserved 1056768K
  class space    used 582K, capacity 672K, committed 768K, reserved 1048576K

