# JRE version: Java(TM) SE Runtime Environment (8.0_45-b14) (build 1.8.0_45-b14)
# Java VM: Java HotSpot(TM) 64-Bit Server VM (25.45-b02 mixed mode linux-amd64 compressed oops)
Heap:
 PSYoungGen      total 3806720K, used 2784K [0x0000000670980000, 0x0000000789100000, 0x00000007c0000000)
  eden space 3800576K, 0% used [0x0000000670980000,0x0000000670980000,0x0000000758900000)
  from space 6144K, 45% used [0x0000000758900000,0x0000000758bb8000,0x0000000758f00000)
  to   space 6144K, 0% used [0x0000000758f00000,0x0000000758f00000,0x0000000759500000)
 ParOldGen       total 688128K, used 18184K [0x00000003d1c00000, 0x00000003fbc00000, 0x0000000670980000)
  object space 688128K, 2% used [0x00000003d1c00000,0x00000003d2dc2070,0x00000003fbc00000)
 Metaspace       used 5345K, capacity 5540K, committed 5888K, reserved 1056768K
  class space    used 588K, capacity 672K, committed 768K, reserved 1048576K
GC Heap History (10 events):
Event: 24,097 GC heap after
Heap after GC invocations=18 (full 0):
 PSYoungGen      total 1388032K, used 2816K [0x0000000670980000, 0x0000000739900000, 0x00000007c0000000)
  eden space 1384960K, 0% used [0x0000000670980000,0x0000000670980000,0x00000006c5200000)
  from space 3072K, 91% used [0x0000000739600000,0x00000007398c0000,0x0000000739900000)
  to   space 7168K, 0% used [0x0000000738b00000,0x0000000738b00000,0x0000000739200000)
 ParOldGen       total 688128K, used 14512K [0x00000003d1c00000, 0x00000003fbc00000, 0x0000000670980000)
  object space 688128K, 2% used [0x00000003d1c00000,0x00000003d2a2c070,0x00000003fbc00000)
 Metaspace       used 5333K, capacity 5540K, committed 5888K, reserved 1056768K
  class space    used 588K, capacity 672K, committed 768K, reserved 1048576K
}
Event: 25,422 GC heap before
{Heap before GC invocations=19 (full 0):
 PSYoungGen      total 1388032K, used 1387776K [0x0000000670980000, 0x0000000739900000, 0x00000007c0000000)
  eden space 1384960K, 100% used [0x0000000670980000,0x00000006c5200000,0x00000006c5200000)
  from space 3072K, 91% used [0x0000000739600000,0x00000007398c0000,0x0000000739900000)
  to   space 7168K, 0% used [0x0000000738b00000,0x0000000738b00000,0x0000000739200000)
 ParOldGen       total 688128K, used 14512K [0x00000003d1c00000, 0x00000003fbc00000, 0x0000000670980000)
  object space 688128K, 2% used [0x00000003d1c00000,0x00000003d2a2c070,0x00000003fbc00000)
 Metaspace       used 5342K, capacity 5540K, committed 5888K, reserved 1056768K
  class space    used 588K, capacity 672K, committed 768K, reserved 1048576K
Event: 25,457 GC heap after
Heap after GC invocations=19 (full 0):
 PSYoungGen      total 1942016K, used 2688K [0x0000000670980000, 0x0000000739680000, 0x00000007c0000000)
  eden space 1938944K, 0% used [0x0000000670980000,0x0000000670980000,0x00000006e6f00000)
  from space 3072K, 87% used [0x0000000738b00000,0x0000000738da0000,0x0000000738e00000)
  to   space 6656K, 0% used [0x0000000739000000,0x0000000739000000,0x0000000739680000)
 ParOldGen       total 688128K, used 15232K [0x00000003d1c00000, 0x00000003fbc00000, 0x0000000670980000)
  object space 688128K, 2% used [0x00000003d1c00000,0x00000003d2ae0070,0x00000003fbc00000)
 Metaspace       used 5342K, capacity 5540K, committed 5888K, reserved 1056768K
  class space    used 588K, capacity 672K, committed 768K, reserved 1048576K
}
Event: 27,150 GC heap before
{Heap before GC invocations=20 (full 0):
 PSYoungGen      total 1942016K, used 1941632K [0x0000000670980000, 0x0000000739680000, 0x00000007c0000000)
  eden space 1938944K, 100% used [0x0000000670980000,0x00000006e6f00000,0x00000006e6f00000)
  from space 3072K, 87% used [0x0000000738b00000,0x0000000738da0000,0x0000000738e00000)
  to   space 6656K, 0% used [0x0000000739000000,0x0000000739000000,0x0000000739680000)
 ParOldGen       total 688128K, used 15232K [0x00000003d1c00000, 0x00000003fbc00000, 0x0000000670980000)
  object space 688128K, 2% used [0x00000003d1c00000,0x00000003d2ae0070,0x00000003fbc00000)
 Metaspace       used 5342K, capacity 5540K, committed 5888K, reserved 1056768K
  class space    used 588K, capacity 672K, committed 768K, reserved 1048576K
Event: 27,162 GC heap after
Heap after GC invocations=20 (full 0):
 PSYoungGen      total 2717696K, used 2688K [0x0000000670980000, 0x0000000739300000, 0x00000007c0000000)
  eden space 2714624K, 0% used [0x0000000670980000,0x0000000670980000,0x0000000716480000)
  from space 3072K, 87% used [0x0000000739000000,0x00000007392a0000,0x0000000739300000)
  to   space 6656K, 0% used [0x0000000738600000,0x0000000738600000,0x0000000738c80000)
 ParOldGen       total 688128K, used 16168K [0x00000003d1c00000, 0x00000003fbc00000, 0x0000000670980000)
  object space 688128K, 2% used [0x00000003d1c00000,0x00000003d2bca070,0x00000003fbc00000)
 Metaspace       used 5342K, capacity 5540K, committed 5888K, reserved 1056768K
  class space    used 588K, capacity 672K, committed 768K, reserved 1048576K
}
Event: 30,182 GC heap before
{Heap before GC invocations=21 (full 0):
 PSYoungGen      total 2717696K, used 2717312K [0x0000000670980000, 0x0000000739300000, 0x00000007c0000000)
  eden space 2714624K, 100% used [0x0000000670980000,0x0000000716480000,0x0000000716480000)
  from space 3072K, 87% used [0x0000000739000000,0x00000007392a0000,0x0000000739300000)
  to   space 6656K, 0% used [0x0000000738600000,0x0000000738600000,0x0000000738c80000)
 ParOldGen       total 688128K, used 16168K [0x00000003d1c00000, 0x00000003fbc00000, 0x0000000670980000)
  object space 688128K, 2% used [0x00000003d1c00000,0x00000003d2bca070,0x00000003fbc00000)
 Metaspace       used 5342K, capacity 5540K, committed 5888K, reserved 1056768K
  class space    used 588K, capacity 672K, committed 768K, reserved 1048576K
Event: 30,259 GC heap after
Heap after GC invocations=21 (full 0):
 PSYoungGen      total 3279872K, used 3424K [0x0000000670980000, 0x0000000759500000, 0x00000007c0000000)
  eden space 3273216K, 0% used [0x0000000670980000,0x0000000670980000,0x0000000738600000)
  from space 6656K, 51% used [0x0000000738600000,0x0000000738958000,0x0000000738c80000)
  to   space 6144K, 0% used [0x0000000758f00000,0x0000000758f00000,0x0000000759500000)
 ParOldGen       total 688128K, used 16480K [0x00000003d1c00000, 0x00000003fbc00000, 0x0000000670980000)
  object space 688128K, 2% used [0x00000003d1c00000,0x00000003d2c18070,0x00000003fbc00000)
 Metaspace       used 5342K, capacity 5540K, committed 5888K, reserved 1056768K
  class space    used 588K, capacity 672K, committed 768K, reserved 1048576K
}
Event: 33,545 GC heap before
{Heap before GC invocations=22 (full 0):
 PSYoungGen      total 3279872K, used 3276640K [0x0000000670980000, 0x0000000759500000, 0x00000007c0000000)
  eden space 3273216K, 100% used [0x0000000670980000,0x0000000738600000,0x0000000738600000)
  from space 6656K, 51% used [0x0000000738600000,0x0000000738958000,0x0000000738c80000)
  to   space 6144K, 0% used [0x0000000758f00000,0x0000000758f00000,0x0000000759500000)
 ParOldGen       total 688128K, used 16480K [0x00000003d1c00000, 0x00000003fbc00000, 0x0000000670980000)
  object space 688128K, 2% used [0x00000003d1c00000,0x00000003d2c18070,0x00000003fbc00000)
 Metaspace       used 5345K, capacity 5540K, committed 5888K, reserved 1056768K
  class space    used 588K, capacity 672K, committed 768K, reserved 1048576K
Event: 33,574 GC heap after
Heap after GC invocations=22 (full 0):
 PSYoungGen      total 3806720K, used 2912K [0x0000000670980000, 0x0000000789100000, 0x00000007c0000000)
  eden space 3800576K, 0% used [0x0000000670980000,0x0000000670980000,0x0000000758900000)
  from space 6144K, 47% used [0x0000000758f00000,0x00000007591d8000,0x0000000759500000)
  to   space 6144K, 0% used [0x0000000758900000,0x0000000758900000,0x0000000758f00000)
 ParOldGen       total 688128K, used 17232K [0x00000003d1c00000, 0x00000003fbc00000, 0x0000000670980000)
  object space 688128K, 2% used [0x00000003d1c00000,0x00000003d2cd4070,0x00000003fbc00000)
 Metaspace       used 5345K, capacity 5540K, committed 5888K, reserved 1056768K
  class space    used 588K, capacity 672K, committed 768K, reserved 1048576K
}
Event: 37,399 GC heap before
{Heap before GC invocations=23 (full 0):
 PSYoungGen      total 3806720K, used 3803488K [0x0000000670980000, 0x0000000789100000, 0x00000007c0000000)
  eden space 3800576K, 100% used [0x0000000670980000,0x0000000758900000,0x0000000758900000)
  from space 6144K, 47% used [0x0000000758f00000,0x00000007591d8000,0x0000000759500000)
  to   space 6144K, 0% used [0x0000000758900000,0x0000000758900000,0x0000000758f00000)
 ParOldGen       total 688128K, used 17232K [0x00000003d1c00000, 0x00000003fbc00000, 0x0000000670980000)
  object space 688128K, 2% used [0x00000003d1c00000,0x00000003d2cd4070,0x00000003fbc00000)
 Metaspace       used 5345K, capacity 5540K, committed 5888K, reserved 1056768K
  class space    used 588K, capacity 672K, committed 768K, reserved 1048576K

