# JRE version: Java(TM) SE Runtime Environment (8.0_45-b14) (build 1.8.0_45-b14)
# Java VM: Java HotSpot(TM) 64-Bit Server VM (25.45-b02 mixed mode linux-amd64 compressed oops)
Heap:
 PSYoungGen      total 2502656K, used 26336K [0x00000006c4780000, 0x0000000761a00000, 0x00000007c0000000)
  eden space 2430976K, 0% used [0x00000006c4780000,0x00000006c4780000,0x0000000758d80000)
  from space 71680K, 36% used [0x0000000758d80000,0x000000075a738000,0x000000075d380000)
  to   space 71168K, 0% used [0x000000075d380000,0x000000075d380000,0x0000000761900000)
 ParOldGen       total 516096K, used 124359K [0x00000004cd600000, 0x00000004ece00000, 0x00000006c4780000)
  object space 516096K, 24% used [0x00000004cd600000,0x00000004d4f71e08,0x00000004ece00000)
 Metaspace       used 5259K, capacity 5476K, committed 5632K, reserved 1056768K
  class space    used 582K, capacity 672K, committed 768K, reserved 1048576K
GC Heap History (10 events):
Event: 2,562 GC heap after
Heap after GC invocations=6 (full 0):
 PSYoungGen      total 762368K, used 1504K [0x00000006c4780000, 0x00000006f5880000, 0x00000007c0000000)
  eden space 760832K, 0% used [0x00000006c4780000,0x00000006c4780000,0x00000006f2e80000)
  from space 1536K, 97% used [0x00000006f3d00000,0x00000006f3e78020,0x00000006f3e80000)
  to   space 14848K, 0% used [0x00000006f2e80000,0x00000006f2e80000,0x00000006f3d00000)
 ParOldGen       total 516096K, used 23173K [0x00000004cd600000, 0x00000004ece00000, 0x00000006c4780000)
  object space 516096K, 4% used [0x00000004cd600000,0x00000004ceca1778,0x00000004ece00000)
 Metaspace       used 5173K, capacity 5412K, committed 5632K, reserved 1056768K
  class space    used 580K, capacity 672K, committed 768K, reserved 1048576K
}
Event: 3,784 GC heap before
{Heap before GC invocations=7 (full 0):
 PSYoungGen      total 762368K, used 762336K [0x00000006c4780000, 0x00000006f5880000, 0x00000007c0000000)
  eden space 760832K, 100% used [0x00000006c4780000,0x00000006f2e80000,0x00000006f2e80000)
  from space 1536K, 97% used [0x00000006f3d00000,0x00000006f3e78020,0x00000006f3e80000)
  to   space 14848K, 0% used [0x00000006f2e80000,0x00000006f2e80000,0x00000006f3d00000)
 ParOldGen       total 516096K, used 23173K [0x00000004cd600000, 0x00000004ece00000, 0x00000006c4780000)
  object space 516096K, 4% used [0x00000004cd600000,0x00000004ceca1778,0x00000004ece00000)
 Metaspace       used 5244K, capacity 5476K, committed 5632K, reserved 1056768K
  class space    used 582K, capacity 672K, committed 768K, reserved 1048576K
Event: 3,926 GC heap after
Heap after GC invocations=7 (full 0):
 PSYoungGen      total 775680K, used 14848K [0x00000006c4780000, 0x0000000729b80000, 0x00000007c0000000)
  eden space 760832K, 0% used [0x00000006c4780000,0x00000006c4780000,0x00000006f2e80000)
  from space 14848K, 100% used [0x00000006f2e80000,0x00000006f3d00000,0x00000006f3d00000)
  to   space 68608K, 0% used [0x0000000725880000,0x0000000725880000,0x0000000729b80000)
 ParOldGen       total 516096K, used 122831K [0x00000004cd600000, 0x00000004ece00000, 0x00000006c4780000)
  object space 516096K, 23% used [0x00000004cd600000,0x00000004d4df3e08,0x00000004ece00000)
 Metaspace       used 5244K, capacity 5476K, committed 5632K, reserved 1056768K
  class space    used 582K, capacity 672K, committed 768K, reserved 1048576K
}
Event: 13,104 GC heap before
{Heap before GC invocations=8 (full 0):
 PSYoungGen      total 775680K, used 775680K [0x00000006c4780000, 0x0000000729b80000, 0x00000007c0000000)
  eden space 760832K, 100% used [0x00000006c4780000,0x00000006f2e80000,0x00000006f2e80000)
  from space 14848K, 100% used [0x00000006f2e80000,0x00000006f3d00000,0x00000006f3d00000)
  to   space 68608K, 0% used [0x0000000725880000,0x0000000725880000,0x0000000729b80000)
 ParOldGen       total 516096K, used 122831K [0x00000004cd600000, 0x00000004ece00000, 0x00000006c4780000)
  object space 516096K, 23% used [0x00000004cd600000,0x00000004d4df3e08,0x00000004ece00000)
 Metaspace       used 5247K, capacity 5476K, committed 5632K, reserved 1056768K
  class space    used 582K, capacity 672K, committed 768K, reserved 1048576K
Event: 13,176 GC heap after
Heap after GC invocations=8 (full 0):
 PSYoungGen      total 1588224K, used 38240K [0x00000006c4780000, 0x0000000729f80000, 0x00000007c0000000)
  eden space 1519616K, 0% used [0x00000006c4780000,0x00000006c4780000,0x0000000721380000)
  from space 68608K, 55% used [0x0000000725880000,0x0000000727dd8000,0x0000000729b80000)
  to   space 70656K, 0% used [0x0000000721380000,0x0000000721380000,0x0000000725880000)
 ParOldGen       total 516096K, used 122967K [0x00000004cd600000, 0x00000004ece00000, 0x00000006c4780000)
  object space 516096K, 23% used [0x00000004cd600000,0x00000004d4e15e08,0x00000004ece00000)
 Metaspace       used 5247K, capacity 5476K, committed 5632K, reserved 1056768K
  class space    used 582K, capacity 672K, committed 768K, reserved 1048576K
}
Event: 24,068 GC heap before
{Heap before GC invocations=9 (full 0):
 PSYoungGen      total 1588224K, used 1557856K [0x00000006c4780000, 0x0000000729f80000, 0x00000007c0000000)
  eden space 1519616K, 100% used [0x00000006c4780000,0x0000000721380000,0x0000000721380000)
  from space 68608K, 55% used [0x0000000725880000,0x0000000727dd8000,0x0000000729b80000)
  to   space 70656K, 0% used [0x0000000721380000,0x0000000721380000,0x0000000725880000)
 ParOldGen       total 516096K, used 122967K [0x00000004cd600000, 0x00000004ece00000, 0x00000006c4780000)
  object space 516096K, 23% used [0x00000004cd600000,0x00000004d4e15e08,0x00000004ece00000)
 Metaspace       used 5252K, capacity 5476K, committed 5632K, reserved 1056768K
  class space    used 582K, capacity 672K, committed 768K, reserved 1048576K
Event: 24,108 GC heap after
Heap after GC invocations=9 (full 0):
 PSYoungGen      total 1590272K, used 37632K [0x00000006c4780000, 0x0000000761900000, 0x00000007c0000000)
  eden space 1519616K, 0% used [0x00000006c4780000,0x00000006c4780000,0x0000000721380000)
  from space 70656K, 53% used [0x0000000721380000,0x0000000723840000,0x0000000725880000)
  to   space 71168K, 0% used [0x000000075d380000,0x000000075d380000,0x0000000761900000)
 ParOldGen       total 516096K, used 123183K [0x00000004cd600000, 0x00000004ece00000, 0x00000006c4780000)
  object space 516096K, 23% used [0x00000004cd600000,0x00000004d4e4be08,0x00000004ece00000)
 Metaspace       used 5252K, capacity 5476K, committed 5632K, reserved 1056768K
  class space    used 582K, capacity 672K, committed 768K, reserved 1048576K
}
Event: 38,540 GC heap before
{Heap before GC invocations=10 (full 0):
 PSYoungGen      total 1590272K, used 1557248K [0x00000006c4780000, 0x0000000761900000, 0x00000007c0000000)
  eden space 1519616K, 100% used [0x00000006c4780000,0x0000000721380000,0x0000000721380000)
  from space 70656K, 53% used [0x0000000721380000,0x0000000723840000,0x0000000725880000)
  to   space 71168K, 0% used [0x000000075d380000,0x000000075d380000,0x0000000761900000)
 ParOldGen       total 516096K, used 123183K [0x00000004cd600000, 0x00000004ece00000, 0x00000006c4780000)
  object space 516096K, 23% used [0x00000004cd600000,0x00000004d4e4be08,0x00000004ece00000)
 Metaspace       used 5253K, capacity 5476K, committed 5632K, reserved 1056768K
  class space    used 582K, capacity 672K, committed 768K, reserved 1048576K
Event: 38,599 GC heap after
Heap after GC invocations=10 (full 0):
 PSYoungGen      total 2502144K, used 37760K [0x00000006c4780000, 0x0000000761a00000, 0x00000007c0000000)
  eden space 2430976K, 0% used [0x00000006c4780000,0x00000006c4780000,0x0000000758d80000)
  from space 71168K, 53% used [0x000000075d380000,0x000000075f860000,0x0000000761900000)
  to   space 71680K, 0% used [0x0000000758d80000,0x0000000758d80000,0x000000075d380000)
 ParOldGen       total 516096K, used 123527K [0x00000004cd600000, 0x00000004ece00000, 0x00000006c4780000)
  object space 516096K, 23% used [0x00000004cd600000,0x00000004d4ea1e08,0x00000004ece00000)
 Metaspace       used 5253K, capacity 5476K, committed 5632K, reserved 1056768K
  class space    used 582K, capacity 672K, committed 768K, reserved 1048576K
}
Event: 57,624 GC heap before
{Heap before GC invocations=11 (full 0):
 PSYoungGen      total 2502144K, used 2468736K [0x00000006c4780000, 0x0000000761a00000, 0x00000007c0000000)
  eden space 2430976K, 100% used [0x00000006c4780000,0x0000000758d80000,0x0000000758d80000)
  from space 71168K, 53% used [0x000000075d380000,0x000000075f860000,0x0000000761900000)
  to   space 71680K, 0% used [0x0000000758d80000,0x0000000758d80000,0x000000075d380000)
 ParOldGen       total 516096K, used 123527K [0x00000004cd600000, 0x00000004ece00000, 0x00000006c4780000)
  object space 516096K, 23% used [0x00000004cd600000,0x00000004d4ea1e08,0x00000004ece00000)
 Metaspace       used 5259K, capacity 5476K, committed 5632K, reserved 1056768K
  class space    used 582K, capacity 672K, committed 768K, reserved 1048576K

