# JRE version: Java(TM) SE Runtime Environment (8.0_45-b14) (build 1.8.0_45-b14)
# Java VM: Java HotSpot(TM) 64-Bit Server VM (25.45-b02 mixed mode linux-amd64 compressed oops)
Heap:
 PSYoungGen      total 3298304K, used 2496K [0x0000000670980000, 0x000000073a980000, 0x00000007c0000000)
  eden space 3287040K, 0% used [0x0000000670980000,0x0000000670980000,0x0000000739380000)
  from space 11264K, 22% used [0x0000000739380000,0x00000007395f0000,0x0000000739e80000)
  to   space 11264K, 0% used [0x0000000739e80000,0x0000000739e80000,0x000000073a980000)
 ParOldGen       total 688128K, used 20116K [0x00000003d1c00000, 0x00000003fbc00000, 0x0000000670980000)
  object space 688128K, 2% used [0x00000003d1c00000,0x00000003d2fa5080,0x00000003fbc00000)
 Metaspace       used 5343K, capacity 5588K, committed 5888K, reserved 1056768K
  class space    used 588K, capacity 672K, committed 768K, reserved 1048576K
GC Heap History (10 events):
Event: 3,664 GC heap after
Heap after GC invocations=6 (full 0):
 PSYoungGen      total 1033728K, used 2544K [0x0000000670980000, 0x00000006b0080000, 0x00000007c0000000)
  eden space 1031168K, 0% used [0x0000000670980000,0x0000000670980000,0x00000006af880000)
  from space 2560K, 99% used [0x00000006afc00000,0x00000006afe7c010,0x00000006afe80000)
  to   space 3584K, 0% used [0x00000006af880000,0x00000006af880000,0x00000006afc00000)
 ParOldGen       total 688128K, used 1104K [0x00000003d1c00000, 0x00000003fbc00000, 0x0000000670980000)
  object space 688128K, 0% used [0x00000003d1c00000,0x00000003d1d14000,0x00000003fbc00000)
 Metaspace       used 5285K, capacity 5524K, committed 5632K, reserved 1056768K
  class space    used 588K, capacity 672K, committed 768K, reserved 1048576K
}
Event: 5,212 GC heap before
{Heap before GC invocations=7 (full 0):
 PSYoungGen      total 1033728K, used 1033712K [0x0000000670980000, 0x00000006b0080000, 0x00000007c0000000)
  eden space 1031168K, 100% used [0x0000000670980000,0x00000006af880000,0x00000006af880000)
  from space 2560K, 99% used [0x00000006afc00000,0x00000006afe7c010,0x00000006afe80000)
  to   space 3584K, 0% used [0x00000006af880000,0x00000006af880000,0x00000006afc00000)
 ParOldGen       total 688128K, used 1104K [0x00000003d1c00000, 0x00000003fbc00000, 0x0000000670980000)
  object space 688128K, 0% used [0x00000003d1c00000,0x00000003d1d14000,0x00000003fbc00000)
 Metaspace       used 5300K, capacity 5524K, committed 5632K, reserved 1056768K
  class space    used 588K, capacity 672K, committed 768K, reserved 1048576K
Event: 5,224 GC heap after
Heap after GC invocations=7 (full 0):
 PSYoungGen      total 1034752K, used 3072K [0x0000000670980000, 0x00000006eef80000, 0x00000007c0000000)
  eden space 1031168K, 0% used [0x0000000670980000,0x0000000670980000,0x00000006af880000)
  from space 3584K, 85% used [0x00000006af880000,0x00000006afb80000,0x00000006afc00000)
  to   space 4096K, 0% used [0x00000006eeb80000,0x00000006eeb80000,0x00000006eef80000)
 ParOldGen       total 688128K, used 2052K [0x00000003d1c00000, 0x00000003fbc00000, 0x0000000670980000)
  object space 688128K, 0% used [0x00000003d1c00000,0x00000003d1e01080,0x00000003fbc00000)
 Metaspace       used 5300K, capacity 5524K, committed 5632K, reserved 1056768K
  class space    used 588K, capacity 672K, committed 768K, reserved 1048576K
}
Event: 6,783 GC heap before
{Heap before GC invocations=8 (full 0):
 PSYoungGen      total 1034752K, used 1034240K [0x0000000670980000, 0x00000006eef80000, 0x00000007c0000000)
  eden space 1031168K, 100% used [0x0000000670980000,0x00000006af880000,0x00000006af880000)
  from space 3584K, 85% used [0x00000006af880000,0x00000006afb80000,0x00000006afc00000)
  to   space 4096K, 0% used [0x00000006eeb80000,0x00000006eeb80000,0x00000006eef80000)
 ParOldGen       total 688128K, used 2052K [0x00000003d1c00000, 0x00000003fbc00000, 0x0000000670980000)
  object space 688128K, 0% used [0x00000003d1c00000,0x00000003d1e01080,0x00000003fbc00000)
 Metaspace       used 5309K, capacity 5524K, committed 5632K, reserved 1056768K
  class space    used 588K, capacity 672K, committed 768K, reserved 1048576K
Event: 6,845 GC heap after
Heap after GC invocations=8 (full 0):
 PSYoungGen      total 2058240K, used 4096K [0x0000000670980000, 0x00000006eff80000, 0x00000007c0000000)
  eden space 2054144K, 0% used [0x0000000670980000,0x0000000670980000,0x00000006edf80000)
  from space 4096K, 100% used [0x00000006eeb80000,0x00000006eef80000,0x00000006eef80000)
  to   space 12288K, 0% used [0x00000006edf80000,0x00000006edf80000,0x00000006eeb80000)
 ParOldGen       total 688128K, used 18972K [0x00000003d1c00000, 0x00000003fbc00000, 0x0000000670980000)
  object space 688128K, 2% used [0x00000003d1c00000,0x00000003d2e87080,0x00000003fbc00000)
 Metaspace       used 5309K, capacity 5524K, committed 5632K, reserved 1056768K
  class space    used 588K, capacity 672K, committed 768K, reserved 1048576K
}
Event: 9,980 GC heap before
{Heap before GC invocations=9 (full 0):
 PSYoungGen      total 2058240K, used 2058240K [0x0000000670980000, 0x00000006eff80000, 0x00000007c0000000)
  eden space 2054144K, 100% used [0x0000000670980000,0x00000006edf80000,0x00000006edf80000)
  from space 4096K, 100% used [0x00000006eeb80000,0x00000006eef80000,0x00000006eef80000)
  to   space 12288K, 0% used [0x00000006edf80000,0x00000006edf80000,0x00000006eeb80000)
 ParOldGen       total 688128K, used 18972K [0x00000003d1c00000, 0x00000003fbc00000, 0x0000000670980000)
  object space 688128K, 2% used [0x00000003d1c00000,0x00000003d2e87080,0x00000003fbc00000)
 Metaspace       used 5316K, capacity 5524K, committed 5632K, reserved 1056768K
  class space    used 588K, capacity 672K, committed 768K, reserved 1048576K
Event: 9,990 GC heap after
Heap after GC invocations=9 (full 0):
 PSYoungGen      total 2066432K, used 3712K [0x0000000670980000, 0x000000073a980000, 0x00000007c0000000)
  eden space 2054144K, 0% used [0x0000000670980000,0x0000000670980000,0x00000006edf80000)
  from space 12288K, 30% used [0x00000006edf80000,0x00000006ee320000,0x00000006eeb80000)
  to   space 11264K, 0% used [0x0000000739e80000,0x0000000739e80000,0x000000073a980000)
 ParOldGen       total 688128K, used 19044K [0x00000003d1c00000, 0x00000003fbc00000, 0x0000000670980000)
  object space 688128K, 2% used [0x00000003d1c00000,0x00000003d2e99080,0x00000003fbc00000)
 Metaspace       used 5316K, capacity 5524K, committed 5632K, reserved 1056768K
  class space    used 588K, capacity 672K, committed 768K, reserved 1048576K
}
Event: 12,605 GC heap before
{Heap before GC invocations=10 (full 0):
 PSYoungGen      total 2066432K, used 2057856K [0x0000000670980000, 0x000000073a980000, 0x00000007c0000000)
  eden space 2054144K, 100% used [0x0000000670980000,0x00000006edf80000,0x00000006edf80000)
  from space 12288K, 30% used [0x00000006edf80000,0x00000006ee320000,0x00000006eeb80000)
  to   space 11264K, 0% used [0x0000000739e80000,0x0000000739e80000,0x000000073a980000)
 ParOldGen       total 688128K, used 19044K [0x00000003d1c00000, 0x00000003fbc00000, 0x0000000670980000)
  object space 688128K, 2% used [0x00000003d1c00000,0x00000003d2e99080,0x00000003fbc00000)
 Metaspace       used 5320K, capacity 5524K, committed 5632K, reserved 1056768K
  class space    used 588K, capacity 672K, committed 768K, reserved 1048576K
Event: 12,612 GC heap after
Heap after GC invocations=10 (full 0):
 PSYoungGen      total 3298304K, used 2080K [0x0000000670980000, 0x000000073a980000, 0x00000007c0000000)
  eden space 3287040K, 0% used [0x0000000670980000,0x0000000670980000,0x0000000739380000)
  from space 11264K, 18% used [0x0000000739e80000,0x000000073a088000,0x000000073a980000)
  to   space 11264K, 0% used [0x0000000739380000,0x0000000739380000,0x0000000739e80000)
 ParOldGen       total 688128K, used 19388K [0x00000003d1c00000, 0x00000003fbc00000, 0x0000000670980000)
  object space 688128K, 2% used [0x00000003d1c00000,0x00000003d2eef080,0x00000003fbc00000)
 Metaspace       used 5320K, capacity 5524K, committed 5632K, reserved 1056768K
  class space    used 588K, capacity 672K, committed 768K, reserved 1048576K
}
Event: 17,198 GC heap before
{Heap before GC invocations=11 (full 0):
 PSYoungGen      total 3298304K, used 3289120K [0x0000000670980000, 0x000000073a980000, 0x00000007c0000000)
  eden space 3287040K, 100% used [0x0000000670980000,0x0000000739380000,0x0000000739380000)
  from space 11264K, 18% used [0x0000000739e80000,0x000000073a088000,0x000000073a980000)
  to   space 11264K, 0% used [0x0000000739380000,0x0000000739380000,0x0000000739e80000)
 ParOldGen       total 688128K, used 19388K [0x00000003d1c00000, 0x00000003fbc00000, 0x0000000670980000)
  object space 688128K, 2% used [0x00000003d1c00000,0x00000003d2eef080,0x00000003fbc00000)
 Metaspace       used 5343K, capacity 5588K, committed 5888K, reserved 1056768K
  class space    used 588K, capacity 672K, committed 768K, reserved 1048576K

