# JRE version: Java(TM) SE Runtime Environment (8.0_45-b14) (build 1.8.0_45-b14)
# Java VM: Java HotSpot(TM) 64-Bit Server VM (25.45-b02 mixed mode linux-amd64 compressed oops)
Heap:
 PSYoungGen      total 2402304K, used 0K [0x00000006f4900000, 0x00000007c0000000, 0x00000007c0000000)
  eden space 1980416K, 0% used [0x00000006f4900000,0x00000006f4900000,0x000000076d700000)
  from space 421888K, 0% used [0x000000076d700000,0x000000076d700000,0x0000000787300000)
  to   space 684032K, 0% used [0x0000000796400000,0x0000000796400000,0x00000007c0000000)
 ParOldGen       total 3035648K, used 840841K [0x000000055da00000, 0x0000000616e80000, 0x00000006f4900000)
  object space 3035648K, 27% used [0x000000055da00000,0x0000000590f22570,0x0000000616e80000)
 Metaspace       used 5187K, capacity 5412K, committed 5504K, reserved 1056768K
  class space    used 567K, capacity 608K, committed 640K, reserved 1048576K
GC Heap History (10 events):
Event: 8607,516 GC heap after
Heap after GC invocations=142 (full 9):
 PSYoungGen      total 2424832K, used 394027K [0x00000006f4900000, 0x00000007c0000000, 0x00000007c0000000)
  eden space 2030592K, 0% used [0x00000006f4900000,0x00000006f4900000,0x0000000770800000)
  from space 394240K, 99% used [0x0000000770800000,0x00000007888cadc0,0x0000000788900000)
  to   space 654848K, 0% used [0x0000000798080000,0x0000000798080000,0x00000007c0000000)
 ParOldGen       total 3035648K, used 1522695K [0x000000055da00000, 0x0000000616e80000, 0x00000006f4900000)
  object space 3035648K, 50% used [0x000000055da00000,0x00000005ba901f60,0x0000000616e80000)
 Metaspace       used 5187K, capacity 5412K, committed 5504K, reserved 1056768K
  class space    used 567K, capacity 608K, committed 640K, reserved 1048576K
}
Event: 8611,487 GC heap before
{Heap before GC invocations=143 (full 9):
 PSYoungGen      total 2424832K, used 2424619K [0x00000006f4900000, 0x00000007c0000000, 0x00000007c0000000)
  eden space 2030592K, 100% used [0x00000006f4900000,0x0000000770800000,0x0000000770800000)
  from space 394240K, 99% used [0x0000000770800000,0x00000007888cadc0,0x0000000788900000)
  to   space 654848K, 0% used [0x0000000798080000,0x0000000798080000,0x00000007c0000000)
 ParOldGen       total 3035648K, used 1522695K [0x000000055da00000, 0x0000000616e80000, 0x00000006f4900000)
  object space 3035648K, 50% used [0x000000055da00000,0x00000005ba901f60,0x0000000616e80000)
 Metaspace       used 5187K, capacity 5412K, committed 5504K, reserved 1056768K
  class space    used 567K, capacity 608K, committed 640K, reserved 1048576K
Event: 8612,452 GC heap after
Heap after GC invocations=143 (full 9):
 PSYoungGen      total 2649600K, used 432345K [0x00000006f4900000, 0x00000007c0000000, 0x00000007c0000000)
  eden space 1994752K, 0% used [0x00000006f4900000,0x00000006f4900000,0x000000076e500000)
  from space 654848K, 66% used [0x0000000798080000,0x00000007b26b6630,0x00000007c0000000)
  to   space 669184K, 0% used [0x000000076e500000,0x000000076e500000,0x0000000797280000)
 ParOldGen       total 3035648K, used 1917488K [0x000000055da00000, 0x0000000616e80000, 0x00000006f4900000)
  object space 3035648K, 63% used [0x000000055da00000,0x00000005d2a8c048,0x0000000616e80000)
 Metaspace       used 5187K, capacity 5412K, committed 5504K, reserved 1056768K
  class space    used 567K, capacity 608K, committed 640K, reserved 1048576K
}
Event: 8830,649 GC heap before
{Heap before GC invocations=144 (full 9):
 PSYoungGen      total 2649600K, used 2427097K [0x00000006f4900000, 0x00000007c0000000, 0x00000007c0000000)
  eden space 1994752K, 100% used [0x00000006f4900000,0x000000076e500000,0x000000076e500000)
  from space 654848K, 66% used [0x0000000798080000,0x00000007b26b6630,0x00000007c0000000)
  to   space 669184K, 0% used [0x000000076e500000,0x000000076e500000,0x0000000797280000)
 ParOldGen       total 3035648K, used 1917488K [0x000000055da00000, 0x0000000616e80000, 0x00000006f4900000)
  object space 3035648K, 63% used [0x000000055da00000,0x00000005d2a8c048,0x0000000616e80000)
 Metaspace       used 5187K, capacity 5412K, committed 5504K, reserved 1056768K
  class space    used 567K, capacity 608K, committed 640K, reserved 1048576K
Event: 8830,964 GC heap after
Heap after GC invocations=144 (full 9):
 PSYoungGen      total 2076672K, used 81677K [0x00000006f4900000, 0x00000007c0000000, 0x00000007c0000000)
  eden space 1994752K, 0% used [0x00000006f4900000,0x00000006f4900000,0x000000076e500000)
  from space 81920K, 99% used [0x000000076e500000,0x00000007734c3760,0x0000000773500000)
  to   space 672256K, 0% used [0x0000000796f80000,0x0000000796f80000,0x00000007c0000000)
 ParOldGen       total 3035648K, used 2078509K [0x000000055da00000, 0x0000000616e80000, 0x00000006f4900000)
  object space 3035648K, 68% used [0x000000055da00000,0x00000005dc7cb5f8,0x0000000616e80000)
 Metaspace       used 5187K, capacity 5412K, committed 5504K, reserved 1056768K
  class space    used 567K, capacity 608K, committed 640K, reserved 1048576K
}
Event: 8850,631 GC heap before
{Heap before GC invocations=145 (full 9):
 PSYoungGen      total 2076672K, used 2076429K [0x00000006f4900000, 0x00000007c0000000, 0x00000007c0000000)
  eden space 1994752K, 100% used [0x00000006f4900000,0x000000076e500000,0x000000076e500000)
  from space 81920K, 99% used [0x000000076e500000,0x00000007734c3760,0x0000000773500000)
  to   space 672256K, 0% used [0x0000000796f80000,0x0000000796f80000,0x00000007c0000000)
 ParOldGen       total 3035648K, used 2078509K [0x000000055da00000, 0x0000000616e80000, 0x00000006f4900000)
  object space 3035648K, 68% used [0x000000055da00000,0x00000005dc7cb5f8,0x0000000616e80000)
 Metaspace       used 5187K, capacity 5412K, committed 5504K, reserved 1056768K
  class space    used 567K, capacity 608K, committed 640K, reserved 1048576K
Event: 8862,394 GC heap after
Heap after GC invocations=145 (full 9):
 PSYoungGen      total 2652672K, used 401820K [0x00000006f4900000, 0x00000007c0000000, 0x00000007c0000000)
  eden space 1980416K, 0% used [0x00000006f4900000,0x00000006f4900000,0x000000076d700000)
  from space 672256K, 59% used [0x0000000796f80000,0x00000007af7e73d8,0x00000007c0000000)
  to   space 676352K, 0% used [0x000000076d700000,0x000000076d700000,0x0000000796b80000)
 ParOldGen       total 3035648K, used 2160026K [0x000000055da00000, 0x0000000616e80000, 0x00000006f4900000)
  object space 3035648K, 71% used [0x000000055da00000,0x00000005e1766a28,0x0000000616e80000)
 Metaspace       used 5187K, capacity 5412K, committed 5504K, reserved 1056768K
  class space    used 567K, capacity 608K, committed 640K, reserved 1048576K
}
Event: 8871,752 GC heap before
{Heap before GC invocations=146 (full 9):
 PSYoungGen      total 2652672K, used 2382236K [0x00000006f4900000, 0x00000007c0000000, 0x00000007c0000000)
  eden space 1980416K, 100% used [0x00000006f4900000,0x000000076d700000,0x000000076d700000)
  from space 672256K, 59% used [0x0000000796f80000,0x00000007af7e73d8,0x00000007c0000000)
  to   space 676352K, 0% used [0x000000076d700000,0x000000076d700000,0x0000000796b80000)
 ParOldGen       total 3035648K, used 2160026K [0x000000055da00000, 0x0000000616e80000, 0x00000006f4900000)
  object space 3035648K, 71% used [0x000000055da00000,0x00000005e1766a28,0x0000000616e80000)
 Metaspace       used 5187K, capacity 5412K, committed 5504K, reserved 1056768K
  class space    used 567K, capacity 608K, committed 640K, reserved 1048576K
Event: 8889,965 GC heap after
Heap after GC invocations=146 (full 9):
 PSYoungGen      total 2402304K, used 421567K [0x00000006f4900000, 0x00000007c0000000, 0x00000007c0000000)
  eden space 1980416K, 0% used [0x00000006f4900000,0x00000006f4900000,0x000000076d700000)
  from space 421888K, 99% used [0x000000076d700000,0x00000007872afc30,0x0000000787300000)
  to   space 684032K, 0% used [0x0000000796400000,0x0000000796400000,0x00000007c0000000)
 ParOldGen       total 3035648K, used 2562655K [0x000000055da00000, 0x0000000616e80000, 0x00000006f4900000)
  object space 3035648K, 84% used [0x000000055da00000,0x00000005fa097de0,0x0000000616e80000)
 Metaspace       used 5187K, capacity 5412K, committed 5504K, reserved 1056768K
  class space    used 567K, capacity 608K, committed 640K, reserved 1048576K
}
Event: 8893,263 GC heap before
{Heap before GC invocations=147 (full 10):
 PSYoungGen      total 2402304K, used 421567K [0x00000006f4900000, 0x00000007c0000000, 0x00000007c0000000)
  eden space 1980416K, 0% used [0x00000006f4900000,0x00000006f4900000,0x000000076d700000)
  from space 421888K, 99% used [0x000000076d700000,0x00000007872afc30,0x0000000787300000)
  to   space 684032K, 0% used [0x0000000796400000,0x0000000796400000,0x00000007c0000000)
 ParOldGen       total 3035648K, used 2562655K [0x000000055da00000, 0x0000000616e80000, 0x00000006f4900000)
  object space 3035648K, 84% used [0x000000055da00000,0x00000005fa097de0,0x0000000616e80000)
 Metaspace       used 5187K, capacity 5412K, committed 5504K, reserved 1056768K
  class space    used 567K, capacity 608K, committed 640K, reserved 1048576K

