# JRE version: Java(TM) SE Runtime Environment (8.0_45-b14) (build 1.8.0_45-b14)
# Java VM: Java HotSpot(TM) 64-Bit Server VM (25.45-b02 mixed mode linux-amd64 compressed oops)
Heap:
 PSYoungGen      total 2675712K, used 436500K [0x00000006f4900000, 0x00000007be080000, 0x00000007c0000000)
  eden space 2050560K, 0% used [0x00000006f4900000,0x00000006f4900000,0x0000000771b80000)
  from space 625152K, 69% used [0x0000000797e00000,0x00000007b2845250,0x00000007be080000)
  to   space 340992K, 0% used [0x0000000771b80000,0x0000000771b80000,0x0000000786880000)
 ParOldGen       total 2578432K, used 1802458K [0x000000055da00000, 0x00000005fb000000, 0x00000006f4900000)
  object space 2578432K, 69% used [0x000000055da00000,0x00000005cba36928,0x00000005fb000000)
 Metaspace       used 5184K, capacity 5412K, committed 5504K, reserved 1056768K
  class space    used 567K, capacity 608K, committed 640K, reserved 1048576K
GC Heap History (10 events):
Event: 8607,575 GC heap after
Heap after GC invocations=124 (full 13):
 PSYoungGen      total 2657792K, used 112942K [0x00000006f4900000, 0x00000007c0000000, 0x00000007c0000000)
  eden space 2012160K, 0% used [0x00000006f4900000,0x00000006f4900000,0x000000076f600000)
  from space 645632K, 17% used [0x000000076f600000,0x000000077644ba40,0x0000000796c80000)
  to   space 643584K, 0% used [0x0000000798b80000,0x0000000798b80000,0x00000007c0000000)
 ParOldGen       total 2578432K, used 769081K [0x000000055da00000, 0x00000005fb000000, 0x00000006f4900000)
  object space 2578432K, 29% used [0x000000055da00000,0x000000058c90e758,0x00000005fb000000)
 Metaspace       used 5184K, capacity 5412K, committed 5504K, reserved 1056768K
  class space    used 567K, capacity 608K, committed 640K, reserved 1048576K
}
Event: 8611,882 GC heap before
{Heap before GC invocations=125 (full 13):
 PSYoungGen      total 2657792K, used 2125102K [0x00000006f4900000, 0x00000007c0000000, 0x00000007c0000000)
  eden space 2012160K, 100% used [0x00000006f4900000,0x000000076f600000,0x000000076f600000)
  from space 645632K, 17% used [0x000000076f600000,0x000000077644ba40,0x0000000796c80000)
  to   space 643584K, 0% used [0x0000000798b80000,0x0000000798b80000,0x00000007c0000000)
 ParOldGen       total 2578432K, used 769081K [0x000000055da00000, 0x00000005fb000000, 0x00000006f4900000)
  object space 2578432K, 29% used [0x000000055da00000,0x000000058c90e758,0x00000005fb000000)
 Metaspace       used 5184K, capacity 5412K, committed 5504K, reserved 1056768K
  class space    used 567K, capacity 608K, committed 640K, reserved 1048576K
Event: 8612,495 GC heap after
Heap after GC invocations=125 (full 13):
 PSYoungGen      total 2641408K, used 321129K [0x00000006f4900000, 0x00000007bd300000, 0x00000007c0000000)
  eden space 2043904K, 0% used [0x00000006f4900000,0x00000006f4900000,0x0000000771500000)
  from space 597504K, 53% used [0x0000000798b80000,0x00000007ac51a418,0x00000007bd300000)
  to   space 621568K, 0% used [0x0000000771500000,0x0000000771500000,0x0000000797400000)
 ParOldGen       total 2578432K, used 881982K [0x000000055da00000, 0x00000005fb000000, 0x00000006f4900000)
  object space 2578432K, 34% used [0x000000055da00000,0x000000059374fa38,0x00000005fb000000)
 Metaspace       used 5184K, capacity 5412K, committed 5504K, reserved 1056768K
  class space    used 567K, capacity 608K, committed 640K, reserved 1048576K
}
Event: 8616,416 GC heap before
{Heap before GC invocations=126 (full 13):
 PSYoungGen      total 2641408K, used 2365033K [0x00000006f4900000, 0x00000007bd300000, 0x00000007c0000000)
  eden space 2043904K, 100% used [0x00000006f4900000,0x0000000771500000,0x0000000771500000)
  from space 597504K, 53% used [0x0000000798b80000,0x00000007ac51a418,0x00000007bd300000)
  to   space 621568K, 0% used [0x0000000771500000,0x0000000771500000,0x0000000797400000)
 ParOldGen       total 2578432K, used 881982K [0x000000055da00000, 0x00000005fb000000, 0x00000006f4900000)
  object space 2578432K, 34% used [0x000000055da00000,0x000000059374fa38,0x00000005fb000000)
 Metaspace       used 5184K, capacity 5412K, committed 5504K, reserved 1056768K
  class space    used 567K, capacity 608K, committed 640K, reserved 1048576K
Event: 8617,235 GC heap after
Heap after GC invocations=126 (full 13):
 PSYoungGen      total 2665472K, used 435110K [0x00000006f4900000, 0x00000007c0000000, 0x00000007c0000000)
  eden space 2043904K, 0% used [0x00000006f4900000,0x00000006f4900000,0x0000000771500000)
  from space 621568K, 70% used [0x0000000771500000,0x000000078bde9a10,0x0000000797400000)
  to   space 643072K, 0% used [0x0000000798c00000,0x0000000798c00000,0x00000007c0000000)
 ParOldGen       total 2578432K, used 1203710K [0x000000055da00000, 0x00000005fb000000, 0x00000006f4900000)
  object space 2578432K, 46% used [0x000000055da00000,0x00000005a717fbc8,0x00000005fb000000)
 Metaspace       used 5184K, capacity 5412K, committed 5504K, reserved 1056768K
  class space    used 567K, capacity 608K, committed 640K, reserved 1048576K
}
Event: 8867,213 GC heap before
{Heap before GC invocations=127 (full 13):
 PSYoungGen      total 2665472K, used 2479014K [0x00000006f4900000, 0x00000007c0000000, 0x00000007c0000000)
  eden space 2043904K, 100% used [0x00000006f4900000,0x0000000771500000,0x0000000771500000)
  from space 621568K, 70% used [0x0000000771500000,0x000000078bde9a10,0x0000000797400000)
  to   space 643072K, 0% used [0x0000000798c00000,0x0000000798c00000,0x00000007c0000000)
 ParOldGen       total 2578432K, used 1203710K [0x000000055da00000, 0x00000005fb000000, 0x00000006f4900000)
  object space 2578432K, 46% used [0x000000055da00000,0x00000005a717fbc8,0x00000005fb000000)
 Metaspace       used 5184K, capacity 5412K, committed 5504K, reserved 1056768K
  class space    used 567K, capacity 608K, committed 640K, reserved 1048576K
Event: 8889,977 GC heap after
Heap after GC invocations=127 (full 13):
 PSYoungGen      total 2693632K, used 122135K [0x00000006f4900000, 0x00000007c0000000, 0x00000007c0000000)
  eden space 2050560K, 0% used [0x00000006f4900000,0x00000006f4900000,0x0000000771b80000)
  from space 643072K, 18% used [0x0000000798c00000,0x00000007a0345e10,0x00000007c0000000)
  to   space 639488K, 0% used [0x0000000771b80000,0x0000000771b80000,0x0000000798c00000)
 ParOldGen       total 2578432K, used 1339156K [0x000000055da00000, 0x00000005fb000000, 0x00000006f4900000)
  object space 2578432K, 51% used [0x000000055da00000,0x00000005af5c53f0,0x00000005fb000000)
 Metaspace       used 5184K, capacity 5412K, committed 5504K, reserved 1056768K
  class space    used 567K, capacity 608K, committed 640K, reserved 1048576K
}
Event: 8916,197 GC heap before
{Heap before GC invocations=128 (full 13):
 PSYoungGen      total 2693632K, used 2172695K [0x00000006f4900000, 0x00000007c0000000, 0x00000007c0000000)
  eden space 2050560K, 100% used [0x00000006f4900000,0x0000000771b80000,0x0000000771b80000)
  from space 643072K, 18% used [0x0000000798c00000,0x00000007a0345e10,0x00000007c0000000)
  to   space 639488K, 0% used [0x0000000771b80000,0x0000000771b80000,0x0000000798c00000)
 ParOldGen       total 2578432K, used 1339156K [0x000000055da00000, 0x00000005fb000000, 0x00000006f4900000)
  object space 2578432K, 51% used [0x000000055da00000,0x00000005af5c53f0,0x00000005fb000000)
 Metaspace       used 5184K, capacity 5412K, committed 5504K, reserved 1056768K
  class space    used 567K, capacity 608K, committed 640K, reserved 1048576K
Event: 8943,558 GC heap after
Heap after GC invocations=128 (full 13):
 PSYoungGen      total 2391552K, used 340630K [0x00000006f4900000, 0x00000007be080000, 0x00000007c0000000)
  eden space 2050560K, 0% used [0x00000006f4900000,0x00000006f4900000,0x0000000771b80000)
  from space 340992K, 99% used [0x0000000771b80000,0x0000000786825be0,0x0000000786880000)
  to   space 625152K, 0% used [0x0000000797e00000,0x0000000797e00000,0x00000007be080000)
 ParOldGen       total 2578432K, used 1461272K [0x000000055da00000, 0x00000005fb000000, 0x00000006f4900000)
  object space 2578432K, 56% used [0x000000055da00000,0x00000005b6d06280,0x00000005fb000000)
 Metaspace       used 5184K, capacity 5412K, committed 5504K, reserved 1056768K
  class space    used 567K, capacity 608K, committed 640K, reserved 1048576K
}
Event: 8975,295 GC heap before
{Heap before GC invocations=129 (full 13):
 PSYoungGen      total 2391552K, used 2391190K [0x00000006f4900000, 0x00000007be080000, 0x00000007c0000000)
  eden space 2050560K, 100% used [0x00000006f4900000,0x0000000771b80000,0x0000000771b80000)
  from space 340992K, 99% used [0x0000000771b80000,0x0000000786825be0,0x0000000786880000)
  to   space 625152K, 0% used [0x0000000797e00000,0x0000000797e00000,0x00000007be080000)
 ParOldGen       total 2578432K, used 1461272K [0x000000055da00000, 0x00000005fb000000, 0x00000006f4900000)
  object space 2578432K, 56% used [0x000000055da00000,0x00000005b6d06280,0x00000005fb000000)
 Metaspace       used 5184K, capacity 5412K, committed 5504K, reserved 1056768K
  class space    used 567K, capacity 608K, committed 640K, reserved 1048576K

