# JRE version: Java(TM) SE Runtime Environment (8.0_45-b14) (build 1.8.0_45-b14)
# Java VM: Java HotSpot(TM) 64-Bit Server VM (25.45-b02 mixed mode linux-amd64 compressed oops)
Heap:
 PSYoungGen      total 2640896K, used 0K [0x00000006f4900000, 0x00000007c0000000, 0x00000007c0000000)
  eden space 1957888K, 0% used [0x00000006f4900000,0x00000006f4900000,0x000000076c100000)
  from space 683008K, 0% used [0x0000000795f00000,0x0000000795f00000,0x00000007bfa00000)
  to   space 686080K, 0% used [0x000000076c100000,0x000000076c100000,0x0000000795f00000)
 ParOldGen       total 2272256K, used 829321K [0x000000055da00000, 0x00000005e8500000, 0x00000006f4900000)
  object space 2272256K, 36% used [0x000000055da00000,0x00000005903e27a8,0x00000005e8500000)
 Metaspace       used 5199K, capacity 5402K, committed 5504K, reserved 1056768K
  class space    used 565K, capacity 603K, committed 640K, reserved 1048576K
GC Heap History (10 events):
Event: 80754,652 GC heap after
Heap after GC invocations=1091 (full 153):
 PSYoungGen      total 2640896K, used 396945K [0x00000006f4900000, 0x00000007bfb00000, 0x00000007c0000000)
  eden space 1959936K, 0% used [0x00000006f4900000,0x00000006f4900000,0x000000076c300000)
  from space 680960K, 58% used [0x0000000796200000,0x00000007ae5a4578,0x00000007bfb00000)
  to   space 684032K, 0% used [0x000000076c300000,0x000000076c300000,0x0000000795f00000)
 ParOldGen       total 2272256K, used 753405K [0x000000055da00000, 0x00000005e8500000, 0x00000006f4900000)
  object space 2272256K, 33% used [0x000000055da00000,0x000000058b9bf680,0x00000005e8500000)
 Metaspace       used 5199K, capacity 5402K, committed 5504K, reserved 1056768K
  class space    used 565K, capacity 603K, committed 640K, reserved 1048576K
}
Event: 80758,452 GC heap before
{Heap before GC invocations=1092 (full 153):
 PSYoungGen      total 2640896K, used 2356881K [0x00000006f4900000, 0x00000007bfb00000, 0x00000007c0000000)
  eden space 1959936K, 100% used [0x00000006f4900000,0x000000076c300000,0x000000076c300000)
  from space 680960K, 58% used [0x0000000796200000,0x00000007ae5a4578,0x00000007bfb00000)
  to   space 684032K, 0% used [0x000000076c300000,0x000000076c300000,0x0000000795f00000)
 ParOldGen       total 2272256K, used 753405K [0x000000055da00000, 0x00000005e8500000, 0x00000006f4900000)
  object space 2272256K, 33% used [0x000000055da00000,0x000000058b9bf680,0x00000005e8500000)
 Metaspace       used 5199K, capacity 5402K, committed 5504K, reserved 1056768K
  class space    used 565K, capacity 603K, committed 640K, reserved 1048576K
Event: 80759,272 GC heap after
Heap after GC invocations=1092 (full 153):
 PSYoungGen      total 2643968K, used 417369K [0x00000006f4900000, 0x00000007c0000000, 0x00000007c0000000)
  eden space 1959936K, 0% used [0x00000006f4900000,0x00000006f4900000,0x000000076c300000)
  from space 684032K, 61% used [0x000000076c300000,0x0000000785a96740,0x0000000795f00000)
  to   space 686592K, 0% used [0x0000000796180000,0x0000000796180000,0x00000007c0000000)
 ParOldGen       total 2272256K, used 1151038K [0x000000055da00000, 0x00000005e8500000, 0x00000006f4900000)
  object space 2272256K, 50% used [0x000000055da00000,0x00000005a3e0f888,0x00000005e8500000)
 Metaspace       used 5199K, capacity 5402K, committed 5504K, reserved 1056768K
  class space    used 565K, capacity 603K, committed 640K, reserved 1048576K
}
Event: 81038,963 GC heap before
{Heap before GC invocations=1093 (full 153):
 PSYoungGen      total 2643968K, used 2377305K [0x00000006f4900000, 0x00000007c0000000, 0x00000007c0000000)
  eden space 1959936K, 100% used [0x00000006f4900000,0x000000076c300000,0x000000076c300000)
  from space 684032K, 61% used [0x000000076c300000,0x0000000785a96740,0x0000000795f00000)
  to   space 686592K, 0% used [0x0000000796180000,0x0000000796180000,0x00000007c0000000)
 ParOldGen       total 2272256K, used 1151038K [0x000000055da00000, 0x00000005e8500000, 0x00000006f4900000)
  object space 2272256K, 50% used [0x000000055da00000,0x00000005a3e0f888,0x00000005e8500000)
 Metaspace       used 5199K, capacity 5402K, committed 5504K, reserved 1056768K
  class space    used 565K, capacity 603K, committed 640K, reserved 1048576K
Event: 81039,355 GC heap after
Heap after GC invocations=1093 (full 153):
 PSYoungGen      total 2647552K, used 110568K [0x00000006f4900000, 0x00000007c0000000, 0x00000007c0000000)
  eden space 1960960K, 0% used [0x00000006f4900000,0x00000006f4900000,0x000000076c400000)
  from space 686592K, 16% used [0x0000000796180000,0x000000079cd7a050,0x00000007c0000000)
  to   space 685568K, 0% used [0x000000076c400000,0x000000076c400000,0x0000000796180000)
 ParOldGen       total 2272256K, used 1333673K [0x000000055da00000, 0x00000005e8500000, 0x00000006f4900000)
  object space 2272256K, 58% used [0x000000055da00000,0x00000005af06a7d8,0x00000005e8500000)
 Metaspace       used 5199K, capacity 5402K, committed 5504K, reserved 1056768K
  class space    used 565K, capacity 603K, committed 640K, reserved 1048576K
}
Event: 81043,307 GC heap before
{Heap before GC invocations=1094 (full 153):
 PSYoungGen      total 2647552K, used 2071528K [0x00000006f4900000, 0x00000007c0000000, 0x00000007c0000000)
  eden space 1960960K, 100% used [0x00000006f4900000,0x000000076c400000,0x000000076c400000)
  from space 686592K, 16% used [0x0000000796180000,0x000000079cd7a050,0x00000007c0000000)
  to   space 685568K, 0% used [0x000000076c400000,0x000000076c400000,0x0000000796180000)
 ParOldGen       total 2272256K, used 1333673K [0x000000055da00000, 0x00000005e8500000, 0x00000006f4900000)
  object space 2272256K, 58% used [0x000000055da00000,0x00000005af06a7d8,0x00000005e8500000)
 Metaspace       used 5199K, capacity 5402K, committed 5504K, reserved 1056768K
  class space    used 565K, capacity 603K, committed 640K, reserved 1048576K
Event: 81043,812 GC heap after
Heap after GC invocations=1094 (full 153):
 PSYoungGen      total 2357760K, used 396306K [0x00000006f4900000, 0x00000007bfa00000, 0x00000007c0000000)
  eden space 1960960K, 0% used [0x00000006f4900000,0x00000006f4900000,0x000000076c400000)
  from space 396800K, 99% used [0x000000076c400000,0x0000000784704840,0x0000000784780000)
  to   space 683008K, 0% used [0x0000000795f00000,0x0000000795f00000,0x00000007bfa00000)
 ParOldGen       total 2272256K, used 1444148K [0x000000055da00000, 0x00000005e8500000, 0x00000006f4900000)
  object space 2272256K, 63% used [0x000000055da00000,0x00000005b5c4d388,0x00000005e8500000)
 Metaspace       used 5199K, capacity 5402K, committed 5504K, reserved 1056768K
  class space    used 565K, capacity 603K, committed 640K, reserved 1048576K
}
Event: 81047,297 GC heap before
{Heap before GC invocations=1095 (full 153):
 PSYoungGen      total 2357760K, used 2357266K [0x00000006f4900000, 0x00000007bfa00000, 0x00000007c0000000)
  eden space 1960960K, 100% used [0x00000006f4900000,0x000000076c400000,0x000000076c400000)
  from space 396800K, 99% used [0x000000076c400000,0x0000000784704840,0x0000000784780000)
  to   space 683008K, 0% used [0x0000000795f00000,0x0000000795f00000,0x00000007bfa00000)
 ParOldGen       total 2272256K, used 1444148K [0x000000055da00000, 0x00000005e8500000, 0x00000006f4900000)
  object space 2272256K, 63% used [0x000000055da00000,0x00000005b5c4d388,0x00000005e8500000)
 Metaspace       used 5199K, capacity 5402K, committed 5504K, reserved 1056768K
  class space    used 565K, capacity 603K, committed 640K, reserved 1048576K
Event: 81048,589 GC heap after
Heap after GC invocations=1095 (full 153):
 PSYoungGen      total 2640896K, used 417459K [0x00000006f4900000, 0x00000007c0000000, 0x00000007c0000000)
  eden space 1957888K, 0% used [0x00000006f4900000,0x00000006f4900000,0x000000076c100000)
  from space 683008K, 61% used [0x0000000795f00000,0x00000007af6accc0,0x00000007bfa00000)
  to   space 686080K, 0% used [0x000000076c100000,0x000000076c100000,0x0000000795f00000)
 ParOldGen       total 2272256K, used 1841244K [0x000000055da00000, 0x00000005e8500000, 0x00000006f4900000)
  object space 2272256K, 81% used [0x000000055da00000,0x00000005ce017098,0x00000005e8500000)
 Metaspace       used 5199K, capacity 5402K, committed 5504K, reserved 1056768K
  class space    used 565K, capacity 603K, committed 640K, reserved 1048576K
}
Event: 81048,589 GC heap before
{Heap before GC invocations=1096 (full 154):
 PSYoungGen      total 2640896K, used 417459K [0x00000006f4900000, 0x00000007c0000000, 0x00000007c0000000)
  eden space 1957888K, 0% used [0x00000006f4900000,0x00000006f4900000,0x000000076c100000)
  from space 683008K, 61% used [0x0000000795f00000,0x00000007af6accc0,0x00000007bfa00000)
  to   space 686080K, 0% used [0x000000076c100000,0x000000076c100000,0x0000000795f00000)
 ParOldGen       total 2272256K, used 1841244K [0x000000055da00000, 0x00000005e8500000, 0x00000006f4900000)
  object space 2272256K, 81% used [0x000000055da00000,0x00000005ce017098,0x00000005e8500000)
 Metaspace       used 5199K, capacity 5402K, committed 5504K, reserved 1056768K
  class space    used 565K, capacity 603K, committed 640K, reserved 1048576K

