# JRE version: Java(TM) SE Runtime Environment (8.0_45-b14) (build 1.8.0_45-b14)
# Java VM: Java HotSpot(TM) 64-Bit Server VM (25.45-b02 mixed mode linux-amd64 compressed oops)
Heap:
 PSYoungGen      total 2672640K, used 434124K [0x00000006f4900000, 0x00000007be600000, 0x00000007c0000000)
  eden space 2038784K, 0% used [0x00000006f4900000,0x00000006f4900000,0x0000000771000000)
  from space 633856K, 68% used [0x0000000771000000,0x000000078b7f33f8,0x0000000797b00000)
  to   space 621568K, 0% used [0x0000000798700000,0x0000000798700000,0x00000007be600000)
 ParOldGen       total 2554880K, used 1784039K [0x000000055da00000, 0x00000005f9900000, 0x00000006f4900000)
  object space 2554880K, 69% used [0x000000055da00000,0x00000005ca839c18,0x00000005f9900000)
 Metaspace       used 5189K, capacity 5412K, committed 5504K, reserved 1056768K
  class space    used 567K, capacity 608K, committed 640K, reserved 1048576K
GC Heap History (10 events):
Event: 8628,829 GC heap after
Heap after GC invocations=126 (full 14):
 PSYoungGen      total 2698752K, used 106174K [0x00000006f4900000, 0x00000007c0000000, 0x00000007c0000000)
  eden space 2061824K, 0% used [0x00000006f4900000,0x00000006f4900000,0x0000000772680000)
  from space 636928K, 16% used [0x0000000799200000,0x000000079f9afa20,0x00000007c0000000)
  to   space 634368K, 0% used [0x0000000772680000,0x0000000772680000,0x0000000799200000)
 ParOldGen       total 2554880K, used 773730K [0x000000055da00000, 0x00000005f9900000, 0x00000006f4900000)
  object space 2554880K, 30% used [0x000000055da00000,0x000000058cd98b28,0x00000005f9900000)
 Metaspace       used 5189K, capacity 5412K, committed 5504K, reserved 1056768K
  class space    used 567K, capacity 608K, committed 640K, reserved 1048576K
}
Event: 8632,880 GC heap before
{Heap before GC invocations=127 (full 14):
 PSYoungGen      total 2698752K, used 2167998K [0x00000006f4900000, 0x00000007c0000000, 0x00000007c0000000)
  eden space 2061824K, 100% used [0x00000006f4900000,0x0000000772680000,0x0000000772680000)
  from space 636928K, 16% used [0x0000000799200000,0x000000079f9afa20,0x00000007c0000000)
  to   space 634368K, 0% used [0x0000000772680000,0x0000000772680000,0x0000000799200000)
 ParOldGen       total 2554880K, used 773730K [0x000000055da00000, 0x00000005f9900000, 0x00000006f4900000)
  object space 2554880K, 30% used [0x000000055da00000,0x000000058cd98b28,0x00000005f9900000)
 Metaspace       used 5189K, capacity 5412K, committed 5504K, reserved 1056768K
  class space    used 567K, capacity 608K, committed 640K, reserved 1048576K
Event: 8633,325 GC heap after
Heap after GC invocations=127 (full 14):
 PSYoungGen      total 2399232K, used 337106K [0x00000006f4900000, 0x00000007be480000, 0x00000007c0000000)
  eden space 2061824K, 0% used [0x00000006f4900000,0x00000006f4900000,0x0000000772680000)
  from space 337408K, 99% used [0x0000000772680000,0x0000000786fb4bd8,0x0000000787000000)
  to   space 621568K, 0% used [0x0000000798580000,0x0000000798580000,0x00000007be480000)
 ParOldGen       total 2554880K, used 879800K [0x000000055da00000, 0x00000005f9900000, 0x00000006f4900000)
  object space 2554880K, 34% used [0x000000055da00000,0x000000059352e1d0,0x00000005f9900000)
 Metaspace       used 5189K, capacity 5412K, committed 5504K, reserved 1056768K
  class space    used 567K, capacity 608K, committed 640K, reserved 1048576K
}
Event: 8637,418 GC heap before
{Heap before GC invocations=128 (full 14):
 PSYoungGen      total 2399232K, used 2398930K [0x00000006f4900000, 0x00000007be480000, 0x00000007c0000000)
  eden space 2061824K, 100% used [0x00000006f4900000,0x0000000772680000,0x0000000772680000)
  from space 337408K, 99% used [0x0000000772680000,0x0000000786fb4bd8,0x0000000787000000)
  to   space 621568K, 0% used [0x0000000798580000,0x0000000798580000,0x00000007be480000)
 ParOldGen       total 2554880K, used 879800K [0x000000055da00000, 0x00000005f9900000, 0x00000006f4900000)
  object space 2554880K, 34% used [0x000000055da00000,0x000000059352e1d0,0x00000005f9900000)
 Metaspace       used 5189K, capacity 5412K, committed 5504K, reserved 1056768K
  class space    used 567K, capacity 608K, committed 640K, reserved 1048576K
Event: 8638,272 GC heap after
Heap after GC invocations=128 (full 14):
 PSYoungGen      total 2658816K, used 438912K [0x00000006f4900000, 0x00000007c0000000, 0x00000007c0000000)
  eden space 2037248K, 0% used [0x00000006f4900000,0x00000006f4900000,0x0000000770e80000)
  from space 621568K, 70% used [0x0000000798580000,0x00000007b32200b0,0x00000007be480000)
  to   space 646144K, 0% used [0x0000000770e80000,0x0000000770e80000,0x0000000798580000)
 ParOldGen       total 2554880K, used 1217489K [0x000000055da00000, 0x00000005f9900000, 0x00000006f4900000)
  object space 2554880K, 47% used [0x000000055da00000,0x00000005a7ef45b0,0x00000005f9900000)
 Metaspace       used 5189K, capacity 5412K, committed 5504K, reserved 1056768K
  class space    used 567K, capacity 608K, committed 640K, reserved 1048576K
}
Event: 8863,922 GC heap before
{Heap before GC invocations=129 (full 14):
 PSYoungGen      total 2658816K, used 2476160K [0x00000006f4900000, 0x00000007c0000000, 0x00000007c0000000)
  eden space 2037248K, 100% used [0x00000006f4900000,0x0000000770e80000,0x0000000770e80000)
  from space 621568K, 70% used [0x0000000798580000,0x00000007b32200b0,0x00000007be480000)
  to   space 646144K, 0% used [0x0000000770e80000,0x0000000770e80000,0x0000000798580000)
 ParOldGen       total 2554880K, used 1217489K [0x000000055da00000, 0x00000005f9900000, 0x00000006f4900000)
  object space 2554880K, 47% used [0x000000055da00000,0x00000005a7ef45b0,0x00000005f9900000)
 Metaspace       used 5189K, capacity 5412K, committed 5504K, reserved 1056768K
  class space    used 567K, capacity 608K, committed 640K, reserved 1048576K
Event: 8872,548 GC heap after
Heap after GC invocations=129 (full 14):
 PSYoungGen      total 2683392K, used 78775K [0x00000006f4900000, 0x00000007c0000000, 0x00000007c0000000)
  eden space 2037248K, 0% used [0x00000006f4900000,0x00000006f4900000,0x0000000770e80000)
  from space 646144K, 12% used [0x0000000770e80000,0x0000000775b6dd68,0x0000000798580000)
  to   space 648192K, 0% used [0x0000000798700000,0x0000000798700000,0x00000007c0000000)
 ParOldGen       total 2554880K, used 1367784K [0x000000055da00000, 0x00000005f9900000, 0x00000006f4900000)
  object space 2554880K, 53% used [0x000000055da00000,0x00000005b11ba1e0,0x00000005f9900000)
 Metaspace       used 5189K, capacity 5412K, committed 5504K, reserved 1056768K
  class space    used 567K, capacity 608K, committed 640K, reserved 1048576K
}
Event: 8951,355 GC heap before
{Heap before GC invocations=130 (full 14):
 PSYoungGen      total 2683392K, used 2116023K [0x00000006f4900000, 0x00000007c0000000, 0x00000007c0000000)
  eden space 2037248K, 100% used [0x00000006f4900000,0x0000000770e80000,0x0000000770e80000)
  from space 646144K, 12% used [0x0000000770e80000,0x0000000775b6dd68,0x0000000798580000)
  to   space 648192K, 0% used [0x0000000798700000,0x0000000798700000,0x00000007c0000000)
 ParOldGen       total 2554880K, used 1367784K [0x000000055da00000, 0x00000005f9900000, 0x00000006f4900000)
  object space 2554880K, 53% used [0x000000055da00000,0x00000005b11ba1e0,0x00000005f9900000)
 Metaspace       used 5189K, capacity 5412K, committed 5504K, reserved 1056768K
  class space    used 567K, capacity 608K, committed 640K, reserved 1048576K
Event: 8963,001 GC heap after
Heap after GC invocations=130 (full 14):
 PSYoungGen      total 2660352K, used 337030K [0x00000006f4900000, 0x00000007be600000, 0x00000007c0000000)
  eden space 2038784K, 0% used [0x00000006f4900000,0x00000006f4900000,0x0000000771000000)
  from space 621568K, 54% used [0x0000000798700000,0x00000007ad0219a0,0x00000007be600000)
  to   space 633856K, 0% used [0x0000000771000000,0x0000000771000000,0x0000000797b00000)
 ParOldGen       total 2554880K, used 1446470K [0x000000055da00000, 0x00000005f9900000, 0x00000006f4900000)
  object space 2554880K, 56% used [0x000000055da00000,0x00000005b5e91838,0x00000005f9900000)
 Metaspace       used 5189K, capacity 5412K, committed 5504K, reserved 1056768K
  class space    used 567K, capacity 608K, committed 640K, reserved 1048576K
}
Event: 8978,074 GC heap before
{Heap before GC invocations=131 (full 14):
 PSYoungGen      total 2660352K, used 2375814K [0x00000006f4900000, 0x00000007be600000, 0x00000007c0000000)
  eden space 2038784K, 100% used [0x00000006f4900000,0x0000000771000000,0x0000000771000000)
  from space 621568K, 54% used [0x0000000798700000,0x00000007ad0219a0,0x00000007be600000)
  to   space 633856K, 0% used [0x0000000771000000,0x0000000771000000,0x0000000797b00000)
 ParOldGen       total 2554880K, used 1446470K [0x000000055da00000, 0x00000005f9900000, 0x00000006f4900000)
  object space 2554880K, 56% used [0x000000055da00000,0x00000005b5e91838,0x00000005f9900000)
 Metaspace       used 5189K, capacity 5412K, committed 5504K, reserved 1056768K
  class space    used 567K, capacity 608K, committed 640K, reserved 1048576K

