# JRE version: Java(TM) SE Runtime Environment (8.0_45-b14) (build 1.8.0_45-b14)
# Java VM: Java HotSpot(TM) 64-Bit Server VM (25.45-b02 mixed mode linux-amd64 compressed oops)
Heap:
 PSYoungGen      total 2681344K, used 0K [0x00000006f4900000, 0x00000007c0000000, 0x00000007c0000000)
  eden space 2105344K, 0% used [0x00000006f4900000,0x00000006f4900000,0x0000000775100000)
  from space 576000K, 0% used [0x000000079a200000,0x000000079a200000,0x00000007bd480000)
  to   space 607232K, 0% used [0x0000000775100000,0x0000000775100000,0x000000079a200000)
 ParOldGen       total 1124352K, used 698198K [0x000000055da00000, 0x00000005a2400000, 0x00000006f4900000)
  object space 1124352K, 62% used [0x000000055da00000,0x00000005883d5998,0x00000005a2400000)
 Metaspace       used 5360K, capacity 5510K, committed 5632K, reserved 1056768K
  class space    used 582K, capacity 663K, committed 768K, reserved 1048576K
GC Heap History (10 events):
Event: 22085.062 GC heap after
Heap after GC invocations=735 (full 53):
 PSYoungGen      total 2650624K, used 184685K [0x00000006f4900000, 0x00000007be580000, 0x00000007c0000000)
  eden space 2017792K, 0% used [0x00000006f4900000,0x00000006f4900000,0x000000076fb80000)
  from space 632832K, 29% used [0x0000000797b80000,0x00000007a2fdb5b0,0x00000007be580000)
  to   space 644096K, 0% used [0x000000076fb80000,0x000000076fb80000,0x0000000797080000)
 ParOldGen       total 1124352K, used 293085K [0x000000055da00000, 0x00000005a2400000, 0x00000006f4900000)
  object space 1124352K, 26% used [0x000000055da00000,0x000000056f837630,0x00000005a2400000)
 Metaspace       used 5360K, capacity 5510K, committed 5632K, reserved 1056768K
  class space    used 582K, capacity 663K, committed 768K, reserved 1048576K
}
Event: 22089.439 GC heap before
{Heap before GC invocations=736 (full 53):
 PSYoungGen      total 2650624K, used 2202477K [0x00000006f4900000, 0x00000007be580000, 0x00000007c0000000)
  eden space 2017792K, 100% used [0x00000006f4900000,0x000000076fb80000,0x000000076fb80000)
  from space 632832K, 29% used [0x0000000797b80000,0x00000007a2fdb5b0,0x00000007be580000)
  to   space 644096K, 0% used [0x000000076fb80000,0x000000076fb80000,0x0000000797080000)
 ParOldGen       total 1124352K, used 293085K [0x000000055da00000, 0x00000005a2400000, 0x00000006f4900000)
  object space 1124352K, 26% used [0x000000055da00000,0x000000056f837630,0x00000005a2400000)
 Metaspace       used 5360K, capacity 5510K, committed 5632K, reserved 1056768K
  class space    used 582K, capacity 663K, committed 768K, reserved 1048576K
Event: 22089.974 GC heap after
Heap after GC invocations=736 (full 53):
 PSYoungGen      total 2661888K, used 317740K [0x00000006f4900000, 0x00000007bda00000, 0x00000007c0000000)
  eden space 2017792K, 0% used [0x00000006f4900000,0x00000006f4900000,0x000000076fb80000)
  from space 644096K, 49% used [0x000000076fb80000,0x00000007831cb1b0,0x0000000797080000)
  to   space 619008K, 0% used [0x0000000797d80000,0x0000000797d80000,0x00000007bda00000)
 ParOldGen       total 1124352K, used 477834K [0x000000055da00000, 0x00000005a2400000, 0x00000006f4900000)
  object space 1124352K, 42% used [0x000000055da00000,0x000000057aca2888,0x00000005a2400000)
 Metaspace       used 5360K, capacity 5510K, committed 5632K, reserved 1056768K
  class space    used 582K, capacity 663K, committed 768K, reserved 1048576K
}
Event: 22248.210 GC heap before
{Heap before GC invocations=737 (full 53):
 PSYoungGen      total 2661888K, used 2335532K [0x00000006f4900000, 0x00000007bda00000, 0x00000007c0000000)
  eden space 2017792K, 100% used [0x00000006f4900000,0x000000076fb80000,0x000000076fb80000)
  from space 644096K, 49% used [0x000000076fb80000,0x00000007831cb1b0,0x0000000797080000)
  to   space 619008K, 0% used [0x0000000797d80000,0x0000000797d80000,0x00000007bda00000)
 ParOldGen       total 1124352K, used 477834K [0x000000055da00000, 0x00000005a2400000, 0x00000006f4900000)
  object space 1124352K, 42% used [0x000000055da00000,0x000000057aca2888,0x00000005a2400000)
 Metaspace       used 5360K, capacity 5510K, committed 5632K, reserved 1056768K
  class space    used 582K, capacity 663K, committed 768K, reserved 1048576K
Event: 22248.457 GC heap after
Heap after GC invocations=737 (full 53):
 PSYoungGen      total 2665984K, used 209253K [0x00000006f4900000, 0x00000007bc380000, 0x00000007c0000000)
  eden space 2070016K, 0% used [0x00000006f4900000,0x00000006f4900000,0x0000000772e80000)
  from space 595968K, 35% used [0x0000000797d80000,0x00000007a49d9688,0x00000007bc380000)
  to   space 600576K, 0% used [0x0000000772e80000,0x0000000772e80000,0x0000000797900000)
 ParOldGen       total 1124352K, used 477874K [0x000000055da00000, 0x00000005a2400000, 0x00000006f4900000)
  object space 1124352K, 42% used [0x000000055da00000,0x000000057acaca30,0x00000005a2400000)
 Metaspace       used 5360K, capacity 5510K, committed 5632K, reserved 1056768K
  class space    used 582K, capacity 663K, committed 768K, reserved 1048576K
}
Event: 22252.811 GC heap before
{Heap before GC invocations=738 (full 53):
 PSYoungGen      total 2665984K, used 2279269K [0x00000006f4900000, 0x00000007bc380000, 0x00000007c0000000)
  eden space 2070016K, 100% used [0x00000006f4900000,0x0000000772e80000,0x0000000772e80000)
  from space 595968K, 35% used [0x0000000797d80000,0x00000007a49d9688,0x00000007bc380000)
  to   space 600576K, 0% used [0x0000000772e80000,0x0000000772e80000,0x0000000797900000)
 ParOldGen       total 1124352K, used 477874K [0x000000055da00000, 0x00000005a2400000, 0x00000006f4900000)
  object space 1124352K, 42% used [0x000000055da00000,0x000000057acaca30,0x00000005a2400000)
 Metaspace       used 5360K, capacity 5510K, committed 5632K, reserved 1056768K
  class space    used 582K, capacity 663K, committed 768K, reserved 1048576K
Event: 22253.361 GC heap after
Heap after GC invocations=738 (full 53):
 PSYoungGen      total 2670592K, used 244775K [0x00000006f4900000, 0x00000007bd480000, 0x00000007c0000000)
  eden space 2070016K, 0% used [0x00000006f4900000,0x00000006f4900000,0x0000000772e80000)
  from space 600576K, 40% used [0x0000000772e80000,0x0000000781d89e60,0x0000000797900000)
  to   space 576000K, 0% used [0x000000079a200000,0x000000079a200000,0x00000007bd480000)
 ParOldGen       total 1124352K, used 687254K [0x000000055da00000, 0x00000005a2400000, 0x00000006f4900000)
  object space 1124352K, 61% used [0x000000055da00000,0x0000000587925878,0x00000005a2400000)
 Metaspace       used 5360K, capacity 5510K, committed 5632K, reserved 1056768K
  class space    used 582K, capacity 663K, committed 768K, reserved 1048576K
}
Event: 22257.051 GC heap before
{Heap before GC invocations=739 (full 53):
 PSYoungGen      total 2670592K, used 2314791K [0x00000006f4900000, 0x00000007bd480000, 0x00000007c0000000)
  eden space 2070016K, 100% used [0x00000006f4900000,0x0000000772e80000,0x0000000772e80000)
  from space 600576K, 40% used [0x0000000772e80000,0x0000000781d89e60,0x0000000797900000)
  to   space 576000K, 0% used [0x000000079a200000,0x000000079a200000,0x00000007bd480000)
 ParOldGen       total 1124352K, used 687254K [0x000000055da00000, 0x00000005a2400000, 0x00000006f4900000)
  object space 1124352K, 61% used [0x000000055da00000,0x0000000587925878,0x00000005a2400000)
 Metaspace       used 5360K, capacity 5510K, committed 5632K, reserved 1056768K
  class space    used 582K, capacity 663K, committed 768K, reserved 1048576K
Event: 22257.744 GC heap after
Heap after GC invocations=739 (full 53):
 PSYoungGen      total 2681344K, used 445214K [0x00000006f4900000, 0x00000007c0000000, 0x00000007c0000000)
  eden space 2105344K, 0% used [0x00000006f4900000,0x00000006f4900000,0x0000000775100000)
  from space 576000K, 77% used [0x000000079a200000,0x00000007b54c79d8,0x00000007bd480000)
  to   space 607232K, 0% used [0x0000000775100000,0x0000000775100000,0x000000079a200000)
 ParOldGen       total 1124352K, used 932328K [0x000000055da00000, 0x00000005a2400000, 0x00000006f4900000)
  object space 1124352K, 82% used [0x000000055da00000,0x000000059687a310,0x00000005a2400000)
 Metaspace       used 5360K, capacity 5510K, committed 5632K, reserved 1056768K
  class space    used 582K, capacity 663K, committed 768K, reserved 1048576K
}
Event: 22257.744 GC heap before
{Heap before GC invocations=740 (full 54):
 PSYoungGen      total 2681344K, used 445214K [0x00000006f4900000, 0x00000007c0000000, 0x00000007c0000000)
  eden space 2105344K, 0% used [0x00000006f4900000,0x00000006f4900000,0x0000000775100000)
  from space 576000K, 77% used [0x000000079a200000,0x00000007b54c79d8,0x00000007bd480000)
  to   space 607232K, 0% used [0x0000000775100000,0x0000000775100000,0x000000079a200000)
 ParOldGen       total 1124352K, used 932328K [0x000000055da00000, 0x00000005a2400000, 0x00000006f4900000)
  object space 1124352K, 82% used [0x000000055da00000,0x000000059687a310,0x00000005a2400000)
 Metaspace       used 5360K, capacity 5510K, committed 5632K, reserved 1056768K
  class space    used 582K, capacity 663K, committed 768K, reserved 1048576K

