# JRE version: Java(TM) SE Runtime Environment (8.0_45-b14) (build 1.8.0_45-b14)
# Java VM: Java HotSpot(TM) 64-Bit Server VM (25.45-b02 mixed mode linux-amd64 compressed oops)
Heap:
 PSYoungGen      total 2638848K, used 0K [0x00000006f4900000, 0x00000007c0000000, 0x00000007c0000000)
  eden space 2046464K, 0% used [0x00000006f4900000,0x00000006f4900000,0x0000000771780000)
  from space 592384K, 0% used [0x0000000797480000,0x0000000797480000,0x00000007bb700000)
  to   space 619520K, 0% used [0x0000000771780000,0x0000000771780000,0x0000000797480000)
 ParOldGen       total 1518592K, used 685781K [0x000000055da00000, 0x00000005ba500000, 0x00000006f4900000)
  object space 1518592K, 45% used [0x000000055da00000,0x00000005877b5628,0x00000005ba500000)
 Metaspace       used 5367K, capacity 5574K, committed 5888K, reserved 1056768K
  class space    used 582K, capacity 663K, committed 768K, reserved 1048576K
GC Heap History (10 events):
Event: 59172.294 GC heap after
Heap after GC invocations=1214 (full 114):
 PSYoungGen      total 2676224K, used 155636K [0x00000006f4900000, 0x00000007c0000000, 0x00000007c0000000)
  eden space 2006528K, 0% used [0x00000006f4900000,0x00000006f4900000,0x000000076f080000)
  from space 669696K, 23% used [0x0000000797200000,0x00000007a09fd210,0x00000007c0000000)
  to   space 656896K, 0% used [0x000000076f080000,0x000000076f080000,0x0000000797200000)
 ParOldGen       total 1518592K, used 763248K [0x000000055da00000, 0x00000005ba500000, 0x00000006f4900000)
  object space 1518592K, 50% used [0x000000055da00000,0x000000058c35c3a0,0x00000005ba500000)
 Metaspace       used 5367K, capacity 5574K, committed 5888K, reserved 1056768K
  class space    used 582K, capacity 663K, committed 768K, reserved 1048576K
}
Event: 59176.177 GC heap before
{Heap before GC invocations=1215 (full 114):
 PSYoungGen      total 2676224K, used 2162164K [0x00000006f4900000, 0x00000007c0000000, 0x00000007c0000000)
  eden space 2006528K, 100% used [0x00000006f4900000,0x000000076f080000,0x000000076f080000)
  from space 669696K, 23% used [0x0000000797200000,0x00000007a09fd210,0x00000007c0000000)
  to   space 656896K, 0% used [0x000000076f080000,0x000000076f080000,0x0000000797200000)
 ParOldGen       total 1518592K, used 763248K [0x000000055da00000, 0x00000005ba500000, 0x00000006f4900000)
  object space 1518592K, 50% used [0x000000055da00000,0x000000058c35c3a0,0x00000005ba500000)
 Metaspace       used 5367K, capacity 5574K, committed 5888K, reserved 1056768K
  class space    used 582K, capacity 663K, committed 768K, reserved 1048576K
Event: 59176.580 GC heap after
Heap after GC invocations=1215 (full 114):
 PSYoungGen      total 2347520K, used 340872K [0x00000006f4900000, 0x00000007bd380000, 0x00000007c0000000)
  eden space 2006528K, 0% used [0x00000006f4900000,0x00000006f4900000,0x000000076f080000)
  from space 340992K, 99% used [0x000000076f080000,0x0000000783d62140,0x0000000783d80000)
  to   space 640512K, 0% used [0x0000000796200000,0x0000000796200000,0x00000007bd380000)
 ParOldGen       total 1518592K, used 918840K [0x000000055da00000, 0x00000005ba500000, 0x00000006f4900000)
  object space 1518592K, 60% used [0x000000055da00000,0x0000000595b4e010,0x00000005ba500000)
 Metaspace       used 5367K, capacity 5574K, committed 5888K, reserved 1056768K
  class space    used 582K, capacity 663K, committed 768K, reserved 1048576K
}
Event: 59327.564 GC heap before
{Heap before GC invocations=1216 (full 114):
 PSYoungGen      total 2347520K, used 2347400K [0x00000006f4900000, 0x00000007bd380000, 0x00000007c0000000)
  eden space 2006528K, 100% used [0x00000006f4900000,0x000000076f080000,0x000000076f080000)
  from space 340992K, 99% used [0x000000076f080000,0x0000000783d62140,0x0000000783d80000)
  to   space 640512K, 0% used [0x0000000796200000,0x0000000796200000,0x00000007bd380000)
 ParOldGen       total 1518592K, used 918840K [0x000000055da00000, 0x00000005ba500000, 0x00000006f4900000)
  object space 1518592K, 60% used [0x000000055da00000,0x0000000595b4e010,0x00000005ba500000)
 Metaspace       used 5367K, capacity 5574K, committed 5888K, reserved 1056768K
  class space    used 582K, capacity 663K, committed 768K, reserved 1048576K
Event: 59327.783 GC heap after
Heap after GC invocations=1216 (full 114):
 PSYoungGen      total 2668544K, used 209792K [0x00000006f4900000, 0x00000007c0000000, 0x00000007c0000000)
  eden space 2028032K, 0% used [0x00000006f4900000,0x00000006f4900000,0x0000000770580000)
  from space 640512K, 32% used [0x0000000796200000,0x00000007a2ee02a8,0x00000007bd380000)
  to   space 619008K, 0% used [0x0000000770580000,0x0000000770580000,0x0000000796200000)
 ParOldGen       total 1518592K, used 918880K [0x000000055da00000, 0x00000005ba500000, 0x00000006f4900000)
  object space 1518592K, 60% used [0x000000055da00000,0x0000000595b581b8,0x00000005ba500000)
 Metaspace       used 5367K, capacity 5574K, committed 5888K, reserved 1056768K
  class space    used 582K, capacity 663K, committed 768K, reserved 1048576K
}
Event: 59331.528 GC heap before
{Heap before GC invocations=1217 (full 114):
 PSYoungGen      total 2668544K, used 2237824K [0x00000006f4900000, 0x00000007c0000000, 0x00000007c0000000)
  eden space 2028032K, 100% used [0x00000006f4900000,0x0000000770580000,0x0000000770580000)
  from space 640512K, 32% used [0x0000000796200000,0x00000007a2ee02a8,0x00000007bd380000)
  to   space 619008K, 0% used [0x0000000770580000,0x0000000770580000,0x0000000796200000)
 ParOldGen       total 1518592K, used 918880K [0x000000055da00000, 0x00000005ba500000, 0x00000006f4900000)
  object space 1518592K, 60% used [0x000000055da00000,0x0000000595b581b8,0x00000005ba500000)
 Metaspace       used 5367K, capacity 5574K, committed 5888K, reserved 1056768K
  class space    used 582K, capacity 663K, committed 768K, reserved 1048576K
Event: 59331.918 GC heap after
Heap after GC invocations=1217 (full 114):
 PSYoungGen      total 2647040K, used 241049K [0x00000006f4900000, 0x00000007bb700000, 0x00000007c0000000)
  eden space 2028032K, 0% used [0x00000006f4900000,0x00000006f4900000,0x0000000770580000)
  from space 619008K, 38% used [0x0000000770580000,0x000000077f0e6588,0x0000000796200000)
  to   space 592384K, 0% used [0x0000000797480000,0x0000000797480000,0x00000007bb700000)
 ParOldGen       total 1518592K, used 1128788K [0x000000055da00000, 0x00000005ba500000, 0x00000006f4900000)
  object space 1518592K, 74% used [0x000000055da00000,0x00000005a2855000,0x00000005ba500000)
 Metaspace       used 5367K, capacity 5574K, committed 5888K, reserved 1056768K
  class space    used 582K, capacity 663K, committed 768K, reserved 1048576K
}
Event: 59335.525 GC heap before
{Heap before GC invocations=1218 (full 114):
 PSYoungGen      total 2647040K, used 2269081K [0x00000006f4900000, 0x00000007bb700000, 0x00000007c0000000)
  eden space 2028032K, 100% used [0x00000006f4900000,0x0000000770580000,0x0000000770580000)
  from space 619008K, 38% used [0x0000000770580000,0x000000077f0e6588,0x0000000796200000)
  to   space 592384K, 0% used [0x0000000797480000,0x0000000797480000,0x00000007bb700000)
 ParOldGen       total 1518592K, used 1128788K [0x000000055da00000, 0x00000005ba500000, 0x00000006f4900000)
  object space 1518592K, 74% used [0x000000055da00000,0x00000005a2855000,0x00000005ba500000)
 Metaspace       used 5367K, capacity 5574K, committed 5888K, reserved 1056768K
  class space    used 582K, capacity 663K, committed 768K, reserved 1048576K
Event: 59336.414 GC heap after
Heap after GC invocations=1218 (full 114):
 PSYoungGen      total 2638848K, used 436241K [0x00000006f4900000, 0x00000007c0000000, 0x00000007c0000000)
  eden space 2046464K, 0% used [0x00000006f4900000,0x00000006f4900000,0x0000000771780000)
  from space 592384K, 73% used [0x0000000797480000,0x00000007b1e84650,0x00000007bb700000)
  to   space 619520K, 0% used [0x0000000771780000,0x0000000771780000,0x0000000797480000)
 ParOldGen       total 1518592K, used 1370109K [0x000000055da00000, 0x00000005ba500000, 0x00000006f4900000)
  object space 1518592K, 90% used [0x000000055da00000,0x00000005b13ff480,0x00000005ba500000)
 Metaspace       used 5367K, capacity 5574K, committed 5888K, reserved 1056768K
  class space    used 582K, capacity 663K, committed 768K, reserved 1048576K
}
Event: 59336.414 GC heap before
{Heap before GC invocations=1219 (full 115):
 PSYoungGen      total 2638848K, used 436241K [0x00000006f4900000, 0x00000007c0000000, 0x00000007c0000000)
  eden space 2046464K, 0% used [0x00000006f4900000,0x00000006f4900000,0x0000000771780000)
  from space 592384K, 73% used [0x0000000797480000,0x00000007b1e84650,0x00000007bb700000)
  to   space 619520K, 0% used [0x0000000771780000,0x0000000771780000,0x0000000797480000)
 ParOldGen       total 1518592K, used 1370109K [0x000000055da00000, 0x00000005ba500000, 0x00000006f4900000)
  object space 1518592K, 90% used [0x000000055da00000,0x00000005b13ff480,0x00000005ba500000)
 Metaspace       used 5367K, capacity 5574K, committed 5888K, reserved 1056768K
  class space    used 582K, capacity 663K, committed 768K, reserved 1048576K

