# JRE version: Java(TM) SE Runtime Environment (8.0_45-b14) (build 1.8.0_45-b14)
# Java VM: Java HotSpot(TM) 64-Bit Server VM (25.45-b02 mixed mode linux-amd64 compressed oops)
Heap:
 PSYoungGen      total 2646016K, used 430466K [0x00000006f4900000, 0x00000007be580000, 0x00000007c0000000)
  eden space 1986048K, 0% used [0x00000006f4900000,0x00000006f4900000,0x000000076dc80000)
  from space 659968K, 65% used [0x000000076dc80000,0x00000007880e0930,0x0000000796100000)
  to   space 643072K, 0% used [0x0000000797180000,0x0000000797180000,0x00000007be580000)
 ParOldGen       total 3631616K, used 2936555K [0x000000055da00000, 0x000000063b480000, 0x00000006f4900000)
  object space 3631616K, 80% used [0x000000055da00000,0x0000000610dbafe0,0x000000063b480000)
 Metaspace       used 5305K, capacity 5540K, committed 5888K, reserved 1056768K
  class space    used 582K, capacity 672K, committed 768K, reserved 1048576K
GC Heap History (10 events):
Event: 4416,800 GC heap after
Heap after GC invocations=184 (full 9):
 PSYoungGen      total 2465792K, used 350948K [0x00000006f4900000, 0x00000007b9680000, 0x00000007c0000000)
  eden space 1801728K, 0% used [0x00000006f4900000,0x00000006f4900000,0x0000000762880000)
  from space 664064K, 52% used [0x0000000790e00000,0x00000007a64b93b8,0x00000007b9680000)
  to   space 711680K, 0% used [0x0000000762880000,0x0000000762880000,0x000000078df80000)
 ParOldGen       total 3631616K, used 1348688K [0x000000055da00000, 0x000000063b480000, 0x00000006f4900000)
  object space 3631616K, 37% used [0x000000055da00000,0x00000005aff142f0,0x000000063b480000)
 Metaspace       used 5299K, capacity 5540K, committed 5888K, reserved 1056768K
  class space    used 582K, capacity 672K, committed 768K, reserved 1048576K
}
Event: 4420,514 GC heap before
{Heap before GC invocations=185 (full 9):
 PSYoungGen      total 2465792K, used 2152676K [0x00000006f4900000, 0x00000007b9680000, 0x00000007c0000000)
  eden space 1801728K, 100% used [0x00000006f4900000,0x0000000762880000,0x0000000762880000)
  from space 664064K, 52% used [0x0000000790e00000,0x00000007a64b93b8,0x00000007b9680000)
  to   space 711680K, 0% used [0x0000000762880000,0x0000000762880000,0x000000078df80000)
 ParOldGen       total 3631616K, used 1348688K [0x000000055da00000, 0x000000063b480000, 0x00000006f4900000)
  object space 3631616K, 37% used [0x000000055da00000,0x00000005aff142f0,0x000000063b480000)
 Metaspace       used 5299K, capacity 5540K, committed 5888K, reserved 1056768K
  class space    used 582K, capacity 672K, committed 768K, reserved 1048576K
Event: 4421,120 GC heap after
Heap after GC invocations=185 (full 9):
 PSYoungGen      total 2513408K, used 390586K [0x00000006f4900000, 0x00000007c0000000, 0x00000007c0000000)
  eden space 1801728K, 0% used [0x00000006f4900000,0x00000006f4900000,0x0000000762880000)
  from space 711680K, 54% used [0x0000000762880000,0x000000077a5ee9e8,0x000000078df80000)
  to   space 694272K, 0% used [0x0000000795a00000,0x0000000795a00000,0x00000007c0000000)
 ParOldGen       total 3631616K, used 1700197K [0x000000055da00000, 0x000000063b480000, 0x00000006f4900000)
  object space 3631616K, 46% used [0x000000055da00000,0x00000005c56596a8,0x000000063b480000)
 Metaspace       used 5299K, capacity 5540K, committed 5888K, reserved 1056768K
  class space    used 582K, capacity 672K, committed 768K, reserved 1048576K
}
Event: 4425,283 GC heap before
{Heap before GC invocations=186 (full 9):
 PSYoungGen      total 2513408K, used 2192314K [0x00000006f4900000, 0x00000007c0000000, 0x00000007c0000000)
  eden space 1801728K, 100% used [0x00000006f4900000,0x0000000762880000,0x0000000762880000)
  from space 711680K, 54% used [0x0000000762880000,0x000000077a5ee9e8,0x000000078df80000)
  to   space 694272K, 0% used [0x0000000795a00000,0x0000000795a00000,0x00000007c0000000)
 ParOldGen       total 3631616K, used 1700197K [0x000000055da00000, 0x000000063b480000, 0x00000006f4900000)
  object space 3631616K, 46% used [0x000000055da00000,0x00000005c56596a8,0x000000063b480000)
 Metaspace       used 5299K, capacity 5540K, committed 5888K, reserved 1056768K
  class space    used 582K, capacity 672K, committed 768K, reserved 1048576K
Event: 4425,831 GC heap after
Heap after GC invocations=186 (full 9):
 PSYoungGen      total 2569216K, used 390472K [0x00000006f4900000, 0x00000007bcd00000, 0x00000007c0000000)
  eden space 1927168K, 0% used [0x00000006f4900000,0x00000006f4900000,0x000000076a300000)
  from space 642048K, 60% used [0x0000000795a00000,0x00000007ad7520a0,0x00000007bcd00000)
  to   space 676864K, 0% used [0x000000076a300000,0x000000076a300000,0x0000000793800000)
 ParOldGen       total 3631616K, used 2091379K [0x000000055da00000, 0x000000063b480000, 0x00000006f4900000)
  object space 3631616K, 57% used [0x000000055da00000,0x00000005dd45ce18,0x000000063b480000)
 Metaspace       used 5299K, capacity 5540K, committed 5888K, reserved 1056768K
  class space    used 582K, capacity 672K, committed 768K, reserved 1048576K
}
Event: 4430,891 GC heap before
{Heap before GC invocations=187 (full 9):
 PSYoungGen      total 2569216K, used 2317640K [0x00000006f4900000, 0x00000007bcd00000, 0x00000007c0000000)
  eden space 1927168K, 100% used [0x00000006f4900000,0x000000076a300000,0x000000076a300000)
  from space 642048K, 60% used [0x0000000795a00000,0x00000007ad7520a0,0x00000007bcd00000)
  to   space 676864K, 0% used [0x000000076a300000,0x000000076a300000,0x0000000793800000)
 ParOldGen       total 3631616K, used 2091379K [0x000000055da00000, 0x000000063b480000, 0x00000006f4900000)
  object space 3631616K, 57% used [0x000000055da00000,0x00000005dd45ce18,0x000000063b480000)
 Metaspace       used 5299K, capacity 5540K, committed 5888K, reserved 1056768K
  class space    used 582K, capacity 672K, committed 768K, reserved 1048576K
Event: 4431,694 GC heap after
Heap after GC invocations=187 (full 9):
 PSYoungGen      total 2604032K, used 417714K [0x00000006f4900000, 0x00000007c0000000, 0x00000007c0000000)
  eden space 1927168K, 0% used [0x00000006f4900000,0x00000006f4900000,0x000000076a300000)
  from space 676864K, 61% used [0x000000076a300000,0x0000000783aec850,0x0000000793800000)
  to   space 670208K, 0% used [0x0000000797180000,0x0000000797180000,0x00000007c0000000)
 ParOldGen       total 3631616K, used 2482563K [0x000000055da00000, 0x000000063b480000, 0x00000006f4900000)
  object space 3631616K, 68% used [0x000000055da00000,0x00000005f5260eb8,0x000000063b480000)
 Metaspace       used 5299K, capacity 5540K, committed 5888K, reserved 1056768K
  class space    used 582K, capacity 672K, committed 768K, reserved 1048576K
}
Event: 5356,656 GC heap before
{Heap before GC invocations=188 (full 9):
 PSYoungGen      total 2604032K, used 2344882K [0x00000006f4900000, 0x00000007c0000000, 0x00000007c0000000)
  eden space 1927168K, 100% used [0x00000006f4900000,0x000000076a300000,0x000000076a300000)
  from space 676864K, 61% used [0x000000076a300000,0x0000000783aec850,0x0000000793800000)
  to   space 670208K, 0% used [0x0000000797180000,0x0000000797180000,0x00000007c0000000)
 ParOldGen       total 3631616K, used 2482563K [0x000000055da00000, 0x000000063b480000, 0x00000006f4900000)
  object space 3631616K, 68% used [0x000000055da00000,0x00000005f5260eb8,0x000000063b480000)
 Metaspace       used 5305K, capacity 5540K, committed 5888K, reserved 1056768K
  class space    used 582K, capacity 672K, committed 768K, reserved 1048576K
Event: 5396,871 GC heap after
Heap after GC invocations=188 (full 9):
 PSYoungGen      total 2629120K, used 229580K [0x00000006f4900000, 0x00000007be580000, 0x00000007c0000000)
  eden space 1986048K, 0% used [0x00000006f4900000,0x00000006f4900000,0x000000076dc80000)
  from space 643072K, 35% used [0x0000000797180000,0x00000007a51b3200,0x00000007be580000)
  to   space 659968K, 0% used [0x000000076dc80000,0x000000076dc80000,0x0000000796100000)
 ParOldGen       total 3631616K, used 2706768K [0x000000055da00000, 0x000000063b480000, 0x00000006f4900000)
  object space 3631616K, 74% used [0x000000055da00000,0x0000000602d54228,0x000000063b480000)
 Metaspace       used 5305K, capacity 5540K, committed 5888K, reserved 1056768K
  class space    used 582K, capacity 672K, committed 768K, reserved 1048576K
}
Event: 5416,864 GC heap before
{Heap before GC invocations=189 (full 9):
 PSYoungGen      total 2629120K, used 2215628K [0x00000006f4900000, 0x00000007be580000, 0x00000007c0000000)
  eden space 1986048K, 100% used [0x00000006f4900000,0x000000076dc80000,0x000000076dc80000)
  from space 643072K, 35% used [0x0000000797180000,0x00000007a51b3200,0x00000007be580000)
  to   space 659968K, 0% used [0x000000076dc80000,0x000000076dc80000,0x0000000796100000)
 ParOldGen       total 3631616K, used 2706768K [0x000000055da00000, 0x000000063b480000, 0x00000006f4900000)
  object space 3631616K, 74% used [0x000000055da00000,0x0000000602d54228,0x000000063b480000)
 Metaspace       used 5305K, capacity 5540K, committed 5888K, reserved 1056768K
  class space    used 582K, capacity 672K, committed 768K, reserved 1048576K

