# JRE version: Java(TM) SE Runtime Environment (8.0_45-b14) (build 1.8.0_45-b14)
# Java VM: Java HotSpot(TM) 64-Bit Server VM (25.45-b02 mixed mode linux-amd64 compressed oops)
Heap:
 PSYoungGen      total 2647040K, used 4063K [0x00000006f4900000, 0x00000007c0000000, 0x00000007c0000000)
  eden space 2471936K, 0% used [0x00000006f4900000,0x00000006f4900000,0x000000078b700000)
  from space 175104K, 2% used [0x00000007b2d80000,0x00000007b3177d88,0x00000007bd880000)
  to   space 430592K, 0% used [0x000000078b700000,0x000000078b700000,0x00000007a5b80000)
 ParOldGen       total 1250816K, used 1250405K [0x000000055da00000, 0x00000005a9f80000, 0x00000006f4900000)
  object space 1250816K, 99% used [0x000000055da00000,0x00000005a9f194e8,0x00000005a9f80000)
 Metaspace       used 5256K, capacity 5476K, committed 5632K, reserved 1056768K
  class space    used 582K, capacity 672K, committed 768K, reserved 1048576K
GC Heap History (10 events):
Event: 285,232 GC heap after
Heap after GC invocations=122 (full 0):
 PSYoungGen      total 2327040K, used 1521K [0x00000006f4900000, 0x00000007bcc00000, 0x00000007c0000000)
  eden space 2325504K, 0% used [0x00000006f4900000,0x00000006f4900000,0x0000000782800000)
  from space 1536K, 99% used [0x00000007bca80000,0x00000007bcbfc7c0,0x00000007bcc00000)
  to   space 162304K, 0% used [0x00000007a8f00000,0x00000007a8f00000,0x00000007b2d80000)
 ParOldGen       total 946176K, used 442300K [0x000000055da00000, 0x0000000597600000, 0x00000006f4900000)
  object space 946176K, 46% used [0x000000055da00000,0x00000005789ef150,0x0000000597600000)
 Metaspace       used 5175K, capacity 5412K, committed 5632K, reserved 1056768K
  class space    used 580K, capacity 672K, committed 768K, reserved 1048576K
}
Event: 320,286 GC heap before
{Heap before GC invocations=123 (full 0):
 PSYoungGen      total 2327040K, used 2327025K [0x00000006f4900000, 0x00000007bcc00000, 0x00000007c0000000)
  eden space 2325504K, 100% used [0x00000006f4900000,0x0000000782800000,0x0000000782800000)
  from space 1536K, 99% used [0x00000007bca80000,0x00000007bcbfc7c0,0x00000007bcc00000)
  to   space 162304K, 0% used [0x00000007a8f00000,0x00000007a8f00000,0x00000007b2d80000)
 ParOldGen       total 946176K, used 442300K [0x000000055da00000, 0x0000000597600000, 0x00000006f4900000)
  object space 946176K, 46% used [0x000000055da00000,0x00000005789ef150,0x0000000597600000)
 Metaspace       used 5255K, capacity 5476K, committed 5632K, reserved 1056768K
  class space    used 582K, capacity 672K, committed 768K, reserved 1048576K
Event: 321,072 GC heap after
Heap after GC invocations=123 (full 0):
 PSYoungGen      total 2953216K, used 162287K [0x00000006f4900000, 0x00000007bd880000, 0x00000007c0000000)
  eden space 2790912K, 0% used [0x00000006f4900000,0x00000006f4900000,0x000000079ee80000)
  from space 162304K, 99% used [0x00000007a8f00000,0x00000007b2d7be28,0x00000007b2d80000)
  to   space 175104K, 0% used [0x00000007b2d80000,0x00000007b2d80000,0x00000007bd880000)
 ParOldGen       total 946176K, used 595610K [0x000000055da00000, 0x0000000597600000, 0x00000006f4900000)
  object space 946176K, 62% used [0x000000055da00000,0x0000000581fa6918,0x0000000597600000)
 Metaspace       used 5255K, capacity 5476K, committed 5632K, reserved 1056768K
  class space    used 582K, capacity 672K, committed 768K, reserved 1048576K
}
Event: 348,579 GC heap before
{Heap before GC invocations=124 (full 0):
 PSYoungGen      total 2953216K, used 2953199K [0x00000006f4900000, 0x00000007bd880000, 0x00000007c0000000)
  eden space 2790912K, 100% used [0x00000006f4900000,0x000000079ee80000,0x000000079ee80000)
  from space 162304K, 99% used [0x00000007a8f00000,0x00000007b2d7be28,0x00000007b2d80000)
  to   space 175104K, 0% used [0x00000007b2d80000,0x00000007b2d80000,0x00000007bd880000)
 ParOldGen       total 946176K, used 595610K [0x000000055da00000, 0x0000000597600000, 0x00000006f4900000)
  object space 946176K, 62% used [0x000000055da00000,0x0000000581fa6918,0x0000000597600000)
 Metaspace       used 5256K, capacity 5476K, committed 5632K, reserved 1056768K
  class space    used 582K, capacity 672K, committed 768K, reserved 1048576K
Event: 360,448 GC heap after
Heap after GC invocations=124 (full 0):
 PSYoungGen      total 2953216K, used 2953199K [0x00000006f4900000, 0x00000007bd880000, 0x00000007c0000000)
  eden space 2790912K, 100% used [0x00000006f4900000,0x000000079ee80000,0x000000079ee80000)
  from space 162304K, 99% used [0x00000007a8f00000,0x00000007b2d7be28,0x00000007b2d80000)
  to   space 175104K, 99% used [0x00000007b2d80000,0x00000007bd87d470,0x00000007bd880000)
 ParOldGen       total 1186304K, used 1183822K [0x000000055da00000, 0x00000005a6080000, 0x00000006f4900000)
  object space 1186304K, 99% used [0x000000055da00000,0x00000005a5e138d0,0x00000005a6080000)
 Metaspace       used 5256K, capacity 5476K, committed 5632K, reserved 1056768K
  class space    used 582K, capacity 672K, committed 768K, reserved 1048576K
}
Event: 360,448 GC heap before
{Heap before GC invocations=125 (full 1):
 PSYoungGen      total 2953216K, used 2953199K [0x00000006f4900000, 0x00000007bd880000, 0x00000007c0000000)
  eden space 2790912K, 100% used [0x00000006f4900000,0x000000079ee80000,0x000000079ee80000)
  from space 162304K, 99% used [0x00000007a8f00000,0x00000007b2d7be28,0x00000007b2d80000)
  to   space 175104K, 99% used [0x00000007b2d80000,0x00000007bd87d470,0x00000007bd880000)
 ParOldGen       total 1186304K, used 1183822K [0x000000055da00000, 0x00000005a6080000, 0x00000006f4900000)
  object space 1186304K, 99% used [0x000000055da00000,0x00000005a5e138d0,0x00000005a6080000)
 Metaspace       used 5256K, capacity 5476K, committed 5632K, reserved 1056768K
  class space    used 582K, capacity 672K, committed 768K, reserved 1048576K
Event: 367,502 GC heap after
Heap after GC invocations=125 (full 1):
 PSYoungGen      total 2953216K, used 0K [0x00000006f4900000, 0x00000007bd880000, 0x00000007c0000000)
  eden space 2790912K, 0% used [0x00000006f4900000,0x00000006f4900000,0x000000079ee80000)
  from space 162304K, 0% used [0x00000007a8f00000,0x00000007a8f00000,0x00000007b2d80000)
  to   space 175104K, 0% used [0x00000007b2d80000,0x00000007b2d80000,0x00000007bd880000)
 ParOldGen       total 1250816K, used 651447K [0x000000055da00000, 0x00000005a9f80000, 0x00000006f4900000)
  object space 1250816K, 52% used [0x000000055da00000,0x000000058562ddc8,0x00000005a9f80000)
 Metaspace       used 5256K, capacity 5476K, committed 5632K, reserved 1056768K
  class space    used 582K, capacity 672K, committed 768K, reserved 1048576K
}
Event: 392,268 GC heap before
{Heap before GC invocations=126 (full 1):
 PSYoungGen      total 2953216K, used 2790912K [0x00000006f4900000, 0x00000007bd880000, 0x00000007c0000000)
  eden space 2790912K, 100% used [0x00000006f4900000,0x000000079ee80000,0x000000079ee80000)
  from space 162304K, 0% used [0x00000007a8f00000,0x00000007a8f00000,0x00000007b2d80000)
  to   space 175104K, 0% used [0x00000007b2d80000,0x00000007b2d80000,0x00000007bd880000)
 ParOldGen       total 1250816K, used 651447K [0x000000055da00000, 0x00000005a9f80000, 0x00000006f4900000)
  object space 1250816K, 52% used [0x000000055da00000,0x000000058562ddc8,0x00000005a9f80000)
 Metaspace       used 5256K, capacity 5476K, committed 5632K, reserved 1056768K
  class space    used 582K, capacity 672K, committed 768K, reserved 1048576K
Event: 393,896 GC heap after
Heap after GC invocations=126 (full 1):
 PSYoungGen      total 2647040K, used 175074K [0x00000006f4900000, 0x00000007c0000000, 0x00000007c0000000)
  eden space 2471936K, 0% used [0x00000006f4900000,0x00000006f4900000,0x000000078b700000)
  from space 175104K, 99% used [0x00000007b2d80000,0x00000007bd878aa8,0x00000007bd880000)
  to   space 430592K, 0% used [0x000000078b700000,0x000000078b700000,0x00000007a5b80000)
 ParOldGen       total 1250816K, used 1081873K [0x000000055da00000, 0x00000005a9f80000, 0x00000006f4900000)
  object space 1250816K, 86% used [0x000000055da00000,0x000000059fa84560,0x00000005a9f80000)
 Metaspace       used 5256K, capacity 5476K, committed 5632K, reserved 1056768K
  class space    used 582K, capacity 672K, committed 768K, reserved 1048576K
}
Event: 393,896 GC heap before
{Heap before GC invocations=127 (full 2):
 PSYoungGen      total 2647040K, used 175074K [0x00000006f4900000, 0x00000007c0000000, 0x00000007c0000000)
  eden space 2471936K, 0% used [0x00000006f4900000,0x00000006f4900000,0x000000078b700000)
  from space 175104K, 99% used [0x00000007b2d80000,0x00000007bd878aa8,0x00000007bd880000)
  to   space 430592K, 0% used [0x000000078b700000,0x000000078b700000,0x00000007a5b80000)
 ParOldGen       total 1250816K, used 1081873K [0x000000055da00000, 0x00000005a9f80000, 0x00000006f4900000)
  object space 1250816K, 86% used [0x000000055da00000,0x000000059fa84560,0x00000005a9f80000)
 Metaspace       used 5256K, capacity 5476K, committed 5632K, reserved 1056768K
  class space    used 582K, capacity 672K, committed 768K, reserved 1048576K

