# JRE version: Java(TM) SE Runtime Environment (8.0_45-b14) (build 1.8.0_45-b14)
# Java VM: Java HotSpot(TM) 64-Bit Server VM (25.45-b02 mixed mode linux-amd64 compressed oops)
Heap:
 PSYoungGen      total 2527232K, used 110962K [0x00000006f4900000, 0x00000007be880000, 0x00000007c0000000)
  eden space 1858560K, 0% used [0x00000006f4900000,0x00000006f4900000,0x0000000766000000)
  from space 668672K, 16% used [0x0000000795b80000,0x000000079c7dc8b0,0x00000007be880000)
  to   space 686592K, 0% used [0x0000000766000000,0x0000000766000000,0x000000078fe80000)
 ParOldGen       total 3969536K, used 2540746K [0x000000055da00000, 0x000000064fe80000, 0x00000006f4900000)
  object space 3969536K, 64% used [0x000000055da00000,0x00000005f8b32b50,0x000000064fe80000)
 Metaspace       used 5292K, capacity 5540K, committed 5888K, reserved 1056768K
  class space    used 582K, capacity 672K, committed 768K, reserved 1048576K
GC Heap History (10 events):
Event: 4442,168 GC heap after
Heap after GC invocations=177 (full 7):
 PSYoungGen      total 2446336K, used 334092K [0x00000006f4900000, 0x00000007b8e00000, 0x00000007c0000000)
  eden space 1705984K, 0% used [0x00000006f4900000,0x00000006f4900000,0x000000075cb00000)
  from space 740352K, 45% used [0x000000078bb00000,0x00000007a0143150,0x00000007b8e00000)
  to   space 755200K, 0% used [0x000000075cb00000,0x000000075cb00000,0x000000078ac80000)
 ParOldGen       total 4204032K, used 3916842K [0x000000055da00000, 0x000000065e380000, 0x00000006f4900000)
  object space 4204032K, 93% used [0x000000055da00000,0x000000064cb0ab10,0x000000065e380000)
 Metaspace       used 5288K, capacity 5540K, committed 5888K, reserved 1056768K
  class space    used 582K, capacity 672K, committed 768K, reserved 1048576K
}
Event: 4442,168 GC heap before
{Heap before GC invocations=178 (full 8):
 PSYoungGen      total 2446336K, used 334092K [0x00000006f4900000, 0x00000007b8e00000, 0x00000007c0000000)
  eden space 1705984K, 0% used [0x00000006f4900000,0x00000006f4900000,0x000000075cb00000)
  from space 740352K, 45% used [0x000000078bb00000,0x00000007a0143150,0x00000007b8e00000)
  to   space 755200K, 0% used [0x000000075cb00000,0x000000075cb00000,0x000000078ac80000)
 ParOldGen       total 4204032K, used 3916842K [0x000000055da00000, 0x000000065e380000, 0x00000006f4900000)
  object space 4204032K, 93% used [0x000000055da00000,0x000000064cb0ab10,0x000000065e380000)
 Metaspace       used 5288K, capacity 5540K, committed 5888K, reserved 1056768K
  class space    used 582K, capacity 672K, committed 768K, reserved 1048576K
Event: 4446,017 GC heap after
Heap after GC invocations=178 (full 8):
 PSYoungGen      total 2446336K, used 0K [0x00000006f4900000, 0x00000007b8e00000, 0x00000007c0000000)
  eden space 1705984K, 0% used [0x00000006f4900000,0x00000006f4900000,0x000000075cb00000)
  from space 740352K, 0% used [0x000000078bb00000,0x000000078bb00000,0x00000007b8e00000)
  to   space 755200K, 0% used [0x000000075cb00000,0x000000075cb00000,0x000000078ac80000)
 ParOldGen       total 3969536K, used 1552077K [0x000000055da00000, 0x000000064fe80000, 0x00000006f4900000)
  object space 3969536K, 39% used [0x000000055da00000,0x00000005bc5b3790,0x000000064fe80000)
 Metaspace       used 5288K, capacity 5540K, committed 5888K, reserved 1056768K
  class space    used 582K, capacity 672K, committed 768K, reserved 1048576K
}
Event: 4450,200 GC heap before
{Heap before GC invocations=179 (full 8):
 PSYoungGen      total 2446336K, used 1705984K [0x00000006f4900000, 0x00000007b8e00000, 0x00000007c0000000)
  eden space 1705984K, 100% used [0x00000006f4900000,0x000000075cb00000,0x000000075cb00000)
  from space 740352K, 0% used [0x000000078bb00000,0x000000078bb00000,0x00000007b8e00000)
  to   space 755200K, 0% used [0x000000075cb00000,0x000000075cb00000,0x000000078ac80000)
 ParOldGen       total 3969536K, used 1552077K [0x000000055da00000, 0x000000064fe80000, 0x00000006f4900000)
  object space 3969536K, 39% used [0x000000055da00000,0x00000005bc5b3790,0x000000064fe80000)
 Metaspace       used 5288K, capacity 5540K, committed 5888K, reserved 1056768K
  class space    used 582K, capacity 672K, committed 768K, reserved 1048576K
Event: 4450,533 GC heap after
Heap after GC invocations=179 (full 8):
 PSYoungGen      total 2461184K, used 369690K [0x00000006f4900000, 0x00000007bc880000, 0x00000007c0000000)
  eden space 1705984K, 0% used [0x00000006f4900000,0x00000006f4900000,0x000000075cb00000)
  from space 755200K, 48% used [0x000000075cb00000,0x0000000773406bd8,0x000000078ac80000)
  to   space 719360K, 0% used [0x0000000790a00000,0x0000000790a00000,0x00000007bc880000)
 ParOldGen       total 3969536K, used 1552077K [0x000000055da00000, 0x000000064fe80000, 0x00000006f4900000)
  object space 3969536K, 39% used [0x000000055da00000,0x00000005bc5b3790,0x000000064fe80000)
 Metaspace       used 5288K, capacity 5540K, committed 5888K, reserved 1056768K
  class space    used 582K, capacity 672K, committed 768K, reserved 1048576K
}
Event: 4454,855 GC heap before
{Heap before GC invocations=180 (full 8):
 PSYoungGen      total 2461184K, used 2075674K [0x00000006f4900000, 0x00000007bc880000, 0x00000007c0000000)
  eden space 1705984K, 100% used [0x00000006f4900000,0x000000075cb00000,0x000000075cb00000)
  from space 755200K, 48% used [0x000000075cb00000,0x0000000773406bd8,0x000000078ac80000)
  to   space 719360K, 0% used [0x0000000790a00000,0x0000000790a00000,0x00000007bc880000)
 ParOldGen       total 3969536K, used 1552077K [0x000000055da00000, 0x000000064fe80000, 0x00000006f4900000)
  object space 3969536K, 39% used [0x000000055da00000,0x00000005bc5b3790,0x000000064fe80000)
 Metaspace       used 5288K, capacity 5540K, committed 5888K, reserved 1056768K
  class space    used 582K, capacity 672K, committed 768K, reserved 1048576K
Event: 4455,436 GC heap after
Heap after GC invocations=180 (full 8):
 PSYoungGen      total 2533376K, used 369782K [0x00000006f4900000, 0x00000007b9d00000, 0x00000007c0000000)
  eden space 1858560K, 0% used [0x00000006f4900000,0x00000006f4900000,0x0000000766000000)
  from space 674816K, 54% used [0x0000000790a00000,0x00000007a731d960,0x00000007b9d00000)
  to   space 686592K, 0% used [0x0000000766000000,0x0000000766000000,0x000000078fe80000)
 ParOldGen       total 3969536K, used 1922480K [0x000000055da00000, 0x000000064fe80000, 0x00000006f4900000)
  object space 3969536K, 48% used [0x000000055da00000,0x00000005d2f6c368,0x000000064fe80000)
 Metaspace       used 5288K, capacity 5540K, committed 5888K, reserved 1056768K
  class space    used 582K, capacity 672K, committed 768K, reserved 1048576K
}
Event: 4458,691 GC heap before
{Heap before GC invocations=181 (full 8):
 PSYoungGen      total 2533376K, used 2228342K [0x00000006f4900000, 0x00000007b9d00000, 0x00000007c0000000)
  eden space 1858560K, 100% used [0x00000006f4900000,0x0000000766000000,0x0000000766000000)
  from space 674816K, 54% used [0x0000000790a00000,0x00000007a731d960,0x00000007b9d00000)
  to   space 686592K, 0% used [0x0000000766000000,0x0000000766000000,0x000000078fe80000)
 ParOldGen       total 3969536K, used 1922480K [0x000000055da00000, 0x000000064fe80000, 0x00000006f4900000)
  object space 3969536K, 48% used [0x000000055da00000,0x00000005d2f6c368,0x000000064fe80000)
 Metaspace       used 5288K, capacity 5540K, committed 5888K, reserved 1056768K
  class space    used 582K, capacity 672K, committed 768K, reserved 1048576K
Event: 4459,311 GC heap after
Heap after GC invocations=181 (full 8):
 PSYoungGen      total 2545152K, used 402712K [0x00000006f4900000, 0x00000007be880000, 0x00000007c0000000)
  eden space 1858560K, 0% used [0x00000006f4900000,0x00000006f4900000,0x0000000766000000)
  from space 686592K, 58% used [0x0000000766000000,0x000000077e946100,0x000000078fe80000)
  to   space 668672K, 0% used [0x0000000795b80000,0x0000000795b80000,0x00000007be880000)
 ParOldGen       total 3969536K, used 2292855K [0x000000055da00000, 0x000000064fe80000, 0x00000006f4900000)
  object space 3969536K, 57% used [0x000000055da00000,0x00000005e991dcc8,0x000000064fe80000)
 Metaspace       used 5288K, capacity 5540K, committed 5888K, reserved 1056768K
  class space    used 582K, capacity 672K, committed 768K, reserved 1048576K
}
Event: 5396,783 GC heap before
{Heap before GC invocations=182 (full 8):
 PSYoungGen      total 2545152K, used 2261272K [0x00000006f4900000, 0x00000007be880000, 0x00000007c0000000)
  eden space 1858560K, 100% used [0x00000006f4900000,0x0000000766000000,0x0000000766000000)
  from space 686592K, 58% used [0x0000000766000000,0x000000077e946100,0x000000078fe80000)
  to   space 668672K, 0% used [0x0000000795b80000,0x0000000795b80000,0x00000007be880000)
 ParOldGen       total 3969536K, used 2292855K [0x000000055da00000, 0x000000064fe80000, 0x00000006f4900000)
  object space 3969536K, 57% used [0x000000055da00000,0x00000005e991dcc8,0x000000064fe80000)
 Metaspace       used 5292K, capacity 5540K, committed 5888K, reserved 1056768K
  class space    used 582K, capacity 672K, committed 768K, reserved 1048576K

