# JRE version: Java(TM) SE Runtime Environment (8.0_45-b14) (build 1.8.0_45-b14)
# Java VM: Java HotSpot(TM) 64-Bit Server VM (25.45-b02 mixed mode linux-amd64 compressed oops)
Heap:
 PSYoungGen      total 2520064K, used 128767K [0x00000006f4900000, 0x00000007bc980000, 0x00000007c0000000)
  eden space 1863680K, 0% used [0x00000006f4900000,0x00000006f4900000,0x0000000766500000)
  from space 656384K, 19% used [0x0000000794880000,0x000000079c63fef0,0x00000007bc980000)
  to   space 670208K, 0% used [0x0000000766500000,0x0000000766500000,0x000000078f380000)
 ParOldGen       total 3378176K, used 2512107K [0x000000055da00000, 0x000000062bd00000, 0x00000006f4900000)
  object space 3378176K, 74% used [0x000000055da00000,0x00000005f6f3aed0,0x000000062bd00000)
 Metaspace       used 5289K, capacity 5540K, committed 5888K, reserved 1056768K
  class space    used 582K, capacity 672K, committed 768K, reserved 1048576K
GC Heap History (10 events):
Event: 4414,719 GC heap after
Heap after GC invocations=170 (full 7):
 PSYoungGen      total 2373632K, used 338658K [0x00000006f4900000, 0x00000007b8200000, 0x00000007c0000000)
  eden space 1562112K, 0% used [0x00000006f4900000,0x00000006f4900000,0x0000000753e80000)
  from space 811520K, 41% used [0x0000000753e80000,0x0000000768938a28,0x0000000785700000)
  to   space 768512K, 0% used [0x0000000789380000,0x0000000789380000,0x00000007b8200000)
 ParOldGen       total 3378176K, used 843854K [0x000000055da00000, 0x000000062bd00000, 0x00000006f4900000)
  object space 3378176K, 24% used [0x000000055da00000,0x0000000591213820,0x000000062bd00000)
 Metaspace       used 5283K, capacity 5540K, committed 5888K, reserved 1056768K
  class space    used 582K, capacity 672K, committed 768K, reserved 1048576K
}
Event: 4419,647 GC heap before
{Heap before GC invocations=171 (full 7):
 PSYoungGen      total 2373632K, used 1900770K [0x00000006f4900000, 0x00000007b8200000, 0x00000007c0000000)
  eden space 1562112K, 100% used [0x00000006f4900000,0x0000000753e80000,0x0000000753e80000)
  from space 811520K, 41% used [0x0000000753e80000,0x0000000768938a28,0x0000000785700000)
  to   space 768512K, 0% used [0x0000000789380000,0x0000000789380000,0x00000007b8200000)
 ParOldGen       total 3378176K, used 843854K [0x000000055da00000, 0x000000062bd00000, 0x00000006f4900000)
  object space 3378176K, 24% used [0x000000055da00000,0x0000000591213820,0x000000062bd00000)
 Metaspace       used 5283K, capacity 5540K, committed 5888K, reserved 1056768K
  class space    used 582K, capacity 672K, committed 768K, reserved 1048576K
Event: 4420,265 GC heap after
Heap after GC invocations=171 (full 7):
 PSYoungGen      total 2475008K, used 338580K [0x00000006f4900000, 0x00000007b8900000, 0x00000007c0000000)
  eden space 1706496K, 0% used [0x00000006f4900000,0x00000006f4900000,0x000000075cb80000)
  from space 768512K, 44% used [0x0000000789380000,0x000000079de25148,0x00000007b8200000)
  to   space 729088K, 0% used [0x000000075cb80000,0x000000075cb80000,0x0000000789380000)
 ParOldGen       total 3378176K, used 1183064K [0x000000055da00000, 0x000000062bd00000, 0x00000006f4900000)
  object space 3378176K, 35% used [0x000000055da00000,0x00000005a5d56248,0x000000062bd00000)
 Metaspace       used 5283K, capacity 5540K, committed 5888K, reserved 1056768K
  class space    used 582K, capacity 672K, committed 768K, reserved 1048576K
}
Event: 4423,658 GC heap before
{Heap before GC invocations=172 (full 7):
 PSYoungGen      total 2475008K, used 2045076K [0x00000006f4900000, 0x00000007b8900000, 0x00000007c0000000)
  eden space 1706496K, 100% used [0x00000006f4900000,0x000000075cb80000,0x000000075cb80000)
  from space 768512K, 44% used [0x0000000789380000,0x000000079de25148,0x00000007b8200000)
  to   space 729088K, 0% used [0x000000075cb80000,0x000000075cb80000,0x0000000789380000)
 ParOldGen       total 3378176K, used 1183064K [0x000000055da00000, 0x000000062bd00000, 0x00000006f4900000)
  object space 3378176K, 35% used [0x000000055da00000,0x00000005a5d56248,0x000000062bd00000)
 Metaspace       used 5283K, capacity 5540K, committed 5888K, reserved 1056768K
  class space    used 582K, capacity 672K, committed 768K, reserved 1048576K
Event: 4424,209 GC heap after
Heap after GC invocations=172 (full 7):
 PSYoungGen      total 2435584K, used 369823K [0x00000006f4900000, 0x00000007b9d80000, 0x00000007c0000000)
  eden space 1706496K, 0% used [0x00000006f4900000,0x00000006f4900000,0x000000075cb80000)
  from space 729088K, 50% used [0x000000075cb80000,0x00000007734a7e50,0x0000000789380000)
  to   space 698368K, 0% used [0x000000078f380000,0x000000078f380000,0x00000007b9d80000)
 ParOldGen       total 3378176K, used 1522204K [0x000000055da00000, 0x000000062bd00000, 0x00000006f4900000)
  object space 3378176K, 45% used [0x000000055da00000,0x00000005ba8870c8,0x000000062bd00000)
 Metaspace       used 5283K, capacity 5540K, committed 5888K, reserved 1056768K
  class space    used 582K, capacity 672K, committed 768K, reserved 1048576K
}
Event: 4427,732 GC heap before
{Heap before GC invocations=173 (full 7):
 PSYoungGen      total 2435584K, used 2076319K [0x00000006f4900000, 0x00000007b9d80000, 0x00000007c0000000)
  eden space 1706496K, 100% used [0x00000006f4900000,0x000000075cb80000,0x000000075cb80000)
  from space 729088K, 50% used [0x000000075cb80000,0x00000007734a7e50,0x0000000789380000)
  to   space 698368K, 0% used [0x000000078f380000,0x000000078f380000,0x00000007b9d80000)
 ParOldGen       total 3378176K, used 1522204K [0x000000055da00000, 0x000000062bd00000, 0x00000006f4900000)
  object space 3378176K, 45% used [0x000000055da00000,0x00000005ba8870c8,0x000000062bd00000)
 Metaspace       used 5283K, capacity 5540K, committed 5888K, reserved 1056768K
  class space    used 582K, capacity 672K, committed 768K, reserved 1048576K
Event: 4428,345 GC heap after
Heap after GC invocations=173 (full 7):
 PSYoungGen      total 2562048K, used 369869K [0x00000006f4900000, 0x00000007bab00000, 0x00000007c0000000)
  eden space 1863680K, 0% used [0x00000006f4900000,0x00000006f4900000,0x0000000766500000)
  from space 698368K, 52% used [0x000000078f380000,0x00000007a5cb3508,0x00000007b9d80000)
  to   space 670208K, 0% used [0x0000000766500000,0x0000000766500000,0x000000078f380000)
 ParOldGen       total 3378176K, used 1892703K [0x000000055da00000, 0x000000062bd00000, 0x00000006f4900000)
  object space 3378176K, 56% used [0x000000055da00000,0x00000005d1257ca0,0x000000062bd00000)
 Metaspace       used 5283K, capacity 5540K, committed 5888K, reserved 1056768K
  class space    used 582K, capacity 672K, committed 768K, reserved 1048576K
}
Event: 4432,728 GC heap before
{Heap before GC invocations=174 (full 7):
 PSYoungGen      total 2562048K, used 2233549K [0x00000006f4900000, 0x00000007bab00000, 0x00000007c0000000)
  eden space 1863680K, 100% used [0x00000006f4900000,0x0000000766500000,0x0000000766500000)
  from space 698368K, 52% used [0x000000078f380000,0x00000007a5cb3508,0x00000007b9d80000)
  to   space 670208K, 0% used [0x0000000766500000,0x0000000766500000,0x000000078f380000)
 ParOldGen       total 3378176K, used 1892703K [0x000000055da00000, 0x000000062bd00000, 0x00000006f4900000)
  object space 3378176K, 56% used [0x000000055da00000,0x00000005d1257ca0,0x000000062bd00000)
 Metaspace       used 5284K, capacity 5540K, committed 5888K, reserved 1056768K
  class space    used 582K, capacity 672K, committed 768K, reserved 1048576K
Event: 4433,410 GC heap after
Heap after GC invocations=174 (full 7):
 PSYoungGen      total 2533888K, used 403859K [0x00000006f4900000, 0x00000007bc980000, 0x00000007c0000000)
  eden space 1863680K, 0% used [0x00000006f4900000,0x00000006f4900000,0x0000000766500000)
  from space 670208K, 60% used [0x0000000766500000,0x000000077ef64fa0,0x000000078f380000)
  to   space 656384K, 0% used [0x0000000794880000,0x0000000794880000,0x00000007bc980000)
 ParOldGen       total 3378176K, used 2263228K [0x000000055da00000, 0x000000062bd00000, 0x00000006f4900000)
  object space 3378176K, 66% used [0x000000055da00000,0x00000005e7c2f1a8,0x000000062bd00000)
 Metaspace       used 5284K, capacity 5540K, committed 5888K, reserved 1056768K
  class space    used 582K, capacity 672K, committed 768K, reserved 1048576K
}
Event: 5349,163 GC heap before
{Heap before GC invocations=175 (full 7):
 PSYoungGen      total 2533888K, used 2267539K [0x00000006f4900000, 0x00000007bc980000, 0x00000007c0000000)
  eden space 1863680K, 100% used [0x00000006f4900000,0x0000000766500000,0x0000000766500000)
  from space 670208K, 60% used [0x0000000766500000,0x000000077ef64fa0,0x000000078f380000)
  to   space 656384K, 0% used [0x0000000794880000,0x0000000794880000,0x00000007bc980000)
 ParOldGen       total 3378176K, used 2263228K [0x000000055da00000, 0x000000062bd00000, 0x00000006f4900000)
  object space 3378176K, 66% used [0x000000055da00000,0x00000005e7c2f1a8,0x000000062bd00000)
 Metaspace       used 5289K, capacity 5540K, committed 5888K, reserved 1056768K
  class space    used 582K, capacity 672K, committed 768K, reserved 1048576K

