# JRE version: Java(TM) SE Runtime Environment (8.0_45-b14) (build 1.8.0_45-b14)
# Java VM: Java HotSpot(TM) 64-Bit Server VM (25.45-b02 mixed mode linux-amd64 compressed oops)
Heap:
 PSYoungGen      total 2255872K, used 350019K [0x00000006f4900000, 0x00000007c0000000, 0x00000007c0000000)
  eden space 1533952K, 0% used [0x00000006f4900000,0x00000006f4900000,0x0000000752300000)
  from space 721920K, 48% used [0x0000000793f00000,0x00000007a94d0f48,0x00000007c0000000)
  to   space 899584K, 0% used [0x0000000752300000,0x0000000752300000,0x0000000789180000)
 ParOldGen       total 2079744K, used 2079655K [0x000000055da00000, 0x00000005dc900000, 0x00000006f4900000)
  object space 2079744K, 99% used [0x000000055da00000,0x00000005dc8e9df8,0x00000005dc900000)
 Metaspace       used 5242K, capacity 5476K, committed 5632K, reserved 1056768K
  class space    used 582K, capacity 672K, committed 768K, reserved 1048576K
GC Heap History (10 events):
Event: 335,611 GC heap after
Heap after GC invocations=135 (full 1):
 PSYoungGen      total 2361344K, used 412668K [0x00000006f4900000, 0x00000007c0000000, 0x00000007c0000000)
  eden space 1948672K, 0% used [0x00000006f4900000,0x00000006f4900000,0x000000076b800000)
  from space 412672K, 99% used [0x00000007a6d00000,0x00000007bffff110,0x00000007c0000000)
  to   space 692224K, 0% used [0x000000076b800000,0x000000076b800000,0x0000000795c00000)
 ParOldGen       total 882176K, used 845384K [0x000000055da00000, 0x0000000593780000, 0x00000006f4900000)
  object space 882176K, 95% used [0x000000055da00000,0x00000005913923e0,0x0000000593780000)
 Metaspace       used 5242K, capacity 5476K, committed 5632K, reserved 1056768K
  class space    used 582K, capacity 672K, committed 768K, reserved 1048576K
}
Event: 335,611 GC heap before
{Heap before GC invocations=136 (full 2):
 PSYoungGen      total 2361344K, used 412668K [0x00000006f4900000, 0x00000007c0000000, 0x00000007c0000000)
  eden space 1948672K, 0% used [0x00000006f4900000,0x00000006f4900000,0x000000076b800000)
  from space 412672K, 99% used [0x00000007a6d00000,0x00000007bffff110,0x00000007c0000000)
  to   space 692224K, 0% used [0x000000076b800000,0x000000076b800000,0x0000000795c00000)
 ParOldGen       total 882176K, used 845384K [0x000000055da00000, 0x0000000593780000, 0x00000006f4900000)
  object space 882176K, 95% used [0x000000055da00000,0x00000005913923e0,0x0000000593780000)
 Metaspace       used 5242K, capacity 5476K, committed 5632K, reserved 1056768K
  class space    used 582K, capacity 672K, committed 768K, reserved 1048576K
Event: 350,372 GC heap after
Heap after GC invocations=136 (full 2):
 PSYoungGen      total 2361344K, used 372437K [0x00000006f4900000, 0x00000007c0000000, 0x00000007c0000000)
  eden space 1948672K, 0% used [0x00000006f4900000,0x00000006f4900000,0x000000076b800000)
  from space 412672K, 90% used [0x00000007a6d00000,0x00000007bd8b55a8,0x00000007c0000000)
  to   space 692224K, 0% used [0x000000076b800000,0x000000076b800000,0x0000000795c00000)
 ParOldGen       total 1854976K, used 882036K [0x000000055da00000, 0x00000005ced80000, 0x00000006f4900000)
  object space 1854976K, 47% used [0x000000055da00000,0x000000059375d0f0,0x00000005ced80000)
 Metaspace       used 5242K, capacity 5476K, committed 5632K, reserved 1056768K
  class space    used 582K, capacity 672K, committed 768K, reserved 1048576K
}
Event: 370,129 GC heap before
{Heap before GC invocations=137 (full 2):
 PSYoungGen      total 2361344K, used 2321109K [0x00000006f4900000, 0x00000007c0000000, 0x00000007c0000000)
  eden space 1948672K, 100% used [0x00000006f4900000,0x000000076b800000,0x000000076b800000)
  from space 412672K, 90% used [0x00000007a6d00000,0x00000007bd8b55a8,0x00000007c0000000)
  to   space 692224K, 0% used [0x000000076b800000,0x000000076b800000,0x0000000795c00000)
 ParOldGen       total 1854976K, used 882036K [0x000000055da00000, 0x00000005ced80000, 0x00000006f4900000)
  object space 1854976K, 47% used [0x000000055da00000,0x000000059375d0f0,0x00000005ced80000)
 Metaspace       used 5242K, capacity 5476K, committed 5632K, reserved 1056768K
  class space    used 582K, capacity 672K, committed 768K, reserved 1048576K
Event: 371,687 GC heap after
Heap after GC invocations=137 (full 2):
 PSYoungGen      total 2371072K, used 422313K [0x00000006f4900000, 0x00000007c0000000, 0x00000007c0000000)
  eden space 1948672K, 0% used [0x00000006f4900000,0x00000006f4900000,0x000000076b800000)
  from space 422400K, 99% used [0x000000076b800000,0x000000078546a728,0x0000000785480000)
  to   space 721920K, 0% used [0x0000000793f00000,0x0000000793f00000,0x00000007c0000000)
 ParOldGen       total 1854976K, used 1255723K [0x000000055da00000, 0x00000005ced80000, 0x00000006f4900000)
  object space 1854976K, 67% used [0x000000055da00000,0x00000005aa44ad80,0x00000005ced80000)
 Metaspace       used 5242K, capacity 5476K, committed 5632K, reserved 1056768K
  class space    used 582K, capacity 672K, committed 768K, reserved 1048576K
}
Event: 382,253 GC heap before
{Heap before GC invocations=138 (full 2):
 PSYoungGen      total 2371072K, used 2370985K [0x00000006f4900000, 0x00000007c0000000, 0x00000007c0000000)
  eden space 1948672K, 100% used [0x00000006f4900000,0x000000076b800000,0x000000076b800000)
  from space 422400K, 99% used [0x000000076b800000,0x000000078546a728,0x0000000785480000)
  to   space 721920K, 0% used [0x0000000793f00000,0x0000000793f00000,0x00000007c0000000)
 ParOldGen       total 1854976K, used 1255723K [0x000000055da00000, 0x00000005ced80000, 0x00000006f4900000)
  object space 1854976K, 67% used [0x000000055da00000,0x00000005aa44ad80,0x00000005ced80000)
 Metaspace       used 5242K, capacity 5476K, committed 5632K, reserved 1056768K
  class space    used 582K, capacity 672K, committed 768K, reserved 1048576K
Event: 383,487 GC heap after
Heap after GC invocations=138 (full 2):
 PSYoungGen      total 2255872K, used 721888K [0x00000006f4900000, 0x00000007c0000000, 0x00000007c0000000)
  eden space 1533952K, 0% used [0x00000006f4900000,0x00000006f4900000,0x0000000752300000)
  from space 721920K, 99% used [0x0000000793f00000,0x00000007bfff8240,0x00000007c0000000)
  to   space 899584K, 0% used [0x0000000752300000,0x0000000752300000,0x0000000789180000)
 ParOldGen       total 1854976K, used 1378199K [0x000000055da00000, 0x00000005ced80000, 0x00000006f4900000)
  object space 1854976K, 74% used [0x000000055da00000,0x00000005b1be5e80,0x00000005ced80000)
 Metaspace       used 5242K, capacity 5476K, committed 5632K, reserved 1056768K
  class space    used 582K, capacity 672K, committed 768K, reserved 1048576K
}
Event: 394,922 GC heap before
{Heap before GC invocations=139 (full 2):
 PSYoungGen      total 2255872K, used 2255840K [0x00000006f4900000, 0x00000007c0000000, 0x00000007c0000000)
  eden space 1533952K, 100% used [0x00000006f4900000,0x0000000752300000,0x0000000752300000)
  from space 721920K, 99% used [0x0000000793f00000,0x00000007bfff8240,0x00000007c0000000)
  to   space 899584K, 0% used [0x0000000752300000,0x0000000752300000,0x0000000789180000)
 ParOldGen       total 1854976K, used 1378199K [0x000000055da00000, 0x00000005ced80000, 0x00000006f4900000)
  object space 1854976K, 74% used [0x000000055da00000,0x00000005b1be5e80,0x00000005ced80000)
 Metaspace       used 5242K, capacity 5476K, committed 5632K, reserved 1056768K
  class space    used 582K, capacity 672K, committed 768K, reserved 1048576K
Event: 408,311 GC heap after
Heap after GC invocations=139 (full 2):
 PSYoungGen      total 2255872K, used 2255840K [0x00000006f4900000, 0x00000007c0000000, 0x00000007c0000000)
  eden space 1533952K, 100% used [0x00000006f4900000,0x0000000752300000,0x0000000752300000)
  from space 721920K, 99% used [0x0000000793f00000,0x00000007bfff8240,0x00000007c0000000)
  to   space 899584K, 36% used [0x0000000752300000,0x00000007667b8560,0x0000000789180000)
 ParOldGen       total 2079744K, used 2077237K [0x000000055da00000, 0x00000005dc900000, 0x00000006f4900000)
  object space 2079744K, 99% used [0x000000055da00000,0x00000005dc68d6d0,0x00000005dc900000)
 Metaspace       used 5242K, capacity 5476K, committed 5632K, reserved 1056768K
  class space    used 582K, capacity 672K, committed 768K, reserved 1048576K
}
Event: 408,311 GC heap before
{Heap before GC invocations=140 (full 3):
 PSYoungGen      total 2255872K, used 2255840K [0x00000006f4900000, 0x00000007c0000000, 0x00000007c0000000)
  eden space 1533952K, 100% used [0x00000006f4900000,0x0000000752300000,0x0000000752300000)
  from space 721920K, 99% used [0x0000000793f00000,0x00000007bfff8240,0x00000007c0000000)
  to   space 899584K, 36% used [0x0000000752300000,0x00000007667b8560,0x0000000789180000)
 ParOldGen       total 2079744K, used 2077237K [0x000000055da00000, 0x00000005dc900000, 0x00000006f4900000)
  object space 2079744K, 99% used [0x000000055da00000,0x00000005dc68d6d0,0x00000005dc900000)
 Metaspace       used 5242K, capacity 5476K, committed 5632K, reserved 1056768K
  class space    used 582K, capacity 672K, committed 768K, reserved 1048576K

