# JRE version: Java(TM) SE Runtime Environment (8.0_45-b14) (build 1.8.0_45-b14)
# Java VM: Java HotSpot(TM) 64-Bit Server VM (25.45-b02 mixed mode linux-amd64 compressed oops)
Heap:
 PSYoungGen      total 2277888K, used 131910K [0x00000006f4900000, 0x00000007b8c80000, 0x00000007c0000000)
  eden space 1340928K, 0% used [0x00000006f4900000,0x00000006f4900000,0x0000000746680000)
  from space 936960K, 14% used [0x0000000746680000,0x000000074e751b78,0x000000077f980000)
  to   space 906240K, 0% used [0x0000000781780000,0x0000000781780000,0x00000007b8c80000)
 ParOldGen       total 3001344K, used 2543099K [0x000000055da00000, 0x0000000614d00000, 0x00000006f4900000)
  object space 3001344K, 84% used [0x000000055da00000,0x00000005f8d7ed98,0x0000000614d00000)
 Metaspace       used 5286K, capacity 5540K, committed 5888K, reserved 1056768K
  class space    used 582K, capacity 672K, committed 768K, reserved 1048576K
GC Heap History (10 events):
Event: 1557,487 GC heap after
Heap after GC invocations=152 (full 4):
 PSYoungGen      total 2165760K, used 240879K [0x00000006f4900000, 0x00000007bc900000, 0x00000007c0000000)
  eden space 1111040K, 0% used [0x00000006f4900000,0x00000006f4900000,0x0000000738600000)
  from space 1054720K, 22% used [0x000000077c300000,0x000000078ae3bd28,0x00000007bc900000)
  to   space 1082880K, 0% used [0x0000000738600000,0x0000000738600000,0x000000077a780000)
 ParOldGen       total 3001344K, used 1392207K [0x000000055da00000, 0x0000000614d00000, 0x00000006f4900000)
  object space 3001344K, 46% used [0x000000055da00000,0x00000005b2993d20,0x0000000614d00000)
 Metaspace       used 5278K, capacity 5540K, committed 5888K, reserved 1056768K
  class space    used 582K, capacity 672K, committed 768K, reserved 1048576K
}
Event: 1560,414 GC heap before
{Heap before GC invocations=153 (full 4):
 PSYoungGen      total 2165760K, used 1351919K [0x00000006f4900000, 0x00000007bc900000, 0x00000007c0000000)
  eden space 1111040K, 100% used [0x00000006f4900000,0x0000000738600000,0x0000000738600000)
  from space 1054720K, 22% used [0x000000077c300000,0x000000078ae3bd28,0x00000007bc900000)
  to   space 1082880K, 0% used [0x0000000738600000,0x0000000738600000,0x000000077a780000)
 ParOldGen       total 3001344K, used 1392207K [0x000000055da00000, 0x0000000614d00000, 0x00000006f4900000)
  object space 3001344K, 46% used [0x000000055da00000,0x00000005b2993d20,0x0000000614d00000)
 Metaspace       used 5278K, capacity 5540K, committed 5888K, reserved 1056768K
  class space    used 582K, capacity 672K, committed 768K, reserved 1048576K
Event: 1560,920 GC heap after
Heap after GC invocations=153 (full 4):
 PSYoungGen      total 2193920K, used 240970K [0x00000006f4900000, 0x00000007bdb80000, 0x00000007c0000000)
  eden space 1111040K, 0% used [0x00000006f4900000,0x00000006f4900000,0x0000000738600000)
  from space 1082880K, 22% used [0x0000000738600000,0x0000000747152b48,0x000000077a780000)
  to   space 1050112K, 0% used [0x000000077da00000,0x000000077da00000,0x00000007bdb80000)
 ParOldGen       total 3001344K, used 1633393K [0x000000055da00000, 0x0000000614d00000, 0x00000006f4900000)
  object space 3001344K, 54% used [0x000000055da00000,0x00000005c151c7d0,0x0000000614d00000)
 Metaspace       used 5278K, capacity 5540K, committed 5888K, reserved 1056768K
  class space    used 582K, capacity 672K, committed 768K, reserved 1048576K
}
Event: 1563,030 GC heap before
{Heap before GC invocations=154 (full 4):
 PSYoungGen      total 2193920K, used 1352010K [0x00000006f4900000, 0x00000007bdb80000, 0x00000007c0000000)
  eden space 1111040K, 100% used [0x00000006f4900000,0x0000000738600000,0x0000000738600000)
  from space 1082880K, 22% used [0x0000000738600000,0x0000000747152b48,0x000000077a780000)
  to   space 1050112K, 0% used [0x000000077da00000,0x000000077da00000,0x00000007bdb80000)
 ParOldGen       total 3001344K, used 1633393K [0x000000055da00000, 0x0000000614d00000, 0x00000006f4900000)
  object space 3001344K, 54% used [0x000000055da00000,0x00000005c151c7d0,0x0000000614d00000)
 Metaspace       used 5278K, capacity 5540K, committed 5888K, reserved 1056768K
  class space    used 582K, capacity 672K, committed 768K, reserved 1048576K
Event: 1563,826 GC heap after
Heap after GC invocations=154 (full 4):
 PSYoungGen      total 2184192K, used 240934K [0x00000006f4900000, 0x00000007b9b00000, 0x00000007c0000000)
  eden space 1200128K, 0% used [0x00000006f4900000,0x00000006f4900000,0x000000073dd00000)
  from space 984064K, 24% used [0x000000077da00000,0x000000078c5498d0,0x00000007b9b00000)
  to   space 1014784K, 0% used [0x000000073dd00000,0x000000073dd00000,0x000000077bc00000)
 ParOldGen       total 3001344K, used 1874680K [0x000000055da00000, 0x0000000614d00000, 0x00000006f4900000)
  object space 3001344K, 62% used [0x000000055da00000,0x00000005d00be0a0,0x0000000614d00000)
 Metaspace       used 5278K, capacity 5540K, committed 5888K, reserved 1056768K
  class space    used 582K, capacity 672K, committed 768K, reserved 1048576K
}
Event: 1568,307 GC heap before
{Heap before GC invocations=155 (full 4):
 PSYoungGen      total 2184192K, used 1441062K [0x00000006f4900000, 0x00000007b9b00000, 0x00000007c0000000)
  eden space 1200128K, 100% used [0x00000006f4900000,0x000000073dd00000,0x000000073dd00000)
  from space 984064K, 24% used [0x000000077da00000,0x000000078c5498d0,0x00000007b9b00000)
  to   space 1014784K, 0% used [0x000000073dd00000,0x000000073dd00000,0x000000077bc00000)
 ParOldGen       total 3001344K, used 1874680K [0x000000055da00000, 0x0000000614d00000, 0x00000006f4900000)
  object space 3001344K, 62% used [0x000000055da00000,0x00000005d00be0a0,0x0000000614d00000)
 Metaspace       used 5278K, capacity 5540K, committed 5888K, reserved 1056768K
  class space    used 582K, capacity 672K, committed 768K, reserved 1048576K
Event: 1568,875 GC heap after
Heap after GC invocations=155 (full 4):
 PSYoungGen      total 2214912K, used 260160K [0x00000006f4900000, 0x00000007bd080000, 0x00000007c0000000)
  eden space 1200128K, 0% used [0x00000006f4900000,0x00000006f4900000,0x000000073dd00000)
  from space 1014784K, 25% used [0x000000073dd00000,0x000000074db10350,0x000000077bc00000)
  to   space 975872K, 0% used [0x0000000781780000,0x0000000781780000,0x00000007bd080000)
 ParOldGen       total 3001344K, used 2115929K [0x000000055da00000, 0x0000000614d00000, 0x00000006f4900000)
  object space 3001344K, 70% used [0x000000055da00000,0x00000005dec566f8,0x0000000614d00000)
 Metaspace       used 5278K, capacity 5540K, committed 5888K, reserved 1056768K
  class space    used 582K, capacity 672K, committed 768K, reserved 1048576K
}
Event: 1571,494 GC heap before
{Heap before GC invocations=156 (full 4):
 PSYoungGen      total 2214912K, used 1460288K [0x00000006f4900000, 0x00000007bd080000, 0x00000007c0000000)
  eden space 1200128K, 100% used [0x00000006f4900000,0x000000073dd00000,0x000000073dd00000)
  from space 1014784K, 25% used [0x000000073dd00000,0x000000074db10350,0x000000077bc00000)
  to   space 975872K, 0% used [0x0000000781780000,0x0000000781780000,0x00000007bd080000)
 ParOldGen       total 3001344K, used 2115929K [0x000000055da00000, 0x0000000614d00000, 0x00000006f4900000)
  object space 3001344K, 70% used [0x000000055da00000,0x00000005dec566f8,0x0000000614d00000)
 Metaspace       used 5278K, capacity 5540K, committed 5888K, reserved 1056768K
  class space    used 582K, capacity 672K, committed 768K, reserved 1048576K
Event: 1572,300 GC heap after
Heap after GC invocations=156 (full 4):
 PSYoungGen      total 2247168K, used 260192K [0x00000006f4900000, 0x00000007b8c80000, 0x00000007c0000000)
  eden space 1340928K, 0% used [0x00000006f4900000,0x00000006f4900000,0x0000000746680000)
  from space 906240K, 28% used [0x0000000781780000,0x0000000791598350,0x00000007b8c80000)
  to   space 936960K, 0% used [0x0000000746680000,0x0000000746680000,0x000000077f980000)
 ParOldGen       total 3001344K, used 2376514K [0x000000055da00000, 0x0000000614d00000, 0x00000006f4900000)
  object space 3001344K, 79% used [0x000000055da00000,0x00000005eead0a48,0x0000000614d00000)
 Metaspace       used 5278K, capacity 5540K, committed 5888K, reserved 1056768K
  class space    used 582K, capacity 672K, committed 768K, reserved 1048576K
}
Event: 2472,691 GC heap before
{Heap before GC invocations=157 (full 4):
 PSYoungGen      total 2247168K, used 1601120K [0x00000006f4900000, 0x00000007b8c80000, 0x00000007c0000000)
  eden space 1340928K, 100% used [0x00000006f4900000,0x0000000746680000,0x0000000746680000)
  from space 906240K, 28% used [0x0000000781780000,0x0000000791598350,0x00000007b8c80000)
  to   space 936960K, 0% used [0x0000000746680000,0x0000000746680000,0x000000077f980000)
 ParOldGen       total 3001344K, used 2376514K [0x000000055da00000, 0x0000000614d00000, 0x00000006f4900000)
  object space 3001344K, 79% used [0x000000055da00000,0x00000005eead0a48,0x0000000614d00000)
 Metaspace       used 5286K, capacity 5540K, committed 5888K, reserved 1056768K
  class space    used 582K, capacity 672K, committed 768K, reserved 1048576K

