# JRE version: Java(TM) SE Runtime Environment (8.0_45-b14) (build 1.8.0_45-b14)
# Java VM: Java HotSpot(TM) 64-Bit Server VM (25.45-b02 mixed mode linux-amd64 compressed oops)
Heap:
 PSYoungGen      total 2631680K, used 183556K [0x00000006f4900000, 0x00000007be000000, 0x00000007c0000000)
  eden space 1963008K, 0% used [0x00000006f4900000,0x00000006f4900000,0x000000076c600000)
  from space 668672K, 27% used [0x000000076c600000,0x0000000777941288,0x0000000795300000)
  to   space 647168K, 0% used [0x0000000796800000,0x0000000796800000,0x00000007be000000)
 ParOldGen       total 3995136K, used 2412969K [0x000000055da00000, 0x0000000651780000, 0x00000006f4900000)
  object space 3995136K, 60% used [0x000000055da00000,0x00000005f0e6a608,0x0000000651780000)
 Metaspace       used 5289K, capacity 5540K, committed 5888K, reserved 1056768K
  class space    used 582K, capacity 672K, committed 768K, reserved 1048576K
GC Heap History (10 events):
Event: 4414,353 GC heap after
Heap after GC invocations=186 (full 7):
 PSYoungGen      total 2473472K, used 376102K [0x00000006f4900000, 0x00000007bea80000, 0x00000007c0000000)
  eden space 1735168K, 0% used [0x00000006f4900000,0x00000006f4900000,0x000000075e780000)
  from space 738304K, 50% used [0x000000075e780000,0x00000007756c9b78,0x000000078b880000)
  to   space 713728K, 0% used [0x0000000793180000,0x0000000793180000,0x00000007bea80000)
 ParOldGen       total 3992064K, used 3702094K [0x000000055da00000, 0x0000000651480000, 0x00000006f4900000)
  object space 3992064K, 92% used [0x000000055da00000,0x000000063f953ab0,0x0000000651480000)
 Metaspace       used 5284K, capacity 5540K, committed 5888K, reserved 1056768K
  class space    used 582K, capacity 672K, committed 768K, reserved 1048576K
}
Event: 4414,353 GC heap before
{Heap before GC invocations=187 (full 8):
 PSYoungGen      total 2473472K, used 376102K [0x00000006f4900000, 0x00000007bea80000, 0x00000007c0000000)
  eden space 1735168K, 0% used [0x00000006f4900000,0x00000006f4900000,0x000000075e780000)
  from space 738304K, 50% used [0x000000075e780000,0x00000007756c9b78,0x000000078b880000)
  to   space 713728K, 0% used [0x0000000793180000,0x0000000793180000,0x00000007bea80000)
 ParOldGen       total 3992064K, used 3702094K [0x000000055da00000, 0x0000000651480000, 0x00000006f4900000)
  object space 3992064K, 92% used [0x000000055da00000,0x000000063f953ab0,0x0000000651480000)
 Metaspace       used 5284K, capacity 5540K, committed 5888K, reserved 1056768K
  class space    used 582K, capacity 672K, committed 768K, reserved 1048576K
Event: 4417,514 GC heap after
Heap after GC invocations=187 (full 8):
 PSYoungGen      total 2473472K, used 0K [0x00000006f4900000, 0x00000007bea80000, 0x00000007c0000000)
  eden space 1735168K, 0% used [0x00000006f4900000,0x00000006f4900000,0x000000075e780000)
  from space 738304K, 0% used [0x000000075e780000,0x000000075e780000,0x000000078b880000)
  to   space 713728K, 0% used [0x0000000793180000,0x0000000793180000,0x00000007bea80000)
 ParOldGen       total 3995136K, used 1376198K [0x000000055da00000, 0x0000000651780000, 0x00000006f4900000)
  object space 3995136K, 34% used [0x000000055da00000,0x00000005b19f1910,0x0000000651780000)
 Metaspace       used 5284K, capacity 5540K, committed 5888K, reserved 1056768K
  class space    used 582K, capacity 672K, committed 768K, reserved 1048576K
}
Event: 4422,637 GC heap before
{Heap before GC invocations=188 (full 8):
 PSYoungGen      total 2473472K, used 1735168K [0x00000006f4900000, 0x00000007bea80000, 0x00000007c0000000)
  eden space 1735168K, 100% used [0x00000006f4900000,0x000000075e780000,0x000000075e780000)
  from space 738304K, 0% used [0x000000075e780000,0x000000075e780000,0x000000078b880000)
  to   space 713728K, 0% used [0x0000000793180000,0x0000000793180000,0x00000007bea80000)
 ParOldGen       total 3995136K, used 1376198K [0x000000055da00000, 0x0000000651780000, 0x00000006f4900000)
  object space 3995136K, 34% used [0x000000055da00000,0x00000005b19f1910,0x0000000651780000)
 Metaspace       used 5284K, capacity 5540K, committed 5888K, reserved 1056768K
  class space    used 582K, capacity 672K, committed 768K, reserved 1048576K
Event: 4423,057 GC heap after
Heap after GC invocations=188 (full 8):
 PSYoungGen      total 2545152K, used 376110K [0x00000006f4900000, 0x00000007bba00000, 0x00000007c0000000)
  eden space 1881088K, 0% used [0x00000006f4900000,0x00000006f4900000,0x0000000767600000)
  from space 664064K, 56% used [0x0000000793180000,0x00000007aa0cb9d0,0x00000007bba00000)
  to   space 690176K, 0% used [0x0000000767600000,0x0000000767600000,0x0000000791800000)
 ParOldGen       total 3995136K, used 1376198K [0x000000055da00000, 0x0000000651780000, 0x00000006f4900000)
  object space 3995136K, 34% used [0x000000055da00000,0x00000005b19f1910,0x0000000651780000)
 Metaspace       used 5284K, capacity 5540K, committed 5888K, reserved 1056768K
  class space    used 582K, capacity 672K, committed 768K, reserved 1048576K
}
Event: 4428,831 GC heap before
{Heap before GC invocations=189 (full 8):
 PSYoungGen      total 2545152K, used 2257198K [0x00000006f4900000, 0x00000007bba00000, 0x00000007c0000000)
  eden space 1881088K, 100% used [0x00000006f4900000,0x0000000767600000,0x0000000767600000)
  from space 664064K, 56% used [0x0000000793180000,0x00000007aa0cb9d0,0x00000007bba00000)
  to   space 690176K, 0% used [0x0000000767600000,0x0000000767600000,0x0000000791800000)
 ParOldGen       total 3995136K, used 1376198K [0x000000055da00000, 0x0000000651780000, 0x00000006f4900000)
  object space 3995136K, 34% used [0x000000055da00000,0x00000005b19f1910,0x0000000651780000)
 Metaspace       used 5284K, capacity 5540K, committed 5888K, reserved 1056768K
  class space    used 582K, capacity 672K, committed 768K, reserved 1048576K
Event: 4429,565 GC heap after
Heap after GC invocations=189 (full 8):
 PSYoungGen      total 2571264K, used 407700K [0x00000006f4900000, 0x00000007c0000000, 0x00000007c0000000)
  eden space 1881088K, 0% used [0x00000006f4900000,0x00000006f4900000,0x0000000767600000)
  from space 690176K, 59% used [0x0000000767600000,0x00000007804252d0,0x0000000791800000)
  to   space 679936K, 0% used [0x0000000796800000,0x0000000796800000,0x00000007c0000000)
 ParOldGen       total 3995136K, used 1752932K [0x000000055da00000, 0x0000000651780000, 0x00000006f4900000)
  object space 3995136K, 43% used [0x000000055da00000,0x00000005c89d92e0,0x0000000651780000)
 Metaspace       used 5284K, capacity 5540K, committed 5888K, reserved 1056768K
  class space    used 582K, capacity 672K, committed 768K, reserved 1048576K
}
Event: 4434,800 GC heap before
{Heap before GC invocations=190 (full 8):
 PSYoungGen      total 2571264K, used 2288788K [0x00000006f4900000, 0x00000007c0000000, 0x00000007c0000000)
  eden space 1881088K, 100% used [0x00000006f4900000,0x0000000767600000,0x0000000767600000)
  from space 690176K, 59% used [0x0000000767600000,0x00000007804252d0,0x0000000791800000)
  to   space 679936K, 0% used [0x0000000796800000,0x0000000796800000,0x00000007c0000000)
 ParOldGen       total 3995136K, used 1752932K [0x000000055da00000, 0x0000000651780000, 0x00000006f4900000)
  object space 3995136K, 43% used [0x000000055da00000,0x00000005c89d92e0,0x0000000651780000)
 Metaspace       used 5284K, capacity 5540K, committed 5888K, reserved 1056768K
  class space    used 582K, capacity 672K, committed 768K, reserved 1048576K
Event: 4435,503 GC heap after
Heap after GC invocations=190 (full 8):
 PSYoungGen      total 2610176K, used 407728K [0x00000006f4900000, 0x00000007be000000, 0x00000007c0000000)
  eden space 1963008K, 0% used [0x00000006f4900000,0x00000006f4900000,0x000000076c600000)
  from space 647168K, 63% used [0x0000000796800000,0x00000007af62c058,0x00000007be000000)
  to   space 668672K, 0% used [0x000000076c600000,0x000000076c600000,0x0000000795300000)
 ParOldGen       total 3995136K, used 2161361K [0x000000055da00000, 0x0000000651780000, 0x00000006f4900000)
  object space 3995136K, 54% used [0x000000055da00000,0x00000005e18b45b0,0x0000000651780000)
 Metaspace       used 5284K, capacity 5540K, committed 5888K, reserved 1056768K
  class space    used 582K, capacity 672K, committed 768K, reserved 1048576K
}
Event: 5349,152 GC heap before
{Heap before GC invocations=191 (full 8):
 PSYoungGen      total 2610176K, used 2370736K [0x00000006f4900000, 0x00000007be000000, 0x00000007c0000000)
  eden space 1963008K, 100% used [0x00000006f4900000,0x000000076c600000,0x000000076c600000)
  from space 647168K, 63% used [0x0000000796800000,0x00000007af62c058,0x00000007be000000)
  to   space 668672K, 0% used [0x000000076c600000,0x000000076c600000,0x0000000795300000)
 ParOldGen       total 3995136K, used 2161361K [0x000000055da00000, 0x0000000651780000, 0x00000006f4900000)
  object space 3995136K, 54% used [0x000000055da00000,0x00000005e18b45b0,0x0000000651780000)
 Metaspace       used 5289K, capacity 5540K, committed 5888K, reserved 1056768K
  class space    used 582K, capacity 672K, committed 768K, reserved 1048576K

