# JRE version: Java(TM) SE Runtime Environment (8.0_45-b14) (build 1.8.0_45-b14)
# Java VM: Java HotSpot(TM) 64-Bit Server VM (25.45-b02 mixed mode linux-amd64 compressed oops)
Heap:
 PSYoungGen      total 3027456K, used 3027434K [0x00000006f4900000, 0x00000007c0000000, 0x00000007c0000000)
  eden space 2721792K, 100% used [0x00000006f4900000,0x000000079ab00000,0x000000079ab00000)
  from space 305664K, 99% used [0x000000079ab00000,0x00000007ad57a910,0x00000007ad580000)
  to   space 305664K, 99% used [0x00000007ad580000,0x00000007bfff9698,0x00000007c0000000)
 ParOldGen       total 919040K, used 919038K [0x000000055da00000, 0x0000000595b80000, 0x00000006f4900000)
  object space 919040K, 99% used [0x000000055da00000,0x0000000595b7fbb8,0x0000000595b80000)
 Metaspace       used 5239K, capacity 5476K, committed 5632K, reserved 1056768K
  class space    used 582K, capacity 672K, committed 768K, reserved 1048576K
GC Heap History (10 events):
Event: 276,413 GC heap after
Heap after GC invocations=102 (full 0):
 PSYoungGen      total 2159616K, used 1520K [0x00000006f4900000, 0x00000007bd880000, 0x00000007c0000000)
  eden space 2158080K, 0% used [0x00000006f4900000,0x00000006f4900000,0x0000000778480000)
  from space 1536K, 99% used [0x00000007bd700000,0x00000007bd87c350,0x00000007bd880000)
  to   space 25600K, 0% used [0x00000007ba680000,0x00000007ba680000,0x00000007bbf80000)
 ParOldGen       total 946176K, used 70285K [0x000000055da00000, 0x0000000597600000, 0x00000006f4900000)
  object space 946176K, 7% used [0x000000055da00000,0x0000000561ea3620,0x0000000597600000)
 Metaspace       used 5161K, capacity 5412K, committed 5632K, reserved 1056768K
  class space    used 580K, capacity 672K, committed 768K, reserved 1048576K
}
Event: 280,241 GC heap before
{Heap before GC invocations=103 (full 0):
 PSYoungGen      total 2159616K, used 2159600K [0x00000006f4900000, 0x00000007bd880000, 0x00000007c0000000)
  eden space 2158080K, 100% used [0x00000006f4900000,0x0000000778480000,0x0000000778480000)
  from space 1536K, 99% used [0x00000007bd700000,0x00000007bd87c350,0x00000007bd880000)
  to   space 25600K, 0% used [0x00000007ba680000,0x00000007ba680000,0x00000007bbf80000)
 ParOldGen       total 946176K, used 70285K [0x000000055da00000, 0x0000000597600000, 0x00000006f4900000)
  object space 946176K, 7% used [0x000000055da00000,0x0000000561ea3620,0x0000000597600000)
 Metaspace       used 5161K, capacity 5412K, committed 5632K, reserved 1056768K
  class space    used 580K, capacity 672K, committed 768K, reserved 1048576K
Event: 280,950 GC heap after
Heap after GC invocations=103 (full 0):
 PSYoungGen      total 2615296K, used 25598K [0x00000006f4900000, 0x00000007bd780000, 0x00000007c0000000)
  eden space 2589696K, 0% used [0x00000006f4900000,0x00000006f4900000,0x0000000792a00000)
  from space 25600K, 99% used [0x00000007ba680000,0x00000007bbf7f990,0x00000007bbf80000)
  to   space 24576K, 0% used [0x00000007bbf80000,0x00000007bbf80000,0x00000007bd780000)
 ParOldGen       total 946176K, used 511177K [0x000000055da00000, 0x0000000597600000, 0x00000006f4900000)
  object space 946176K, 54% used [0x000000055da00000,0x000000057cd32600,0x0000000597600000)
 Metaspace       used 5161K, capacity 5412K, committed 5632K, reserved 1056768K
  class space    used 580K, capacity 672K, committed 768K, reserved 1048576K
}
Event: 311,697 GC heap before
{Heap before GC invocations=104 (full 0):
 PSYoungGen      total 2615296K, used 2615294K [0x00000006f4900000, 0x00000007bd780000, 0x00000007c0000000)
  eden space 2589696K, 100% used [0x00000006f4900000,0x0000000792a00000,0x0000000792a00000)
  from space 25600K, 99% used [0x00000007ba680000,0x00000007bbf7f990,0x00000007bbf80000)
  to   space 24576K, 0% used [0x00000007bbf80000,0x00000007bbf80000,0x00000007bd780000)
 ParOldGen       total 946176K, used 511177K [0x000000055da00000, 0x0000000597600000, 0x00000006f4900000)
  object space 946176K, 54% used [0x000000055da00000,0x000000057cd32600,0x0000000597600000)
 Metaspace       used 5238K, capacity 5476K, committed 5632K, reserved 1056768K
  class space    used 582K, capacity 672K, committed 768K, reserved 1048576K
Event: 312,559 GC heap after
Heap after GC invocations=104 (full 0):
 PSYoungGen      total 2746368K, used 24552K [0x00000006f4900000, 0x00000007c0000000, 0x00000007c0000000)
  eden space 2721792K, 0% used [0x00000006f4900000,0x00000006f4900000,0x000000079ab00000)
  from space 24576K, 99% used [0x00000007bbf80000,0x00000007bd77a090,0x00000007bd780000)
  to   space 305664K, 0% used [0x000000079ab00000,0x000000079ab00000,0x00000007ad580000)
 ParOldGen       total 946176K, used 879414K [0x000000055da00000, 0x0000000597600000, 0x00000006f4900000)
  object space 946176K, 92% used [0x000000055da00000,0x00000005934cdb20,0x0000000597600000)
 Metaspace       used 5238K, capacity 5476K, committed 5632K, reserved 1056768K
  class space    used 582K, capacity 672K, committed 768K, reserved 1048576K
}
Event: 312,559 GC heap before
{Heap before GC invocations=105 (full 1):
 PSYoungGen      total 2746368K, used 24552K [0x00000006f4900000, 0x00000007c0000000, 0x00000007c0000000)
  eden space 2721792K, 0% used [0x00000006f4900000,0x00000006f4900000,0x000000079ab00000)
  from space 24576K, 99% used [0x00000007bbf80000,0x00000007bd77a090,0x00000007bd780000)
  to   space 305664K, 0% used [0x000000079ab00000,0x000000079ab00000,0x00000007ad580000)
 ParOldGen       total 946176K, used 879414K [0x000000055da00000, 0x0000000597600000, 0x00000006f4900000)
  object space 946176K, 92% used [0x000000055da00000,0x00000005934cdb20,0x0000000597600000)
 Metaspace       used 5238K, capacity 5476K, committed 5632K, reserved 1056768K
  class space    used 582K, capacity 672K, committed 768K, reserved 1048576K
Event: 313,705 GC heap after
Heap after GC invocations=105 (full 1):
 PSYoungGen      total 2746368K, used 0K [0x00000006f4900000, 0x00000007c0000000, 0x00000007c0000000)
  eden space 2721792K, 0% used [0x00000006f4900000,0x00000006f4900000,0x000000079ab00000)
  from space 24576K, 0% used [0x00000007bbf80000,0x00000007bbf80000,0x00000007bd780000)
  to   space 305664K, 0% used [0x000000079ab00000,0x000000079ab00000,0x00000007ad580000)
 ParOldGen       total 863232K, used 193920K [0x000000055da00000, 0x0000000592500000, 0x00000006f4900000)
  object space 863232K, 22% used [0x000000055da00000,0x0000000569760000,0x0000000592500000)
 Metaspace       used 5238K, capacity 5476K, committed 5632K, reserved 1056768K
  class space    used 582K, capacity 672K, committed 768K, reserved 1048576K
}
Event: 329,695 GC heap before
{Heap before GC invocations=106 (full 1):
 PSYoungGen      total 2746368K, used 2721792K [0x00000006f4900000, 0x00000007c0000000, 0x00000007c0000000)
  eden space 2721792K, 100% used [0x00000006f4900000,0x000000079ab00000,0x000000079ab00000)
  from space 24576K, 0% used [0x00000007bbf80000,0x00000007bbf80000,0x00000007bd780000)
  to   space 305664K, 0% used [0x000000079ab00000,0x000000079ab00000,0x00000007ad580000)
 ParOldGen       total 863232K, used 193920K [0x000000055da00000, 0x0000000592500000, 0x00000006f4900000)
  object space 863232K, 22% used [0x000000055da00000,0x0000000569760000,0x0000000592500000)
 Metaspace       used 5238K, capacity 5476K, committed 5632K, reserved 1056768K
  class space    used 582K, capacity 672K, committed 768K, reserved 1048576K
Event: 330,799 GC heap after
Heap after GC invocations=106 (full 1):
 PSYoungGen      total 3027456K, used 305642K [0x00000006f4900000, 0x00000007c0000000, 0x00000007c0000000)
  eden space 2721792K, 0% used [0x00000006f4900000,0x00000006f4900000,0x000000079ab00000)
  from space 305664K, 99% used [0x000000079ab00000,0x00000007ad57a910,0x00000007ad580000)
  to   space 305664K, 0% used [0x00000007ad580000,0x00000007ad580000,0x00000007c0000000)
 ParOldGen       total 863232K, used 478456K [0x000000055da00000, 0x0000000592500000, 0x00000006f4900000)
  object space 863232K, 55% used [0x000000055da00000,0x000000057ad3e1e0,0x0000000592500000)
 Metaspace       used 5238K, capacity 5476K, committed 5632K, reserved 1056768K
  class space    used 582K, capacity 672K, committed 768K, reserved 1048576K
}
Event: 362,482 GC heap before
{Heap before GC invocations=107 (full 1):
 PSYoungGen      total 3027456K, used 3027434K [0x00000006f4900000, 0x00000007c0000000, 0x00000007c0000000)
  eden space 2721792K, 100% used [0x00000006f4900000,0x000000079ab00000,0x000000079ab00000)
  from space 305664K, 99% used [0x000000079ab00000,0x00000007ad57a910,0x00000007ad580000)
  to   space 305664K, 0% used [0x00000007ad580000,0x00000007ad580000,0x00000007c0000000)
 ParOldGen       total 863232K, used 478456K [0x000000055da00000, 0x0000000592500000, 0x00000006f4900000)
  object space 863232K, 55% used [0x000000055da00000,0x000000057ad3e1e0,0x0000000592500000)
 Metaspace       used 5239K, capacity 5476K, committed 5632K, reserved 1056768K
  class space    used 582K, capacity 672K, committed 768K, reserved 1048576K

