# JRE version: Java(TM) SE Runtime Environment (8.0_45-b14) (build 1.8.0_45-b14)
# Java VM: Java HotSpot(TM) 64-Bit Server VM (25.45-b02 mixed mode linux-amd64 compressed oops)
Heap:
 PSYoungGen      total 2259456K, used 73982K [0x00000006f4900000, 0x00000007b9500000, 0x00000007c0000000)
  eden space 1295360K, 0% used [0x00000006f4900000,0x00000006f4900000,0x0000000743a00000)
  from space 964096K, 7% used [0x0000000743a00000,0x000000074823faf8,0x000000077e780000)
  to   space 947200K, 0% used [0x000000077f800000,0x000000077f800000,0x00000007b9500000)
 ParOldGen       total 4023808K, used 2743698K [0x000000055da00000, 0x0000000653380000, 0x00000006f4900000)
  object space 4023808K, 68% used [0x000000055da00000,0x0000000605164800,0x0000000653380000)
 Metaspace       used 5300K, capacity 5540K, committed 5888K, reserved 1056768K
  class space    used 582K, capacity 672K, committed 768K, reserved 1048576K
GC Heap History (10 events):
Event: 4446,746 GC heap after
Heap after GC invocations=153 (full 8):
 PSYoungGen      total 2195456K, used 240938K [0x00000006f4900000, 0x00000007be600000, 0x00000007c0000000)
  eden space 1111040K, 0% used [0x00000006f4900000,0x00000006f4900000,0x0000000738600000)
  from space 1084416K, 22% used [0x000000077c300000,0x000000078ae4ab48,0x00000007be600000)
  to   space 1097728K, 0% used [0x0000000738600000,0x0000000738600000,0x000000077b600000)
 ParOldGen       total 4023808K, used 1635764K [0x000000055da00000, 0x0000000653380000, 0x00000006f4900000)
  object space 4023808K, 40% used [0x000000055da00000,0x00000005c176d258,0x0000000653380000)
 Metaspace       used 5294K, capacity 5540K, committed 5888K, reserved 1056768K
  class space    used 582K, capacity 672K, committed 768K, reserved 1048576K
}
Event: 4448,512 GC heap before
{Heap before GC invocations=154 (full 8):
 PSYoungGen      total 2195456K, used 1351978K [0x00000006f4900000, 0x00000007be600000, 0x00000007c0000000)
  eden space 1111040K, 100% used [0x00000006f4900000,0x0000000738600000,0x0000000738600000)
  from space 1084416K, 22% used [0x000000077c300000,0x000000078ae4ab48,0x00000007be600000)
  to   space 1097728K, 0% used [0x0000000738600000,0x0000000738600000,0x000000077b600000)
 ParOldGen       total 4023808K, used 1635764K [0x000000055da00000, 0x0000000653380000, 0x00000006f4900000)
  object space 4023808K, 40% used [0x000000055da00000,0x00000005c176d258,0x0000000653380000)
 Metaspace       used 5294K, capacity 5540K, committed 5888K, reserved 1056768K
  class space    used 582K, capacity 672K, committed 768K, reserved 1048576K
Event: 4449,158 GC heap after
Heap after GC invocations=154 (full 8):
 PSYoungGen      total 2208768K, used 240902K [0x00000006f4900000, 0x00000007bd400000, 0x00000007c0000000)
  eden space 1111040K, 0% used [0x00000006f4900000,0x00000006f4900000,0x0000000738600000)
  from space 1097728K, 21% used [0x0000000738600000,0x00000007471418d0,0x000000077b600000)
  to   space 1068544K, 0% used [0x000000077c080000,0x000000077c080000,0x00000007bd400000)
 ParOldGen       total 4023808K, used 1877018K [0x000000055da00000, 0x0000000653380000, 0x00000006f4900000)
  object space 4023808K, 46% used [0x000000055da00000,0x00000005d0306b28,0x0000000653380000)
 Metaspace       used 5294K, capacity 5540K, committed 5888K, reserved 1056768K
  class space    used 582K, capacity 672K, committed 768K, reserved 1048576K
}
Event: 4452,699 GC heap before
{Heap before GC invocations=155 (full 8):
 PSYoungGen      total 2208768K, used 1351942K [0x00000006f4900000, 0x00000007bd400000, 0x00000007c0000000)
  eden space 1111040K, 100% used [0x00000006f4900000,0x0000000738600000,0x0000000738600000)
  from space 1097728K, 21% used [0x0000000738600000,0x00000007471418d0,0x000000077b600000)
  to   space 1068544K, 0% used [0x000000077c080000,0x000000077c080000,0x00000007bd400000)
 ParOldGen       total 4023808K, used 1877018K [0x000000055da00000, 0x0000000653380000, 0x00000006f4900000)
  object space 4023808K, 46% used [0x000000055da00000,0x00000005d0306b28,0x0000000653380000)
 Metaspace       used 5294K, capacity 5540K, committed 5888K, reserved 1056768K
  class space    used 582K, capacity 672K, committed 768K, reserved 1048576K
Event: 4453,503 GC heap after
Heap after GC invocations=155 (full 8):
 PSYoungGen      total 2187776K, used 240870K [0x00000006f4900000, 0x00000007ba580000, 0x00000007c0000000)
  eden space 1166848K, 0% used [0x00000006f4900000,0x00000006f4900000,0x000000073bc80000)
  from space 1020928K, 23% used [0x000000077c080000,0x000000078abb98d0,0x00000007ba580000)
  to   space 1036800K, 0% used [0x000000073bc80000,0x000000073bc80000,0x000000077b100000)
 ParOldGen       total 4023808K, used 2118276K [0x000000055da00000, 0x0000000653380000, 0x00000006f4900000)
  object space 4023808K, 52% used [0x000000055da00000,0x00000005deea1180,0x0000000653380000)
 Metaspace       used 5294K, capacity 5540K, committed 5888K, reserved 1056768K
  class space    used 582K, capacity 672K, committed 768K, reserved 1048576K
}
Event: 4456,561 GC heap before
{Heap before GC invocations=156 (full 8):
 PSYoungGen      total 2187776K, used 1407718K [0x00000006f4900000, 0x00000007ba580000, 0x00000007c0000000)
  eden space 1166848K, 100% used [0x00000006f4900000,0x000000073bc80000,0x000000073bc80000)
  from space 1020928K, 23% used [0x000000077c080000,0x000000078abb98d0,0x00000007ba580000)
  to   space 1036800K, 0% used [0x000000073bc80000,0x000000073bc80000,0x000000077b100000)
 ParOldGen       total 4023808K, used 2118276K [0x000000055da00000, 0x0000000653380000, 0x00000006f4900000)
  object space 4023808K, 52% used [0x000000055da00000,0x00000005deea1180,0x0000000653380000)
 Metaspace       used 5294K, capacity 5540K, committed 5888K, reserved 1056768K
  class space    used 582K, capacity 672K, committed 768K, reserved 1048576K
Event: 4456,933 GC heap after
Heap after GC invocations=156 (full 8):
 PSYoungGen      total 2203648K, used 253052K [0x00000006f4900000, 0x00000007bc980000, 0x00000007c0000000)
  eden space 1166848K, 0% used [0x00000006f4900000,0x00000006f4900000,0x000000073bc80000)
  from space 1036800K, 24% used [0x000000073bc80000,0x000000074b39f190,0x000000077b100000)
  to   space 1000960K, 0% used [0x000000077f800000,0x000000077f800000,0x00000007bc980000)
 ParOldGen       total 4023808K, used 2359517K [0x000000055da00000, 0x0000000653380000, 0x00000006f4900000)
  object space 4023808K, 58% used [0x000000055da00000,0x00000005eda377d8,0x0000000653380000)
 Metaspace       used 5294K, capacity 5540K, committed 5888K, reserved 1056768K
  class space    used 582K, capacity 672K, committed 768K, reserved 1048576K
}
Event: 4459,633 GC heap before
{Heap before GC invocations=157 (full 8):
 PSYoungGen      total 2203648K, used 1419900K [0x00000006f4900000, 0x00000007bc980000, 0x00000007c0000000)
  eden space 1166848K, 100% used [0x00000006f4900000,0x000000073bc80000,0x000000073bc80000)
  from space 1036800K, 24% used [0x000000073bc80000,0x000000074b39f190,0x000000077b100000)
  to   space 1000960K, 0% used [0x000000077f800000,0x000000077f800000,0x00000007bc980000)
 ParOldGen       total 4023808K, used 2359517K [0x000000055da00000, 0x0000000653380000, 0x00000006f4900000)
  object space 4023808K, 58% used [0x000000055da00000,0x00000005eda377d8,0x0000000653380000)
 Metaspace       used 5294K, capacity 5540K, committed 5888K, reserved 1056768K
  class space    used 582K, capacity 672K, committed 768K, reserved 1048576K
Event: 4459,989 GC heap after
Heap after GC invocations=157 (full 8):
 PSYoungGen      total 2242560K, used 253018K [0x00000006f4900000, 0x00000007b9500000, 0x00000007c0000000)
  eden space 1295360K, 0% used [0x00000006f4900000,0x00000006f4900000,0x0000000743a00000)
  from space 947200K, 26% used [0x000000077f800000,0x000000078ef16b90,0x00000007b9500000)
  to   space 964096K, 0% used [0x0000000743a00000,0x0000000743a00000,0x000000077e780000)
 ParOldGen       total 4023808K, used 2612897K [0x000000055da00000, 0x0000000653380000, 0x00000006f4900000)
  object space 4023808K, 64% used [0x000000055da00000,0x00000005fd1a87c0,0x0000000653380000)
 Metaspace       used 5294K, capacity 5540K, committed 5888K, reserved 1056768K
  class space    used 582K, capacity 672K, committed 768K, reserved 1048576K
}
Event: 5416,862 GC heap before
{Heap before GC invocations=158 (full 8):
 PSYoungGen      total 2242560K, used 1548378K [0x00000006f4900000, 0x00000007b9500000, 0x00000007c0000000)
  eden space 1295360K, 100% used [0x00000006f4900000,0x0000000743a00000,0x0000000743a00000)
  from space 947200K, 26% used [0x000000077f800000,0x000000078ef16b90,0x00000007b9500000)
  to   space 964096K, 0% used [0x0000000743a00000,0x0000000743a00000,0x000000077e780000)
 ParOldGen       total 4023808K, used 2612897K [0x000000055da00000, 0x0000000653380000, 0x00000006f4900000)
  object space 4023808K, 64% used [0x000000055da00000,0x00000005fd1a87c0,0x0000000653380000)
 Metaspace       used 5300K, capacity 5540K, committed 5888K, reserved 1056768K
  class space    used 582K, capacity 672K, committed 768K, reserved 1048576K

