# JRE version: Java(TM) SE Runtime Environment (8.0_45-b14) (build 1.8.0_45-b14)
# Java VM: Java HotSpot(TM) 64-Bit Server VM (25.45-b02 mixed mode linux-amd64 compressed oops)
Heap:
 PSYoungGen      total 2510336K, used 147012K [0x00000006f4900000, 0x00000007be080000, 0x00000007c0000000)
  eden space 1838592K, 0% used [0x00000006f4900000,0x00000006f4900000,0x0000000764c80000)
  from space 671744K, 21% used [0x0000000795080000,0x000000079e0110e0,0x00000007be080000)
  to   space 691712K, 0% used [0x0000000764c80000,0x0000000764c80000,0x000000078f000000)
 ParOldGen       total 5687296K, used 2621023K [0x000000055da00000, 0x00000006b8c00000, 0x00000006f4900000)
  object space 5687296K, 46% used [0x000000055da00000,0x00000005fd997c70,0x00000006b8c00000)
 Metaspace       used 5293K, capacity 5540K, committed 5888K, reserved 1056768K
  class space    used 582K, capacity 672K, committed 768K, reserved 1048576K
GC Heap History (10 events):
Event: 4434,084 GC heap after
Heap after GC invocations=165 (full 7):
 PSYoungGen      total 2438144K, used 330649K [0x00000006f4900000, 0x00000007b8e00000, 0x00000007c0000000)
  eden space 1682432K, 0% used [0x00000006f4900000,0x00000006f4900000,0x000000075b400000)
  from space 755712K, 43% used [0x000000078ac00000,0x000000079eee6570,0x00000007b8e00000)
  to   space 766976K, 0% used [0x000000075b400000,0x000000075b400000,0x000000078a100000)
 ParOldGen       total 5486080K, used 3957790K [0x000000055da00000, 0x00000006ac780000, 0x00000006f4900000)
  object space 5486080K, 72% used [0x000000055da00000,0x000000064f3078a8,0x00000006ac780000)
 Metaspace       used 5287K, capacity 5540K, committed 5888K, reserved 1056768K
  class space    used 582K, capacity 672K, committed 768K, reserved 1048576K
}
Event: 4440,199 GC heap before
{Heap before GC invocations=166 (full 7):
 PSYoungGen      total 2438144K, used 2013081K [0x00000006f4900000, 0x00000007b8e00000, 0x00000007c0000000)
  eden space 1682432K, 100% used [0x00000006f4900000,0x000000075b400000,0x000000075b400000)
  from space 755712K, 43% used [0x000000078ac00000,0x000000079eee6570,0x00000007b8e00000)
  to   space 766976K, 0% used [0x000000075b400000,0x000000075b400000,0x000000078a100000)
 ParOldGen       total 5486080K, used 3957790K [0x000000055da00000, 0x00000006ac780000, 0x00000006f4900000)
  object space 5486080K, 72% used [0x000000055da00000,0x000000064f3078a8,0x00000006ac780000)
 Metaspace       used 5287K, capacity 5540K, committed 5888K, reserved 1056768K
  class space    used 582K, capacity 672K, committed 768K, reserved 1048576K
Event: 4440,741 GC heap after
Heap after GC invocations=166 (full 7):
 PSYoungGen      total 2449408K, used 364739K [0x00000006f4900000, 0x00000007bbe00000, 0x00000007c0000000)
  eden space 1682432K, 0% used [0x00000006f4900000,0x00000006f4900000,0x000000075b400000)
  from space 766976K, 47% used [0x000000075b400000,0x0000000771830c80,0x000000078a100000)
  to   space 727552K, 0% used [0x000000078f780000,0x000000078f780000,0x00000007bbe00000)
 ParOldGen       total 5486080K, used 4289047K [0x000000055da00000, 0x00000006ac780000, 0x00000006f4900000)
  object space 5486080K, 78% used [0x000000055da00000,0x0000000663685c70,0x00000006ac780000)
 Metaspace       used 5287K, capacity 5540K, committed 5888K, reserved 1056768K
  class space    used 582K, capacity 672K, committed 768K, reserved 1048576K
}
Event: 4445,188 GC heap before
{Heap before GC invocations=167 (full 7):
 PSYoungGen      total 2449408K, used 2047171K [0x00000006f4900000, 0x00000007bbe00000, 0x00000007c0000000)
  eden space 1682432K, 100% used [0x00000006f4900000,0x000000075b400000,0x000000075b400000)
  from space 766976K, 47% used [0x000000075b400000,0x0000000771830c80,0x000000078a100000)
  to   space 727552K, 0% used [0x000000078f780000,0x000000078f780000,0x00000007bbe00000)
 ParOldGen       total 5486080K, used 4289047K [0x000000055da00000, 0x00000006ac780000, 0x00000006f4900000)
  object space 5486080K, 78% used [0x000000055da00000,0x0000000663685c70,0x00000006ac780000)
 Metaspace       used 5287K, capacity 5540K, committed 5888K, reserved 1056768K
  class space    used 582K, capacity 672K, committed 768K, reserved 1048576K
Event: 4445,801 GC heap after
Heap after GC invocations=167 (full 7):
 PSYoungGen      total 2522624K, used 364656K [0x00000006f4900000, 0x00000007b9380000, 0x00000007c0000000)
  eden space 1838592K, 0% used [0x00000006f4900000,0x00000006f4900000,0x0000000764c80000)
  from space 684032K, 53% used [0x000000078f780000,0x00000007a5b9c338,0x00000007b9380000)
  to   space 691712K, 0% used [0x0000000764c80000,0x0000000764c80000,0x000000078f000000)
 ParOldGen       total 5486080K, used 4654333K [0x000000055da00000, 0x00000006ac780000, 0x00000006f4900000)
  object space 5486080K, 84% used [0x000000055da00000,0x0000000679b3f678,0x00000006ac780000)
 Metaspace       used 5287K, capacity 5540K, committed 5888K, reserved 1056768K
  class space    used 582K, capacity 672K, committed 768K, reserved 1048576K
}
Event: 4450,812 GC heap before
{Heap before GC invocations=168 (full 7):
 PSYoungGen      total 2522624K, used 2203248K [0x00000006f4900000, 0x00000007b9380000, 0x00000007c0000000)
  eden space 1838592K, 100% used [0x00000006f4900000,0x0000000764c80000,0x0000000764c80000)
  from space 684032K, 53% used [0x000000078f780000,0x00000007a5b9c338,0x00000007b9380000)
  to   space 691712K, 0% used [0x0000000764c80000,0x0000000764c80000,0x000000078f000000)
 ParOldGen       total 5486080K, used 4654333K [0x000000055da00000, 0x00000006ac780000, 0x00000006f4900000)
  object space 5486080K, 84% used [0x000000055da00000,0x0000000679b3f678,0x00000006ac780000)
 Metaspace       used 5287K, capacity 5540K, committed 5888K, reserved 1056768K
  class space    used 582K, capacity 672K, committed 768K, reserved 1048576K
Event: 4451,420 GC heap after
Heap after GC invocations=168 (full 7):
 PSYoungGen      total 2530304K, used 398450K [0x00000006f4900000, 0x00000007be080000, 0x00000007c0000000)
  eden space 1838592K, 0% used [0x00000006f4900000,0x00000006f4900000,0x0000000764c80000)
  from space 691712K, 57% used [0x0000000764c80000,0x000000077d19cb58,0x000000078f000000)
  to   space 671744K, 0% used [0x0000000795080000,0x0000000795080000,0x00000007be080000)
 ParOldGen       total 5486080K, used 5019654K [0x000000055da00000, 0x00000006ac780000, 0x00000006f4900000)
  object space 5486080K, 91% used [0x000000055da00000,0x00000006900019b0,0x00000006ac780000)
 Metaspace       used 5287K, capacity 5540K, committed 5888K, reserved 1056768K
  class space    used 582K, capacity 672K, committed 768K, reserved 1048576K
}
Event: 4451,420 GC heap before
{Heap before GC invocations=169 (full 8):
 PSYoungGen      total 2530304K, used 398450K [0x00000006f4900000, 0x00000007be080000, 0x00000007c0000000)
  eden space 1838592K, 0% used [0x00000006f4900000,0x00000006f4900000,0x0000000764c80000)
  from space 691712K, 57% used [0x0000000764c80000,0x000000077d19cb58,0x000000078f000000)
  to   space 671744K, 0% used [0x0000000795080000,0x0000000795080000,0x00000007be080000)
 ParOldGen       total 5486080K, used 5019654K [0x000000055da00000, 0x00000006ac780000, 0x00000006f4900000)
  object space 5486080K, 91% used [0x000000055da00000,0x00000006900019b0,0x00000006ac780000)
 Metaspace       used 5287K, capacity 5540K, committed 5888K, reserved 1056768K
  class space    used 582K, capacity 672K, committed 768K, reserved 1048576K
Event: 4456,499 GC heap after
Heap after GC invocations=169 (full 8):
 PSYoungGen      total 2530304K, used 0K [0x00000006f4900000, 0x00000007be080000, 0x00000007c0000000)
  eden space 1838592K, 0% used [0x00000006f4900000,0x00000006f4900000,0x0000000764c80000)
  from space 691712K, 0% used [0x0000000764c80000,0x0000000764c80000,0x000000078f000000)
  to   space 671744K, 0% used [0x0000000795080000,0x0000000795080000,0x00000007be080000)
 ParOldGen       total 5687296K, used 2621023K [0x000000055da00000, 0x00000006b8c00000, 0x00000006f4900000)
  object space 5687296K, 46% used [0x000000055da00000,0x00000005fd997c70,0x00000006b8c00000)
 Metaspace       used 5287K, capacity 5540K, committed 5888K, reserved 1056768K
  class space    used 582K, capacity 672K, committed 768K, reserved 1048576K
}
Event: 5341,119 GC heap before
{Heap before GC invocations=170 (full 8):
 PSYoungGen      total 2530304K, used 1838592K [0x00000006f4900000, 0x00000007be080000, 0x00000007c0000000)
  eden space 1838592K, 100% used [0x00000006f4900000,0x0000000764c80000,0x0000000764c80000)
  from space 691712K, 0% used [0x0000000764c80000,0x0000000764c80000,0x000000078f000000)
  to   space 671744K, 0% used [0x0000000795080000,0x0000000795080000,0x00000007be080000)
 ParOldGen       total 5687296K, used 2621023K [0x000000055da00000, 0x00000006b8c00000, 0x00000006f4900000)
  object space 5687296K, 46% used [0x000000055da00000,0x00000005fd997c70,0x00000006b8c00000)
 Metaspace       used 5293K, capacity 5540K, committed 5888K, reserved 1056768K
  class space    used 582K, capacity 672K, committed 768K, reserved 1048576K

