# JRE version: Java(TM) SE Runtime Environment (8.0_45-b14) (build 1.8.0_45-b14)
# Java VM: Java HotSpot(TM) 64-Bit Server VM (25.45-b02 mixed mode linux-amd64 compressed oops)
Heap:
 PSYoungGen      total 3132928K, used 3132902K [0x00000006f4900000, 0x00000007c0000000, 0x00000007c0000000)
  eden space 2932736K, 100% used [0x00000006f4900000,0x00000007a7900000,0x00000007a7900000)
  from space 200192K, 99% used [0x00000007a7900000,0x00000007b3c79880,0x00000007b3c80000)
  to   space 200192K, 99% used [0x00000007b3c80000,0x00000007bfff9ee0,0x00000007c0000000)
 ParOldGen       total 1163264K, used 1163256K [0x000000055da00000, 0x00000005a4a80000, 0x00000006f4900000)
  object space 1163264K, 99% used [0x000000055da00000,0x00000005a49fe288,0x00000005a4a00000)
 Metaspace       used 5250K, capacity 5476K, committed 5632K, reserved 1056768K
  class space    used 582K, capacity 672K, committed 768K, reserved 1048576K
GC Heap History (10 events):
Event: 265,748 GC heap after
Heap after GC invocations=115 (full 0):
 PSYoungGen      total 2836992K, used 896K [0x00000006f4900000, 0x00000007bca80000, 0x00000007c0000000)
  eden space 2835456K, 0% used [0x00000006f4900000,0x00000006f4900000,0x00000007a1a00000)
  from space 1536K, 58% used [0x00000007bc780000,0x00000007bc860000,0x00000007bc900000)
  to   space 1536K, 0% used [0x00000007bc900000,0x00000007bc900000,0x00000007bca80000)
 ParOldGen       total 946176K, used 5666K [0x000000055da00000, 0x0000000597600000, 0x00000006f4900000)
  object space 946176K, 0% used [0x000000055da00000,0x000000055df888e0,0x0000000597600000)
 Metaspace       used 5164K, capacity 5412K, committed 5632K, reserved 1056768K
  class space    used 580K, capacity 672K, committed 768K, reserved 1048576K
}
Event: 270,290 GC heap before
{Heap before GC invocations=116 (full 0):
 PSYoungGen      total 2836992K, used 2836352K [0x00000006f4900000, 0x00000007bca80000, 0x00000007c0000000)
  eden space 2835456K, 100% used [0x00000006f4900000,0x00000007a1a00000,0x00000007a1a00000)
  from space 1536K, 58% used [0x00000007bc780000,0x00000007bc860000,0x00000007bc900000)
  to   space 1536K, 0% used [0x00000007bc900000,0x00000007bc900000,0x00000007bca80000)
 ParOldGen       total 946176K, used 5666K [0x000000055da00000, 0x0000000597600000, 0x00000006f4900000)
  object space 946176K, 0% used [0x000000055da00000,0x000000055df888e0,0x0000000597600000)
 Metaspace       used 5164K, capacity 5412K, committed 5632K, reserved 1056768K
  class space    used 580K, capacity 672K, committed 768K, reserved 1048576K
Event: 270,335 GC heap after
Heap after GC invocations=116 (full 0):
 PSYoungGen      total 2710528K, used 960K [0x00000006f4900000, 0x00000007bca00000, 0x00000007c0000000)
  eden space 2709504K, 0% used [0x00000006f4900000,0x00000006f4900000,0x0000000799f00000)
  from space 1024K, 93% used [0x00000007bc900000,0x00000007bc9f0000,0x00000007bca00000)
  to   space 1536K, 0% used [0x00000007bc700000,0x00000007bc700000,0x00000007bc880000)
 ParOldGen       total 946176K, used 5746K [0x000000055da00000, 0x0000000597600000, 0x00000006f4900000)
  object space 946176K, 0% used [0x000000055da00000,0x000000055df9c8e0,0x0000000597600000)
 Metaspace       used 5164K, capacity 5412K, committed 5632K, reserved 1056768K
  class space    used 580K, capacity 672K, committed 768K, reserved 1048576K
}
Event: 274,712 GC heap before
{Heap before GC invocations=117 (full 0):
 PSYoungGen      total 2710528K, used 2710464K [0x00000006f4900000, 0x00000007bca00000, 0x00000007c0000000)
  eden space 2709504K, 100% used [0x00000006f4900000,0x0000000799f00000,0x0000000799f00000)
  from space 1024K, 93% used [0x00000007bc900000,0x00000007bc9f0000,0x00000007bca00000)
  to   space 1536K, 0% used [0x00000007bc700000,0x00000007bc700000,0x00000007bc880000)
 ParOldGen       total 946176K, used 5746K [0x000000055da00000, 0x0000000597600000, 0x00000006f4900000)
  object space 946176K, 0% used [0x000000055da00000,0x000000055df9c8e0,0x0000000597600000)
 Metaspace       used 5164K, capacity 5412K, committed 5632K, reserved 1056768K
  class space    used 580K, capacity 672K, committed 768K, reserved 1048576K
Event: 274,772 GC heap after
Heap after GC invocations=117 (full 0):
 PSYoungGen      total 2591744K, used 1536K [0x00000006f4900000, 0x00000007bc980000, 0x00000007c0000000)
  eden space 2590208K, 0% used [0x00000006f4900000,0x00000006f4900000,0x0000000792a80000)
  from space 1536K, 100% used [0x00000007bc700000,0x00000007bc880000,0x00000007bc880000)
  to   space 1024K, 0% used [0x00000007bc880000,0x00000007bc880000,0x00000007bc980000)
 ParOldGen       total 946176K, used 7674K [0x000000055da00000, 0x0000000597600000, 0x00000006f4900000)
  object space 946176K, 0% used [0x000000055da00000,0x000000055e17e8e0,0x0000000597600000)
 Metaspace       used 5164K, capacity 5412K, committed 5632K, reserved 1056768K
  class space    used 580K, capacity 672K, committed 768K, reserved 1048576K
}
Event: 281,283 GC heap before
{Heap before GC invocations=118 (full 0):
 PSYoungGen      total 2591744K, used 2591744K [0x00000006f4900000, 0x00000007bc980000, 0x00000007c0000000)
  eden space 2590208K, 100% used [0x00000006f4900000,0x0000000792a80000,0x0000000792a80000)
  from space 1536K, 100% used [0x00000007bc700000,0x00000007bc880000,0x00000007bc880000)
  to   space 1024K, 0% used [0x00000007bc880000,0x00000007bc880000,0x00000007bc980000)
 ParOldGen       total 946176K, used 7674K [0x000000055da00000, 0x0000000597600000, 0x00000006f4900000)
  object space 946176K, 0% used [0x000000055da00000,0x000000055e17e8e0,0x0000000597600000)
 Metaspace       used 5171K, capacity 5412K, committed 5632K, reserved 1056768K
  class space    used 580K, capacity 672K, committed 768K, reserved 1048576K
Event: 284,091 GC heap after
Heap after GC invocations=118 (full 0):
 PSYoungGen      total 2933760K, used 1016K [0x00000006f4900000, 0x00000007c0000000, 0x00000007c0000000)
  eden space 2932736K, 0% used [0x00000006f4900000,0x00000006f4900000,0x00000007a7900000)
  from space 1024K, 99% used [0x00000007bc880000,0x00000007bc97e1a8,0x00000007bc980000)
  to   space 200192K, 0% used [0x00000007a7900000,0x00000007a7900000,0x00000007b3c80000)
 ParOldGen       total 946176K, used 542670K [0x000000055da00000, 0x0000000597600000, 0x00000006f4900000)
  object space 946176K, 57% used [0x000000055da00000,0x000000057ebf3a90,0x0000000597600000)
 Metaspace       used 5171K, capacity 5412K, committed 5632K, reserved 1056768K
  class space    used 580K, capacity 672K, committed 768K, reserved 1048576K
}
Event: 329,738 GC heap before
{Heap before GC invocations=119 (full 0):
 PSYoungGen      total 2933760K, used 2933752K [0x00000006f4900000, 0x00000007c0000000, 0x00000007c0000000)
  eden space 2932736K, 100% used [0x00000006f4900000,0x00000007a7900000,0x00000007a7900000)
  from space 1024K, 99% used [0x00000007bc880000,0x00000007bc97e1a8,0x00000007bc980000)
  to   space 200192K, 0% used [0x00000007a7900000,0x00000007a7900000,0x00000007b3c80000)
 ParOldGen       total 946176K, used 542670K [0x000000055da00000, 0x0000000597600000, 0x00000006f4900000)
  object space 946176K, 57% used [0x000000055da00000,0x000000057ebf3a90,0x0000000597600000)
 Metaspace       used 5249K, capacity 5476K, committed 5632K, reserved 1056768K
  class space    used 582K, capacity 672K, committed 768K, reserved 1048576K
Event: 330,180 GC heap after
Heap after GC invocations=119 (full 0):
 PSYoungGen      total 3132928K, used 200166K [0x00000006f4900000, 0x00000007c0000000, 0x00000007c0000000)
  eden space 2932736K, 0% used [0x00000006f4900000,0x00000006f4900000,0x00000007a7900000)
  from space 200192K, 99% used [0x00000007a7900000,0x00000007b3c79880,0x00000007b3c80000)
  to   space 200192K, 0% used [0x00000007b3c80000,0x00000007b3c80000,0x00000007c0000000)
 ParOldGen       total 946176K, used 610595K [0x000000055da00000, 0x0000000597600000, 0x00000006f4900000)
  object space 946176K, 64% used [0x000000055da00000,0x0000000582e48d90,0x0000000597600000)
 Metaspace       used 5249K, capacity 5476K, committed 5632K, reserved 1056768K
  class space    used 582K, capacity 672K, committed 768K, reserved 1048576K
}
Event: 360,478 GC heap before
{Heap before GC invocations=120 (full 0):
 PSYoungGen      total 3132928K, used 3132902K [0x00000006f4900000, 0x00000007c0000000, 0x00000007c0000000)
  eden space 2932736K, 100% used [0x00000006f4900000,0x00000007a7900000,0x00000007a7900000)
  from space 200192K, 99% used [0x00000007a7900000,0x00000007b3c79880,0x00000007b3c80000)
  to   space 200192K, 0% used [0x00000007b3c80000,0x00000007b3c80000,0x00000007c0000000)
 ParOldGen       total 946176K, used 610595K [0x000000055da00000, 0x0000000597600000, 0x00000006f4900000)
  object space 946176K, 64% used [0x000000055da00000,0x0000000582e48d90,0x0000000597600000)
 Metaspace       used 5250K, capacity 5476K, committed 5632K, reserved 1056768K
  class space    used 582K, capacity 672K, committed 768K, reserved 1048576K

