# JRE version: Java(TM) SE Runtime Environment (8.0_45-b14) (build 1.8.0_45-b14)
# Java VM: Java HotSpot(TM) 64-Bit Server VM (25.45-b02 mixed mode linux-amd64 compressed oops)
Heap:
 PSYoungGen      total 2450432K, used 185062K [0x00000006f4900000, 0x00000007b2a00000, 0x00000007c0000000)
  eden space 1786880K, 0% used [0x00000006f4900000,0x00000006f4900000,0x0000000761a00000)
  from space 663552K, 27% used [0x0000000761a00000,0x000000076ceb99b8,0x000000078a200000)
  to   space 640512K, 0% used [0x000000078b880000,0x000000078b880000,0x00000007b2a00000)
 ParOldGen       total 4136448K, used 2712999K [0x000000055da00000, 0x000000065a180000, 0x00000006f4900000)
  object space 4136448K, 65% used [0x000000055da00000,0x0000000603369c48,0x000000065a180000)
 Metaspace       used 5289K, capacity 5540K, committed 5888K, reserved 1056768K
  class space    used 582K, capacity 672K, committed 768K, reserved 1048576K
GC Heap History (10 events):
Event: 4449,139 GC heap after
Heap after GC invocations=160 (full 7):
 PSYoungGen      total 2201088K, used 278157K [0x00000006f4900000, 0x00000007aea80000, 0x00000007c0000000)
  eden space 1424896K, 0% used [0x00000006f4900000,0x00000006f4900000,0x000000074b880000)
  from space 776192K, 35% used [0x000000077f480000,0x0000000790423600,0x00000007aea80000)
  to   space 812032K, 0% used [0x000000074b880000,0x000000074b880000,0x000000077d180000)
 ParOldGen       total 4136448K, used 1284694K [0x000000055da00000, 0x000000065a180000, 0x00000006f4900000)
  object space 4136448K, 31% used [0x000000055da00000,0x00000005ac095a00,0x000000065a180000)
 Metaspace       used 5283K, capacity 5540K, committed 5888K, reserved 1056768K
  class space    used 582K, capacity 672K, committed 768K, reserved 1048576K
}
Event: 4452,762 GC heap before
{Heap before GC invocations=161 (full 7):
 PSYoungGen      total 2201088K, used 1703053K [0x00000006f4900000, 0x00000007aea80000, 0x00000007c0000000)
  eden space 1424896K, 100% used [0x00000006f4900000,0x000000074b880000,0x000000074b880000)
  from space 776192K, 35% used [0x000000077f480000,0x0000000790423600,0x00000007aea80000)
  to   space 812032K, 0% used [0x000000074b880000,0x000000074b880000,0x000000077d180000)
 ParOldGen       total 4136448K, used 1284694K [0x000000055da00000, 0x000000065a180000, 0x00000006f4900000)
  object space 4136448K, 31% used [0x000000055da00000,0x00000005ac095a00,0x000000065a180000)
 Metaspace       used 5283K, capacity 5540K, committed 5888K, reserved 1056768K
  class space    used 582K, capacity 672K, committed 768K, reserved 1048576K
Event: 4453,687 GC heap after
Heap after GC invocations=161 (full 7):
 PSYoungGen      total 2236928K, used 308860K [0x00000006f4900000, 0x00000007b3400000, 0x00000007c0000000)
  eden space 1424896K, 0% used [0x00000006f4900000,0x00000006f4900000,0x000000074b880000)
  from space 812032K, 38% used [0x000000074b880000,0x000000075e61f2d8,0x000000077d180000)
  to   space 763904K, 0% used [0x0000000784a00000,0x0000000784a00000,0x00000007b3400000)
 ParOldGen       total 4136448K, used 1563364K [0x000000055da00000, 0x000000065a180000, 0x00000006f4900000)
  object space 4136448K, 37% used [0x000000055da00000,0x00000005bd0b9000,0x000000065a180000)
 Metaspace       used 5283K, capacity 5540K, committed 5888K, reserved 1056768K
  class space    used 582K, capacity 672K, committed 768K, reserved 1048576K
}
Event: 4457,651 GC heap before
{Heap before GC invocations=162 (full 7):
 PSYoungGen      total 2236928K, used 1733756K [0x00000006f4900000, 0x00000007b3400000, 0x00000007c0000000)
  eden space 1424896K, 100% used [0x00000006f4900000,0x000000074b880000,0x000000074b880000)
  from space 812032K, 38% used [0x000000074b880000,0x000000075e61f2d8,0x000000077d180000)
  to   space 763904K, 0% used [0x0000000784a00000,0x0000000784a00000,0x00000007b3400000)
 ParOldGen       total 4136448K, used 1563364K [0x000000055da00000, 0x000000065a180000, 0x00000006f4900000)
  object space 4136448K, 37% used [0x000000055da00000,0x00000005bd0b9000,0x000000065a180000)
 Metaspace       used 5283K, capacity 5540K, committed 5888K, reserved 1056768K
  class space    used 582K, capacity 672K, committed 768K, reserved 1048576K
Event: 4458,053 GC heap after
Heap after GC invocations=162 (full 7):
 PSYoungGen      total 2263040K, used 308938K [0x00000006f4900000, 0x00000007ada00000, 0x00000007c0000000)
  eden space 1591296K, 0% used [0x00000006f4900000,0x00000006f4900000,0x0000000755b00000)
  from space 671744K, 45% used [0x0000000784a00000,0x00000007977b2990,0x00000007ada00000)
  to   space 720384K, 0% used [0x0000000755b00000,0x0000000755b00000,0x0000000781a80000)
 ParOldGen       total 4136448K, used 1872740K [0x000000055da00000, 0x000000065a180000, 0x00000006f4900000)
  object space 4136448K, 45% used [0x000000055da00000,0x00000005cfed9060,0x000000065a180000)
 Metaspace       used 5283K, capacity 5540K, committed 5888K, reserved 1056768K
  class space    used 582K, capacity 672K, committed 768K, reserved 1048576K
}
Event: 4460,640 GC heap before
{Heap before GC invocations=163 (full 7):
 PSYoungGen      total 2263040K, used 1900234K [0x00000006f4900000, 0x00000007ada00000, 0x00000007c0000000)
  eden space 1591296K, 100% used [0x00000006f4900000,0x0000000755b00000,0x0000000755b00000)
  from space 671744K, 45% used [0x0000000784a00000,0x00000007977b2990,0x00000007ada00000)
  to   space 720384K, 0% used [0x0000000755b00000,0x0000000755b00000,0x0000000781a80000)
 ParOldGen       total 4136448K, used 1872740K [0x000000055da00000, 0x000000065a180000, 0x00000006f4900000)
  object space 4136448K, 45% used [0x000000055da00000,0x00000005cfed9060,0x000000065a180000)
 Metaspace       used 5283K, capacity 5540K, committed 5888K, reserved 1056768K
  class space    used 582K, capacity 672K, committed 768K, reserved 1048576K
Event: 4461,112 GC heap after
Heap after GC invocations=163 (full 7):
 PSYoungGen      total 2311680K, used 344904K [0x00000006f4900000, 0x00000007b5b00000, 0x00000007c0000000)
  eden space 1591296K, 0% used [0x00000006f4900000,0x00000006f4900000,0x0000000755b00000)
  from space 720384K, 47% used [0x0000000755b00000,0x000000076abd2168,0x0000000781a80000)
  to   space 690688K, 0% used [0x000000078b880000,0x000000078b880000,0x00000007b5b00000)
 ParOldGen       total 4136448K, used 2182118K [0x000000055da00000, 0x000000065a180000, 0x00000006f4900000)
  object space 4136448K, 52% used [0x000000055da00000,0x00000005e2cf99f0,0x000000065a180000)
 Metaspace       used 5283K, capacity 5540K, committed 5888K, reserved 1056768K
  class space    used 582K, capacity 672K, committed 768K, reserved 1048576K
}
Event: 4463,745 GC heap before
{Heap before GC invocations=164 (full 7):
 PSYoungGen      total 2311680K, used 1936200K [0x00000006f4900000, 0x00000007b5b00000, 0x00000007c0000000)
  eden space 1591296K, 100% used [0x00000006f4900000,0x0000000755b00000,0x0000000755b00000)
  from space 720384K, 47% used [0x0000000755b00000,0x000000076abd2168,0x0000000781a80000)
  to   space 690688K, 0% used [0x000000078b880000,0x000000078b880000,0x00000007b5b00000)
 ParOldGen       total 4136448K, used 2182118K [0x000000055da00000, 0x000000065a180000, 0x00000006f4900000)
  object space 4136448K, 52% used [0x000000055da00000,0x00000005e2cf99f0,0x000000065a180000)
 Metaspace       used 5283K, capacity 5540K, committed 5888K, reserved 1056768K
  class space    used 582K, capacity 672K, committed 768K, reserved 1048576K
Event: 4464,237 GC heap after
Heap after GC invocations=164 (full 7):
 PSYoungGen      total 2427392K, used 345023K [0x00000006f4900000, 0x00000007b2a00000, 0x00000007c0000000)
  eden space 1786880K, 0% used [0x00000006f4900000,0x00000006f4900000,0x0000000761a00000)
  from space 640512K, 53% used [0x000000078b880000,0x00000007a096fd10,0x00000007b2a00000)
  to   space 663552K, 0% used [0x0000000761a00000,0x0000000761a00000,0x000000078a200000)
 ParOldGen       total 4136448K, used 2527610K [0x000000055da00000, 0x000000065a180000, 0x00000006f4900000)
  object space 4136448K, 61% used [0x000000055da00000,0x00000005f7e5e8e0,0x000000065a180000)
 Metaspace       used 5283K, capacity 5540K, committed 5888K, reserved 1056768K
  class space    used 582K, capacity 672K, committed 768K, reserved 1048576K
}
Event: 5416,852 GC heap before
{Heap before GC invocations=165 (full 7):
 PSYoungGen      total 2427392K, used 2131903K [0x00000006f4900000, 0x00000007b2a00000, 0x00000007c0000000)
  eden space 1786880K, 100% used [0x00000006f4900000,0x0000000761a00000,0x0000000761a00000)
  from space 640512K, 53% used [0x000000078b880000,0x00000007a096fd10,0x00000007b2a00000)
  to   space 663552K, 0% used [0x0000000761a00000,0x0000000761a00000,0x000000078a200000)
 ParOldGen       total 4136448K, used 2527610K [0x000000055da00000, 0x000000065a180000, 0x00000006f4900000)
  object space 4136448K, 61% used [0x000000055da00000,0x00000005f7e5e8e0,0x000000065a180000)
 Metaspace       used 5289K, capacity 5540K, committed 5888K, reserved 1056768K
  class space    used 582K, capacity 672K, committed 768K, reserved 1048576K

