# JRE version: Java(TM) SE Runtime Environment (8.0_45-b14) (build 1.8.0_45-b14)
# Java VM: Java HotSpot(TM) 64-Bit Server VM (25.45-b02 mixed mode linux-amd64 compressed oops)
Heap:
 PSYoungGen      total 2658816K, used 433746K [0x00000006f4900000, 0x00000007bcc00000, 0x00000007c0000000)
  eden space 2037760K, 0% used [0x00000006f4900000,0x00000006f4900000,0x0000000770f00000)
  from space 621056K, 69% used [0x0000000770f00000,0x000000078b694980,0x0000000796d80000)
  to   space 593408K, 0% used [0x0000000798880000,0x0000000798880000,0x00000007bcc00000)
 ParOldGen       total 2704384K, used 2350793K [0x000000055da00000, 0x0000000602b00000, 0x00000006f4900000)
  object space 2704384K, 86% used [0x000000055da00000,0x00000005ed1b24c8,0x0000000602b00000)
 Metaspace       used 5187K, capacity 5412K, committed 5504K, reserved 1056768K
  class space    used 567K, capacity 608K, committed 640K, reserved 1048576K
GC Heap History (10 events):
Event: 8731,552 GC heap after
Heap after GC invocations=128 (full 10):
 PSYoungGen      total 2678272K, used 107436K [0x00000006f4900000, 0x00000007c0000000, 0x00000007c0000000)
  eden space 2021376K, 0% used [0x00000006f4900000,0x00000006f4900000,0x000000076ff00000)
  from space 656896K, 16% used [0x0000000797e80000,0x000000079e76b388,0x00000007c0000000)
  to   space 654848K, 0% used [0x000000076ff00000,0x000000076ff00000,0x0000000797e80000)
 ParOldGen       total 2704384K, used 1367612K [0x000000055da00000, 0x0000000602b00000, 0x00000006f4900000)
  object space 2704384K, 50% used [0x000000055da00000,0x00000005b118f010,0x0000000602b00000)
 Metaspace       used 5187K, capacity 5412K, committed 5504K, reserved 1056768K
  class space    used 567K, capacity 608K, committed 640K, reserved 1048576K
}
Event: 8735,667 GC heap before
{Heap before GC invocations=129 (full 10):
 PSYoungGen      total 2678272K, used 2128812K [0x00000006f4900000, 0x00000007c0000000, 0x00000007c0000000)
  eden space 2021376K, 100% used [0x00000006f4900000,0x000000076ff00000,0x000000076ff00000)
  from space 656896K, 16% used [0x0000000797e80000,0x000000079e76b388,0x00000007c0000000)
  to   space 654848K, 0% used [0x000000076ff00000,0x000000076ff00000,0x0000000797e80000)
 ParOldGen       total 2704384K, used 1367612K [0x000000055da00000, 0x0000000602b00000, 0x00000006f4900000)
  object space 2704384K, 50% used [0x000000055da00000,0x00000005b118f010,0x0000000602b00000)
 Metaspace       used 5187K, capacity 5412K, committed 5504K, reserved 1056768K
  class space    used 567K, capacity 608K, committed 640K, reserved 1048576K
Event: 8736,114 GC heap after
Heap after GC invocations=129 (full 10):
 PSYoungGen      total 2338304K, used 316534K [0x00000006f4900000, 0x00000007bcd00000, 0x00000007c0000000)
  eden space 2021376K, 0% used [0x00000006f4900000,0x00000006f4900000,0x000000076ff00000)
  from space 316928K, 99% used [0x000000076ff00000,0x000000078341db38,0x0000000783480000)
  to   space 629760K, 0% used [0x0000000796600000,0x0000000796600000,0x00000007bcd00000)
 ParOldGen       total 2704384K, used 1474913K [0x000000055da00000, 0x0000000602b00000, 0x00000006f4900000)
  object space 2704384K, 54% used [0x000000055da00000,0x00000005b7a58488,0x0000000602b00000)
 Metaspace       used 5187K, capacity 5412K, committed 5504K, reserved 1056768K
  class space    used 567K, capacity 608K, committed 640K, reserved 1048576K
}
Event: 8739,893 GC heap before
{Heap before GC invocations=130 (full 10):
 PSYoungGen      total 2338304K, used 2337910K [0x00000006f4900000, 0x00000007bcd00000, 0x00000007c0000000)
  eden space 2021376K, 100% used [0x00000006f4900000,0x000000076ff00000,0x000000076ff00000)
  from space 316928K, 99% used [0x000000076ff00000,0x000000078341db38,0x0000000783480000)
  to   space 629760K, 0% used [0x0000000796600000,0x0000000796600000,0x00000007bcd00000)
 ParOldGen       total 2704384K, used 1474913K [0x000000055da00000, 0x0000000602b00000, 0x00000006f4900000)
  object space 2704384K, 54% used [0x000000055da00000,0x00000005b7a58488,0x0000000602b00000)
 Metaspace       used 5187K, capacity 5412K, committed 5504K, reserved 1056768K
  class space    used 567K, capacity 608K, committed 640K, reserved 1048576K
Event: 8740,574 GC heap after
Heap after GC invocations=130 (full 10):
 PSYoungGen      total 2632192K, used 430337K [0x00000006f4900000, 0x00000007c0000000, 0x00000007c0000000)
  eden space 2002432K, 0% used [0x00000006f4900000,0x00000006f4900000,0x000000076ec80000)
  from space 629760K, 68% used [0x0000000796600000,0x00000007b0a40488,0x00000007bcd00000)
  to   space 648704K, 0% used [0x000000076ec80000,0x000000076ec80000,0x0000000796600000)
 ParOldGen       total 2704384K, used 1792013K [0x000000055da00000, 0x0000000602b00000, 0x00000006f4900000)
  object space 2704384K, 66% used [0x000000055da00000,0x00000005cb003610,0x0000000602b00000)
 Metaspace       used 5187K, capacity 5412K, committed 5504K, reserved 1056768K
  class space    used 567K, capacity 608K, committed 640K, reserved 1048576K
}
Event: 8971,237 GC heap before
{Heap before GC invocations=131 (full 10):
 PSYoungGen      total 2632192K, used 2432769K [0x00000006f4900000, 0x00000007c0000000, 0x00000007c0000000)
  eden space 2002432K, 100% used [0x00000006f4900000,0x000000076ec80000,0x000000076ec80000)
  from space 629760K, 68% used [0x0000000796600000,0x00000007b0a40488,0x00000007bcd00000)
  to   space 648704K, 0% used [0x000000076ec80000,0x000000076ec80000,0x0000000796600000)
 ParOldGen       total 2704384K, used 1792013K [0x000000055da00000, 0x0000000602b00000, 0x00000006f4900000)
  object space 2704384K, 66% used [0x000000055da00000,0x00000005cb003610,0x0000000602b00000)
 Metaspace       used 5187K, capacity 5412K, committed 5504K, reserved 1056768K
  class space    used 567K, capacity 608K, committed 640K, reserved 1048576K
Event: 8989,451 GC heap after
Heap after GC invocations=131 (full 10):
 PSYoungGen      total 2651136K, used 109786K [0x00000006f4900000, 0x00000007c0000000, 0x00000007c0000000)
  eden space 2002432K, 0% used [0x00000006f4900000,0x00000006f4900000,0x000000076ec80000)
  from space 648704K, 16% used [0x000000076ec80000,0x00000007757b6998,0x0000000796600000)
  to   space 646656K, 0% used [0x0000000798880000,0x0000000798880000,0x00000007c0000000)
 ParOldGen       total 2704384K, used 1928745K [0x000000055da00000, 0x0000000602b00000, 0x00000006f4900000)
  object space 2704384K, 71% used [0x000000055da00000,0x00000005d358a568,0x0000000602b00000)
 Metaspace       used 5187K, capacity 5412K, committed 5504K, reserved 1056768K
  class space    used 567K, capacity 608K, committed 640K, reserved 1048576K
}
Event: 9015,671 GC heap before
{Heap before GC invocations=132 (full 10):
 PSYoungGen      total 2651136K, used 2112218K [0x00000006f4900000, 0x00000007c0000000, 0x00000007c0000000)
  eden space 2002432K, 100% used [0x00000006f4900000,0x000000076ec80000,0x000000076ec80000)
  from space 648704K, 16% used [0x000000076ec80000,0x00000007757b6998,0x0000000796600000)
  to   space 646656K, 0% used [0x0000000798880000,0x0000000798880000,0x00000007c0000000)
 ParOldGen       total 2704384K, used 1928745K [0x000000055da00000, 0x0000000602b00000, 0x00000006f4900000)
  object space 2704384K, 71% used [0x000000055da00000,0x00000005d358a568,0x0000000602b00000)
 Metaspace       used 5187K, capacity 5412K, committed 5504K, reserved 1056768K
  class space    used 567K, capacity 608K, committed 640K, reserved 1048576K
Event: 9038,303 GC heap after
Heap after GC invocations=132 (full 10):
 PSYoungGen      total 2631168K, used 311833K [0x00000006f4900000, 0x00000007bcc00000, 0x00000007c0000000)
  eden space 2037760K, 0% used [0x00000006f4900000,0x00000006f4900000,0x0000000770f00000)
  from space 593408K, 52% used [0x0000000798880000,0x00000007ab9065b0,0x00000007bcc00000)
  to   space 621056K, 0% used [0x0000000770f00000,0x0000000770f00000,0x0000000796d80000)
 ParOldGen       total 2704384K, used 2038432K [0x000000055da00000, 0x0000000602b00000, 0x00000006f4900000)
  object space 2704384K, 75% used [0x000000055da00000,0x00000005da0a8348,0x0000000602b00000)
 Metaspace       used 5187K, capacity 5412K, committed 5504K, reserved 1056768K
  class space    used 567K, capacity 608K, committed 640K, reserved 1048576K
}
Event: 9060,377 GC heap before
{Heap before GC invocations=133 (full 10):
 PSYoungGen      total 2631168K, used 2349593K [0x00000006f4900000, 0x00000007bcc00000, 0x00000007c0000000)
  eden space 2037760K, 100% used [0x00000006f4900000,0x0000000770f00000,0x0000000770f00000)
  from space 593408K, 52% used [0x0000000798880000,0x00000007ab9065b0,0x00000007bcc00000)
  to   space 621056K, 0% used [0x0000000770f00000,0x0000000770f00000,0x0000000796d80000)
 ParOldGen       total 2704384K, used 2038432K [0x000000055da00000, 0x0000000602b00000, 0x00000006f4900000)
  object space 2704384K, 75% used [0x000000055da00000,0x00000005da0a8348,0x0000000602b00000)
 Metaspace       used 5187K, capacity 5412K, committed 5504K, reserved 1056768K
  class space    used 567K, capacity 608K, committed 640K, reserved 1048576K

