# JRE version: Java(TM) SE Runtime Environment (8.0_45-b14) (build 1.8.0_45-b14)
# Java VM: Java HotSpot(TM) 64-Bit Server VM (25.45-b02 mixed mode linux-amd64 compressed oops)
Heap:
 PSYoungGen      total 2662912K, used 433545K [0x00000006f4900000, 0x00000007bd500000, 0x00000007c0000000)
  eden space 2036736K, 0% used [0x00000006f4900000,0x00000006f4900000,0x0000000770e00000)
  from space 626176K, 69% used [0x0000000770e00000,0x000000078b562488,0x0000000797180000)
  to   space 602624K, 0% used [0x0000000798880000,0x0000000798880000,0x00000007bd500000)
 ParOldGen       total 2530816K, used 1210150K [0x000000055da00000, 0x00000005f8180000, 0x00000006f4900000)
  object space 2530816K, 47% used [0x000000055da00000,0x00000005a77c9bd0,0x00000005f8180000)
 Metaspace       used 5187K, capacity 5412K, committed 5504K, reserved 1056768K
  class space    used 567K, capacity 608K, committed 640K, reserved 1048576K
GC Heap History (10 events):
Event: 8700,998 GC heap after
Heap after GC invocations=129 (full 11):
 PSYoungGen      total 2679808K, used 0K [0x00000006f4900000, 0x00000007c0000000, 0x00000007c0000000)
  eden space 2022400K, 0% used [0x00000006f4900000,0x00000006f4900000,0x0000000770000000)
  from space 657408K, 0% used [0x0000000797e00000,0x0000000797e00000,0x00000007c0000000)
  to   space 653312K, 0% used [0x0000000770000000,0x0000000770000000,0x0000000797e00000)
 ParOldGen       total 2530816K, used 303968K [0x000000055da00000, 0x00000005f8180000, 0x00000006f4900000)
  object space 2530816K, 12% used [0x000000055da00000,0x00000005702d80d0,0x00000005f8180000)
 Metaspace       used 5187K, capacity 5412K, committed 5504K, reserved 1056768K
  class space    used 567K, capacity 608K, committed 640K, reserved 1048576K
}
Event: 8705,105 GC heap before
{Heap before GC invocations=130 (full 11):
 PSYoungGen      total 2679808K, used 2022400K [0x00000006f4900000, 0x00000007c0000000, 0x00000007c0000000)
  eden space 2022400K, 100% used [0x00000006f4900000,0x0000000770000000,0x0000000770000000)
  from space 657408K, 0% used [0x0000000797e00000,0x0000000797e00000,0x00000007c0000000)
  to   space 653312K, 0% used [0x0000000770000000,0x0000000770000000,0x0000000797e00000)
 ParOldGen       total 2530816K, used 303968K [0x000000055da00000, 0x00000005f8180000, 0x00000006f4900000)
  object space 2530816K, 12% used [0x000000055da00000,0x00000005702d80d0,0x00000005f8180000)
 Metaspace       used 5187K, capacity 5412K, committed 5504K, reserved 1056768K
  class space    used 567K, capacity 608K, committed 640K, reserved 1048576K
Event: 8705,474 GC heap after
Heap after GC invocations=130 (full 11):
 PSYoungGen      total 2345472K, used 322851K [0x00000006f4900000, 0x00000007bd000000, 0x00000007c0000000)
  eden space 2022400K, 0% used [0x00000006f4900000,0x00000006f4900000,0x0000000770000000)
  from space 323072K, 99% used [0x0000000770000000,0x0000000783b48e08,0x0000000783b80000)
  to   space 630784K, 0% used [0x0000000796800000,0x0000000796800000,0x00000007bd000000)
 ParOldGen       total 2530816K, used 303968K [0x000000055da00000, 0x00000005f8180000, 0x00000006f4900000)
  object space 2530816K, 12% used [0x000000055da00000,0x00000005702d80d0,0x00000005f8180000)
 Metaspace       used 5187K, capacity 5412K, committed 5504K, reserved 1056768K
  class space    used 567K, capacity 608K, committed 640K, reserved 1048576K
}
Event: 8709,496 GC heap before
{Heap before GC invocations=131 (full 11):
 PSYoungGen      total 2345472K, used 2345251K [0x00000006f4900000, 0x00000007bd000000, 0x00000007c0000000)
  eden space 2022400K, 100% used [0x00000006f4900000,0x0000000770000000,0x0000000770000000)
  from space 323072K, 99% used [0x0000000770000000,0x0000000783b48e08,0x0000000783b80000)
  to   space 630784K, 0% used [0x0000000796800000,0x0000000796800000,0x00000007bd000000)
 ParOldGen       total 2530816K, used 303968K [0x000000055da00000, 0x00000005f8180000, 0x00000006f4900000)
  object space 2530816K, 12% used [0x000000055da00000,0x00000005702d80d0,0x00000005f8180000)
 Metaspace       used 5187K, capacity 5412K, committed 5504K, reserved 1056768K
  class space    used 567K, capacity 608K, committed 640K, reserved 1048576K
Event: 8710,239 GC heap after
Heap after GC invocations=131 (full 11):
 PSYoungGen      total 2634240K, used 430594K [0x00000006f4900000, 0x00000007c0000000, 0x00000007c0000000)
  eden space 2003456K, 0% used [0x00000006f4900000,0x00000006f4900000,0x000000076ed80000)
  from space 630784K, 68% used [0x0000000796800000,0x00000007b0c80860,0x00000007bd000000)
  to   space 649728K, 0% used [0x000000076ed80000,0x000000076ed80000,0x0000000796800000)
 ParOldGen       total 2530816K, used 627332K [0x000000055da00000, 0x00000005f8180000, 0x00000006f4900000)
  object space 2530816K, 24% used [0x000000055da00000,0x0000000583ea1268,0x00000005f8180000)
 Metaspace       used 5187K, capacity 5412K, committed 5504K, reserved 1056768K
  class space    used 567K, capacity 608K, committed 640K, reserved 1048576K
}
Event: 8956,245 GC heap before
{Heap before GC invocations=132 (full 11):
 PSYoungGen      total 2634240K, used 2434050K [0x00000006f4900000, 0x00000007c0000000, 0x00000007c0000000)
  eden space 2003456K, 100% used [0x00000006f4900000,0x000000076ed80000,0x000000076ed80000)
  from space 630784K, 68% used [0x0000000796800000,0x00000007b0c80860,0x00000007bd000000)
  to   space 649728K, 0% used [0x000000076ed80000,0x000000076ed80000,0x0000000796800000)
 ParOldGen       total 2530816K, used 627332K [0x000000055da00000, 0x00000005f8180000, 0x00000006f4900000)
  object space 2530816K, 24% used [0x000000055da00000,0x0000000583ea1268,0x00000005f8180000)
 Metaspace       used 5187K, capacity 5412K, committed 5504K, reserved 1056768K
  class space    used 567K, capacity 608K, committed 640K, reserved 1048576K
Event: 8964,214 GC heap after
Heap after GC invocations=132 (full 11):
 PSYoungGen      total 2653184K, used 113871K [0x00000006f4900000, 0x00000007c0000000, 0x00000007c0000000)
  eden space 2003456K, 0% used [0x00000006f4900000,0x00000006f4900000,0x000000076ed80000)
  from space 649728K, 17% used [0x000000076ed80000,0x0000000775cb3e00,0x0000000796800000)
  to   space 646656K, 0% used [0x0000000798880000,0x0000000798880000,0x00000007c0000000)
 ParOldGen       total 2530816K, used 770347K [0x000000055da00000, 0x00000005f8180000, 0x00000006f4900000)
  object space 2530816K, 30% used [0x000000055da00000,0x000000058ca4af10,0x00000005f8180000)
 Metaspace       used 5187K, capacity 5412K, committed 5504K, reserved 1056768K
  class space    used 567K, capacity 608K, committed 640K, reserved 1048576K
}
Event: 9015,672 GC heap before
{Heap before GC invocations=133 (full 11):
 PSYoungGen      total 2653184K, used 2117327K [0x00000006f4900000, 0x00000007c0000000, 0x00000007c0000000)
  eden space 2003456K, 100% used [0x00000006f4900000,0x000000076ed80000,0x000000076ed80000)
  from space 649728K, 17% used [0x000000076ed80000,0x0000000775cb3e00,0x0000000796800000)
  to   space 646656K, 0% used [0x0000000798880000,0x0000000798880000,0x00000007c0000000)
 ParOldGen       total 2530816K, used 770347K [0x000000055da00000, 0x00000005f8180000, 0x00000006f4900000)
  object space 2530816K, 30% used [0x000000055da00000,0x000000058ca4af10,0x00000005f8180000)
 Metaspace       used 5187K, capacity 5412K, committed 5504K, reserved 1056768K
  class space    used 567K, capacity 608K, committed 640K, reserved 1048576K
Event: 9043,032 GC heap after
Heap after GC invocations=133 (full 11):
 PSYoungGen      total 2639360K, used 325487K [0x00000006f4900000, 0x00000007bd500000, 0x00000007c0000000)
  eden space 2036736K, 0% used [0x00000006f4900000,0x00000006f4900000,0x0000000770e00000)
  from space 602624K, 54% used [0x0000000798880000,0x00000007ac65bfa8,0x00000007bd500000)
  to   space 626176K, 0% used [0x0000000770e00000,0x0000000770e00000,0x0000000797180000)
 ParOldGen       total 2530816K, used 884163K [0x000000055da00000, 0x00000005f8180000, 0x00000006f4900000)
  object space 2530816K, 34% used [0x000000055da00000,0x0000000593970f30,0x00000005f8180000)
 Metaspace       used 5187K, capacity 5412K, committed 5504K, reserved 1056768K
  class space    used 567K, capacity 608K, committed 640K, reserved 1048576K
}
Event: 9074,769 GC heap before
{Heap before GC invocations=134 (full 11):
 PSYoungGen      total 2639360K, used 2362223K [0x00000006f4900000, 0x00000007bd500000, 0x00000007c0000000)
  eden space 2036736K, 100% used [0x00000006f4900000,0x0000000770e00000,0x0000000770e00000)
  from space 602624K, 54% used [0x0000000798880000,0x00000007ac65bfa8,0x00000007bd500000)
  to   space 626176K, 0% used [0x0000000770e00000,0x0000000770e00000,0x0000000797180000)
 ParOldGen       total 2530816K, used 884163K [0x000000055da00000, 0x00000005f8180000, 0x00000006f4900000)
  object space 2530816K, 34% used [0x000000055da00000,0x0000000593970f30,0x00000005f8180000)
 Metaspace       used 5187K, capacity 5412K, committed 5504K, reserved 1056768K
  class space    used 567K, capacity 608K, committed 640K, reserved 1048576K

