# JRE version: Java(TM) SE Runtime Environment (8.0_45-b14) (build 1.8.0_45-b14)
# Java VM: Java HotSpot(TM) 64-Bit Server VM (25.45-b02 mixed mode linux-amd64 compressed oops)
Heap:
 PSYoungGen      total 2222080K, used 1538211K [0x00000006f4900000, 0x00000007c0000000, 0x00000007c0000000)
  eden space 1111040K, 100% used [0x00000006f4900000,0x0000000738600000,0x0000000738600000)
  from space 1111040K, 38% used [0x000000077c300000,0x0000000796428c38,0x00000007c0000000)
  to   space 1111040K, 21% used [0x0000000738600000,0x0000000746d16450,0x000000077c300000)
 ParOldGen       total 1857536K, used 1857530K [0x000000055da00000, 0x00000005cf000000, 0x00000006f4900000)
  object space 1857536K, 99% used [0x000000055da00000,0x00000005ceffeaf0,0x00000005cf000000)
 Metaspace       used 5130K, capacity 5348K, committed 5504K, reserved 1056768K
  class space    used 567K, capacity 608K, committed 640K, reserved 1048576K
GC Heap History (10 events):
Event: 1649,037 GC heap after
Heap after GC invocations=33 (full 1):
 PSYoungGen      total 2174464K, used 759011K [0x00000006f4900000, 0x00000007c0000000, 0x00000007c0000000)
  eden space 1111040K, 0% used [0x00000006f4900000,0x00000006f4900000,0x0000000738600000)
  from space 1063424K, 71% used [0x000000077cf00000,0x00000007ab438fc8,0x00000007bdd80000)
  to   space 1111040K, 0% used [0x0000000738600000,0x0000000738600000,0x000000077c300000)
 ParOldGen       total 1798144K, used 1236586K [0x000000055da00000, 0x00000005cb600000, 0x00000006f4900000)
  object space 1798144K, 68% used [0x000000055da00000,0x00000005a919aa80,0x00000005cb600000)
 Metaspace       used 5130K, capacity 5348K, committed 5504K, reserved 1056768K
  class space    used 567K, capacity 608K, committed 640K, reserved 1048576K
}
Event: 1651,534 GC heap before
{Heap before GC invocations=34 (full 1):
 PSYoungGen      total 2174464K, used 1870051K [0x00000006f4900000, 0x00000007c0000000, 0x00000007c0000000)
  eden space 1111040K, 100% used [0x00000006f4900000,0x0000000738600000,0x0000000738600000)
  from space 1063424K, 71% used [0x000000077cf00000,0x00000007ab438fc8,0x00000007bdd80000)
  to   space 1111040K, 0% used [0x0000000738600000,0x0000000738600000,0x000000077c300000)
 ParOldGen       total 1798144K, used 1236586K [0x000000055da00000, 0x00000005cb600000, 0x00000006f4900000)
  object space 1798144K, 68% used [0x000000055da00000,0x00000005a919aa80,0x00000005cb600000)
 Metaspace       used 5130K, capacity 5348K, committed 5504K, reserved 1056768K
  class space    used 567K, capacity 608K, committed 640K, reserved 1048576K
Event: 1652,391 GC heap after
Heap after GC invocations=34 (full 1):
 PSYoungGen      total 2222080K, used 992707K [0x00000006f4900000, 0x00000007c0000000, 0x00000007c0000000)
  eden space 1111040K, 0% used [0x00000006f4900000,0x00000006f4900000,0x0000000738600000)
  from space 1111040K, 89% used [0x0000000738600000,0x0000000774f70d68,0x000000077c300000)
  to   space 1111040K, 0% used [0x000000077c300000,0x000000077c300000,0x00000007c0000000)
 ParOldGen       total 1798144K, used 1239138K [0x000000055da00000, 0x00000005cb600000, 0x00000006f4900000)
  object space 1798144K, 68% used [0x000000055da00000,0x00000005a9418a80,0x00000005cb600000)
 Metaspace       used 5130K, capacity 5348K, committed 5504K, reserved 1056768K
  class space    used 567K, capacity 608K, committed 640K, reserved 1048576K
}
Event: 1918,120 GC heap before
{Heap before GC invocations=35 (full 1):
 PSYoungGen      total 2222080K, used 2103747K [0x00000006f4900000, 0x00000007c0000000, 0x00000007c0000000)
  eden space 1111040K, 100% used [0x00000006f4900000,0x0000000738600000,0x0000000738600000)
  from space 1111040K, 89% used [0x0000000738600000,0x0000000774f70d68,0x000000077c300000)
  to   space 1111040K, 0% used [0x000000077c300000,0x000000077c300000,0x00000007c0000000)
 ParOldGen       total 1798144K, used 1239138K [0x000000055da00000, 0x00000005cb600000, 0x00000006f4900000)
  object space 1798144K, 68% used [0x000000055da00000,0x00000005a9418a80,0x00000005cb600000)
 Metaspace       used 5130K, capacity 5348K, committed 5504K, reserved 1056768K
  class space    used 567K, capacity 608K, committed 640K, reserved 1048576K
Event: 1918,541 GC heap after
Heap after GC invocations=35 (full 1):
 PSYoungGen      total 2222080K, used 240747K [0x00000006f4900000, 0x00000007c0000000, 0x00000007c0000000)
  eden space 1111040K, 0% used [0x00000006f4900000,0x00000006f4900000,0x0000000738600000)
  from space 1111040K, 21% used [0x000000077c300000,0x000000078ae1aff0,0x00000007c0000000)
  to   space 1111040K, 0% used [0x0000000738600000,0x0000000738600000,0x000000077c300000)
 ParOldGen       total 1798144K, used 1296490K [0x000000055da00000, 0x00000005cb600000, 0x00000006f4900000)
  object space 1798144K, 72% used [0x000000055da00000,0x00000005acc1aba8,0x00000005cb600000)
 Metaspace       used 5130K, capacity 5348K, committed 5504K, reserved 1056768K
  class space    used 567K, capacity 608K, committed 640K, reserved 1048576K
}
Event: 1921,424 GC heap before
{Heap before GC invocations=36 (full 1):
 PSYoungGen      total 2222080K, used 1351787K [0x00000006f4900000, 0x00000007c0000000, 0x00000007c0000000)
  eden space 1111040K, 100% used [0x00000006f4900000,0x0000000738600000,0x0000000738600000)
  from space 1111040K, 21% used [0x000000077c300000,0x000000078ae1aff0,0x00000007c0000000)
  to   space 1111040K, 0% used [0x0000000738600000,0x0000000738600000,0x000000077c300000)
 ParOldGen       total 1798144K, used 1296490K [0x000000055da00000, 0x00000005cb600000, 0x00000006f4900000)
  object space 1798144K, 72% used [0x000000055da00000,0x00000005acc1aba8,0x00000005cb600000)
 Metaspace       used 5130K, capacity 5348K, committed 5504K, reserved 1056768K
  class space    used 567K, capacity 608K, committed 640K, reserved 1048576K
Event: 1921,870 GC heap after
Heap after GC invocations=36 (full 1):
 PSYoungGen      total 2222080K, used 285642K [0x00000006f4900000, 0x00000007c0000000, 0x00000007c0000000)
  eden space 1111040K, 0% used [0x00000006f4900000,0x00000006f4900000,0x0000000738600000)
  from space 1111040K, 25% used [0x0000000738600000,0x0000000749cf2ae0,0x000000077c300000)
  to   space 1111040K, 0% used [0x000000077c300000,0x000000077c300000,0x00000007c0000000)
 ParOldGen       total 1798144K, used 1442430K [0x000000055da00000, 0x00000005cb600000, 0x00000006f4900000)
  object space 1798144K, 80% used [0x000000055da00000,0x00000005b5a9fba8,0x00000005cb600000)
 Metaspace       used 5130K, capacity 5348K, committed 5504K, reserved 1056768K
  class space    used 567K, capacity 608K, committed 640K, reserved 1048576K
}
Event: 1924,254 GC heap before
{Heap before GC invocations=37 (full 1):
 PSYoungGen      total 2222080K, used 1396682K [0x00000006f4900000, 0x00000007c0000000, 0x00000007c0000000)
  eden space 1111040K, 100% used [0x00000006f4900000,0x0000000738600000,0x0000000738600000)
  from space 1111040K, 25% used [0x0000000738600000,0x0000000749cf2ae0,0x000000077c300000)
  to   space 1111040K, 0% used [0x000000077c300000,0x000000077c300000,0x00000007c0000000)
 ParOldGen       total 1798144K, used 1442430K [0x000000055da00000, 0x00000005cb600000, 0x00000006f4900000)
  object space 1798144K, 80% used [0x000000055da00000,0x00000005b5a9fba8,0x00000005cb600000)
 Metaspace       used 5130K, capacity 5348K, committed 5504K, reserved 1056768K
  class space    used 567K, capacity 608K, committed 640K, reserved 1048576K
Event: 1924,878 GC heap after
Heap after GC invocations=37 (full 1):
 PSYoungGen      total 2222080K, used 427171K [0x00000006f4900000, 0x00000007c0000000, 0x00000007c0000000)
  eden space 1111040K, 0% used [0x00000006f4900000,0x00000006f4900000,0x0000000738600000)
  from space 1111040K, 38% used [0x000000077c300000,0x0000000796428c38,0x00000007c0000000)
  to   space 1111040K, 0% used [0x0000000738600000,0x0000000738600000,0x000000077c300000)
 ParOldGen       total 1798144K, used 1537457K [0x000000055da00000, 0x00000005cb600000, 0x00000006f4900000)
  object space 1798144K, 85% used [0x000000055da00000,0x00000005bb76c6a0,0x00000005cb600000)
 Metaspace       used 5130K, capacity 5348K, committed 5504K, reserved 1056768K
  class space    used 567K, capacity 608K, committed 640K, reserved 1048576K
}
Event: 1927,215 GC heap before
{Heap before GC invocations=38 (full 1):
 PSYoungGen      total 2222080K, used 1538211K [0x00000006f4900000, 0x00000007c0000000, 0x00000007c0000000)
  eden space 1111040K, 100% used [0x00000006f4900000,0x0000000738600000,0x0000000738600000)
  from space 1111040K, 38% used [0x000000077c300000,0x0000000796428c38,0x00000007c0000000)
  to   space 1111040K, 0% used [0x0000000738600000,0x0000000738600000,0x000000077c300000)
 ParOldGen       total 1798144K, used 1537457K [0x000000055da00000, 0x00000005cb600000, 0x00000006f4900000)
  object space 1798144K, 85% used [0x000000055da00000,0x00000005bb76c6a0,0x00000005cb600000)
 Metaspace       used 5130K, capacity 5348K, committed 5504K, reserved 1056768K
  class space    used 567K, capacity 608K, committed 640K, reserved 1048576K

