# JRE version: Java(TM) SE Runtime Environment (8.0_45-b14) (build 1.8.0_45-b14)
# Java VM: Java HotSpot(TM) 64-Bit Server VM (25.45-b02 mixed mode linux-amd64 compressed oops)
Heap:
 PSYoungGen      total 980480K, used 91712K [0x00000006f4900000, 0x0000000736780000, 0x00000007c0000000)
  eden space 881152K, 0% used [0x00000006f4900000,0x00000006f4900000,0x000000072a580000)
  from space 99328K, 92% used [0x000000072a580000,0x000000072ff10000,0x0000000730680000)
  to   space 93184K, 0% used [0x0000000730c80000,0x0000000730c80000,0x0000000736780000)
 ParOldGen       total 457216K, used 239975K [0x000000055da00000, 0x0000000579880000, 0x00000006f4900000)
  object space 457216K, 52% used [0x000000055da00000,0x000000056c459c80,0x0000000579880000)
 Metaspace       used 5402K, capacity 5594K, committed 5888K, reserved 1056768K
  class space    used 584K, capacity 667K, committed 768K, reserved 1048576K
GC Heap History (10 events):
Event: 593622,945 GC heap after
Heap after GC invocations=50487 (full 81):
 PSYoungGen      total 734720K, used 17856K [0x00000006f4900000, 0x000000072fa00000, 0x00000007c0000000)
  eden space 612352K, 0% used [0x00000006f4900000,0x00000006f4900000,0x0000000719f00000)
  from space 122368K, 14% used [0x0000000721300000,0x0000000722470000,0x0000000728a80000)
  to   space 118784K, 0% used [0x0000000719f00000,0x0000000719f00000,0x0000000721300000)
 ParOldGen       total 457216K, used 204918K [0x000000055da00000, 0x0000000579880000, 0x00000006f4900000)
  object space 457216K, 44% used [0x000000055da00000,0x000000056a21d820,0x0000000579880000)
 Metaspace       used 5402K, capacity 5594K, committed 5888K, reserved 1056768K
  class space    used 584K, capacity 667K, committed 768K, reserved 1048576K
}
Event: 593635,615 GC heap before
{Heap before GC invocations=50488 (full 81):
 PSYoungGen      total 734720K, used 630208K [0x00000006f4900000, 0x000000072fa00000, 0x00000007c0000000)
  eden space 612352K, 100% used [0x00000006f4900000,0x0000000719f00000,0x0000000719f00000)
  from space 122368K, 14% used [0x0000000721300000,0x0000000722470000,0x0000000728a80000)
  to   space 118784K, 0% used [0x0000000719f00000,0x0000000719f00000,0x0000000721300000)
 ParOldGen       total 457216K, used 204918K [0x000000055da00000, 0x0000000579880000, 0x00000006f4900000)
  object space 457216K, 44% used [0x000000055da00000,0x000000056a21d820,0x0000000579880000)
 Metaspace       used 5402K, capacity 5594K, committed 5888K, reserved 1056768K
  class space    used 584K, capacity 667K, committed 768K, reserved 1048576K
Event: 593635,753 GC heap after
Heap after GC invocations=50488 (full 81):
 PSYoungGen      total 731136K, used 8320K [0x00000006f4900000, 0x000000072fa80000, 0x00000007c0000000)
  eden space 612352K, 0% used [0x00000006f4900000,0x00000006f4900000,0x0000000719f00000)
  from space 118784K, 7% used [0x0000000719f00000,0x000000071a720000,0x0000000721300000)
  to   space 116736K, 0% used [0x0000000728880000,0x0000000728880000,0x000000072fa80000)
 ParOldGen       total 457216K, used 204990K [0x000000055da00000, 0x0000000579880000, 0x00000006f4900000)
  object space 457216K, 44% used [0x000000055da00000,0x000000056a22f820,0x0000000579880000)
 Metaspace       used 5402K, capacity 5594K, committed 5888K, reserved 1056768K
  class space    used 584K, capacity 667K, committed 768K, reserved 1048576K
}
Event: 593647,738 GC heap before
{Heap before GC invocations=50489 (full 81):
 PSYoungGen      total 731136K, used 620672K [0x00000006f4900000, 0x000000072fa80000, 0x00000007c0000000)
  eden space 612352K, 100% used [0x00000006f4900000,0x0000000719f00000,0x0000000719f00000)
  from space 118784K, 7% used [0x0000000719f00000,0x000000071a720000,0x0000000721300000)
  to   space 116736K, 0% used [0x0000000728880000,0x0000000728880000,0x000000072fa80000)
 ParOldGen       total 457216K, used 204990K [0x000000055da00000, 0x0000000579880000, 0x00000006f4900000)
  object space 457216K, 44% used [0x000000055da00000,0x000000056a22f820,0x0000000579880000)
 Metaspace       used 5402K, capacity 5594K, committed 5888K, reserved 1056768K
  class space    used 584K, capacity 667K, committed 768K, reserved 1048576K
Event: 593647,917 GC heap after
Heap after GC invocations=50489 (full 81):
 PSYoungGen      total 836096K, used 35200K [0x00000006f4900000, 0x000000072eb80000, 0x00000007c0000000)
  eden space 734720K, 0% used [0x00000006f4900000,0x00000006f4900000,0x0000000721680000)
  from space 101376K, 34% used [0x0000000728880000,0x000000072aae0000,0x000000072eb80000)
  to   space 109056K, 0% used [0x0000000721680000,0x0000000721680000,0x0000000728100000)
 ParOldGen       total 457216K, used 207101K [0x000000055da00000, 0x0000000579880000, 0x00000006f4900000)
  object space 457216K, 45% used [0x000000055da00000,0x000000056a43f400,0x0000000579880000)
 Metaspace       used 5402K, capacity 5594K, committed 5888K, reserved 1056768K
  class space    used 584K, capacity 667K, committed 768K, reserved 1048576K
}
Event: 593660,954 GC heap before
{Heap before GC invocations=50490 (full 81):
 PSYoungGen      total 836096K, used 769920K [0x00000006f4900000, 0x000000072eb80000, 0x00000007c0000000)
  eden space 734720K, 100% used [0x00000006f4900000,0x0000000721680000,0x0000000721680000)
  from space 101376K, 34% used [0x0000000728880000,0x000000072aae0000,0x000000072eb80000)
  to   space 109056K, 0% used [0x0000000721680000,0x0000000721680000,0x0000000728100000)
 ParOldGen       total 457216K, used 207101K [0x000000055da00000, 0x0000000579880000, 0x00000006f4900000)
  object space 457216K, 45% used [0x000000055da00000,0x000000056a43f400,0x0000000579880000)
 Metaspace       used 5402K, capacity 5594K, committed 5888K, reserved 1056768K
  class space    used 584K, capacity 667K, committed 768K, reserved 1048576K
Event: 593661,101 GC heap after
Heap after GC invocations=50490 (full 81):
 PSYoungGen      total 843776K, used 18528K [0x00000006f4900000, 0x0000000737380000, 0x00000007c0000000)
  eden space 734720K, 0% used [0x00000006f4900000,0x00000006f4900000,0x0000000721680000)
  from space 109056K, 16% used [0x0000000721680000,0x0000000722898000,0x0000000728100000)
  to   space 105472K, 0% used [0x0000000730c80000,0x0000000730c80000,0x0000000737380000)
 ParOldGen       total 457216K, used 239951K [0x000000055da00000, 0x0000000579880000, 0x00000006f4900000)
  object space 457216K, 52% used [0x000000055da00000,0x000000056c453c80,0x0000000579880000)
 Metaspace       used 5402K, capacity 5594K, committed 5888K, reserved 1056768K
  class space    used 584K, capacity 667K, committed 768K, reserved 1048576K
}
Event: 593673,583 GC heap before
{Heap before GC invocations=50491 (full 81):
 PSYoungGen      total 843776K, used 753248K [0x00000006f4900000, 0x0000000737380000, 0x00000007c0000000)
  eden space 734720K, 100% used [0x00000006f4900000,0x0000000721680000,0x0000000721680000)
  from space 109056K, 16% used [0x0000000721680000,0x0000000722898000,0x0000000728100000)
  to   space 105472K, 0% used [0x0000000730c80000,0x0000000730c80000,0x0000000737380000)
 ParOldGen       total 457216K, used 239951K [0x000000055da00000, 0x0000000579880000, 0x00000006f4900000)
  object space 457216K, 52% used [0x000000055da00000,0x000000056c453c80,0x0000000579880000)
 Metaspace       used 5402K, capacity 5594K, committed 5888K, reserved 1056768K
  class space    used 584K, capacity 667K, committed 768K, reserved 1048576K
Event: 593673,741 GC heap after
Heap after GC invocations=50491 (full 81):
 PSYoungGen      total 974336K, used 37920K [0x00000006f4900000, 0x0000000736780000, 0x00000007c0000000)
  eden space 881152K, 0% used [0x00000006f4900000,0x00000006f4900000,0x000000072a580000)
  from space 93184K, 40% used [0x0000000730c80000,0x0000000733188000,0x0000000736780000)
  to   space 99328K, 0% used [0x000000072a580000,0x000000072a580000,0x0000000730680000)
 ParOldGen       total 457216K, used 239959K [0x000000055da00000, 0x0000000579880000, 0x00000006f4900000)
  object space 457216K, 52% used [0x000000055da00000,0x000000056c455c80,0x0000000579880000)
 Metaspace       used 5402K, capacity 5594K, committed 5888K, reserved 1056768K
  class space    used 584K, capacity 667K, committed 768K, reserved 1048576K
}
Event: 593686,111 GC heap before
{Heap before GC invocations=50492 (full 81):
 PSYoungGen      total 974336K, used 919072K [0x00000006f4900000, 0x0000000736780000, 0x00000007c0000000)
  eden space 881152K, 100% used [0x00000006f4900000,0x000000072a580000,0x000000072a580000)
  from space 93184K, 40% used [0x0000000730c80000,0x0000000733188000,0x0000000736780000)
  to   space 99328K, 0% used [0x000000072a580000,0x000000072a580000,0x0000000730680000)
 ParOldGen       total 457216K, used 239959K [0x000000055da00000, 0x0000000579880000, 0x00000006f4900000)
  object space 457216K, 52% used [0x000000055da00000,0x000000056c455c80,0x0000000579880000)
 Metaspace       used 5402K, capacity 5594K, committed 5888K, reserved 1056768K
  class space    used 584K, capacity 667K, committed 768K, reserved 1048576K

