# JRE version: Java(TM) SE Runtime Environment (8.0_45-b14) (build 1.8.0_45-b14)
# Java VM: Java HotSpot(TM) 64-Bit Server VM (25.45-b02 mixed mode linux-amd64 compressed oops)
Heap:
 PSYoungGen      total 2080256K, used 0K [0x0000000722e00000, 0x00000007c0000000, 0x00000007c0000000)
  eden space 1602048K, 0% used [0x0000000722e00000,0x0000000722e00000,0x0000000784a80000)
  from space 478208K, 0% used [0x00000007a2400000,0x00000007a2400000,0x00000007bf700000)
  to   space 484864K, 0% used [0x0000000784a80000,0x0000000784a80000,0x00000007a2400000)
 ParOldGen       total 1207808K, used 669298K [0x00000005e8a00000, 0x0000000632580000, 0x0000000722e00000)
  object space 1207808K, 55% used [0x00000005e8a00000,0x000000061179ca00,0x0000000632580000)
 Metaspace       used 5191K, capacity 5402K, committed 5504K, reserved 1056768K
  class space    used 565K, capacity 603K, committed 640K, reserved 1048576K
GC Heap History (10 events):
Event: 22599,264 GC heap after
Heap after GC invocations=507 (full 87):
 PSYoungGen      total 2099200K, used 183217K [0x0000000722e00000, 0x00000007c0000000, 0x00000007c0000000)
  eden space 1620992K, 0% used [0x0000000722e00000,0x0000000722e00000,0x0000000785d00000)
  from space 478208K, 38% used [0x00000007a2d00000,0x00000007adfec688,0x00000007c0000000)
  to   space 475136K, 0% used [0x0000000785d00000,0x0000000785d00000,0x00000007a2d00000)
 ParOldGen       total 1207808K, used 365066K [0x00000005e8a00000, 0x0000000632580000, 0x0000000722e00000)
  object space 1207808K, 30% used [0x00000005e8a00000,0x00000005fee82998,0x0000000632580000)
 Metaspace       used 5191K, capacity 5402K, committed 5504K, reserved 1056768K
  class space    used 565K, capacity 603K, committed 640K, reserved 1048576K
}
Event: 22601,236 GC heap before
{Heap before GC invocations=508 (full 87):
 PSYoungGen      total 2099200K, used 1804209K [0x0000000722e00000, 0x00000007c0000000, 0x00000007c0000000)
  eden space 1620992K, 100% used [0x0000000722e00000,0x0000000785d00000,0x0000000785d00000)
  from space 478208K, 38% used [0x00000007a2d00000,0x00000007adfec688,0x00000007c0000000)
  to   space 475136K, 0% used [0x0000000785d00000,0x0000000785d00000,0x00000007a2d00000)
 ParOldGen       total 1207808K, used 365066K [0x00000005e8a00000, 0x0000000632580000, 0x0000000722e00000)
  object space 1207808K, 30% used [0x00000005e8a00000,0x00000005fee82998,0x0000000632580000)
 Metaspace       used 5191K, capacity 5402K, committed 5504K, reserved 1056768K
  class space    used 565K, capacity 603K, committed 640K, reserved 1048576K
Event: 22601,875 GC heap after
Heap after GC invocations=508 (full 87):
 PSYoungGen      total 1969664K, used 348630K [0x0000000722e00000, 0x00000007c0000000, 0x00000007c0000000)
  eden space 1620992K, 0% used [0x0000000722e00000,0x0000000722e00000,0x0000000785d00000)
  from space 348672K, 99% used [0x0000000785d00000,0x000000079b175938,0x000000079b180000)
  to   space 483328K, 0% used [0x00000007a2800000,0x00000007a2800000,0x00000007c0000000)
 ParOldGen       total 1207808K, used 548530K [0x00000005e8a00000, 0x0000000632580000, 0x0000000722e00000)
  object space 1207808K, 45% used [0x00000005e8a00000,0x000000060a1acb70,0x0000000632580000)
 Metaspace       used 5191K, capacity 5402K, committed 5504K, reserved 1056768K
  class space    used 565K, capacity 603K, committed 640K, reserved 1048576K
}
Event: 22729,866 GC heap before
{Heap before GC invocations=509 (full 87):
 PSYoungGen      total 1969664K, used 1969622K [0x0000000722e00000, 0x00000007c0000000, 0x00000007c0000000)
  eden space 1620992K, 100% used [0x0000000722e00000,0x0000000785d00000,0x0000000785d00000)
  from space 348672K, 99% used [0x0000000785d00000,0x000000079b175938,0x000000079b180000)
  to   space 483328K, 0% used [0x00000007a2800000,0x00000007a2800000,0x00000007c0000000)
 ParOldGen       total 1207808K, used 548530K [0x00000005e8a00000, 0x0000000632580000, 0x0000000722e00000)
  object space 1207808K, 45% used [0x00000005e8a00000,0x000000060a1acb70,0x0000000632580000)
 Metaspace       used 5191K, capacity 5402K, committed 5504K, reserved 1056768K
  class space    used 565K, capacity 603K, committed 640K, reserved 1048576K
Event: 22730,154 GC heap after
Heap after GC invocations=509 (full 87):
 PSYoungGen      total 2092032K, used 167816K [0x0000000722e00000, 0x00000007c0000000, 0x00000007c0000000)
  eden space 1608704K, 0% used [0x0000000722e00000,0x0000000722e00000,0x0000000785100000)
  from space 483328K, 34% used [0x00000007a2800000,0x00000007acbe2238,0x00000007c0000000)
  to   space 482304K, 0% used [0x0000000785100000,0x0000000785100000,0x00000007a2800000)
 ParOldGen       total 1207808K, used 591994K [0x00000005e8a00000, 0x0000000632580000, 0x0000000722e00000)
  object space 1207808K, 49% used [0x00000005e8a00000,0x000000060cc1ea58,0x0000000632580000)
 Metaspace       used 5191K, capacity 5402K, committed 5504K, reserved 1056768K
  class space    used 565K, capacity 603K, committed 640K, reserved 1048576K
}
Event: 22732,235 GC heap before
{Heap before GC invocations=510 (full 87):
 PSYoungGen      total 2092032K, used 1776520K [0x0000000722e00000, 0x00000007c0000000, 0x00000007c0000000)
  eden space 1608704K, 100% used [0x0000000722e00000,0x0000000785100000,0x0000000785100000)
  from space 483328K, 34% used [0x00000007a2800000,0x00000007acbe2238,0x00000007c0000000)
  to   space 482304K, 0% used [0x0000000785100000,0x0000000785100000,0x00000007a2800000)
 ParOldGen       total 1207808K, used 591994K [0x00000005e8a00000, 0x0000000632580000, 0x0000000722e00000)
  object space 1207808K, 49% used [0x00000005e8a00000,0x000000060cc1ea58,0x0000000632580000)
 Metaspace       used 5191K, capacity 5402K, committed 5504K, reserved 1056768K
  class space    used 565K, capacity 603K, committed 640K, reserved 1048576K
Event: 22732,810 GC heap after
Heap after GC invocations=510 (full 87):
 PSYoungGen      total 1925120K, used 316196K [0x0000000722e00000, 0x00000007bf700000, 0x00000007c0000000)
  eden space 1608704K, 0% used [0x0000000722e00000,0x0000000722e00000,0x0000000785100000)
  from space 316416K, 99% used [0x0000000785100000,0x00000007985c92e0,0x0000000798600000)
  to   space 478208K, 0% used [0x00000007a2400000,0x00000007a2400000,0x00000007bf700000)
 ParOldGen       total 1207808K, used 759894K [0x00000005e8a00000, 0x0000000632580000, 0x0000000722e00000)
  object space 1207808K, 62% used [0x00000005e8a00000,0x0000000617015b60,0x0000000632580000)
 Metaspace       used 5191K, capacity 5402K, committed 5504K, reserved 1056768K
  class space    used 565K, capacity 603K, committed 640K, reserved 1048576K
}
Event: 22734,722 GC heap before
{Heap before GC invocations=511 (full 87):
 PSYoungGen      total 1925120K, used 1924900K [0x0000000722e00000, 0x00000007bf700000, 0x00000007c0000000)
  eden space 1608704K, 100% used [0x0000000722e00000,0x0000000785100000,0x0000000785100000)
  from space 316416K, 99% used [0x0000000785100000,0x00000007985c92e0,0x0000000798600000)
  to   space 478208K, 0% used [0x00000007a2400000,0x00000007a2400000,0x00000007bf700000)
 ParOldGen       total 1207808K, used 759894K [0x00000005e8a00000, 0x0000000632580000, 0x0000000722e00000)
  object space 1207808K, 62% used [0x00000005e8a00000,0x0000000617015b60,0x0000000632580000)
 Metaspace       used 5191K, capacity 5402K, committed 5504K, reserved 1056768K
  class space    used 565K, capacity 603K, committed 640K, reserved 1048576K
Event: 22735,442 GC heap after
Heap after GC invocations=511 (full 87):
 PSYoungGen      total 2080256K, used 345977K [0x0000000722e00000, 0x00000007c0000000, 0x00000007c0000000)
  eden space 1602048K, 0% used [0x0000000722e00000,0x0000000722e00000,0x0000000784a80000)
  from space 478208K, 72% used [0x00000007a2400000,0x00000007b75de5e0,0x00000007bf700000)
  to   space 484864K, 0% used [0x0000000784a80000,0x0000000784a80000,0x00000007a2400000)
 ParOldGen       total 1207808K, used 1076695K [0x00000005e8a00000, 0x0000000632580000, 0x0000000722e00000)
  object space 1207808K, 89% used [0x00000005e8a00000,0x000000062a575f60,0x0000000632580000)
 Metaspace       used 5191K, capacity 5402K, committed 5504K, reserved 1056768K
  class space    used 565K, capacity 603K, committed 640K, reserved 1048576K
}
Event: 22735,442 GC heap before
{Heap before GC invocations=512 (full 88):
 PSYoungGen      total 2080256K, used 345977K [0x0000000722e00000, 0x00000007c0000000, 0x00000007c0000000)
  eden space 1602048K, 0% used [0x0000000722e00000,0x0000000722e00000,0x0000000784a80000)
  from space 478208K, 72% used [0x00000007a2400000,0x00000007b75de5e0,0x00000007bf700000)
  to   space 484864K, 0% used [0x0000000784a80000,0x0000000784a80000,0x00000007a2400000)
 ParOldGen       total 1207808K, used 1076695K [0x00000005e8a00000, 0x0000000632580000, 0x0000000722e00000)
  object space 1207808K, 89% used [0x00000005e8a00000,0x000000062a575f60,0x0000000632580000)
 Metaspace       used 5191K, capacity 5402K, committed 5504K, reserved 1056768K
  class space    used 565K, capacity 603K, committed 640K, reserved 1048576K

