# JRE version: Java(TM) SE Runtime Environment (8.0_45-b14) (build 1.8.0_45-b14)
# Java VM: Java HotSpot(TM) 64-Bit Server VM (25.45-b02 mixed mode linux-amd64 compressed oops)
Heap:
 PSYoungGen      total 1905152K, used 0K [0x0000000722e00000, 0x00000007c0000000, 0x00000007c0000000)
  eden space 1567744K, 0% used [0x0000000722e00000,0x0000000722e00000,0x0000000782900000)
  from space 337408K, 0% used [0x0000000782900000,0x0000000782900000,0x0000000797280000)
  to   space 529920K, 0% used [0x000000079fa80000,0x000000079fa80000,0x00000007c0000000)
 ParOldGen       total 749568K, used 611604K [0x00000005e8a00000, 0x0000000616600000, 0x0000000722e00000)
  object space 749568K, 81% used [0x00000005e8a00000,0x000000060df450d8,0x0000000616600000)
 Metaspace       used 5098K, capacity 5284K, committed 5504K, reserved 1056768K
  class space    used 567K, capacity 608K, committed 640K, reserved 1048576K
GC Heap History (10 events):
Event: 145,280 GC heap after
Heap after GC invocations=11 (full 1):
 PSYoungGen      total 1985536K, used 243706K [0x0000000722e00000, 0x00000007c0000000, 0x00000007c0000000)
  eden space 1741824K, 0% used [0x0000000722e00000,0x0000000722e00000,0x000000078d300000)
  from space 243712K, 99% used [0x00000007a3c80000,0x00000007b2a7eaf0,0x00000007b2a80000)
  to   space 370176K, 0% used [0x000000078d300000,0x000000078d300000,0x00000007a3c80000)
 ParOldGen       total 509440K, used 464313K [0x00000005e8a00000, 0x0000000607b80000, 0x0000000722e00000)
  object space 509440K, 91% used [0x00000005e8a00000,0x0000000604f6e5c0,0x0000000607b80000)
 Metaspace       used 5096K, capacity 5284K, committed 5504K, reserved 1056768K
  class space    used 567K, capacity 608K, committed 640K, reserved 1048576K
}
Event: 145,280 GC heap before
{Heap before GC invocations=12 (full 2):
 PSYoungGen      total 1985536K, used 243706K [0x0000000722e00000, 0x00000007c0000000, 0x00000007c0000000)
  eden space 1741824K, 0% used [0x0000000722e00000,0x0000000722e00000,0x000000078d300000)
  from space 243712K, 99% used [0x00000007a3c80000,0x00000007b2a7eaf0,0x00000007b2a80000)
  to   space 370176K, 0% used [0x000000078d300000,0x000000078d300000,0x00000007a3c80000)
 ParOldGen       total 509440K, used 464313K [0x00000005e8a00000, 0x0000000607b80000, 0x0000000722e00000)
  object space 509440K, 91% used [0x00000005e8a00000,0x0000000604f6e5c0,0x0000000607b80000)
 Metaspace       used 5096K, capacity 5284K, committed 5504K, reserved 1056768K
  class space    used 567K, capacity 608K, committed 640K, reserved 1048576K
Event: 146,264 GC heap after
Heap after GC invocations=12 (full 2):
 PSYoungGen      total 1985536K, used 0K [0x0000000722e00000, 0x00000007c0000000, 0x00000007c0000000)
  eden space 1741824K, 0% used [0x0000000722e00000,0x0000000722e00000,0x000000078d300000)
  from space 243712K, 0% used [0x00000007a3c80000,0x00000007a3c80000,0x00000007b2a80000)
  to   space 370176K, 0% used [0x000000078d300000,0x000000078d300000,0x00000007a3c80000)
 ParOldGen       total 743424K, used 331335K [0x00000005e8a00000, 0x0000000616000000, 0x0000000722e00000)
  object space 743424K, 44% used [0x00000005e8a00000,0x00000005fcd91ca0,0x0000000616000000)
 Metaspace       used 5096K, capacity 5284K, committed 5504K, reserved 1056768K
  class space    used 567K, capacity 608K, committed 640K, reserved 1048576K
}
Event: 150,046 GC heap before
{Heap before GC invocations=13 (full 2):
 PSYoungGen      total 1985536K, used 1741824K [0x0000000722e00000, 0x00000007c0000000, 0x00000007c0000000)
  eden space 1741824K, 100% used [0x0000000722e00000,0x000000078d300000,0x000000078d300000)
  from space 243712K, 0% used [0x00000007a3c80000,0x00000007a3c80000,0x00000007b2a80000)
  to   space 370176K, 0% used [0x000000078d300000,0x000000078d300000,0x00000007a3c80000)
 ParOldGen       total 743424K, used 331335K [0x00000005e8a00000, 0x0000000616000000, 0x0000000722e00000)
  object space 743424K, 44% used [0x00000005e8a00000,0x00000005fcd91ca0,0x0000000616000000)
 Metaspace       used 5096K, capacity 5284K, committed 5504K, reserved 1056768K
  class space    used 567K, capacity 608K, committed 640K, reserved 1048576K
Event: 150,635 GC heap after
Heap after GC invocations=13 (full 2):
 PSYoungGen      total 2112000K, used 370160K [0x0000000722e00000, 0x00000007c0000000, 0x00000007c0000000)
  eden space 1741824K, 0% used [0x0000000722e00000,0x0000000722e00000,0x000000078d300000)
  from space 370176K, 99% used [0x000000078d300000,0x00000007a3c7c348,0x00000007a3c80000)
  to   space 437760K, 0% used [0x00000007a5480000,0x00000007a5480000,0x00000007c0000000)
 ParOldGen       total 743424K, used 335634K [0x00000005e8a00000, 0x0000000616000000, 0x0000000722e00000)
  object space 743424K, 45% used [0x00000005e8a00000,0x00000005fd1c4958,0x0000000616000000)
 Metaspace       used 5096K, capacity 5284K, committed 5504K, reserved 1056768K
  class space    used 567K, capacity 608K, committed 640K, reserved 1048576K
}
Event: 256,155 GC heap before
{Heap before GC invocations=14 (full 2):
 PSYoungGen      total 2112000K, used 2111984K [0x0000000722e00000, 0x00000007c0000000, 0x00000007c0000000)
  eden space 1741824K, 100% used [0x0000000722e00000,0x000000078d300000,0x000000078d300000)
  from space 370176K, 99% used [0x000000078d300000,0x00000007a3c7c348,0x00000007a3c80000)
  to   space 437760K, 0% used [0x00000007a5480000,0x00000007a5480000,0x00000007c0000000)
 ParOldGen       total 743424K, used 335634K [0x00000005e8a00000, 0x0000000616000000, 0x0000000722e00000)
  object space 743424K, 45% used [0x00000005e8a00000,0x00000005fd1c4958,0x0000000616000000)
 Metaspace       used 5098K, capacity 5284K, committed 5504K, reserved 1056768K
  class space    used 567K, capacity 608K, committed 640K, reserved 1048576K
Event: 256,827 GC heap after
Heap after GC invocations=14 (full 2):
 PSYoungGen      total 2005504K, used 407438K [0x0000000722e00000, 0x00000007c0000000, 0x00000007c0000000)
  eden space 1567744K, 0% used [0x0000000722e00000,0x0000000722e00000,0x0000000782900000)
  from space 437760K, 93% used [0x00000007a5480000,0x00000007be2638d8,0x00000007c0000000)
  to   space 503296K, 0% used [0x0000000782900000,0x0000000782900000,0x00000007a1480000)
 ParOldGen       total 743424K, used 335634K [0x00000005e8a00000, 0x0000000616000000, 0x0000000722e00000)
  object space 743424K, 45% used [0x00000005e8a00000,0x00000005fd1c4958,0x0000000616000000)
 Metaspace       used 5098K, capacity 5284K, committed 5504K, reserved 1056768K
  class space    used 567K, capacity 608K, committed 640K, reserved 1048576K
}
Event: 259,807 GC heap before
{Heap before GC invocations=15 (full 2):
 PSYoungGen      total 2005504K, used 1975182K [0x0000000722e00000, 0x00000007c0000000, 0x00000007c0000000)
  eden space 1567744K, 100% used [0x0000000722e00000,0x0000000782900000,0x0000000782900000)
  from space 437760K, 93% used [0x00000007a5480000,0x00000007be2638d8,0x00000007c0000000)
  to   space 503296K, 0% used [0x0000000782900000,0x0000000782900000,0x00000007a1480000)
 ParOldGen       total 743424K, used 335634K [0x00000005e8a00000, 0x0000000616000000, 0x0000000722e00000)
  object space 743424K, 45% used [0x00000005e8a00000,0x00000005fd1c4958,0x0000000616000000)
 Metaspace       used 5098K, capacity 5284K, committed 5504K, reserved 1056768K
  class space    used 567K, capacity 608K, committed 640K, reserved 1048576K
Event: 260,597 GC heap after
Heap after GC invocations=15 (full 2):
 PSYoungGen      total 1905152K, used 337174K [0x0000000722e00000, 0x00000007c0000000, 0x00000007c0000000)
  eden space 1567744K, 0% used [0x0000000722e00000,0x0000000722e00000,0x0000000782900000)
  from space 337408K, 99% used [0x0000000782900000,0x00000007972459b0,0x0000000797280000)
  to   space 529920K, 0% used [0x000000079fa80000,0x000000079fa80000,0x00000007c0000000)
 ParOldGen       total 749568K, used 743813K [0x00000005e8a00000, 0x0000000616600000, 0x0000000722e00000)
  object space 749568K, 99% used [0x00000005e8a00000,0x00000006160617e8,0x0000000616600000)
 Metaspace       used 5098K, capacity 5284K, committed 5504K, reserved 1056768K
  class space    used 567K, capacity 608K, committed 640K, reserved 1048576K
}
Event: 260,597 GC heap before
{Heap before GC invocations=16 (full 3):
 PSYoungGen      total 1905152K, used 337174K [0x0000000722e00000, 0x00000007c0000000, 0x00000007c0000000)
  eden space 1567744K, 0% used [0x0000000722e00000,0x0000000722e00000,0x0000000782900000)
  from space 337408K, 99% used [0x0000000782900000,0x00000007972459b0,0x0000000797280000)
  to   space 529920K, 0% used [0x000000079fa80000,0x000000079fa80000,0x00000007c0000000)
 ParOldGen       total 749568K, used 743813K [0x00000005e8a00000, 0x0000000616600000, 0x0000000722e00000)
  object space 749568K, 99% used [0x00000005e8a00000,0x00000006160617e8,0x0000000616600000)
 Metaspace       used 5098K, capacity 5284K, committed 5504K, reserved 1056768K
  class space    used 567K, capacity 608K, committed 640K, reserved 1048576K

