# JRE version: Java(TM) SE Runtime Environment (8.0_45-b14) (build 1.8.0_45-b14)
# Java VM: Java HotSpot(TM) 64-Bit Server VM (25.45-b02 mixed mode linux-amd64 compressed oops)
Heap:
 PSYoungGen      total 2083840K, used 82933K [0x00000006f4900000, 0x0000000778d00000, 0x00000007c0000000)
  eden space 2000896K, 0% used [0x00000006f4900000,0x00000006f4900000,0x000000076eb00000)
  from space 82944K, 99% used [0x000000076eb00000,0x0000000773bfd618,0x0000000773c00000)
  to   space 82944K, 0% used [0x0000000773c00000,0x0000000773c00000,0x0000000778d00000)
 ParOldGen       total 1332736K, used 649484K [0x000000055da00000, 0x00000005aef80000, 0x00000006f4900000)
  object space 1332736K, 48% used [0x000000055da00000,0x0000000585443390,0x00000005aef80000)
 Metaspace       used 5095K, capacity 5284K, committed 5504K, reserved 1056768K
  class space    used 567K, capacity 608K, committed 640K, reserved 1048576K
GC Heap History (9 events):
Event: 3,027 GC heap before
{Heap before GC invocations=1 (full 0):
 PSYoungGen      total 583168K, used 500224K [0x00000006f4900000, 0x000000071d380000, 0x00000007c0000000)
  eden space 500224K, 100% used [0x00000006f4900000,0x0000000713180000,0x0000000713180000)
  from space 82944K, 0% used [0x0000000718280000,0x0000000718280000,0x000000071d380000)
  to   space 82944K, 0% used [0x0000000713180000,0x0000000713180000,0x0000000718280000)
 ParOldGen       total 1332736K, used 0K [0x000000055da00000, 0x00000005aef80000, 0x00000006f4900000)
  object space 1332736K, 0% used [0x000000055da00000,0x000000055da00000,0x00000005aef80000)
 Metaspace       used 5062K, capacity 5220K, committed 5504K, reserved 1056768K
  class space    used 566K, capacity 608K, committed 640K, reserved 1048576K
Event: 3,079 GC heap after
Heap after GC invocations=1 (full 0):
 PSYoungGen      total 583168K, used 5779K [0x00000006f4900000, 0x000000073bc00000, 0x00000007c0000000)
  eden space 500224K, 0% used [0x00000006f4900000,0x00000006f4900000,0x0000000713180000)
  from space 82944K, 6% used [0x0000000713180000,0x0000000713724e28,0x0000000718280000)
  to   space 82944K, 0% used [0x0000000736b00000,0x0000000736b00000,0x000000073bc00000)
 ParOldGen       total 1332736K, used 8K [0x000000055da00000, 0x00000005aef80000, 0x00000006f4900000)
  object space 1332736K, 0% used [0x000000055da00000,0x000000055da02000,0x00000005aef80000)
 Metaspace       used 5062K, capacity 5220K, committed 5504K, reserved 1056768K
  class space    used 566K, capacity 608K, committed 640K, reserved 1048576K
}
Event: 4,049 GC heap before
{Heap before GC invocations=2 (full 0):
 PSYoungGen      total 583168K, used 506003K [0x00000006f4900000, 0x000000073bc00000, 0x00000007c0000000)
  eden space 500224K, 100% used [0x00000006f4900000,0x0000000713180000,0x0000000713180000)
  from space 82944K, 6% used [0x0000000713180000,0x0000000713724e28,0x0000000718280000)
  to   space 82944K, 0% used [0x0000000736b00000,0x0000000736b00000,0x000000073bc00000)
 ParOldGen       total 1332736K, used 8K [0x000000055da00000, 0x00000005aef80000, 0x00000006f4900000)
  object space 1332736K, 0% used [0x000000055da00000,0x000000055da02000,0x00000005aef80000)
 Metaspace       used 5064K, capacity 5220K, committed 5504K, reserved 1056768K
  class space    used 566K, capacity 608K, committed 640K, reserved 1048576K
Event: 4,336 GC heap after
Heap after GC invocations=2 (full 0):
 PSYoungGen      total 1083392K, used 82928K [0x00000006f4900000, 0x000000073bc00000, 0x00000007c0000000)
  eden space 1000448K, 0% used [0x00000006f4900000,0x00000006f4900000,0x0000000731a00000)
  from space 82944K, 99% used [0x0000000736b00000,0x000000073bbfc030,0x000000073bc00000)
  to   space 82944K, 0% used [0x0000000731a00000,0x0000000731a00000,0x0000000736b00000)
 ParOldGen       total 1332736K, used 29690K [0x000000055da00000, 0x00000005aef80000, 0x00000006f4900000)
  object space 1332736K, 2% used [0x000000055da00000,0x000000055f6fe840,0x00000005aef80000)
 Metaspace       used 5064K, capacity 5220K, committed 5504K, reserved 1056768K
  class space    used 566K, capacity 608K, committed 640K, reserved 1048576K
}
Event: 9,648 GC heap before
{Heap before GC invocations=3 (full 0):
 PSYoungGen      total 1083392K, used 1083376K [0x00000006f4900000, 0x000000073bc00000, 0x00000007c0000000)
  eden space 1000448K, 100% used [0x00000006f4900000,0x0000000731a00000,0x0000000731a00000)
  from space 82944K, 99% used [0x0000000736b00000,0x000000073bbfc030,0x000000073bc00000)
  to   space 82944K, 0% used [0x0000000731a00000,0x0000000731a00000,0x0000000736b00000)
 ParOldGen       total 1332736K, used 29690K [0x000000055da00000, 0x00000005aef80000, 0x00000006f4900000)
  object space 1332736K, 2% used [0x000000055da00000,0x000000055f6fe840,0x00000005aef80000)
 Metaspace       used 5095K, capacity 5284K, committed 5504K, reserved 1056768K
  class space    used 567K, capacity 608K, committed 640K, reserved 1048576K
Event: 9,747 GC heap after
Heap after GC invocations=3 (full 0):
 PSYoungGen      total 1083392K, used 56340K [0x00000006f4900000, 0x0000000778d00000, 0x00000007c0000000)
  eden space 1000448K, 0% used [0x00000006f4900000,0x00000006f4900000,0x0000000731a00000)
  from space 82944K, 67% used [0x0000000731a00000,0x00000007351053b8,0x0000000736b00000)
  to   space 82944K, 0% used [0x0000000773c00000,0x0000000773c00000,0x0000000778d00000)
 ParOldGen       total 1332736K, used 29698K [0x000000055da00000, 0x00000005aef80000, 0x00000006f4900000)
  object space 1332736K, 2% used [0x000000055da00000,0x000000055f700840,0x00000005aef80000)
 Metaspace       used 5095K, capacity 5284K, committed 5504K, reserved 1056768K
  class space    used 567K, capacity 608K, committed 640K, reserved 1048576K
}
Event: 11,787 GC heap before
{Heap before GC invocations=4 (full 0):
 PSYoungGen      total 1083392K, used 1056788K [0x00000006f4900000, 0x0000000778d00000, 0x00000007c0000000)
  eden space 1000448K, 100% used [0x00000006f4900000,0x0000000731a00000,0x0000000731a00000)
  from space 82944K, 67% used [0x0000000731a00000,0x00000007351053b8,0x0000000736b00000)
  to   space 82944K, 0% used [0x0000000773c00000,0x0000000773c00000,0x0000000778d00000)
 ParOldGen       total 1332736K, used 29698K [0x000000055da00000, 0x00000005aef80000, 0x00000006f4900000)
  object space 1332736K, 2% used [0x000000055da00000,0x000000055f700840,0x00000005aef80000)
 Metaspace       used 5095K, capacity 5284K, committed 5504K, reserved 1056768K
  class space    used 567K, capacity 608K, committed 640K, reserved 1048576K
Event: 12,171 GC heap after
Heap after GC invocations=4 (full 0):
 PSYoungGen      total 2083840K, used 82937K [0x00000006f4900000, 0x0000000778d00000, 0x00000007c0000000)
  eden space 2000896K, 0% used [0x00000006f4900000,0x00000006f4900000,0x000000076eb00000)
  from space 82944K, 99% used [0x0000000773c00000,0x0000000778cfe620,0x0000000778d00000)
  to   space 82944K, 0% used [0x000000076eb00000,0x000000076eb00000,0x0000000773c00000)
 ParOldGen       total 1332736K, used 218308K [0x000000055da00000, 0x00000005aef80000, 0x00000006f4900000)
  object space 1332736K, 16% used [0x000000055da00000,0x000000056af310d8,0x00000005aef80000)
 Metaspace       used 5095K, capacity 5284K, committed 5504K, reserved 1056768K
  class space    used 567K, capacity 608K, committed 640K, reserved 1048576K
}
Event: 17,248 GC heap before
{Heap before GC invocations=5 (full 0):
 PSYoungGen      total 2083840K, used 2083833K [0x00000006f4900000, 0x0000000778d00000, 0x00000007c0000000)
  eden space 2000896K, 100% used [0x00000006f4900000,0x000000076eb00000,0x000000076eb00000)
  from space 82944K, 99% used [0x0000000773c00000,0x0000000778cfe620,0x0000000778d00000)
  to   space 82944K, 0% used [0x000000076eb00000,0x000000076eb00000,0x0000000773c00000)
 ParOldGen       total 1332736K, used 218308K [0x000000055da00000, 0x00000005aef80000, 0x00000006f4900000)
  object space 1332736K, 16% used [0x000000055da00000,0x000000056af310d8,0x00000005aef80000)
 Metaspace       used 5095K, capacity 5284K, committed 5504K, reserved 1056768K
  class space    used 567K, capacity 608K, committed 640K, reserved 1048576K

