# JRE version: Java(TM) SE Runtime Environment (8.0_45-b14) (build 1.8.0_45-b14)
# Java VM: Java HotSpot(TM) 64-Bit Server VM (25.45-b02 mixed mode linux-amd64 compressed oops)
Heap:
 PSYoungGen      total 2083840K, used 82925K [0x00000006f4900000, 0x0000000778d00000, 0x00000007c0000000)
  eden space 2000896K, 0% used [0x00000006f4900000,0x00000006f4900000,0x000000076eb00000)
  from space 82944K, 99% used [0x000000076eb00000,0x0000000773bfb6b0,0x0000000773c00000)
  to   space 82944K, 0% used [0x0000000773c00000,0x0000000773c00000,0x0000000778d00000)
 ParOldGen       total 1332736K, used 647003K [0x000000055da00000, 0x00000005aef80000, 0x00000006f4900000)
  object space 1332736K, 48% used [0x000000055da00000,0x00000005851d6e90,0x00000005aef80000)
 Metaspace       used 5090K, capacity 5284K, committed 5504K, reserved 1056768K
  class space    used 567K, capacity 608K, committed 640K, reserved 1048576K
GC Heap History (9 events):
Event: 2,990 GC heap before
{Heap before GC invocations=1 (full 0):
 PSYoungGen      total 583168K, used 500224K [0x00000006f4900000, 0x000000071d380000, 0x00000007c0000000)
  eden space 500224K, 100% used [0x00000006f4900000,0x0000000713180000,0x0000000713180000)
  from space 82944K, 0% used [0x0000000718280000,0x0000000718280000,0x000000071d380000)
  to   space 82944K, 0% used [0x0000000713180000,0x0000000713180000,0x0000000718280000)
 ParOldGen       total 1332736K, used 0K [0x000000055da00000, 0x00000005aef80000, 0x00000006f4900000)
  object space 1332736K, 0% used [0x000000055da00000,0x000000055da00000,0x00000005aef80000)
 Metaspace       used 5056K, capacity 5220K, committed 5504K, reserved 1056768K
  class space    used 566K, capacity 608K, committed 640K, reserved 1048576K
Event: 3,027 GC heap after
Heap after GC invocations=1 (full 0):
 PSYoungGen      total 583168K, used 6912K [0x00000006f4900000, 0x000000073bc00000, 0x00000007c0000000)
  eden space 500224K, 0% used [0x00000006f4900000,0x00000006f4900000,0x0000000713180000)
  from space 82944K, 8% used [0x0000000713180000,0x0000000713840020,0x0000000718280000)
  to   space 82944K, 0% used [0x0000000736b00000,0x0000000736b00000,0x000000073bc00000)
 ParOldGen       total 1332736K, used 8K [0x000000055da00000, 0x00000005aef80000, 0x00000006f4900000)
  object space 1332736K, 0% used [0x000000055da00000,0x000000055da02000,0x00000005aef80000)
 Metaspace       used 5056K, capacity 5220K, committed 5504K, reserved 1056768K
  class space    used 566K, capacity 608K, committed 640K, reserved 1048576K
}
Event: 3,824 GC heap before
{Heap before GC invocations=2 (full 0):
 PSYoungGen      total 583168K, used 507136K [0x00000006f4900000, 0x000000073bc00000, 0x00000007c0000000)
  eden space 500224K, 100% used [0x00000006f4900000,0x0000000713180000,0x0000000713180000)
  from space 82944K, 8% used [0x0000000713180000,0x0000000713840020,0x0000000718280000)
  to   space 82944K, 0% used [0x0000000736b00000,0x0000000736b00000,0x000000073bc00000)
 ParOldGen       total 1332736K, used 8K [0x000000055da00000, 0x00000005aef80000, 0x00000006f4900000)
  object space 1332736K, 0% used [0x000000055da00000,0x000000055da02000,0x00000005aef80000)
 Metaspace       used 5059K, capacity 5220K, committed 5504K, reserved 1056768K
  class space    used 566K, capacity 608K, committed 640K, reserved 1048576K
Event: 4,022 GC heap after
Heap after GC invocations=2 (full 0):
 PSYoungGen      total 1083392K, used 82912K [0x00000006f4900000, 0x000000073bc00000, 0x00000007c0000000)
  eden space 1000448K, 0% used [0x00000006f4900000,0x00000006f4900000,0x0000000731a00000)
  from space 82944K, 99% used [0x0000000736b00000,0x000000073bbf8020,0x000000073bc00000)
  to   space 82944K, 0% used [0x0000000731a00000,0x0000000731a00000,0x0000000736b00000)
 ParOldGen       total 1332736K, used 31204K [0x000000055da00000, 0x00000005aef80000, 0x00000006f4900000)
  object space 1332736K, 2% used [0x000000055da00000,0x000000055f8791a0,0x00000005aef80000)
 Metaspace       used 5059K, capacity 5220K, committed 5504K, reserved 1056768K
  class space    used 566K, capacity 608K, committed 640K, reserved 1048576K
}
Event: 9,407 GC heap before
{Heap before GC invocations=3 (full 0):
 PSYoungGen      total 1083392K, used 1083360K [0x00000006f4900000, 0x000000073bc00000, 0x00000007c0000000)
  eden space 1000448K, 100% used [0x00000006f4900000,0x0000000731a00000,0x0000000731a00000)
  from space 82944K, 99% used [0x0000000736b00000,0x000000073bbf8020,0x000000073bc00000)
  to   space 82944K, 0% used [0x0000000731a00000,0x0000000731a00000,0x0000000736b00000)
 ParOldGen       total 1332736K, used 31204K [0x000000055da00000, 0x00000005aef80000, 0x00000006f4900000)
  object space 1332736K, 2% used [0x000000055da00000,0x000000055f8791a0,0x00000005aef80000)
 Metaspace       used 5090K, capacity 5284K, committed 5504K, reserved 1056768K
  class space    used 567K, capacity 608K, committed 640K, reserved 1048576K
Event: 9,514 GC heap after
Heap after GC invocations=3 (full 0):
 PSYoungGen      total 1083392K, used 52397K [0x00000006f4900000, 0x0000000778d00000, 0x00000007c0000000)
  eden space 1000448K, 0% used [0x00000006f4900000,0x00000006f4900000,0x0000000731a00000)
  from space 82944K, 63% used [0x0000000731a00000,0x0000000734d2b5d8,0x0000000736b00000)
  to   space 82944K, 0% used [0x0000000773c00000,0x0000000773c00000,0x0000000778d00000)
 ParOldGen       total 1332736K, used 31212K [0x000000055da00000, 0x00000005aef80000, 0x00000006f4900000)
  object space 1332736K, 2% used [0x000000055da00000,0x000000055f87b1a0,0x00000005aef80000)
 Metaspace       used 5090K, capacity 5284K, committed 5504K, reserved 1056768K
  class space    used 567K, capacity 608K, committed 640K, reserved 1048576K
}
Event: 11,693 GC heap before
{Heap before GC invocations=4 (full 0):
 PSYoungGen      total 1083392K, used 1052845K [0x00000006f4900000, 0x0000000778d00000, 0x00000007c0000000)
  eden space 1000448K, 100% used [0x00000006f4900000,0x0000000731a00000,0x0000000731a00000)
  from space 82944K, 63% used [0x0000000731a00000,0x0000000734d2b5d8,0x0000000736b00000)
  to   space 82944K, 0% used [0x0000000773c00000,0x0000000773c00000,0x0000000778d00000)
 ParOldGen       total 1332736K, used 31212K [0x000000055da00000, 0x00000005aef80000, 0x00000006f4900000)
  object space 1332736K, 2% used [0x000000055da00000,0x000000055f87b1a0,0x00000005aef80000)
 Metaspace       used 5090K, capacity 5284K, committed 5504K, reserved 1056768K
  class space    used 567K, capacity 608K, committed 640K, reserved 1048576K
Event: 12,139 GC heap after
Heap after GC invocations=4 (full 0):
 PSYoungGen      total 2083840K, used 82920K [0x00000006f4900000, 0x0000000778d00000, 0x00000007c0000000)
  eden space 2000896K, 0% used [0x00000006f4900000,0x00000006f4900000,0x000000076eb00000)
  from space 82944K, 99% used [0x0000000773c00000,0x0000000778cfa348,0x0000000778d00000)
  to   space 82944K, 0% used [0x000000076eb00000,0x000000076eb00000,0x0000000773c00000)
 ParOldGen       total 1332736K, used 215843K [0x000000055da00000, 0x00000005aef80000, 0x00000006f4900000)
  object space 1332736K, 16% used [0x000000055da00000,0x000000056acc8d80,0x00000005aef80000)
 Metaspace       used 5090K, capacity 5284K, committed 5504K, reserved 1056768K
  class space    used 567K, capacity 608K, committed 640K, reserved 1048576K
}
Event: 16,989 GC heap before
{Heap before GC invocations=5 (full 0):
 PSYoungGen      total 2083840K, used 2083816K [0x00000006f4900000, 0x0000000778d00000, 0x00000007c0000000)
  eden space 2000896K, 100% used [0x00000006f4900000,0x000000076eb00000,0x000000076eb00000)
  from space 82944K, 99% used [0x0000000773c00000,0x0000000778cfa348,0x0000000778d00000)
  to   space 82944K, 0% used [0x000000076eb00000,0x000000076eb00000,0x0000000773c00000)
 ParOldGen       total 1332736K, used 215843K [0x000000055da00000, 0x00000005aef80000, 0x00000006f4900000)
  object space 1332736K, 16% used [0x000000055da00000,0x000000056acc8d80,0x00000005aef80000)
 Metaspace       used 5090K, capacity 5284K, committed 5504K, reserved 1056768K
  class space    used 567K, capacity 608K, committed 640K, reserved 1048576K

