# JRE version: Java(TM) SE Runtime Environment (8.0_45-b14) (build 1.8.0_45-b14)
# Java VM: Java HotSpot(TM) 64-Bit Server VM (25.45-b02 mixed mode linux-amd64 compressed oops)
Heap:
 PSYoungGen      total 2692608K, used 0K [0x00000006f4900000, 0x00000007c0000000, 0x00000007c0000000)
  eden space 2074624K, 0% used [0x00000006f4900000,0x00000006f4900000,0x0000000773300000)
  from space 617984K, 0% used [0x0000000773300000,0x0000000773300000,0x0000000798e80000)
  to   space 638976K, 0% used [0x0000000799000000,0x0000000799000000,0x00000007c0000000)
 ParOldGen       total 1892352K, used 554153K [0x000000055da00000, 0x00000005d1200000, 0x00000006f4900000)
  object space 1892352K, 29% used [0x000000055da00000,0x000000057f72a4e8,0x00000005d1200000)
 Metaspace       used 5205K, capacity 5402K, committed 5504K, reserved 1056768K
  class space    used 565K, capacity 603K, committed 640K, reserved 1048576K
GC Heap History (10 events):
Event: 124037,500 GC heap after
Heap after GC invocations=1766 (full 189):
 PSYoungGen      total 2694144K, used 371366K [0x00000006f4900000, 0x00000007be880000, 0x00000007c0000000)
  eden space 2098176K, 0% used [0x00000006f4900000,0x00000006f4900000,0x0000000774a00000)
  from space 595968K, 62% used [0x0000000774a00000,0x000000078b4a99d0,0x0000000799000000)
  to   space 586240K, 0% used [0x000000079ac00000,0x000000079ac00000,0x00000007be880000)
 ParOldGen       total 1892352K, used 1451532K [0x000000055da00000, 0x00000005d1200000, 0x00000006f4900000)
  object space 1892352K, 76% used [0x000000055da00000,0x00000005b63831f0,0x00000005d1200000)
 Metaspace       used 5205K, capacity 5402K, committed 5504K, reserved 1056768K
  class space    used 565K, capacity 603K, committed 640K, reserved 1048576K
}
Event: 124175,069 GC heap before
{Heap before GC invocations=1767 (full 189):
 PSYoungGen      total 2694144K, used 2469542K [0x00000006f4900000, 0x00000007be880000, 0x00000007c0000000)
  eden space 2098176K, 100% used [0x00000006f4900000,0x0000000774a00000,0x0000000774a00000)
  from space 595968K, 62% used [0x0000000774a00000,0x000000078b4a99d0,0x0000000799000000)
  to   space 586240K, 0% used [0x000000079ac00000,0x000000079ac00000,0x00000007be880000)
 ParOldGen       total 1892352K, used 1451532K [0x000000055da00000, 0x00000005d1200000, 0x00000006f4900000)
  object space 1892352K, 76% used [0x000000055da00000,0x00000005b63831f0,0x00000005d1200000)
 Metaspace       used 5205K, capacity 5402K, committed 5504K, reserved 1056768K
  class space    used 565K, capacity 603K, committed 640K, reserved 1048576K
Event: 124175,116 GC heap after
Heap after GC invocations=1767 (full 189):
 PSYoungGen      total 2690560K, used 11167K [0x00000006f4900000, 0x00000007c0000000, 0x00000007c0000000)
  eden space 2104320K, 0% used [0x00000006f4900000,0x00000006f4900000,0x0000000775000000)
  from space 586240K, 1% used [0x000000079ac00000,0x000000079b6e7ef0,0x00000007be880000)
  to   space 614400K, 0% used [0x0000000775000000,0x0000000775000000,0x000000079a800000)
 ParOldGen       total 1892352K, used 1451532K [0x000000055da00000, 0x00000005d1200000, 0x00000006f4900000)
  object space 1892352K, 76% used [0x000000055da00000,0x00000005b63831f0,0x00000005d1200000)
 Metaspace       used 5205K, capacity 5402K, committed 5504K, reserved 1056768K
  class space    used 565K, capacity 603K, committed 640K, reserved 1048576K
}
Event: 124178,210 GC heap before
{Heap before GC invocations=1768 (full 189):
 PSYoungGen      total 2690560K, used 2115487K [0x00000006f4900000, 0x00000007c0000000, 0x00000007c0000000)
  eden space 2104320K, 100% used [0x00000006f4900000,0x0000000775000000,0x0000000775000000)
  from space 586240K, 1% used [0x000000079ac00000,0x000000079b6e7ef0,0x00000007be880000)
  to   space 614400K, 0% used [0x0000000775000000,0x0000000775000000,0x000000079a800000)
 ParOldGen       total 1892352K, used 1451532K [0x000000055da00000, 0x00000005d1200000, 0x00000006f4900000)
  object space 1892352K, 76% used [0x000000055da00000,0x00000005b63831f0,0x00000005d1200000)
 Metaspace       used 5205K, capacity 5402K, committed 5504K, reserved 1056768K
  class space    used 565K, capacity 603K, committed 640K, reserved 1048576K
Event: 124178,603 GC heap after
Heap after GC invocations=1768 (full 189):
 PSYoungGen      total 2556928K, used 452585K [0x00000006f4900000, 0x00000007c0000000, 0x00000007c0000000)
  eden space 2104320K, 0% used [0x00000006f4900000,0x00000006f4900000,0x0000000775000000)
  from space 452608K, 99% used [0x0000000775000000,0x00000007909fa560,0x0000000790a00000)
  to   space 640512K, 0% used [0x0000000798e80000,0x0000000798e80000,0x00000007c0000000)
 ParOldGen       total 1892352K, used 1462417K [0x000000055da00000, 0x00000005d1200000, 0x00000006f4900000)
  object space 1892352K, 77% used [0x000000055da00000,0x00000005b6e24540,0x00000005d1200000)
 Metaspace       used 5205K, capacity 5402K, committed 5504K, reserved 1056768K
  class space    used 565K, capacity 603K, committed 640K, reserved 1048576K
}
Event: 124330,955 GC heap before
{Heap before GC invocations=1769 (full 189):
 PSYoungGen      total 2556928K, used 2556905K [0x00000006f4900000, 0x00000007c0000000, 0x00000007c0000000)
  eden space 2104320K, 100% used [0x00000006f4900000,0x0000000775000000,0x0000000775000000)
  from space 452608K, 99% used [0x0000000775000000,0x00000007909fa560,0x0000000790a00000)
  to   space 640512K, 0% used [0x0000000798e80000,0x0000000798e80000,0x00000007c0000000)
 ParOldGen       total 1892352K, used 1462417K [0x000000055da00000, 0x00000005d1200000, 0x00000006f4900000)
  object space 1892352K, 77% used [0x000000055da00000,0x00000005b6e24540,0x00000005d1200000)
 Metaspace       used 5205K, capacity 5402K, committed 5504K, reserved 1056768K
  class space    used 565K, capacity 603K, committed 640K, reserved 1048576K
Event: 124331,197 GC heap after
Heap after GC invocations=1769 (full 189):
 PSYoungGen      total 2715136K, used 250073K [0x00000006f4900000, 0x00000007c0000000, 0x00000007c0000000)
  eden space 2074624K, 0% used [0x00000006f4900000,0x00000006f4900000,0x0000000773300000)
  from space 640512K, 39% used [0x0000000798e80000,0x00000007a82b6718,0x00000007c0000000)
  to   space 617984K, 0% used [0x0000000773300000,0x0000000773300000,0x0000000798e80000)
 ParOldGen       total 1892352K, used 1523890K [0x000000055da00000, 0x00000005d1200000, 0x00000006f4900000)
  object space 1892352K, 80% used [0x000000055da00000,0x00000005baa2c9e8,0x00000005d1200000)
 Metaspace       used 5205K, capacity 5402K, committed 5504K, reserved 1056768K
  class space    used 565K, capacity 603K, committed 640K, reserved 1048576K
}
Event: 124334,336 GC heap before
{Heap before GC invocations=1770 (full 189):
 PSYoungGen      total 2715136K, used 2324697K [0x00000006f4900000, 0x00000007c0000000, 0x00000007c0000000)
  eden space 2074624K, 100% used [0x00000006f4900000,0x0000000773300000,0x0000000773300000)
  from space 640512K, 39% used [0x0000000798e80000,0x00000007a82b6718,0x00000007c0000000)
  to   space 617984K, 0% used [0x0000000773300000,0x0000000773300000,0x0000000798e80000)
 ParOldGen       total 1892352K, used 1523890K [0x000000055da00000, 0x00000005d1200000, 0x00000006f4900000)
  object space 1892352K, 80% used [0x000000055da00000,0x00000005baa2c9e8,0x00000005d1200000)
 Metaspace       used 5205K, capacity 5402K, committed 5504K, reserved 1056768K
  class space    used 565K, capacity 603K, committed 640K, reserved 1048576K
Event: 124334,815 GC heap after
Heap after GC invocations=1770 (full 189):
 PSYoungGen      total 2692608K, used 446229K [0x00000006f4900000, 0x00000007c0000000, 0x00000007c0000000)
  eden space 2074624K, 0% used [0x00000006f4900000,0x00000006f4900000,0x0000000773300000)
  from space 617984K, 72% used [0x0000000773300000,0x000000078e6c5578,0x0000000798e80000)
  to   space 638976K, 0% used [0x0000000799000000,0x0000000799000000,0x00000007c0000000)
 ParOldGen       total 1892352K, used 1774143K [0x000000055da00000, 0x00000005d1200000, 0x00000006f4900000)
  object space 1892352K, 93% used [0x000000055da00000,0x00000005c9e8feb8,0x00000005d1200000)
 Metaspace       used 5205K, capacity 5402K, committed 5504K, reserved 1056768K
  class space    used 565K, capacity 603K, committed 640K, reserved 1048576K
}
Event: 124334,815 GC heap before
{Heap before GC invocations=1771 (full 190):
 PSYoungGen      total 2692608K, used 446229K [0x00000006f4900000, 0x00000007c0000000, 0x00000007c0000000)
  eden space 2074624K, 0% used [0x00000006f4900000,0x00000006f4900000,0x0000000773300000)
  from space 617984K, 72% used [0x0000000773300000,0x000000078e6c5578,0x0000000798e80000)
  to   space 638976K, 0% used [0x0000000799000000,0x0000000799000000,0x00000007c0000000)
 ParOldGen       total 1892352K, used 1774143K [0x000000055da00000, 0x00000005d1200000, 0x00000006f4900000)
  object space 1892352K, 93% used [0x000000055da00000,0x00000005c9e8feb8,0x00000005d1200000)
 Metaspace       used 5205K, capacity 5402K, committed 5504K, reserved 1056768K
  class space    used 565K, capacity 603K, committed 640K, reserved 1048576K

