# JRE version: Java(TM) SE Runtime Environment (8.0_45-b14) (build 1.8.0_45-b14)
# Java VM: Java HotSpot(TM) 64-Bit Server VM (25.45-b02 mixed mode linux-amd64 compressed oops)
Heap:
 PSYoungGen      total 2695168K, used 0K [0x00000006f4900000, 0x00000007c0000000, 0x00000007c0000000)
  eden space 2095104K, 0% used [0x00000006f4900000,0x00000006f4900000,0x0000000774700000)
  from space 600064K, 0% used [0x000000079a400000,0x000000079a400000,0x00000007bee00000)
  to   space 619008K, 0% used [0x0000000774700000,0x0000000774700000,0x000000079a380000)
 ParOldGen       total 1438720K, used 634101K [0x000000055da00000, 0x00000005b5700000, 0x00000006f4900000)
  object space 1438720K, 44% used [0x000000055da00000,0x000000058453d6d8,0x00000005b5700000)
 Metaspace       used 5148K, capacity 5348K, committed 5504K, reserved 1056768K
  class space    used 567K, capacity 608K, committed 640K, reserved 1048576K
GC Heap History (10 events):
Event: 4307,931 GC heap after
Heap after GC invocations=92 (full 12):
 PSYoungGen      total 2694144K, used 0K [0x00000006f4900000, 0x00000007c0000000, 0x00000007c0000000)
  eden space 2106368K, 0% used [0x00000006f4900000,0x00000006f4900000,0x0000000775200000)
  from space 587776K, 0% used [0x000000079c200000,0x000000079c200000,0x00000007c0000000)
  to   space 613376K, 0% used [0x0000000775200000,0x0000000775200000,0x000000079a900000)
 ParOldGen       total 1438720K, used 474543K [0x000000055da00000, 0x00000005b5700000, 0x00000006f4900000)
  object space 1438720K, 32% used [0x000000055da00000,0x000000057a96bc70,0x00000005b5700000)
 Metaspace       used 5147K, capacity 5348K, committed 5504K, reserved 1056768K
  class space    used 567K, capacity 608K, committed 640K, reserved 1048576K
}
Event: 4416,356 GC heap before
{Heap before GC invocations=93 (full 12):
 PSYoungGen      total 2694144K, used 2106368K [0x00000006f4900000, 0x00000007c0000000, 0x00000007c0000000)
  eden space 2106368K, 100% used [0x00000006f4900000,0x0000000775200000,0x0000000775200000)
  from space 587776K, 0% used [0x000000079c200000,0x000000079c200000,0x00000007c0000000)
  to   space 613376K, 0% used [0x0000000775200000,0x0000000775200000,0x000000079a900000)
 ParOldGen       total 1438720K, used 474543K [0x000000055da00000, 0x00000005b5700000, 0x00000006f4900000)
  object space 1438720K, 32% used [0x000000055da00000,0x000000057a96bc70,0x00000005b5700000)
 Metaspace       used 5148K, capacity 5348K, committed 5504K, reserved 1056768K
  class space    used 567K, capacity 608K, committed 640K, reserved 1048576K
Event: 4416,503 GC heap after
Heap after GC invocations=93 (full 12):
 PSYoungGen      total 2719744K, used 241105K [0x00000006f4900000, 0x00000007bfa00000, 0x00000007c0000000)
  eden space 2106368K, 0% used [0x00000006f4900000,0x00000006f4900000,0x0000000775200000)
  from space 613376K, 39% used [0x0000000775200000,0x0000000783d745f8,0x000000079a900000)
  to   space 597504K, 0% used [0x000000079b280000,0x000000079b280000,0x00000007bfa00000)
 ParOldGen       total 1438720K, used 474543K [0x000000055da00000, 0x00000005b5700000, 0x00000006f4900000)
  object space 1438720K, 32% used [0x000000055da00000,0x000000057a96bc70,0x00000005b5700000)
 Metaspace       used 5148K, capacity 5348K, committed 5504K, reserved 1056768K
  class space    used 567K, capacity 608K, committed 640K, reserved 1048576K
}
Event: 4419,528 GC heap before
{Heap before GC invocations=94 (full 12):
 PSYoungGen      total 2719744K, used 2347473K [0x00000006f4900000, 0x00000007bfa00000, 0x00000007c0000000)
  eden space 2106368K, 100% used [0x00000006f4900000,0x0000000775200000,0x0000000775200000)
  from space 613376K, 39% used [0x0000000775200000,0x0000000783d745f8,0x000000079a900000)
  to   space 597504K, 0% used [0x000000079b280000,0x000000079b280000,0x00000007bfa00000)
 ParOldGen       total 1438720K, used 474543K [0x000000055da00000, 0x00000005b5700000, 0x00000006f4900000)
  object space 1438720K, 32% used [0x000000055da00000,0x000000057a96bc70,0x00000005b5700000)
 Metaspace       used 5148K, capacity 5348K, committed 5504K, reserved 1056768K
  class space    used 567K, capacity 608K, committed 640K, reserved 1048576K
Event: 4419,871 GC heap after
Heap after GC invocations=94 (full 12):
 PSYoungGen      total 2688512K, used 453045K [0x00000006f4900000, 0x00000007c0000000, 0x00000007c0000000)
  eden space 2091008K, 0% used [0x00000006f4900000,0x00000006f4900000,0x0000000774300000)
  from space 597504K, 75% used [0x000000079b280000,0x00000007b6ced468,0x00000007bfa00000)
  to   space 621056K, 0% used [0x0000000774300000,0x0000000774300000,0x000000079a180000)
 ParOldGen       total 1438720K, used 715853K [0x000000055da00000, 0x00000005b5700000, 0x00000006f4900000)
  object space 1438720K, 49% used [0x000000055da00000,0x0000000589513480,0x00000005b5700000)
 Metaspace       used 5148K, capacity 5348K, committed 5504K, reserved 1056768K
  class space    used 567K, capacity 608K, committed 640K, reserved 1048576K
}
Event: 4526,423 GC heap before
{Heap before GC invocations=95 (full 12):
 PSYoungGen      total 2688512K, used 2544053K [0x00000006f4900000, 0x00000007c0000000, 0x00000007c0000000)
  eden space 2091008K, 100% used [0x00000006f4900000,0x0000000774300000,0x0000000774300000)
  from space 597504K, 75% used [0x000000079b280000,0x00000007b6ced468,0x00000007bfa00000)
  to   space 621056K, 0% used [0x0000000774300000,0x0000000774300000,0x000000079a180000)
 ParOldGen       total 1438720K, used 715853K [0x000000055da00000, 0x00000005b5700000, 0x00000006f4900000)
  object space 1438720K, 49% used [0x000000055da00000,0x0000000589513480,0x00000005b5700000)
 Metaspace       used 5148K, capacity 5348K, committed 5504K, reserved 1056768K
  class space    used 567K, capacity 608K, committed 640K, reserved 1048576K
Event: 4526,624 GC heap after
Heap after GC invocations=95 (full 12):
 PSYoungGen      total 2712064K, used 278594K [0x00000006f4900000, 0x00000007bee00000, 0x00000007c0000000)
  eden space 2091008K, 0% used [0x00000006f4900000,0x00000006f4900000,0x0000000774300000)
  from space 621056K, 44% used [0x0000000774300000,0x00000007853109f0,0x000000079a180000)
  to   space 600064K, 0% used [0x000000079a400000,0x000000079a400000,0x00000007bee00000)
 ParOldGen       total 1438720K, used 812975K [0x000000055da00000, 0x00000005b5700000, 0x00000006f4900000)
  object space 1438720K, 56% used [0x000000055da00000,0x000000058f3ebe08,0x00000005b5700000)
 Metaspace       used 5148K, capacity 5348K, committed 5504K, reserved 1056768K
  class space    used 567K, capacity 608K, committed 640K, reserved 1048576K
}
Event: 4529,654 GC heap before
{Heap before GC invocations=96 (full 12):
 PSYoungGen      total 2712064K, used 2369602K [0x00000006f4900000, 0x00000007bee00000, 0x00000007c0000000)
  eden space 2091008K, 100% used [0x00000006f4900000,0x0000000774300000,0x0000000774300000)
  from space 621056K, 44% used [0x0000000774300000,0x00000007853109f0,0x000000079a180000)
  to   space 600064K, 0% used [0x000000079a400000,0x000000079a400000,0x00000007bee00000)
 ParOldGen       total 1438720K, used 812975K [0x000000055da00000, 0x00000005b5700000, 0x00000006f4900000)
  object space 1438720K, 56% used [0x000000055da00000,0x000000058f3ebe08,0x00000005b5700000)
 Metaspace       used 5148K, capacity 5348K, committed 5504K, reserved 1056768K
  class space    used 567K, capacity 608K, committed 640K, reserved 1048576K
Event: 4529,976 GC heap after
Heap after GC invocations=96 (full 12):
 PSYoungGen      total 2695168K, used 449642K [0x00000006f4900000, 0x00000007c0000000, 0x00000007c0000000)
  eden space 2095104K, 0% used [0x00000006f4900000,0x00000006f4900000,0x0000000774700000)
  from space 600064K, 74% used [0x000000079a400000,0x00000007b5b1a948,0x00000007bee00000)
  to   space 619008K, 0% used [0x0000000774700000,0x0000000774700000,0x000000079a380000)
 ParOldGen       total 1438720K, used 1091892K [0x000000055da00000, 0x00000005b5700000, 0x00000006f4900000)
  object space 1438720K, 75% used [0x000000055da00000,0x00000005a044d240,0x00000005b5700000)
 Metaspace       used 5148K, capacity 5348K, committed 5504K, reserved 1056768K
  class space    used 567K, capacity 608K, committed 640K, reserved 1048576K
}
Event: 4529,977 GC heap before
{Heap before GC invocations=97 (full 13):
 PSYoungGen      total 2695168K, used 449642K [0x00000006f4900000, 0x00000007c0000000, 0x00000007c0000000)
  eden space 2095104K, 0% used [0x00000006f4900000,0x00000006f4900000,0x0000000774700000)
  from space 600064K, 74% used [0x000000079a400000,0x00000007b5b1a948,0x00000007bee00000)
  to   space 619008K, 0% used [0x0000000774700000,0x0000000774700000,0x000000079a380000)
 ParOldGen       total 1438720K, used 1091892K [0x000000055da00000, 0x00000005b5700000, 0x00000006f4900000)
  object space 1438720K, 75% used [0x000000055da00000,0x00000005a044d240,0x00000005b5700000)
 Metaspace       used 5148K, capacity 5348K, committed 5504K, reserved 1056768K
  class space    used 567K, capacity 608K, committed 640K, reserved 1048576K

