# JRE version: Java(TM) SE Runtime Environment (8.0_45-b14) (build 1.8.0_45-b14)
# Java VM: Java HotSpot(TM) 64-Bit Server VM (25.45-b02 mixed mode linux-amd64 compressed oops)
Heap:
 PSYoungGen      total 2063872K, used 0K [0x0000000722e00000, 0x00000007c0000000, 0x00000007c0000000)
  eden space 1563648K, 0% used [0x0000000722e00000,0x0000000722e00000,0x0000000782500000)
  from space 500224K, 0% used [0x00000007a1580000,0x00000007a1580000,0x00000007bfe00000)
  to   space 505344K, 0% used [0x0000000782500000,0x0000000782500000,0x00000007a1280000)
 ParOldGen       total 3048448K, used 949873K [0x00000005e8a00000, 0x00000006a2b00000, 0x0000000722e00000)
  object space 3048448K, 31% used [0x00000005e8a00000,0x000000062299c6c8,0x00000006a2b00000)
 Metaspace       used 5354K, capacity 5594K, committed 5888K, reserved 1056768K
  class space    used 579K, capacity 667K, committed 768K, reserved 1048576K
GC Heap History (10 events):
Event: 72432,480 GC heap after
Heap after GC invocations=1450 (full 116):
 PSYoungGen      total 2061312K, used 331041K [0x0000000722e00000, 0x00000007c0000000, 0x00000007c0000000)
  eden space 1556480K, 0% used [0x0000000722e00000,0x0000000722e00000,0x0000000781e00000)
  from space 504832K, 65% used [0x00000007a1300000,0x00000007b56485c0,0x00000007c0000000)
  to   space 508928K, 0% used [0x0000000781e00000,0x0000000781e00000,0x00000007a0f00000)
 ParOldGen       total 3048448K, used 2007151K [0x00000005e8a00000, 0x00000006a2b00000, 0x0000000722e00000)
  object space 3048448K, 65% used [0x00000005e8a00000,0x000000066321bd48,0x00000006a2b00000)
 Metaspace       used 5354K, capacity 5594K, committed 5888K, reserved 1056768K
  class space    used 579K, capacity 667K, committed 768K, reserved 1048576K
}
Event: 72616,468 GC heap before
{Heap before GC invocations=1451 (full 116):
 PSYoungGen      total 2061312K, used 1887521K [0x0000000722e00000, 0x00000007c0000000, 0x00000007c0000000)
  eden space 1556480K, 100% used [0x0000000722e00000,0x0000000781e00000,0x0000000781e00000)
  from space 504832K, 65% used [0x00000007a1300000,0x00000007b56485c0,0x00000007c0000000)
  to   space 508928K, 0% used [0x0000000781e00000,0x0000000781e00000,0x00000007a0f00000)
 ParOldGen       total 3048448K, used 2007151K [0x00000005e8a00000, 0x00000006a2b00000, 0x0000000722e00000)
  object space 3048448K, 65% used [0x00000005e8a00000,0x000000066321bd48,0x00000006a2b00000)
 Metaspace       used 5354K, capacity 5594K, committed 5888K, reserved 1056768K
  class space    used 579K, capacity 667K, committed 768K, reserved 1048576K
Event: 72616,981 GC heap after
Heap after GC invocations=1451 (full 116):
 PSYoungGen      total 1662976K, used 106006K [0x0000000722e00000, 0x00000007c0000000, 0x00000007c0000000)
  eden space 1556480K, 0% used [0x0000000722e00000,0x0000000722e00000,0x0000000781e00000)
  from space 106496K, 99% used [0x0000000781e00000,0x0000000788585880,0x0000000788600000)
  to   space 509952K, 0% used [0x00000007a0e00000,0x00000007a0e00000,0x00000007c0000000)
 ParOldGen       total 3048448K, used 2191699K [0x00000005e8a00000, 0x00000006a2b00000, 0x0000000722e00000)
  object space 3048448K, 71% used [0x00000005e8a00000,0x000000066e654db8,0x00000006a2b00000)
 Metaspace       used 5354K, capacity 5594K, committed 5888K, reserved 1056768K
  class space    used 579K, capacity 667K, committed 768K, reserved 1048576K
}
Event: 72618,975 GC heap before
{Heap before GC invocations=1452 (full 116):
 PSYoungGen      total 1662976K, used 1662486K [0x0000000722e00000, 0x00000007c0000000, 0x00000007c0000000)
  eden space 1556480K, 100% used [0x0000000722e00000,0x0000000781e00000,0x0000000781e00000)
  from space 106496K, 99% used [0x0000000781e00000,0x0000000788585880,0x0000000788600000)
  to   space 509952K, 0% used [0x00000007a0e00000,0x00000007a0e00000,0x00000007c0000000)
 ParOldGen       total 3048448K, used 2191699K [0x00000005e8a00000, 0x00000006a2b00000, 0x0000000722e00000)
  object space 3048448K, 71% used [0x00000005e8a00000,0x000000066e654db8,0x00000006a2b00000)
 Metaspace       used 5354K, capacity 5594K, committed 5888K, reserved 1056768K
  class space    used 579K, capacity 667K, committed 768K, reserved 1048576K
Event: 72619,668 GC heap after
Heap after GC invocations=1452 (full 116):
 PSYoungGen      total 2081792K, used 268440K [0x0000000722e00000, 0x00000007c0000000, 0x00000007c0000000)
  eden space 1571840K, 0% used [0x0000000722e00000,0x0000000722e00000,0x0000000782d00000)
  from space 509952K, 52% used [0x00000007a0e00000,0x00000007b1426088,0x00000007c0000000)
  to   space 492544K, 0% used [0x0000000782d00000,0x0000000782d00000,0x00000007a0e00000)
 ParOldGen       total 3048448K, used 2297602K [0x00000005e8a00000, 0x00000006a2b00000, 0x0000000722e00000)
  object space 3048448K, 75% used [0x00000005e8a00000,0x0000000674dc0958,0x00000006a2b00000)
 Metaspace       used 5354K, capacity 5594K, committed 5888K, reserved 1056768K
  class space    used 579K, capacity 667K, committed 768K, reserved 1048576K
}
Event: 72621,731 GC heap before
{Heap before GC invocations=1453 (full 116):
 PSYoungGen      total 2081792K, used 1840280K [0x0000000722e00000, 0x00000007c0000000, 0x00000007c0000000)
  eden space 1571840K, 100% used [0x0000000722e00000,0x0000000782d00000,0x0000000782d00000)
  from space 509952K, 52% used [0x00000007a0e00000,0x00000007b1426088,0x00000007c0000000)
  to   space 492544K, 0% used [0x0000000782d00000,0x0000000782d00000,0x00000007a0e00000)
 ParOldGen       total 3048448K, used 2297602K [0x00000005e8a00000, 0x00000006a2b00000, 0x0000000722e00000)
  object space 3048448K, 75% used [0x00000005e8a00000,0x0000000674dc0958,0x00000006a2b00000)
 Metaspace       used 5354K, capacity 5594K, committed 5888K, reserved 1056768K
  class space    used 579K, capacity 667K, committed 768K, reserved 1048576K
Event: 72622,463 GC heap after
Heap after GC invocations=1453 (full 116):
 PSYoungGen      total 2064384K, used 334622K [0x0000000722e00000, 0x00000007bfe00000, 0x00000007c0000000)
  eden space 1571840K, 0% used [0x0000000722e00000,0x0000000722e00000,0x0000000782d00000)
  from space 492544K, 67% used [0x0000000782d00000,0x00000007973c7918,0x00000007a0e00000)
  to   space 500224K, 0% used [0x00000007a1580000,0x00000007a1580000,0x00000007bfe00000)
 ParOldGen       total 3048448K, used 2566505K [0x00000005e8a00000, 0x00000006a2b00000, 0x0000000722e00000)
  object space 3048448K, 84% used [0x00000005e8a00000,0x000000068545a480,0x00000006a2b00000)
 Metaspace       used 5354K, capacity 5594K, committed 5888K, reserved 1056768K
  class space    used 579K, capacity 667K, committed 768K, reserved 1048576K
}
Event: 72624,345 GC heap before
{Heap before GC invocations=1454 (full 116):
 PSYoungGen      total 2064384K, used 1906462K [0x0000000722e00000, 0x00000007bfe00000, 0x00000007c0000000)
  eden space 1571840K, 100% used [0x0000000722e00000,0x0000000782d00000,0x0000000782d00000)
  from space 492544K, 67% used [0x0000000782d00000,0x00000007973c7918,0x00000007a0e00000)
  to   space 500224K, 0% used [0x00000007a1580000,0x00000007a1580000,0x00000007bfe00000)
 ParOldGen       total 3048448K, used 2566505K [0x00000005e8a00000, 0x00000006a2b00000, 0x0000000722e00000)
  object space 3048448K, 84% used [0x00000005e8a00000,0x000000068545a480,0x00000006a2b00000)
 Metaspace       used 5354K, capacity 5594K, committed 5888K, reserved 1056768K
  class space    used 579K, capacity 667K, committed 768K, reserved 1048576K
Event: 72625,140 GC heap after
Heap after GC invocations=1454 (full 116):
 PSYoungGen      total 2063872K, used 334651K [0x0000000722e00000, 0x00000007c0000000, 0x00000007c0000000)
  eden space 1563648K, 0% used [0x0000000722e00000,0x0000000722e00000,0x0000000782500000)
  from space 500224K, 66% used [0x00000007a1580000,0x00000007b5c4ee08,0x00000007bfe00000)
  to   space 505344K, 0% used [0x0000000782500000,0x0000000782500000,0x00000007a1280000)
 ParOldGen       total 3048448K, used 2901727K [0x00000005e8a00000, 0x00000006a2b00000, 0x0000000722e00000)
  object space 3048448K, 95% used [0x00000005e8a00000,0x0000000699bb7cc0,0x00000006a2b00000)
 Metaspace       used 5354K, capacity 5594K, committed 5888K, reserved 1056768K
  class space    used 579K, capacity 667K, committed 768K, reserved 1048576K
}
Event: 72625,140 GC heap before
{Heap before GC invocations=1455 (full 117):
 PSYoungGen      total 2063872K, used 334651K [0x0000000722e00000, 0x00000007c0000000, 0x00000007c0000000)
  eden space 1563648K, 0% used [0x0000000722e00000,0x0000000722e00000,0x0000000782500000)
  from space 500224K, 66% used [0x00000007a1580000,0x00000007b5c4ee08,0x00000007bfe00000)
  to   space 505344K, 0% used [0x0000000782500000,0x0000000782500000,0x00000007a1280000)
 ParOldGen       total 3048448K, used 2901727K [0x00000005e8a00000, 0x00000006a2b00000, 0x0000000722e00000)
  object space 3048448K, 95% used [0x00000005e8a00000,0x0000000699bb7cc0,0x00000006a2b00000)
 Metaspace       used 5354K, capacity 5594K, committed 5888K, reserved 1056768K
  class space    used 579K, capacity 667K, committed 768K, reserved 1048576K

